node035.cluster:SCM:f9bf:acf74b80: 4642 us(4642 us):  open_hca: device mlx4_0 not found
node033.cluster:SCM:208c:67519b80: 9883 us(9883 us):  open_hca: device mlx4_0 not found
node035.cluster:SCM:f9be:bf275b80: 4642 us(4642 us):  open_hca: device mlx4_0 not found
node035.cluster:SCM:f9bf:acf74b80: 5302 us(660 us):  open_hca: device mlx4_0 not found
node035.cluster:SCM:f9bf:acf74b80: 5691 us(389 us):  open_hca: device mlx4_0 not found
node035.cluster:SCM:f9be:bf275b80: 5680 us(1038 us):  open_hca: device mlx4_0 not found
node035.cluster:SCM:f9be:bf275b80: 6259 us(579 us):  open_hca: device mlx4_0 not found
node035.cluster:CMA:f9bf:acf74b80: 188 us(188 us):  open_hca: getaddr_netdev ERROR:No such device. Is ib0 configured?
node035.cluster:CMA:f9bf:acf74b80: 275 us(87 us):  open_hca: getaddr_netdev ERROR:No such device. Is ib1 configured?
node035.cluster:CMA:f9be:bf275b80: 188 us(188 us):  open_hca: getaddr_netdev ERROR:No such device. Is ib0 configured?
node035.cluster:CMA:f9be:bf275b80: 507 us(319 us):  open_hca: getaddr_netdev ERROR:No such device. Is ib1 configured?
node035.cluster:SCM:f9bf:acf74b80: 8070 us(2379 us):  open_hca: device mthca0 not found
node035.cluster:SCM:f9bf:acf74b80: 8506 us(436 us):  open_hca: device mthca0 not found
node035.cluster:SCM:f9be:bf275b80: 8508 us(2249 us):  open_hca: device mthca0 not found
node035.cluster:SCM:f9bf:acf74b80: 8867 us(361 us):  open_hca: device ipath0 not found
node035.cluster:SCM:f9bf:acf74b80: 9286 us(419 us):  open_hca: device ipath0 not found
node035.cluster:SCM:f9be:bf275b80: 9230 us(722 us):  open_hca: device mthca0 not found
node035.cluster:SCM:f9bf:acf74b80: 9629 us(343 us):  open_hca: device ehca0 not found
node035.cluster:CMA:f9bf:acf74b80: 2374 us(2099 us):  open_hca: getaddr_netdev ERROR:No such device. Is eth2 configured?
node035.cluster:SCM:f9be:bf275b80: 9988 us(758 us):  open_hca: device ipath0 not found
node035.cluster:SCM:f9be:bf275b80: 10513 us(525 us):  open_hca: device ipath0 not found
node035.cluster:UCM:f9bf:acf74b80: 440 us(440 us):  open_hca: device mlx4_0 not found
node035.cluster:SCM:f9be:bf275b80: 11216 us(703 us):  open_hca: device ehca0 not found
node035.cluster:UCM:f9bf:acf74b80: 842 us(402 us):  open_hca: device mlx4_0 not found
node035.cluster:CMA:f9be:bf275b80: 4225 us(3718 us):  open_hca: getaddr_netdev ERROR:No such device. Is eth2 configured?
node035.cluster:UCM:f9bf:acf74b80: 1175 us(333 us):  open_hca: device mthca0 not found
node035.cluster:UCM:f9bf:acf74b80: 1519 us(344 us):  open_hca: device mthca0 not found
node035.cluster:CMA:f9bf:acf74b80: 4856 us(2482 us):  open_hca: getaddr_netdev ERROR:No such device. Is eth2 configured?
node035.cluster:CMA:f9bf:acf74b80: 4885 us(29 us):  open_hca: getaddr_netdev ERROR:No such device. Is eth3 configured?
node035.cluster:SCM:f9bf:acf74b80: 12553 us(2924 us):  open_hca: device mlx4_0 not found
node035.cluster:SCM:f9bf:acf74b80: 12889 us(336 us):  open_hca: device mlx4_0 not found
node035.cluster:UCM:f9be:bf275b80: 513 us(513 us):  open_hca: device mlx4_0 not found
node035.cluster:SCM:f9bf:acf74b80: 13649 us(760 us):  open_hca: device scif0 not found
node035.cluster:UCM:f9bf:acf74b80: 3467 us(1948 us):  open_hca: device scif0 not found
node035.cluster:CMA:f9bf:acf74b80: 6794 us(1909 us):  open_hca: getaddr_netdev ERROR:No such device. Is mic0:ib configured?
node035.cluster:UCM:f9be:bf275b80: 1355 us(842 us):  open_hca: device mlx4_0 not found
node035.cluster:SCM:f9bf:acf74b80: 14469 us(820 us):  open_hca: device mlx4_0 not found
node035.cluster:SCM:f9bf:acf74b80: 14829 us(360 us):  open_hca: device mlx4_0 not found
node035.cluster:UCM:f9be:bf275b80: 2088 us(733 us):  open_hca: device mthca0 not found
node035.cluster:SCM:f9bf:acf74b80: 15148 us(319 us):  open_hca: device mlx4_1 not found
node035.cluster:SCM:f9bf:acf74b80: 15574 us(426 us):  open_hca: device mlx4_1 not found
node035.cluster:UCM:f9be:bf275b80: 2867 us(779 us):  open_hca: device mthca0 not found
node035.cluster:UCM:f9bf:acf74b80: 5325 us(1858 us):  open_hca: device mlx4_1 not found
node035.cluster:CMA:f9be:bf275b80: 8708 us(4483 us):  open_hca: getaddr_netdev ERROR:No such device. Is eth2 configured?
node035.cluster:CMA:f9be:bf275b80: 8907 us(199 us):  open_hca: getaddr_netdev ERROR:No such device. Is eth3 configured?
node035.cluster:UCM:f9bf:acf74b80: 5718 us(393 us):  open_hca: device mlx4_1 not found
node035.cluster:SCM:f9be:bf275b80: 16787 us(5571 us):  open_hca: device mlx4_0 not found
node035.cluster:SCM:f9be:bf275b80: 17378 us(591 us):  open_hca: device mlx4_0 not found
node035.cluster:SCM:f9be:bf275b80: 18052 us(674 us):  open_hca: device scif0 not found
node035.cluster:UCM:f9be:bf275b80: 5535 us(2668 us):  open_hca: device scif0 not found
node035.cluster:CMA:f9be:bf275b80: 11136 us(2229 us):  open_hca: getaddr_netdev ERROR:No such device. Is mic0:ib configured?
node035.cluster:SCM:f9be:bf275b80: 18753 us(701 us):  open_hca: device mlx4_0 not found
node035.cluster:SCM:f9be:bf275b80: 19033 us(280 us):  open_hca: device mlx4_0 not found
node035.cluster:SCM:f9be:bf275b80: 19441 us(408 us):  open_hca: device mlx4_1 not found
node035.cluster:SCM:f9be:bf275b80: 19812 us(371 us):  open_hca: device mlx4_1 not found
node035.cluster:UCM:f9be:bf275b80: 7370 us(1835 us):  open_hca: device mlx4_1 not found
node035.cluster:UCM:f9be:bf275b80: 7730 us(360 us):  open_hca: device mlx4_1 not found
node033.cluster:SCM:2091:a8da2b80: 10034 us(10034 us):  open_hca: device mlx4_0 not found
node033.cluster:SCM:2092:5466ab80: 10010 us(10010 us):  open_hca: device mlx4_0 not found
node033.cluster:SCM:2096:f7c0db80: 10020 us(10020 us):  open_hca: device mlx4_0 not found
node033.cluster:SCM:2097:bfbfdb80: 10061 us(10061 us):  open_hca: device mlx4_0 not found
node033.cluster:SCM:2098:52db3b80: 10012 us(10012 us):  open_hca: device mlx4_0 not found
node033.cluster:SCM:208b:865b2b80: 10139 us(10139 us):  open_hca: device mlx4_0 not found
node033.cluster:SCM:208d:f76f4b80: 10119 us(10119 us):  open_hca: device mlx4_0 not found
node033.cluster:SCM:208e:7c74ab80: 10166 us(10166 us):  open_hca: device mlx4_0 not found
node033.cluster:SCM:208f:80122b80: 10169 us(10169 us):  open_hca: device mlx4_0 not found
node033.cluster:SCM:2090:e116ab80: 10156 us(10156 us):  open_hca: device mlx4_0 not found
node033.cluster:SCM:2094:9025fb80: 10103 us(10103 us):  open_hca: device mlx4_0 not found
node033.cluster:SCM:2095:f180eb80: 10221 us(10221 us):  open_hca: device mlx4_0 not found
node033.cluster:SCM:2093:4b1b1b80: 11464 us(11464 us):  open_hca: device mlx4_0 not found
node033.cluster:SCM:2098:52db3b80: 16335 us(6323 us):  open_hca: device mlx4_0 not found
node033.cluster:SCM:2090:e116ab80: 16394 us(6238 us):  open_hca: device mlx4_0 not found
node033.cluster:SCM:208b:865b2b80: 16419 us(6280 us):  open_hca: device mlx4_0 not found
node033.cluster:SCM:208d:f76f4b80: 16507 us(6388 us):  open_hca: device mlx4_0 not found
node033.cluster:SCM:2096:f7c0db80: 16584 us(6564 us):  open_hca: device mlx4_0 not found
node033.cluster:SCM:208f:80122b80: 16627 us(6458 us):  open_hca: device mlx4_0 not found
node033.cluster:SCM:2091:a8da2b80: 16803 us(6769 us):  open_hca: device mlx4_0 not found
node033.cluster:SCM:2094:9025fb80: 16794 us(6691 us):  open_hca: device mlx4_0 not found
node033.cluster:SCM:2097:bfbfdb80: 16806 us(6745 us):  open_hca: device mlx4_0 not found
node033.cluster:SCM:2095:f180eb80: 16956 us(6735 us):  open_hca: device mlx4_0 not found
node033.cluster:SCM:208e:7c74ab80: 16940 us(6774 us):  open_hca: device mlx4_0 not found
node033.cluster:SCM:208c:67519b80: 16962 us(7079 us):  open_hca: device mlx4_0 not found
node033.cluster:SCM:2092:5466ab80: 17149 us(7139 us):  open_hca: device mlx4_0 not found
node033.cluster:SCM:2093:4b1b1b80: 18858 us(7394 us):  open_hca: device mlx4_0 not found
node033.cluster:SCM:208f:80122b80: 22338 us(5711 us):  open_hca: device mlx4_0 not found
node033.cluster:SCM:2090:e116ab80: 22526 us(6132 us):  open_hca: device mlx4_0 not found
node033.cluster:SCM:208b:865b2b80: 22655 us(6236 us):  open_hca: device mlx4_0 not found
node033.cluster:SCM:2096:f7c0db80: 22711 us(6127 us):  open_hca: device mlx4_0 not found
node033.cluster:SCM:2091:a8da2b80: 22773 us(5970 us):  open_hca: device mlx4_0 not found
node033.cluster:SCM:2098:52db3b80: 22796 us(6461 us):  open_hca: device mlx4_0 not found
node033.cluster:SCM:208d:f76f4b80: 22800 us(6293 us):  open_hca: device mlx4_0 not found
node033.cluster:SCM:2094:9025fb80: 22850 us(6056 us):  open_hca: device mlx4_0 not found
node033.cluster:SCM:2092:5466ab80: 22878 us(5729 us):  open_hca: device mlx4_0 not found
node033.cluster:SCM:208e:7c74ab80: 22896 us(5956 us):  open_hca: device mlx4_0 not found
node033.cluster:SCM:2097:bfbfdb80: 22982 us(6176 us):  open_hca: device mlx4_0 not found
node033.cluster:SCM:208c:67519b80: 23278 us(6316 us):  open_hca: device mlx4_0 not found
node033.cluster:SCM:2095:f180eb80: 23304 us(6348 us):  open_hca: device mlx4_0 not found
node033.cluster:SCM:2093:4b1b1b80: 23370 us(4512 us):  open_hca: device mlx4_0 not found
node033.cluster:CMA:208f:80122b80: 125 us(125 us):  open_hca: getaddr_netdev ERROR:No such device. Is ib0 configured?
node033.cluster:CMA:2090:e116ab80: 138 us(138 us):  open_hca: getaddr_netdev ERROR:No such device. Is ib0 configured?
node033.cluster:CMA:2090:e116ab80: 227 us(89 us):  open_hca: getaddr_netdev ERROR:No such device. Is ib1 configured?
node033.cluster:CMA:2091:a8da2b80: 124 us(124 us):  open_hca: getaddr_netdev ERROR:No such device. Is ib0 configured?
node033.cluster:CMA:2091:a8da2b80: 208 us(84 us):  open_hca: getaddr_netdev ERROR:No such device. Is ib1 configured?
node033.cluster:CMA:2092:5466ab80: 126 us(126 us):  open_hca: getaddr_netdev ERROR:No such device. Is ib0 configured?
node033.cluster:CMA:2092:5466ab80: 208 us(82 us):  open_hca: getaddr_netdev ERROR:No such device. Is ib1 configured?
node033.cluster:CMA:2093:4b1b1b80: 142 us(142 us):  open_hca: getaddr_netdev ERROR:No such device. Is ib0 configured?
node033.cluster:CMA:2093:4b1b1b80: 218 us(76 us):  open_hca: getaddr_netdev ERROR:No such device. Is ib1 configured?
node033.cluster:CMA:2094:9025fb80: 138 us(138 us):  open_hca: getaddr_netdev ERROR:No such device. Is ib0 configured?
node033.cluster:CMA:2094:9025fb80: 218 us(80 us):  open_hca: getaddr_netdev ERROR:No such device. Is ib1 configured?
node033.cluster:CMA:2095:f180eb80: 138 us(138 us):  open_hca: getaddr_netdev ERROR:No such device. Is ib0 configured?
node033.cluster:CMA:2095:f180eb80: 220 us(82 us):  open_hca: getaddr_netdev ERROR:No such device. Is ib1 configured?
node033.cluster:CMA:2096:f7c0db80: 135 us(135 us):  open_hca: getaddr_netdev ERROR:No such device. Is ib0 configured?
node033.cluster:CMA:2096:f7c0db80: 216 us(81 us):  open_hca: getaddr_netdev ERROR:No such device. Is ib1 configured?
node033.cluster:CMA:2097:bfbfdb80: 128 us(128 us):  open_hca: getaddr_netdev ERROR:No such device. Is ib0 configured?
node033.cluster:CMA:2097:bfbfdb80: 215 us(87 us):  open_hca: getaddr_netdev ERROR:No such device. Is ib1 configured?
node033.cluster:CMA:2098:52db3b80: 129 us(129 us):  open_hca: getaddr_netdev ERROR:No such device. Is ib0 configured?
node033.cluster:CMA:2098:52db3b80: 215 us(86 us):  open_hca: getaddr_netdev ERROR:No such device. Is ib1 configured?
node033.cluster:CMA:208b:865b2b80: 134 us(134 us):  open_hca: getaddr_netdev ERROR:No such device. Is ib0 configured?
node033.cluster:CMA:208b:865b2b80: 225 us(91 us):  open_hca: getaddr_netdev ERROR:No such device. Is ib1 configured?
node033.cluster:CMA:208c:67519b80: 137 us(137 us):  open_hca: getaddr_netdev ERROR:No such device. Is ib0 configured?
node033.cluster:CMA:208c:67519b80: 226 us(89 us):  open_hca: getaddr_netdev ERROR:No such device. Is ib1 configured?
node033.cluster:CMA:208e:7c74ab80: 127 us(127 us):  open_hca: getaddr_netdev ERROR:No such device. Is ib0 configured?
node033.cluster:CMA:208e:7c74ab80: 212 us(85 us):  open_hca: getaddr_netdev ERROR:No such device. Is ib1 configured?
node033.cluster:CMA:208f:80122b80: 217 us(92 us):  open_hca: getaddr_netdev ERROR:No such device. Is ib1 configured?
node033.cluster:CMA:208d:f76f4b80: 557 us(557 us):  open_hca: getaddr_netdev ERROR:No such device. Is ib0 configured?
node033.cluster:CMA:208d:f76f4b80: 818 us(261 us):  open_hca: getaddr_netdev ERROR:No such device. Is ib1 configured?
node033.cluster:SCM:2094:9025fb80: 51360 us(28510 us):  open_hca: device mthca0 not found
node033.cluster:SCM:2098:52db3b80: 51424 us(28628 us):  open_hca: device mthca0 not found
node033.cluster:SCM:2095:f180eb80: 51478 us(28174 us):  open_hca: device mthca0 not found
node033.cluster:SCM:2093:4b1b1b80: 51521 us(28151 us):  open_hca: device mthca0 not found
node033.cluster:SCM:2090:e116ab80: 51577 us(29051 us):  open_hca: device mthca0 not found
node033.cluster:SCM:208b:865b2b80: 51789 us(29134 us):  open_hca: device mthca0 not found
node033.cluster:SCM:2091:a8da2b80: 51842 us(29069 us):  open_hca: device mthca0 not found
node033.cluster:SCM:2096:f7c0db80: 51835 us(29124 us):  open_hca: device mthca0 not found
node033.cluster:SCM:2092:5466ab80: 51949 us(29071 us):  open_hca: device mthca0 not found
node033.cluster:SCM:208f:80122b80: 51960 us(29622 us):  open_hca: device mthca0 not found
node033.cluster:SCM:208e:7c74ab80: 52221 us(29325 us):  open_hca: device mthca0 not found
node033.cluster:SCM:208c:67519b80: 52280 us(29002 us):  open_hca: device mthca0 not found
node033.cluster:SCM:2097:bfbfdb80: 53020 us(30038 us):  open_hca: device mthca0 not found
node033.cluster:SCM:208d:f76f4b80: 53462 us(30662 us):  open_hca: device mthca0 not found
node033.cluster:SCM:2093:4b1b1b80: 57334 us(5813 us):  open_hca: device mthca0 not found
node033.cluster:SCM:2094:9025fb80: 57324 us(5964 us):  open_hca: device mthca0 not found
node033.cluster:SCM:2095:f180eb80: 57488 us(6010 us):  open_hca: device mthca0 not found
node033.cluster:SCM:2090:e116ab80: 57655 us(6078 us):  open_hca: device mthca0 not found
node033.cluster:SCM:2098:52db3b80: 57819 us(6395 us):  open_hca: device mthca0 not found
node033.cluster:SCM:208f:80122b80: 58180 us(6220 us):  open_hca: device mthca0 not found
node033.cluster:SCM:208e:7c74ab80: 58408 us(6187 us):  open_hca: device mthca0 not found
node033.cluster:SCM:208c:67519b80: 58565 us(6285 us):  open_hca: device mthca0 not found
node033.cluster:SCM:2096:f7c0db80: 58596 us(6761 us):  open_hca: device mthca0 not found
node033.cluster:SCM:208b:865b2b80: 58574 us(6785 us):  open_hca: device mthca0 not found
node033.cluster:SCM:2092:5466ab80: 58702 us(6753 us):  open_hca: device mthca0 not found
node033.cluster:SCM:2097:bfbfdb80: 59251 us(6231 us):  open_hca: device mthca0 not found
node033.cluster:SCM:2091:a8da2b80: 59569 us(7727 us):  open_hca: device mthca0 not found
node033.cluster:SCM:208d:f76f4b80: 61222 us(7760 us):  open_hca: device mthca0 not found
node033.cluster:SCM:2098:52db3b80: 63878 us(6059 us):  open_hca: device ipath0 not found
node033.cluster:SCM:2094:9025fb80: 64094 us(6770 us):  open_hca: device ipath0 not found
node033.cluster:SCM:208b:865b2b80: 64370 us(5796 us):  open_hca: device ipath0 not found
node033.cluster:SCM:208c:67519b80: 64369 us(5804 us):  open_hca: device ipath0 not found
node033.cluster:SCM:2090:e116ab80: 64434 us(6779 us):  open_hca: device ipath0 not found
node033.cluster:SCM:2093:4b1b1b80: 64551 us(7217 us):  open_hca: device ipath0 not found
node033.cluster:SCM:208f:80122b80: 64636 us(6456 us):  open_hca: device ipath0 not found
node033.cluster:SCM:2095:f180eb80: 64785 us(7297 us):  open_hca: device ipath0 not found
node033.cluster:SCM:2092:5466ab80: 64996 us(6294 us):  open_hca: device ipath0 not found
node033.cluster:SCM:208e:7c74ab80: 65286 us(6878 us):  open_hca: device ipath0 not found
node033.cluster:SCM:2097:bfbfdb80: 65365 us(6114 us):  open_hca: device ipath0 not found
node033.cluster:SCM:2091:a8da2b80: 65801 us(6232 us):  open_hca: device ipath0 not found
node033.cluster:SCM:2096:f7c0db80: 65983 us(7387 us):  open_hca: device ipath0 not found
node033.cluster:SCM:208d:f76f4b80: 68815 us(7593 us):  open_hca: device ipath0 not found
node033.cluster:SCM:208c:67519b80: 70394 us(6025 us):  open_hca: device ipath0 not found
node033.cluster:SCM:2098:52db3b80: 70475 us(6597 us):  open_hca: device ipath0 not found
node033.cluster:SCM:208b:865b2b80: 70360 us(5990 us):  open_hca: device ipath0 not found
node033.cluster:SCM:2090:e116ab80: 70623 us(6189 us):  open_hca: device ipath0 not found
node033.cluster:SCM:208f:80122b80: 70655 us(6019 us):  open_hca: device ipath0 not found
node033.cluster:SCM:2093:4b1b1b80: 70953 us(6402 us):  open_hca: device ipath0 not found
node033.cluster:SCM:208e:7c74ab80: 71372 us(6086 us):  open_hca: device ipath0 not found
node033.cluster:SCM:2092:5466ab80: 71429 us(6433 us):  open_hca: device ipath0 not found
node033.cluster:SCM:2095:f180eb80: 71629 us(6844 us):  open_hca: device ipath0 not found
node033.cluster:SCM:2091:a8da2b80: 71757 us(5956 us):  open_hca: device ipath0 not found
node033.cluster:SCM:2097:bfbfdb80: 72005 us(6640 us):  open_hca: device ipath0 not found
node033.cluster:SCM:2096:f7c0db80: 72167 us(6184 us):  open_hca: device ipath0 not found
node033.cluster:SCM:2094:9025fb80: 72743 us(8649 us):  open_hca: device ipath0 not found
node033.cluster:SCM:208d:f76f4b80: 74467 us(5652 us):  open_hca: device ipath0 not found
node033.cluster:SCM:2090:e116ab80: 76250 us(5627 us):  open_hca: device ehca0 not found
node033.cluster:CMA:2090:e116ab80: 31088 us(30861 us):  open_hca: getaddr_netdev ERROR:No such device. Is eth2 configured?
node033.cluster:SCM:208c:67519b80: 76489 us(6095 us):  open_hca: device ehca0 not found
node033.cluster:CMA:208c:67519b80: 31293 us(31067 us):  open_hca: getaddr_netdev ERROR:No such device. Is eth2 configured?
node033.cluster:SCM:208f:80122b80: 76603 us(5948 us):  open_hca: device ehca0 not found
node033.cluster:CMA:208f:80122b80: 31368 us(31151 us):  open_hca: getaddr_netdev ERROR:No such device. Is eth2 configured?
node033.cluster:SCM:2092:5466ab80: 77060 us(5631 us):  open_hca: device ehca0 not found
node033.cluster:CMA:2092:5466ab80: 31820 us(31612 us):  open_hca: getaddr_netdev ERROR:No such device. Is eth2 configured?
node033.cluster:SCM:208e:7c74ab80: 77186 us(5814 us):  open_hca: device ehca0 not found
node033.cluster:SCM:2093:4b1b1b80: 77247 us(6294 us):  open_hca: device ehca0 not found
node033.cluster:SCM:2095:f180eb80: 77324 us(5695 us):  open_hca: device ehca0 not found
node033.cluster:CMA:208e:7c74ab80: 31974 us(31762 us):  open_hca: getaddr_netdev ERROR:No such device. Is eth2 configured?
node033.cluster:CMA:2093:4b1b1b80: 32013 us(31795 us):  open_hca: getaddr_netdev ERROR:No such device. Is eth2 configured?
node033.cluster:SCM:2096:f7c0db80: 77362 us(5195 us):  open_hca: device ehca0 not found
node033.cluster:CMA:2095:f180eb80: 32075 us(31855 us):  open_hca: getaddr_netdev ERROR:No such device. Is eth2 configured?
node033.cluster:CMA:2096:f7c0db80: 32100 us(31884 us):  open_hca: getaddr_netdev ERROR:No such device. Is eth2 configured?
node033.cluster:SCM:208d:f76f4b80: 77432 us(2965 us):  open_hca: device ehca0 not found
node033.cluster:CMA:208d:f76f4b80: 32173 us(31355 us):  open_hca: getaddr_netdev ERROR:No such device. Is eth2 configured?
node033.cluster:SCM:2098:52db3b80: 77686 us(7211 us):  open_hca: device ehca0 not found
node033.cluster:SCM:2097:bfbfdb80: 77744 us(5739 us):  open_hca: device ehca0 not found
node033.cluster:SCM:2091:a8da2b80: 77782 us(6025 us):  open_hca: device ehca0 not found
node033.cluster:CMA:2098:52db3b80: 32447 us(32232 us):  open_hca: getaddr_netdev ERROR:No such device. Is eth2 configured?
node033.cluster:SCM:208b:865b2b80: 77804 us(7444 us):  open_hca: device ehca0 not found
node033.cluster:CMA:2097:bfbfdb80: 32488 us(32273 us):  open_hca: getaddr_netdev ERROR:No such device. Is eth2 configured?
node033.cluster:CMA:2091:a8da2b80: 32540 us(32332 us):  open_hca: getaddr_netdev ERROR:No such device. Is eth2 configured?
node033.cluster:CMA:208b:865b2b80: 32579 us(32354 us):  open_hca: getaddr_netdev ERROR:No such device. Is eth2 configured?
node033.cluster:SCM:2094:9025fb80: 78146 us(5403 us):  open_hca: device ehca0 not found
node033.cluster:CMA:2094:9025fb80: 32905 us(32687 us):  open_hca: getaddr_netdev ERROR:No such device. Is eth2 configured?
node033.cluster:UCM:2093:4b1b1b80: 6019 us(6019 us):  open_hca: device mlx4_0 not found
node033.cluster:UCM:2098:52db3b80: 6026 us(6026 us):  open_hca: device mlx4_0 not found
node033.cluster:UCM:2094:9025fb80: 6106 us(6106 us):  open_hca: device mlx4_0 not found
node033.cluster:UCM:2095:f180eb80: 6101 us(6101 us):  open_hca: device mlx4_0 not found
node033.cluster:UCM:208b:865b2b80: 6095 us(6095 us):  open_hca: device mlx4_0 not found
node033.cluster:UCM:2092:5466ab80: 6180 us(6180 us):  open_hca: device mlx4_0 not found
node033.cluster:UCM:2090:e116ab80: 6275 us(6275 us):  open_hca: device mlx4_0 not found
node033.cluster:UCM:2097:bfbfdb80: 6606 us(6606 us):  open_hca: device mlx4_0 not found
node033.cluster:UCM:208c:67519b80: 6614 us(6614 us):  open_hca: device mlx4_0 not found
node033.cluster:UCM:208e:7c74ab80: 6741 us(6741 us):  open_hca: device mlx4_0 not found
node033.cluster:UCM:208f:80122b80: 6738 us(6738 us):  open_hca: device mlx4_0 not found
node033.cluster:UCM:2096:f7c0db80: 6795 us(6795 us):  open_hca: device mlx4_0 not found
node033.cluster:UCM:2091:a8da2b80: 6862 us(6862 us):  open_hca: device mlx4_0 not found
node033.cluster:UCM:208d:f76f4b80: 7101 us(7101 us):  open_hca: device mlx4_0 not found
node033.cluster:UCM:2093:4b1b1b80: 9762 us(3743 us):  open_hca: device mlx4_0 not found
node033.cluster:UCM:2098:52db3b80: 9758 us(3732 us):  open_hca: device mlx4_0 not found
node033.cluster:UCM:2092:5466ab80: 12874 us(6694 us):  open_hca: device mlx4_0 not found
node033.cluster:UCM:208b:865b2b80: 12878 us(6783 us):  open_hca: device mlx4_0 not found
node033.cluster:UCM:2097:bfbfdb80: 13015 us(6409 us):  open_hca: device mlx4_0 not found
node033.cluster:UCM:2094:9025fb80: 13074 us(6968 us):  open_hca: device mlx4_0 not found
node033.cluster:UCM:208c:67519b80: 13082 us(6468 us):  open_hca: device mlx4_0 not found
node033.cluster:UCM:208f:80122b80: 13144 us(6406 us):  open_hca: device mlx4_0 not found
node033.cluster:UCM:2091:a8da2b80: 13280 us(6418 us):  open_hca: device mlx4_0 not found
node033.cluster:UCM:2096:f7c0db80: 13342 us(6547 us):  open_hca: device mlx4_0 not found
node033.cluster:UCM:208e:7c74ab80: 13284 us(6543 us):  open_hca: device mlx4_0 not found
node033.cluster:UCM:2090:e116ab80: 13349 us(7074 us):  open_hca: device mlx4_0 not found
node033.cluster:UCM:2095:f180eb80: 13921 us(7820 us):  open_hca: device mlx4_0 not found
node033.cluster:UCM:208d:f76f4b80: 14366 us(7265 us):  open_hca: device mlx4_0 not found
node033.cluster:UCM:2093:4b1b1b80: 16301 us(6539 us):  open_hca: device mthca0 not found
node033.cluster:UCM:2098:52db3b80: 16311 us(6553 us):  open_hca: device mthca0 not found
node033.cluster:UCM:208b:865b2b80: 19106 us(6228 us):  open_hca: device mthca0 not found
node033.cluster:UCM:208c:67519b80: 19265 us(6183 us):  open_hca: device mthca0 not found
node033.cluster:UCM:2092:5466ab80: 19324 us(6450 us):  open_hca: device mthca0 not found
node033.cluster:UCM:2094:9025fb80: 19340 us(6266 us):  open_hca: device mthca0 not found
node033.cluster:UCM:208f:80122b80: 19442 us(6298 us):  open_hca: device mthca0 not found
node033.cluster:UCM:2097:bfbfdb80: 19529 us(6514 us):  open_hca: device mthca0 not found
node033.cluster:UCM:208e:7c74ab80: 19733 us(6449 us):  open_hca: device mthca0 not found
node033.cluster:UCM:2090:e116ab80: 19800 us(6451 us):  open_hca: device mthca0 not found
node033.cluster:UCM:2096:f7c0db80: 19867 us(6525 us):  open_hca: device mthca0 not found
node033.cluster:UCM:2091:a8da2b80: 19869 us(6589 us):  open_hca: device mthca0 not found
node033.cluster:UCM:2095:f180eb80: 21274 us(7353 us):  open_hca: device mthca0 not found
node033.cluster:UCM:2093:4b1b1b80: 22506 us(6205 us):  open_hca: device mthca0 not found
node033.cluster:CMA:2093:4b1b1b80: 56836 us(24823 us):  open_hca: getaddr_netdev ERROR:No such device. Is eth2 configured?
node033.cluster:CMA:2093:4b1b1b80: 56861 us(25 us):  open_hca: getaddr_netdev ERROR:No such device. Is eth3 configured?
node033.cluster:UCM:208d:f76f4b80: 22445 us(8079 us):  open_hca: device mthca0 not found
node033.cluster:UCM:2098:52db3b80: 23136 us(6825 us):  open_hca: device mthca0 not found
node033.cluster:CMA:2098:52db3b80: 57438 us(24991 us):  open_hca: getaddr_netdev ERROR:No such device. Is eth2 configured?
node033.cluster:CMA:2098:52db3b80: 57464 us(26 us):  open_hca: getaddr_netdev ERROR:No such device. Is eth3 configured?
node033.cluster:UCM:208b:865b2b80: 25250 us(6144 us):  open_hca: device mthca0 not found
node033.cluster:UCM:208c:67519b80: 25341 us(6076 us):  open_hca: device mthca0 not found
node033.cluster:CMA:208b:865b2b80: 59656 us(27077 us):  open_hca: getaddr_netdev ERROR:No such device. Is eth2 configured?
node033.cluster:CMA:208b:865b2b80: 59687 us(31 us):  open_hca: getaddr_netdev ERROR:No such device. Is eth3 configured?
node033.cluster:CMA:208c:67519b80: 59692 us(28399 us):  open_hca: getaddr_netdev ERROR:No such device. Is eth2 configured?
node033.cluster:CMA:208c:67519b80: 59718 us(26 us):  open_hca: getaddr_netdev ERROR:No such device. Is eth3 configured?
node033.cluster:UCM:208e:7c74ab80: 25462 us(5729 us):  open_hca: device mthca0 not found
node033.cluster:CMA:208e:7c74ab80: 59822 us(27848 us):  open_hca: getaddr_netdev ERROR:No such device. Is eth2 configured?
node033.cluster:CMA:208e:7c74ab80: 59864 us(42 us):  open_hca: getaddr_netdev ERROR:No such device. Is eth3 configured?
node033.cluster:UCM:2094:9025fb80: 25924 us(6584 us):  open_hca: device mthca0 not found
node033.cluster:CMA:2094:9025fb80: 60229 us(27324 us):  open_hca: getaddr_netdev ERROR:No such device. Is eth2 configured?
node033.cluster:CMA:2094:9025fb80: 60254 us(25 us):  open_hca: getaddr_netdev ERROR:No such device. Is eth3 configured?
node033.cluster:UCM:2090:e116ab80: 26088 us(6288 us):  open_hca: device mthca0 not found
node033.cluster:UCM:2097:bfbfdb80: 26197 us(6668 us):  open_hca: device mthca0 not found
node033.cluster:UCM:208f:80122b80: 26140 us(6698 us):  open_hca: device mthca0 not found
node033.cluster:CMA:2090:e116ab80: 60478 us(29390 us):  open_hca: getaddr_netdev ERROR:No such device. Is eth2 configured?
node033.cluster:CMA:2097:bfbfdb80: 60495 us(28007 us):  open_hca: getaddr_netdev ERROR:No such device. Is eth2 configured?
node033.cluster:CMA:2090:e116ab80: 60510 us(32 us):  open_hca: getaddr_netdev ERROR:No such device. Is eth3 configured?
node033.cluster:CMA:2097:bfbfdb80: 60519 us(24 us):  open_hca: getaddr_netdev ERROR:No such device. Is eth3 configured?
node033.cluster:CMA:208f:80122b80: 60527 us(29159 us):  open_hca: getaddr_netdev ERROR:No such device. Is eth2 configured?
node033.cluster:CMA:208f:80122b80: 60553 us(26 us):  open_hca: getaddr_netdev ERROR:No such device. Is eth3 configured?
node033.cluster:UCM:2096:f7c0db80: 26339 us(6472 us):  open_hca: device mthca0 not found
node033.cluster:CMA:2096:f7c0db80: 60665 us(28565 us):  open_hca: getaddr_netdev ERROR:No such device. Is eth2 configured?
node033.cluster:CMA:2096:f7c0db80: 60696 us(31 us):  open_hca: getaddr_netdev ERROR:No such device. Is eth3 configured?
node033.cluster:UCM:2092:5466ab80: 26467 us(7143 us):  open_hca: device mthca0 not found
node033.cluster:CMA:2092:5466ab80: 60763 us(28943 us):  open_hca: getaddr_netdev ERROR:No such device. Is eth2 configured?
node033.cluster:CMA:2092:5466ab80: 60788 us(25 us):  open_hca: getaddr_netdev ERROR:No such device. Is eth3 configured?
node033.cluster:UCM:2091:a8da2b80: 26826 us(6957 us):  open_hca: device mthca0 not found
node033.cluster:CMA:2091:a8da2b80: 61123 us(28583 us):  open_hca: getaddr_netdev ERROR:No such device. Is eth2 configured?
node033.cluster:CMA:2091:a8da2b80: 61145 us(22 us):  open_hca: getaddr_netdev ERROR:No such device. Is eth3 configured?
node033.cluster:SCM:2093:4b1b1b80: 107760 us(30513 us):  open_hca: device mlx4_0 not found
node033.cluster:SCM:2098:52db3b80: 109417 us(31731 us):  open_hca: device mlx4_0 not found
node033.cluster:UCM:2095:f180eb80: 30087 us(8813 us):  open_hca: device mthca0 not found
node033.cluster:CMA:2095:f180eb80: 64523 us(32448 us):  open_hca: getaddr_netdev ERROR:No such device. Is eth2 configured?
node033.cluster:CMA:2095:f180eb80: 64560 us(37 us):  open_hca: getaddr_netdev ERROR:No such device. Is eth3 configured?
node033.cluster:SCM:208b:865b2b80: 110452 us(32648 us):  open_hca: device mlx4_0 not found
node033.cluster:SCM:208c:67519b80: 110449 us(33960 us):  open_hca: device mlx4_0 not found
node033.cluster:UCM:208d:f76f4b80: 31080 us(8635 us):  open_hca: device mthca0 not found
node033.cluster:CMA:208d:f76f4b80: 65649 us(33476 us):  open_hca: getaddr_netdev ERROR:No such device. Is eth2 configured?
node033.cluster:SCM:208e:7c74ab80: 111123 us(33937 us):  open_hca: device mlx4_0 not found
node033.cluster:CMA:208d:f76f4b80: 65960 us(311 us):  open_hca: getaddr_netdev ERROR:No such device. Is eth3 configured?
node033.cluster:SCM:2094:9025fb80: 111543 us(33397 us):  open_hca: device mlx4_0 not found
node033.cluster:SCM:208f:80122b80: 111614 us(35011 us):  open_hca: device mlx4_0 not found
node033.cluster:SCM:2090:e116ab80: 111945 us(35695 us):  open_hca: device mlx4_0 not found
node033.cluster:SCM:2097:bfbfdb80: 112049 us(34305 us):  open_hca: device mlx4_0 not found
node033.cluster:SCM:2096:f7c0db80: 112151 us(34789 us):  open_hca: device mlx4_0 not found
node033.cluster:SCM:2092:5466ab80: 112203 us(35143 us):  open_hca: device mlx4_0 not found
node033.cluster:SCM:2091:a8da2b80: 112343 us(34561 us):  open_hca: device mlx4_0 not found
node033.cluster:SCM:2093:4b1b1b80: 113455 us(5695 us):  open_hca: device mlx4_0 not found
node033.cluster:SCM:208c:67519b80: 115953 us(5504 us):  open_hca: device mlx4_0 not found
node033.cluster:SCM:2098:52db3b80: 116006 us(6589 us):  open_hca: device mlx4_0 not found
node033.cluster:SCM:208b:865b2b80: 116306 us(5854 us):  open_hca: device mlx4_0 not found
node033.cluster:SCM:208e:7c74ab80: 116590 us(5467 us):  open_hca: device mlx4_0 not found
node033.cluster:SCM:208f:80122b80: 117397 us(5783 us):  open_hca: device mlx4_0 not found
node033.cluster:SCM:208d:f76f4b80: 117660 us(40228 us):  open_hca: device mlx4_0 not found
node033.cluster:SCM:2096:f7c0db80: 117937 us(5786 us):  open_hca: device mlx4_0 not found
node033.cluster:SCM:2094:9025fb80: 118040 us(6497 us):  open_hca: device mlx4_0 not found
node033.cluster:SCM:2097:bfbfdb80: 118139 us(6090 us):  open_hca: device mlx4_0 not found
node033.cluster:SCM:2095:f180eb80: 118290 us(40966 us):  open_hca: device mlx4_0 not found
node033.cluster:SCM:2090:e116ab80: 118284 us(6339 us):  open_hca: device mlx4_0 not found
node033.cluster:SCM:2092:5466ab80: 118431 us(6228 us):  open_hca: device mlx4_0 not found
node033.cluster:SCM:2091:a8da2b80: 120159 us(7816 us):  open_hca: device mlx4_0 not found
node033.cluster:SCM:2093:4b1b1b80: 122236 us(8781 us):  open_hca: device scif0 not found
node033.cluster:SCM:208b:865b2b80: 122350 us(6044 us):  open_hca: device scif0 not found
node033.cluster:SCM:2098:52db3b80: 122385 us(6379 us):  open_hca: device scif0 not found
node033.cluster:SCM:208c:67519b80: 122384 us(6431 us):  open_hca: device scif0 not found
node033.cluster:SCM:208e:7c74ab80: 122973 us(6383 us):  open_hca: device scif0 not found
node033.cluster:SCM:208f:80122b80: 123354 us(5957 us):  open_hca: device scif0 not found
node033.cluster:SCM:208d:f76f4b80: 123580 us(5920 us):  open_hca: device mlx4_0 not found
node033.cluster:SCM:2094:9025fb80: 124632 us(6592 us):  open_hca: device scif0 not found
node033.cluster:SCM:2097:bfbfdb80: 124774 us(6635 us):  open_hca: device scif0 not found
node033.cluster:SCM:2092:5466ab80: 125202 us(6771 us):  open_hca: device scif0 not found
node033.cluster:SCM:2096:f7c0db80: 125265 us(7328 us):  open_hca: device scif0 not found
node033.cluster:SCM:2090:e116ab80: 125366 us(7082 us):  open_hca: device scif0 not found
node033.cluster:SCM:2095:f180eb80: 126191 us(7901 us):  open_hca: device mlx4_0 not found
node033.cluster:UCM:2098:52db3b80: 48776 us(25640 us):  open_hca: device scif0 not found
node033.cluster:CMA:2098:52db3b80: 83093 us(25629 us):  open_hca: getaddr_netdev ERROR:No such device. Is mic0:ib configured?
node033.cluster:SCM:2091:a8da2b80: 128240 us(8081 us):  open_hca: device scif0 not found
node033.cluster:UCM:208b:865b2b80: 49150 us(23900 us):  open_hca: device scif0 not found
node033.cluster:UCM:208c:67519b80: 49166 us(23825 us):  open_hca: device scif0 not found
node033.cluster:CMA:208b:865b2b80: 83557 us(23870 us):  open_hca: getaddr_netdev ERROR:No such device. Is mic0:ib configured?
node033.cluster:CMA:208c:67519b80: 83556 us(23838 us):  open_hca: getaddr_netdev ERROR:No such device. Is mic0:ib configured?
node033.cluster:UCM:2093:4b1b1b80: 49428 us(26922 us):  open_hca: device scif0 not found
node033.cluster:CMA:2093:4b1b1b80: 83735 us(26874 us):  open_hca: getaddr_netdev ERROR:No such device. Is mic0:ib configured?
node033.cluster:UCM:208e:7c74ab80: 49465 us(24003 us):  open_hca: device scif0 not found
node033.cluster:CMA:208e:7c74ab80: 83829 us(23965 us):  open_hca: getaddr_netdev ERROR:No such device. Is mic0:ib configured?
node033.cluster:SCM:208d:f76f4b80: 129670 us(6090 us):  open_hca: device scif0 not found
node033.cluster:UCM:208f:80122b80: 50160 us(24020 us):  open_hca: device scif0 not found
node033.cluster:CMA:208f:80122b80: 84529 us(23976 us):  open_hca: getaddr_netdev ERROR:No such device. Is mic0:ib configured?
node033.cluster:UCM:2094:9025fb80: 51575 us(25651 us):  open_hca: device scif0 not found
node033.cluster:CMA:2094:9025fb80: 85881 us(25627 us):  open_hca: getaddr_netdev ERROR:No such device. Is mic0:ib configured?
node033.cluster:UCM:2097:bfbfdb80: 51690 us(25493 us):  open_hca: device scif0 not found
node033.cluster:CMA:2097:bfbfdb80: 85983 us(25464 us):  open_hca: getaddr_netdev ERROR:No such device. Is mic0:ib configured?
node033.cluster:UCM:2092:5466ab80: 51774 us(25307 us):  open_hca: device scif0 not found
node033.cluster:CMA:2092:5466ab80: 86076 us(25288 us):  open_hca: getaddr_netdev ERROR:No such device. Is mic0:ib configured?
node033.cluster:UCM:2090:e116ab80: 52782 us(26694 us):  open_hca: device scif0 not found
node033.cluster:CMA:2090:e116ab80: 87162 us(26652 us):  open_hca: getaddr_netdev ERROR:No such device. Is mic0:ib configured?
node033.cluster:UCM:2096:f7c0db80: 53797 us(27458 us):  open_hca: device scif0 not found
node033.cluster:CMA:2096:f7c0db80: 88251 us(27555 us):  open_hca: getaddr_netdev ERROR:No such device. Is mic0:ib configured?
node033.cluster:SCM:208c:67519b80: 134597 us(12213 us):  open_hca: device mlx4_0 not found
node033.cluster:SCM:208e:7c74ab80: 134902 us(11929 us):  open_hca: device mlx4_0 not found
node033.cluster:UCM:2091:a8da2b80: 55558 us(28732 us):  open_hca: device scif0 not found
node033.cluster:SCM:2098:52db3b80: 135168 us(12783 us):  open_hca: device mlx4_0 not found
node033.cluster:CMA:2091:a8da2b80: 89876 us(28731 us):  open_hca: getaddr_netdev ERROR:No such device. Is mic0:ib configured?
node033.cluster:SCM:208b:865b2b80: 135258 us(12908 us):  open_hca: device mlx4_0 not found
node033.cluster:SCM:2095:f180eb80: 135413 us(9222 us):  open_hca: device scif0 not found
node033.cluster:SCM:208f:80122b80: 135477 us(12123 us):  open_hca: device mlx4_0 not found
node033.cluster:SCM:2093:4b1b1b80: 136202 us(13966 us):  open_hca: device mlx4_0 not found
node033.cluster:UCM:208d:f76f4b80: 57028 us(25948 us):  open_hca: device scif0 not found
node033.cluster:CMA:208d:f76f4b80: 91409 us(25449 us):  open_hca: getaddr_netdev ERROR:No such device. Is mic0:ib configured?
node033.cluster:SCM:2092:5466ab80: 137379 us(12177 us):  open_hca: device mlx4_0 not found
node033.cluster:SCM:2097:bfbfdb80: 137426 us(12652 us):  open_hca: device mlx4_0 not found
node033.cluster:SCM:2094:9025fb80: 137949 us(13317 us):  open_hca: device mlx4_0 not found
node033.cluster:SCM:2090:e116ab80: 138908 us(13542 us):  open_hca: device mlx4_0 not found
node033.cluster:SCM:208c:67519b80: 141307 us(6710 us):  open_hca: device mlx4_0 not found
node033.cluster:SCM:2098:52db3b80: 141336 us(6168 us):  open_hca: device mlx4_0 not found
node033.cluster:SCM:208b:865b2b80: 141336 us(6078 us):  open_hca: device mlx4_0 not found
node033.cluster:SCM:2096:f7c0db80: 141434 us(16169 us):  open_hca: device mlx4_0 not found
node033.cluster:SCM:208f:80122b80: 141686 us(6209 us):  open_hca: device mlx4_0 not found
node033.cluster:SCM:208e:7c74ab80: 141721 us(6819 us):  open_hca: device mlx4_0 not found
node033.cluster:SCM:2091:a8da2b80: 141834 us(13594 us):  open_hca: device mlx4_0 not found
node033.cluster:SCM:208d:f76f4b80: 142596 us(12926 us):  open_hca: device mlx4_0 not found
node033.cluster:SCM:2093:4b1b1b80: 142937 us(6735 us):  open_hca: device mlx4_0 not found
node033.cluster:SCM:2092:5466ab80: 143700 us(6321 us):  open_hca: device mlx4_0 not found
node033.cluster:SCM:2097:bfbfdb80: 143932 us(6506 us):  open_hca: device mlx4_0 not found
node033.cluster:UCM:2095:f180eb80: 64490 us(34403 us):  open_hca: device scif0 not found
node033.cluster:CMA:2095:f180eb80: 99004 us(34444 us):  open_hca: getaddr_netdev ERROR:No such device. Is mic0:ib configured?
node033.cluster:SCM:2094:9025fb80: 144507 us(6558 us):  open_hca: device mlx4_0 not found
node033.cluster:SCM:2090:e116ab80: 144828 us(5920 us):  open_hca: device mlx4_0 not found
node033.cluster:SCM:208c:67519b80: 146731 us(5424 us):  open_hca: device mlx4_1 not found
node033.cluster:SCM:208b:865b2b80: 146834 us(5498 us):  open_hca: device mlx4_1 not found
node033.cluster:SCM:208f:80122b80: 147973 us(6287 us):  open_hca: device mlx4_1 not found
node033.cluster:SCM:2098:52db3b80: 148008 us(6672 us):  open_hca: device mlx4_1 not found
node033.cluster:SCM:208e:7c74ab80: 148088 us(6367 us):  open_hca: device mlx4_1 not found
node033.cluster:SCM:208d:f76f4b80: 148491 us(5895 us):  open_hca: device mlx4_0 not found
node033.cluster:SCM:2091:a8da2b80: 148775 us(6941 us):  open_hca: device mlx4_0 not found
node033.cluster:SCM:2093:4b1b1b80: 149582 us(6645 us):  open_hca: device mlx4_1 not found
node033.cluster:SCM:2096:f7c0db80: 149789 us(8355 us):  open_hca: device mlx4_0 not found
node033.cluster:SCM:2092:5466ab80: 149936 us(6236 us):  open_hca: device mlx4_1 not found
node033.cluster:SCM:2097:bfbfdb80: 149929 us(5997 us):  open_hca: device mlx4_1 not found
node033.cluster:SCM:2094:9025fb80: 151113 us(6606 us):  open_hca: device mlx4_1 not found
node033.cluster:SCM:2090:e116ab80: 151617 us(6789 us):  open_hca: device mlx4_1 not found
node033.cluster:SCM:208b:865b2b80: 152411 us(5577 us):  open_hca: device mlx4_1 not found
node033.cluster:SCM:208c:67519b80: 152410 us(5679 us):  open_hca: device mlx4_1 not found
node033.cluster:SCM:2095:f180eb80: 152931 us(17518 us):  open_hca: device mlx4_0 not found
node033.cluster:SCM:208f:80122b80: 154363 us(6390 us):  open_hca: device mlx4_1 not found
node033.cluster:SCM:208e:7c74ab80: 154499 us(6411 us):  open_hca: device mlx4_1 not found
node033.cluster:SCM:2098:52db3b80: 154932 us(6924 us):  open_hca: device mlx4_1 not found
node033.cluster:SCM:208d:f76f4b80: 155148 us(6657 us):  open_hca: device mlx4_1 not found
node033.cluster:SCM:2092:5466ab80: 155865 us(5929 us):  open_hca: device mlx4_1 not found
node033.cluster:SCM:2091:a8da2b80: 155913 us(7138 us):  open_hca: device mlx4_1 not found
node033.cluster:SCM:2093:4b1b1b80: 156327 us(6745 us):  open_hca: device mlx4_1 not found
node033.cluster:SCM:2097:bfbfdb80: 156617 us(6688 us):  open_hca: device mlx4_1 not found
node033.cluster:SCM:2094:9025fb80: 157553 us(6440 us):  open_hca: device mlx4_1 not found
node033.cluster:SCM:2090:e116ab80: 157561 us(5944 us):  open_hca: device mlx4_1 not found
node033.cluster:UCM:208b:865b2b80: 79005 us(29855 us):  open_hca: device mlx4_1 not found
node033.cluster:UCM:208c:67519b80: 79057 us(29891 us):  open_hca: device mlx4_1 not found
node033.cluster:SCM:2096:f7c0db80: 158677 us(8888 us):  open_hca: device mlx4_1 not found
node033.cluster:UCM:208f:80122b80: 80681 us(30521 us):  open_hca: device mlx4_1 not found
node033.cluster:UCM:208e:7c74ab80: 80761 us(31296 us):  open_hca: device mlx4_1 not found
node033.cluster:SCM:208d:f76f4b80: 161133 us(5985 us):  open_hca: device mlx4_1 not found
node033.cluster:SCM:2095:f180eb80: 161665 us(8734 us):  open_hca: device mlx4_0 not found
node033.cluster:UCM:2098:52db3b80: 82452 us(33676 us):  open_hca: device mlx4_1 not found
node033.cluster:UCM:2092:5466ab80: 82794 us(31020 us):  open_hca: device mlx4_1 not found
node033.cluster:SCM:2091:a8da2b80: 162439 us(6526 us):  open_hca: device mlx4_1 not found
node033.cluster:UCM:2093:4b1b1b80: 83854 us(34426 us):  open_hca: device mlx4_1 not found
node033.cluster:UCM:2097:bfbfdb80: 83890 us(32200 us):  open_hca: device mlx4_1 not found
node033.cluster:UCM:2094:9025fb80: 84028 us(32453 us):  open_hca: device mlx4_1 not found
node033.cluster:UCM:2090:e116ab80: 84181 us(31399 us):  open_hca: device mlx4_1 not found
node033.cluster:UCM:208b:865b2b80: 84707 us(5702 us):  open_hca: device mlx4_1 not found
node033.cluster:UCM:208c:67519b80: 85142 us(6085 us):  open_hca: device mlx4_1 not found
node033.cluster:UCM:208f:80122b80: 86205 us(5524 us):  open_hca: device mlx4_1 not found
node033.cluster:UCM:208e:7c74ab80: 86297 us(5536 us):  open_hca: device mlx4_1 not found
node033.cluster:UCM:208d:f76f4b80: 87365 us(30337 us):  open_hca: device mlx4_1 not found
node033.cluster:SCM:2096:f7c0db80: 167234 us(8557 us):  open_hca: device mlx4_1 not found
node033.cluster:UCM:2092:5466ab80: 88610 us(5816 us):  open_hca: device mlx4_1 not found
node033.cluster:UCM:2091:a8da2b80: 88794 us(33236 us):  open_hca: device mlx4_1 not found
node033.cluster:UCM:2098:52db3b80: 88834 us(6382 us):  open_hca: device mlx4_1 not found
node033.cluster:UCM:2094:9025fb80: 90181 us(6153 us):  open_hca: device mlx4_1 not found
node033.cluster:UCM:2090:e116ab80: 90160 us(5979 us):  open_hca: device mlx4_1 not found
node033.cluster:SCM:2095:f180eb80: 169787 us(8122 us):  open_hca: device mlx4_1 not found
node033.cluster:UCM:2097:bfbfdb80: 90253 us(6363 us):  open_hca: device mlx4_1 not found
node033.cluster:UCM:2093:4b1b1b80: 90824 us(6970 us):  open_hca: device mlx4_1 not found
node033.cluster:UCM:208d:f76f4b80: 92510 us(5145 us):  open_hca: device mlx4_1 not found
node033.cluster:UCM:2091:a8da2b80: 93723 us(4929 us):  open_hca: device mlx4_1 not found
node033.cluster:UCM:2096:f7c0db80: 93922 us(40125 us):  open_hca: device mlx4_1 not found
node033.cluster:SCM:2095:f180eb80: 174064 us(4277 us):  open_hca: device mlx4_1 not found
node033.cluster:UCM:2095:f180eb80: 95862 us(31372 us):  open_hca: device mlx4_1 not found
node033.cluster:UCM:2096:f7c0db80: 95863 us(1941 us):  open_hca: device mlx4_1 not found
node033.cluster:UCM:2095:f180eb80: 96252 us(390 us):  open_hca: device mlx4_1 not found
                Step[ FC]     Time          Energy          fmax
*Force-consistent energies used in optimization.
BFGSLineSearch:    0[  0] 01:26:21     -186.513025*       1.5337
BFGSLineSearch:    1[  2] 02:19:27     -186.641198*       0.9303
BFGSLineSearch:    2[  4] 03:21:23     -186.660494*       0.6850
BFGSLineSearch:    3[  5] 03:41:58     -186.696901*       0.1909
BFGSLineSearch:    4[  6] 03:58:44     -186.702016*       0.2451
BFGSLineSearch:    5[  7] 04:12:54     -186.704698*       0.0910
