node435.cluster:SCM:8f13:4abd7700: -1504284473 us(-1504284473 us):  WARNING: IBV_CLIENT_REREGISTER
node423.cluster:SCM:8846:10edc700: -1504129504 us(-1504129504 us):  WARNING: IBV_CLIENT_REREGISTER
node435.cluster:SCM:8f15:862a8700: -1504283514 us(-1504283514 us):  WARNING: IBV_CLIENT_REREGISTER
node423.cluster:SCM:8847:fcd1a700: -1504129502 us(-1504129502 us):  WARNING: IBV_CLIENT_REREGISTER
node435.cluster:SCM:8f19:4a458700: -1504284481 us(-1504284481 us):  WARNING: IBV_CLIENT_REREGISTER
node435.cluster:SCM:8f1b:f439a700: -1504283555 us(-1504283555 us):  WARNING: IBV_CLIENT_REREGISTER
node435.cluster:SCM:8f1d:4cf1a700: -1504283808 us(-1504283808 us):  WARNING: IBV_CLIENT_REREGISTER
node435.cluster:SCM:8f1e:e932a700: -1504283522 us(-1504283522 us):  WARNING: IBV_CLIENT_REREGISTER
node435.cluster:SCM:8f12:4abe9700: -1504283423 us(-1504283423 us):  WARNING: IBV_CLIENT_REREGISTER
node435.cluster:SCM:8f14:af319700: -1504284399 us(-1504284399 us):  WARNING: IBV_CLIENT_REREGISTER
node435.cluster:SCM:8f16:aa258700: -1504284492 us(-1504284492 us):  WARNING: IBV_CLIENT_REREGISTER
node435.cluster:SCM:8f17:2224f700: -1504284372 us(-1504284372 us):  WARNING: IBV_CLIENT_REREGISTER
node435.cluster:SCM:8f18:807f6700: -1504286533 us(-1504286533 us):  WARNING: IBV_CLIENT_REREGISTER
node435.cluster:SCM:8f1c:14f2b700: -1504283466 us(-1504283466 us):  WARNING: IBV_CLIENT_REREGISTER
node435.cluster:SCM:8f1a:63a6c700: -1504283270 us(-1504283270 us):  WARNING: IBV_CLIENT_REREGISTER
node435.cluster:SCM:8f11:80605700: -1504283573 us(-1504283573 us):  WARNING: IBV_CLIENT_REREGISTER
                Step[ FC]     Time          Energy          fmax
*Force-consistent energies used in optimization.
BFGSLineSearch:    0[  0] 15:09:55     -239.714375*       2.4520
BFGSLineSearch:    1[  1] 15:46:43     -240.268556*       0.9772
BFGSLineSearch:    2[  3] 17:01:04     -240.345130*       1.2514
BFGSLineSearch:    3[  5] 18:08:23     -240.373003*       0.6245
BFGSLineSearch:    4[  6] 18:40:26     -240.409616*       0.3907
BFGSLineSearch:    5[  7] 19:01:07     -240.423718*       0.2799
BFGSLineSearch:    6[  8] 19:32:11     -240.433438*       0.6076
BFGSLineSearch:    7[ 11] 21:06:50     -240.450570*       0.1661
BFGSLineSearch:    8[ 12] 21:31:35     -240.457690*       0.1790
BFGSLineSearch:    9[ 14] 22:22:07     -240.468825*       0.1157
BFGSLineSearch:   10[ 15] 22:48:51     -240.473961*       0.1223
BFGSLineSearch:   11[ 16] 23:12:46     -240.478223*       0.0905
