node058.cluster:SCM:11d66:7feccb80: 3151 us(3151 us):  open_hca: device mlx4_0 not found
node048.cluster:SCM:d5e7:469a9b80: 4543 us(4543 us):  open_hca: device mlx4_0 not found
node058.cluster:SCM:11d67:9cc78b80: 3151 us(3151 us):  open_hca: device mlx4_0 not found
node058.cluster:SCM:11d66:7feccb80: 3541 us(390 us):  open_hca: device mlx4_0 not found
node058.cluster:SCM:11d66:7feccb80: 3848 us(307 us):  open_hca: device mlx4_0 not found
node058.cluster:SCM:11d67:9cc78b80: 3949 us(798 us):  open_hca: device mlx4_0 not found
node058.cluster:SCM:11d67:9cc78b80: 4271 us(322 us):  open_hca: device mlx4_0 not found
node058.cluster:CMA:11d67:9cc78b80: 91 us(91 us):  open_hca: getaddr_netdev ERROR:No such device. Is ib0 configured?
node058.cluster:CMA:11d67:9cc78b80: 141 us(50 us):  open_hca: getaddr_netdev ERROR:No such device. Is ib1 configured?
node058.cluster:CMA:11d66:7feccb80: 91 us(91 us):  open_hca: getaddr_netdev ERROR:No such device. Is ib0 configured?
node058.cluster:CMA:11d66:7feccb80: 338 us(247 us):  open_hca: getaddr_netdev ERROR:No such device. Is ib1 configured?
node058.cluster:SCM:11d67:9cc78b80: 7301 us(3030 us):  open_hca: device mthca0 not found
node058.cluster:SCM:11d67:9cc78b80: 7620 us(319 us):  open_hca: device mthca0 not found
node058.cluster:SCM:11d66:7feccb80: 7780 us(3932 us):  open_hca: device mthca0 not found
node058.cluster:SCM:11d67:9cc78b80: 7903 us(283 us):  open_hca: device ipath0 not found
node058.cluster:SCM:11d67:9cc78b80: 8203 us(300 us):  open_hca: device ipath0 not found
node058.cluster:SCM:11d66:7feccb80: 8388 us(608 us):  open_hca: device mthca0 not found
node058.cluster:SCM:11d67:9cc78b80: 8515 us(312 us):  open_hca: device ehca0 not found
node058.cluster:CMA:11d67:9cc78b80: 1711 us(1570 us):  open_hca: getaddr_netdev ERROR:No such device. Is eth2 configured?
node058.cluster:SCM:11d66:7feccb80: 8876 us(488 us):  open_hca: device ipath0 not found
node058.cluster:SCM:11d66:7feccb80: 9113 us(237 us):  open_hca: device ipath0 not found
node058.cluster:SCM:11d66:7feccb80: 9348 us(235 us):  open_hca: device ehca0 not found
node058.cluster:CMA:11d66:7feccb80: 2560 us(2222 us):  open_hca: getaddr_netdev ERROR:No such device. Is eth2 configured?
node058.cluster:UCM:11d66:7feccb80: 369 us(369 us):  open_hca: device mlx4_0 not found
node058.cluster:UCM:11d67:9cc78b80: 369 us(369 us):  open_hca: device mlx4_0 not found
node058.cluster:UCM:11d66:7feccb80: 671 us(302 us):  open_hca: device mlx4_0 not found
node058.cluster:UCM:11d66:7feccb80: 974 us(303 us):  open_hca: device mthca0 not found
node058.cluster:UCM:11d67:9cc78b80: 959 us(590 us):  open_hca: device mlx4_0 not found
node058.cluster:UCM:11d66:7feccb80: 1268 us(294 us):  open_hca: device mthca0 not found
node058.cluster:CMA:11d66:7feccb80: 4841 us(2281 us):  open_hca: getaddr_netdev ERROR:No such device. Is eth2 configured?
node058.cluster:CMA:11d66:7feccb80: 4866 us(25 us):  open_hca: getaddr_netdev ERROR:No such device. Is eth3 configured?
node058.cluster:SCM:11d66:7feccb80: 11996 us(2648 us):  open_hca: device mlx4_0 not found
node058.cluster:UCM:11d67:9cc78b80: 1587 us(628 us):  open_hca: device mthca0 not found
node058.cluster:SCM:11d66:7feccb80: 12275 us(279 us):  open_hca: device mlx4_0 not found
node058.cluster:UCM:11d67:9cc78b80: 2168 us(581 us):  open_hca: device mthca0 not found
node058.cluster:CMA:11d67:9cc78b80: 5819 us(4108 us):  open_hca: getaddr_netdev ERROR:No such device. Is eth2 configured?
node058.cluster:CMA:11d67:9cc78b80: 5844 us(25 us):  open_hca: getaddr_netdev ERROR:No such device. Is eth3 configured?
node058.cluster:SCM:11d67:9cc78b80: 12922 us(4407 us):  open_hca: device mlx4_0 not found
node058.cluster:SCM:11d67:9cc78b80: 13153 us(231 us):  open_hca: device mlx4_0 not found
node058.cluster:SCM:11d67:9cc78b80: 14213 us(1060 us):  open_hca: device scif0 not found
node058.cluster:SCM:11d66:7feccb80: 14213 us(1938 us):  open_hca: device scif0 not found
node058.cluster:UCM:11d67:9cc78b80: 4148 us(1980 us):  open_hca: device scif0 not found
node058.cluster:CMA:11d67:9cc78b80: 7718 us(1874 us):  open_hca: getaddr_netdev ERROR:No such device. Is mic0:ib configured?
node058.cluster:SCM:11d67:9cc78b80: 14850 us(637 us):  open_hca: device mlx4_0 not found
node058.cluster:UCM:11d66:7feccb80: 4447 us(3179 us):  open_hca: device scif0 not found
node058.cluster:CMA:11d66:7feccb80: 8196 us(3330 us):  open_hca: getaddr_netdev ERROR:No such device. Is mic0:ib configured?
node058.cluster:SCM:11d67:9cc78b80: 15116 us(266 us):  open_hca: device mlx4_0 not found
node058.cluster:SCM:11d67:9cc78b80: 15419 us(303 us):  open_hca: device mlx4_1 not found
node058.cluster:SCM:11d66:7feccb80: 15597 us(1384 us):  open_hca: device mlx4_0 not found
node058.cluster:SCM:11d67:9cc78b80: 15698 us(279 us):  open_hca: device mlx4_1 not found
node058.cluster:UCM:11d67:9cc78b80: 5621 us(1473 us):  open_hca: device mlx4_1 not found
node058.cluster:SCM:11d66:7feccb80: 16171 us(574 us):  open_hca: device mlx4_0 not found
node058.cluster:UCM:11d67:9cc78b80: 5901 us(280 us):  open_hca: device mlx4_1 not found
node058.cluster:SCM:11d66:7feccb80: 16657 us(486 us):  open_hca: device mlx4_1 not found
node058.cluster:SCM:11d66:7feccb80: 17114 us(457 us):  open_hca: device mlx4_1 not found
node058.cluster:UCM:11d66:7feccb80: 6967 us(2520 us):  open_hca: device mlx4_1 not found
node058.cluster:UCM:11d66:7feccb80: 7200 us(233 us):  open_hca: device mlx4_1 not found
node048.cluster:SCM:d5e2:b24e2b80: 3392 us(3392 us):  open_hca: device mlx4_0 not found
node048.cluster:SCM:d5e7:469a9b80: 4852 us(309 us):  open_hca: device mlx4_0 not found
node048.cluster:SCM:d5e7:469a9b80: 5188 us(336 us):  open_hca: device mlx4_0 not found
node048.cluster:SCM:d5e2:b24e2b80: 3946 us(554 us):  open_hca: device mlx4_0 not found
node048.cluster:SCM:d5e2:b24e2b80: 4281 us(335 us):  open_hca: device mlx4_0 not found
node048.cluster:SCM:d5de:e83efb80: 6090 us(6090 us):  open_hca: device mlx4_0 not found
node048.cluster:SCM:d5de:e83efb80: 6366 us(276 us):  open_hca: device mlx4_0 not found
node048.cluster:SCM:d5da:c29c8b80: 6553 us(6553 us):  open_hca: device mlx4_0 not found
node048.cluster:SCM:d5de:e83efb80: 6598 us(232 us):  open_hca: device mlx4_0 not found
node048.cluster:SCM:d5da:c29c8b80: 6851 us(298 us):  open_hca: device mlx4_0 not found
node048.cluster:SCM:d5da:c29c8b80: 7101 us(250 us):  open_hca: device mlx4_0 not found
node048.cluster:CMA:d5da:c29c8b80: 84 us(84 us):  open_hca: getaddr_netdev ERROR:No such device. Is ib0 configured?
node048.cluster:CMA:d5de:e83efb80: 97 us(97 us):  open_hca: getaddr_netdev ERROR:No such device. Is ib0 configured?
node048.cluster:CMA:d5e7:469a9b80: 87 us(87 us):  open_hca: getaddr_netdev ERROR:No such device. Is ib0 configured?
node048.cluster:CMA:d5da:c29c8b80: 141 us(57 us):  open_hca: getaddr_netdev ERROR:No such device. Is ib1 configured?
node048.cluster:CMA:d5de:e83efb80: 144 us(47 us):  open_hca: getaddr_netdev ERROR:No such device. Is ib1 configured?
node048.cluster:CMA:d5e7:469a9b80: 145 us(58 us):  open_hca: getaddr_netdev ERROR:No such device. Is ib1 configured?
node048.cluster:SCM:d5de:e83efb80: 9583 us(2985 us):  open_hca: device mthca0 not found
node048.cluster:CMA:d5e2:b24e2b80: 62 us(62 us):  open_hca: getaddr_netdev ERROR:No such device. Is ib0 configured?
node048.cluster:CMA:d5e2:b24e2b80: 117 us(55 us):  open_hca: getaddr_netdev ERROR:No such device. Is ib1 configured?
node048.cluster:SCM:d5e7:469a9b80: 9854 us(4666 us):  open_hca: device mthca0 not found
node048.cluster:SCM:d5de:e83efb80: 10239 us(656 us):  open_hca: device mthca0 not found
node048.cluster:SCM:d5dc:b0307b80: 10764 us(10764 us):  open_hca: device mlx4_0 not found
node048.cluster:SCM:d5db:fbb52b80: 10849 us(10849 us):  open_hca: device mlx4_0 not found
node048.cluster:SCM:d5e7:469a9b80: 11032 us(1178 us):  open_hca: device mthca0 not found
node048.cluster:SCM:d5e4:e056eb80: 11326 us(11326 us):  open_hca: device mlx4_0 not found
node048.cluster:SCM:d5dc:b0307b80: 11668 us(904 us):  open_hca: device mlx4_0 not found
node048.cluster:SCM:d5e7:469a9b80: 11948 us(916 us):  open_hca: device ipath0 not found
node048.cluster:SCM:d5dc:b0307b80: 12390 us(722 us):  open_hca: device mlx4_0 not found
node048.cluster:SCM:d5e4:e056eb80: 12184 us(858 us):  open_hca: device mlx4_0 not found
node048.cluster:SCM:d5e7:469a9b80: 12361 us(413 us):  open_hca: device ipath0 not found
node048.cluster:SCM:d5e4:e056eb80: 12533 us(349 us):  open_hca: device mlx4_0 not found
node048.cluster:SCM:d5e7:469a9b80: 12681 us(320 us):  open_hca: device ehca0 not found
node048.cluster:CMA:d5e7:469a9b80: 3628 us(3483 us):  open_hca: getaddr_netdev ERROR:No such device. Is eth2 configured?
node048.cluster:CMA:d5dc:b0307b80: 78 us(78 us):  open_hca: getaddr_netdev ERROR:No such device. Is ib0 configured?
node048.cluster:CMA:d5dc:b0307b80: 116 us(38 us):  open_hca: getaddr_netdev ERROR:No such device. Is ib1 configured?
node048.cluster:SCM:d5dc:b0307b80: 13457 us(1067 us):  open_hca: device mthca0 not found
node048.cluster:CMA:d5e4:e056eb80: 65 us(65 us):  open_hca: getaddr_netdev ERROR:No such device. Is ib0 configured?
node048.cluster:SCM:d5dc:b0307b80: 13686 us(229 us):  open_hca: device mthca0 not found
node048.cluster:CMA:d5e4:e056eb80: 108 us(43 us):  open_hca: getaddr_netdev ERROR:No such device. Is ib1 configured?
node048.cluster:SCM:d5dc:b0307b80: 14036 us(350 us):  open_hca: device ipath0 not found
node048.cluster:SCM:d5e4:e056eb80: 14097 us(1564 us):  open_hca: device mthca0 not found
node048.cluster:SCM:d5dc:b0307b80: 14483 us(447 us):  open_hca: device ipath0 not found
node048.cluster:SCM:d5dc:b0307b80: 15046 us(563 us):  open_hca: device ehca0 not found
node048.cluster:CMA:d5dc:b0307b80: 2018 us(1902 us):  open_hca: getaddr_netdev ERROR:No such device. Is eth2 configured?
node048.cluster:SCM:d5e4:e056eb80: 14846 us(749 us):  open_hca: device mthca0 not found
node048.cluster:UCM:d5e7:469a9b80: 530 us(530 us):  open_hca: device mlx4_0 not found
node048.cluster:SCM:d5e4:e056eb80: 15311 us(465 us):  open_hca: device ipath0 not found
node048.cluster:UCM:d5e7:469a9b80: 1253 us(723 us):  open_hca: device mlx4_0 not found
node048.cluster:UCM:d5dc:b0307b80: 716 us(716 us):  open_hca: device mlx4_0 not found
node048.cluster:SCM:d5e4:e056eb80: 16140 us(829 us):  open_hca: device ipath0 not found
node048.cluster:UCM:d5e7:469a9b80: 2079 us(826 us):  open_hca: device mthca0 not found
node048.cluster:UCM:d5dc:b0307b80: 1453 us(737 us):  open_hca: device mlx4_0 not found
node048.cluster:SCM:d5e4:e056eb80: 16981 us(841 us):  open_hca: device ehca0 not found
node048.cluster:CMA:d5e4:e056eb80: 3743 us(3635 us):  open_hca: getaddr_netdev ERROR:No such device. Is eth2 configured?
node048.cluster:UCM:d5dc:b0307b80: 2135 us(682 us):  open_hca: device mthca0 not found
node048.cluster:UCM:d5e7:469a9b80: 2961 us(882 us):  open_hca: device mthca0 not found
node048.cluster:CMA:d5e7:469a9b80: 8379 us(4751 us):  open_hca: getaddr_netdev ERROR:No such device. Is eth2 configured?
node048.cluster:CMA:d5e7:469a9b80: 8406 us(27 us):  open_hca: getaddr_netdev ERROR:No such device. Is eth3 configured?
node048.cluster:UCM:d5dc:b0307b80: 2456 us(321 us):  open_hca: device mthca0 not found
node048.cluster:CMA:d5dc:b0307b80: 4851 us(2833 us):  open_hca: getaddr_netdev ERROR:No such device. Is eth2 configured?
node048.cluster:CMA:d5dc:b0307b80: 4867 us(16 us):  open_hca: getaddr_netdev ERROR:No such device. Is eth3 configured?
node048.cluster:SCM:d5dc:b0307b80: 18478 us(3432 us):  open_hca: device mlx4_0 not found
node048.cluster:UCM:d5e4:e056eb80: 740 us(740 us):  open_hca: device mlx4_0 not found
node048.cluster:SCM:d5dc:b0307b80: 18851 us(373 us):  open_hca: device mlx4_0 not found
node048.cluster:UCM:d5e4:e056eb80: 1153 us(413 us):  open_hca: device mlx4_0 not found
node048.cluster:UCM:d5e4:e056eb80: 1355 us(202 us):  open_hca: device mthca0 not found
node048.cluster:SCM:d5e1:ca7eab80: 19497 us(19497 us):  open_hca: device mlx4_0 not found
node048.cluster:SCM:d5e0:20439b80: 18945 us(18945 us):  open_hca: device mlx4_0 not found
node048.cluster:SCM:d5e6:11e85b80: 19591 us(19591 us):  open_hca: device mlx4_0 not found
node048.cluster:SCM:d5df:d2944b80: 19759 us(19759 us):  open_hca: device mlx4_0 not found
node048.cluster:SCM:d5de:e83efb80: 20232 us(9993 us):  open_hca: device ipath0 not found
node048.cluster:SCM:d5da:c29c8b80: 21288 us(14187 us):  open_hca: device mthca0 not found
node048.cluster:SCM:d5e0:20439b80: 21146 us(2201 us):  open_hca: device mlx4_0 not found
node048.cluster:SCM:d5e6:11e85b80: 21734 us(2143 us):  open_hca: device mlx4_0 not found
node048.cluster:SCM:d5dd:93fbcb80: 22149 us(22149 us):  open_hca: device mlx4_0 not found
node048.cluster:SCM:d5e0:20439b80: 21678 us(532 us):  open_hca: device mlx4_0 not found
node048.cluster:SCM:d5e3:4ce0fb80: 22327 us(22327 us):  open_hca: device mlx4_0 not found
node048.cluster:SCM:d5e5:6ff6fb80: 22224 us(22224 us):  open_hca: device mlx4_0 not found
node048.cluster:SCM:d5dd:93fbcb80: 22639 us(490 us):  open_hca: device mlx4_0 not found
node048.cluster:UCM:d5e4:e056eb80: 4880 us(3525 us):  open_hca: device mthca0 not found
node048.cluster:CMA:d5e4:e056eb80: 9163 us(5420 us):  open_hca: getaddr_netdev ERROR:No such device. Is eth2 configured?
node048.cluster:CMA:d5e4:e056eb80: 9183 us(20 us):  open_hca: getaddr_netdev ERROR:No such device. Is eth3 configured?
node048.cluster:CMA:d5e0:20439b80: 74 us(74 us):  open_hca: getaddr_netdev ERROR:No such device. Is ib0 configured?
node048.cluster:CMA:d5e0:20439b80: 112 us(38 us):  open_hca: getaddr_netdev ERROR:No such device. Is ib1 configured?
node048.cluster:SCM:d5df:d2944b80: 23579 us(3820 us):  open_hca: device mlx4_0 not found
node048.cluster:SCM:d5e4:e056eb80: 23625 us(6644 us):  open_hca: device mlx4_0 not found
node048.cluster:SCM:d5e4:e056eb80: 24010 us(385 us):  open_hca: device mlx4_0 not found
node048.cluster:SCM:d5df:d2944b80: 24018 us(439 us):  open_hca: device mlx4_0 not found
node048.cluster:SCM:d5e4:e056eb80: 24485 us(475 us):  open_hca: device scif0 not found
node048.cluster:UCM:d5e4:e056eb80: 7183 us(2303 us):  open_hca: device scif0 not found
node048.cluster:CMA:d5df:d2944b80: 69 us(69 us):  open_hca: getaddr_netdev ERROR:No such device. Is ib0 configured?
node048.cluster:CMA:d5e4:e056eb80: 11428 us(2245 us):  open_hca: getaddr_netdev ERROR:No such device. Is mic0:ib configured?
node048.cluster:CMA:d5df:d2944b80: 106 us(37 us):  open_hca: getaddr_netdev ERROR:No such device. Is ib1 configured?
node048.cluster:SCM:d5e4:e056eb80: 25055 us(570 us):  open_hca: device mlx4_0 not found
node048.cluster:SCM:d5df:d2944b80: 25139 us(1121 us):  open_hca: device mthca0 not found
node048.cluster:SCM:d5e4:e056eb80: 25370 us(315 us):  open_hca: device mlx4_0 not found
node048.cluster:SCM:d5df:d2944b80: 25464 us(325 us):  open_hca: device mthca0 not found
node048.cluster:SCM:d5e4:e056eb80: 25686 us(316 us):  open_hca: device mlx4_1 not found
node048.cluster:SCM:d5df:d2944b80: 25798 us(334 us):  open_hca: device ipath0 not found
node048.cluster:SCM:d5e4:e056eb80: 26053 us(367 us):  open_hca: device mlx4_1 not found
node048.cluster:SCM:d5df:d2944b80: 26157 us(359 us):  open_hca: device ipath0 not found
node048.cluster:UCM:d5e4:e056eb80: 8884 us(1701 us):  open_hca: device mlx4_1 not found
node048.cluster:SCM:d5df:d2944b80: 26494 us(337 us):  open_hca: device ehca0 not found
node048.cluster:CMA:d5df:d2944b80: 1910 us(1804 us):  open_hca: getaddr_netdev ERROR:No such device. Is eth2 configured?
node048.cluster:UCM:d5e4:e056eb80: 9144 us(260 us):  open_hca: device mlx4_1 not found
node048.cluster:UCM:d5df:d2944b80: 406 us(406 us):  open_hca: device mlx4_0 not found
node048.cluster:UCM:d5df:d2944b80: 645 us(239 us):  open_hca: device mlx4_0 not found
node048.cluster:UCM:d5df:d2944b80: 878 us(233 us):  open_hca: device mthca0 not found
node048.cluster:UCM:d5df:d2944b80: 1098 us(220 us):  open_hca: device mthca0 not found
node048.cluster:CMA:d5df:d2944b80: 3532 us(1622 us):  open_hca: getaddr_netdev ERROR:No such device. Is eth2 configured?
node048.cluster:CMA:d5df:d2944b80: 3552 us(20 us):  open_hca: getaddr_netdev ERROR:No such device. Is eth3 configured?
node048.cluster:SCM:d5df:d2944b80: 28391 us(1897 us):  open_hca: device mlx4_0 not found
node048.cluster:SCM:d5df:d2944b80: 28598 us(207 us):  open_hca: device mlx4_0 not found
node048.cluster:SCM:d5e5:6ff6fb80: 29600 us(7376 us):  open_hca: device mlx4_0 not found
node048.cluster:SCM:d5dd:93fbcb80: 29936 us(7297 us):  open_hca: device mlx4_0 not found
node048.cluster:SCM:d5e2:b24e2b80: 28378 us(24097 us):  open_hca: device mthca0 not found
node048.cluster:SCM:d5e5:6ff6fb80: 29973 us(373 us):  open_hca: device mlx4_0 not found
node048.cluster:SCM:d5e2:b24e2b80: 28757 us(379 us):  open_hca: device mthca0 not found
node048.cluster:SCM:d5e2:b24e2b80: 29061 us(304 us):  open_hca: device ipath0 not found
node048.cluster:CMA:d5dd:93fbcb80: 67 us(67 us):  open_hca: getaddr_netdev ERROR:No such device. Is ib0 configured?
node048.cluster:CMA:d5dd:93fbcb80: 106 us(39 us):  open_hca: getaddr_netdev ERROR:No such device. Is ib1 configured?
node048.cluster:CMA:d5e5:6ff6fb80: 62 us(62 us):  open_hca: getaddr_netdev ERROR:No such device. Is ib0 configured?
node048.cluster:CMA:d5e5:6ff6fb80: 104 us(42 us):  open_hca: getaddr_netdev ERROR:No such device. Is ib1 configured?
node048.cluster:SCM:d5e2:b24e2b80: 29476 us(415 us):  open_hca: device ipath0 not found
node048.cluster:SCM:d5dd:93fbcb80: 31141 us(1205 us):  open_hca: device mthca0 not found
node048.cluster:SCM:d5dd:93fbcb80: 31602 us(461 us):  open_hca: device mthca0 not found
node048.cluster:SCM:d5e2:b24e2b80: 29985 us(509 us):  open_hca: device ehca0 not found
node048.cluster:CMA:d5e2:b24e2b80: 21659 us(21542 us):  open_hca: getaddr_netdev ERROR:No such device. Is eth2 configured?
node048.cluster:SCM:d5dd:93fbcb80: 31809 us(207 us):  open_hca: device ipath0 not found
node048.cluster:SCM:d5dd:93fbcb80: 32045 us(236 us):  open_hca: device ipath0 not found
node048.cluster:SCM:d5e1:ca7eab80: 33029 us(13532 us):  open_hca: device mlx4_0 not found
node048.cluster:SCM:d5dc:b0307b80: 33285 us(14434 us):  open_hca: device scif0 not found
node048.cluster:SCM:d5e6:11e85b80: 33503 us(11769 us):  open_hca: device mlx4_0 not found
node048.cluster:SCM:d5e0:20439b80: 33135 us(11457 us):  open_hca: device mthca0 not found
node048.cluster:SCM:d5e1:ca7eab80: 33817 us(788 us):  open_hca: device mlx4_0 not found
node048.cluster:SCM:d5e0:20439b80: 33448 us(313 us):  open_hca: device mthca0 not found
node048.cluster:SCM:d5e0:20439b80: 33661 us(213 us):  open_hca: device ipath0 not found
node048.cluster:SCM:d5e0:20439b80: 33861 us(200 us):  open_hca: device ipath0 not found
node048.cluster:CMA:d5e1:ca7eab80: 71 us(71 us):  open_hca: getaddr_netdev ERROR:No such device. Is ib0 configured?
node048.cluster:CMA:d5e6:11e85b80: 72 us(72 us):  open_hca: getaddr_netdev ERROR:No such device. Is ib0 configured?
node048.cluster:CMA:d5e1:ca7eab80: 100 us(29 us):  open_hca: getaddr_netdev ERROR:No such device. Is ib1 configured?
node048.cluster:CMA:d5e6:11e85b80: 117 us(45 us):  open_hca: getaddr_netdev ERROR:No such device. Is ib1 configured?
node048.cluster:SCM:d5e0:20439b80: 34294 us(433 us):  open_hca: device ehca0 not found
node048.cluster:CMA:d5e0:20439b80: 11959 us(11847 us):  open_hca: getaddr_netdev ERROR:No such device. Is eth2 configured?
node048.cluster:SCM:d5e1:ca7eab80: 34950 us(1133 us):  open_hca: device mthca0 not found
node048.cluster:SCM:d5e1:ca7eab80: 35142 us(192 us):  open_hca: device mthca0 not found
node048.cluster:UCM:d5e2:b24e2b80: 3464 us(3464 us):  open_hca: device mlx4_0 not found
node048.cluster:SCM:d5df:d2944b80: 35661 us(7063 us):  open_hca: device scif0 not found
node048.cluster:SCM:d5dd:93fbcb80: 36592 us(4547 us):  open_hca: device ehca0 not found
node048.cluster:CMA:d5dd:93fbcb80: 5979 us(5873 us):  open_hca: getaddr_netdev ERROR:No such device. Is eth2 configured?
node048.cluster:SCM:d5e1:ca7eab80: 36667 us(1525 us):  open_hca: device ipath0 not found
node048.cluster:UCM:d5e0:20439b80: 1645 us(1645 us):  open_hca: device mlx4_0 not found
node048.cluster:SCM:d5e1:ca7eab80: 37133 us(466 us):  open_hca: device ipath0 not found
node048.cluster:UCM:d5e0:20439b80: 2162 us(517 us):  open_hca: device mlx4_0 not found
node048.cluster:UCM:d5dd:93fbcb80: 505 us(505 us):  open_hca: device mlx4_0 not found
node048.cluster:UCM:d5e0:20439b80: 2475 us(313 us):  open_hca: device mthca0 not found
node048.cluster:UCM:d5dd:93fbcb80: 854 us(349 us):  open_hca: device mlx4_0 not found
node048.cluster:UCM:d5e0:20439b80: 2789 us(314 us):  open_hca: device mthca0 not found
node048.cluster:CMA:d5e0:20439b80: 15198 us(3239 us):  open_hca: getaddr_netdev ERROR:No such device. Is eth2 configured?
node048.cluster:CMA:d5e0:20439b80: 15216 us(18 us):  open_hca: getaddr_netdev ERROR:No such device. Is eth3 configured?
node048.cluster:UCM:d5dd:93fbcb80: 1153 us(299 us):  open_hca: device mthca0 not found
node048.cluster:SCM:d5e7:469a9b80: 37951 us(25270 us):  open_hca: device mlx4_0 not found
node048.cluster:SCM:d5db:fbb52b80: 38028 us(27179 us):  open_hca: device mlx4_0 not found
node048.cluster:SCM:d5e5:6ff6fb80: 39946 us(9973 us):  open_hca: device mthca0 not found
node048.cluster:UCM:d5df:d2944b80: 13535 us(12437 us):  open_hca: device scif0 not found
node048.cluster:CMA:d5df:d2944b80: 15987 us(12435 us):  open_hca: getaddr_netdev ERROR:No such device. Is mic0:ib configured?
node048.cluster:SCM:d5db:fbb52b80: 40953 us(2925 us):  open_hca: device mlx4_0 not found
node048.cluster:UCM:d5e2:b24e2b80: 9468 us(6004 us):  open_hca: device mlx4_0 not found
node048.cluster:SCM:d5da:c29c8b80: 41132 us(19844 us):  open_hca: device mthca0 not found
node048.cluster:SCM:d5e0:20439b80: 40879 us(6585 us):  open_hca: device mlx4_0 not found
node048.cluster:SCM:d5de:e83efb80: 41577 us(21345 us):  open_hca: device ipath0 not found
node048.cluster:UCM:d5dd:93fbcb80: 5071 us(3918 us):  open_hca: device mthca0 not found
node048.cluster:CMA:d5dd:93fbcb80: 11456 us(5477 us):  open_hca: getaddr_netdev ERROR:No such device. Is eth2 configured?
node048.cluster:CMA:d5db:fbb52b80: 61 us(61 us):  open_hca: getaddr_netdev ERROR:No such device. Is ib0 configured?
node048.cluster:CMA:d5dd:93fbcb80: 11477 us(21 us):  open_hca: getaddr_netdev ERROR:No such device. Is eth3 configured?
node048.cluster:CMA:d5db:fbb52b80: 114 us(53 us):  open_hca: getaddr_netdev ERROR:No such device. Is ib1 configured?
node048.cluster:SCM:d5e1:ca7eab80: 42211 us(5078 us):  open_hca: device ehca0 not found
node048.cluster:SCM:d5e6:11e85b80: 42226 us(8723 us):  open_hca: device mthca0 not found
node048.cluster:CMA:d5e1:ca7eab80: 7899 us(7799 us):  open_hca: getaddr_netdev ERROR:No such device. Is eth2 configured?
node048.cluster:UCM:d5dc:b0307b80: 27107 us(24651 us):  open_hca: device scif0 not found
node048.cluster:CMA:d5dc:b0307b80: 29523 us(24656 us):  open_hca: getaddr_netdev ERROR:No such device. Is mic0:ib configured?
node048.cluster:UCM:d5e2:b24e2b80: 11528 us(2060 us):  open_hca: device mthca0 not found
node048.cluster:SCM:d5de:e83efb80: 43600 us(2023 us):  open_hca: device ehca0 not found
node048.cluster:SCM:d5dc:b0307b80: 43910 us(10625 us):  open_hca: device mlx4_0 not found
node048.cluster:CMA:d5de:e83efb80: 34577 us(34433 us):  open_hca: getaddr_netdev ERROR:No such device. Is eth2 configured?
node048.cluster:UCM:d5e2:b24e2b80: 12364 us(836 us):  open_hca: device mthca0 not found
node048.cluster:SCM:d5dc:b0307b80: 44340 us(430 us):  open_hca: device mlx4_0 not found
node048.cluster:CMA:d5e2:b24e2b80: 34368 us(12709 us):  open_hca: getaddr_netdev ERROR:No such device. Is eth2 configured?
node048.cluster:CMA:d5e2:b24e2b80: 34394 us(26 us):  open_hca: getaddr_netdev ERROR:No such device. Is eth3 configured?
node048.cluster:SCM:d5dc:b0307b80: 44641 us(301 us):  open_hca: device mlx4_1 not found
node048.cluster:SCM:d5e2:b24e2b80: 43714 us(13729 us):  open_hca: device mlx4_0 not found
node048.cluster:SCM:d5dc:b0307b80: 45469 us(828 us):  open_hca: device mlx4_1 not found
node048.cluster:UCM:d5de:e83efb80: 973 us(973 us):  open_hca: device mlx4_0 not found
node048.cluster:SCM:d5e3:4ce0fb80: 47281 us(24954 us):  open_hca: device mlx4_0 not found
node048.cluster:UCM:d5dc:b0307b80: 32005 us(4898 us):  open_hca: device mlx4_1 not found
node048.cluster:SCM:d5e2:b24e2b80: 46199 us(2485 us):  open_hca: device mlx4_0 not found
node048.cluster:SCM:d5e0:20439b80: 47614 us(6735 us):  open_hca: device mlx4_0 not found
node048.cluster:SCM:d5e5:6ff6fb80: 47863 us(7917 us):  open_hca: device mthca0 not found
node048.cluster:SCM:d5e2:b24e2b80: 46907 us(708 us):  open_hca: device scif0 not found
node048.cluster:SCM:d5e5:6ff6fb80: 48326 us(463 us):  open_hca: device ipath0 not found
node048.cluster:SCM:d5e0:20439b80: 48453 us(839 us):  open_hca: device scif0 not found
node048.cluster:UCM:d5e2:b24e2b80: 17182 us(4818 us):  open_hca: device scif0 not found
node048.cluster:SCM:d5e5:6ff6fb80: 48847 us(521 us):  open_hca: device ipath0 not found
node048.cluster:CMA:d5e2:b24e2b80: 39169 us(4775 us):  open_hca: getaddr_netdev ERROR:No such device. Is mic0:ib configured?
node048.cluster:UCM:d5e0:20439b80: 14119 us(11330 us):  open_hca: device scif0 not found
node048.cluster:CMA:d5e0:20439b80: 26533 us(11317 us):  open_hca: getaddr_netdev ERROR:No such device. Is mic0:ib configured?
node048.cluster:SCM:d5e2:b24e2b80: 47868 us(961 us):  open_hca: device mlx4_0 not found
node048.cluster:SCM:d5e0:20439b80: 49255 us(802 us):  open_hca: device mlx4_0 not found
node048.cluster:SCM:d5e2:b24e2b80: 48203 us(335 us):  open_hca: device mlx4_0 not found
node048.cluster:SCM:d5e0:20439b80: 49618 us(363 us):  open_hca: device mlx4_0 not found
node048.cluster:SCM:d5e2:b24e2b80: 48550 us(347 us):  open_hca: device mlx4_1 not found
node048.cluster:SCM:d5df:d2944b80: 50232 us(14571 us):  open_hca: device mlx4_0 not found
node048.cluster:SCM:d5e7:469a9b80: 50617 us(12666 us):  open_hca: device mlx4_0 not found
node048.cluster:SCM:d5da:c29c8b80: 51461 us(10329 us):  open_hca: device ipath0 not found
node048.cluster:SCM:d5e5:6ff6fb80: 51774 us(2927 us):  open_hca: device ehca0 not found
node048.cluster:CMA:d5e5:6ff6fb80: 21152 us(21048 us):  open_hca: getaddr_netdev ERROR:No such device. Is eth2 configured?
node048.cluster:SCM:d5e7:469a9b80: 51864 us(1247 us):  open_hca: device scif0 not found
node048.cluster:UCM:d5e7:469a9b80: 37632 us(34671 us):  open_hca: device scif0 not found
node048.cluster:CMA:d5e7:469a9b80: 43027 us(34621 us):  open_hca: getaddr_netdev ERROR:No such device. Is mic0:ib configured?
node048.cluster:SCM:d5e7:469a9b80: 52331 us(467 us):  open_hca: device mlx4_0 not found
node048.cluster:SCM:d5e7:469a9b80: 52715 us(384 us):  open_hca: device mlx4_0 not found
node048.cluster:UCM:d5e5:6ff6fb80: 419 us(419 us):  open_hca: device mlx4_0 not found
node048.cluster:SCM:d5e7:469a9b80: 53058 us(343 us):  open_hca: device mlx4_1 not found
node048.cluster:UCM:d5e5:6ff6fb80: 790 us(371 us):  open_hca: device mlx4_0 not found
node048.cluster:SCM:d5e7:469a9b80: 53436 us(378 us):  open_hca: device mlx4_1 not found
node048.cluster:UCM:d5e5:6ff6fb80: 1166 us(376 us):  open_hca: device mthca0 not found
node048.cluster:UCM:d5e7:469a9b80: 39355 us(1723 us):  open_hca: device mlx4_1 not found
node048.cluster:UCM:d5e5:6ff6fb80: 1529 us(363 us):  open_hca: device mthca0 not found
node048.cluster:CMA:d5e5:6ff6fb80: 23192 us(2040 us):  open_hca: getaddr_netdev ERROR:No such device. Is eth2 configured?
node048.cluster:CMA:d5e5:6ff6fb80: 23226 us(34 us):  open_hca: getaddr_netdev ERROR:No such device. Is eth3 configured?
node048.cluster:UCM:d5e7:469a9b80: 39671 us(316 us):  open_hca: device mlx4_1 not found
node048.cluster:SCM:d5e5:6ff6fb80: 54199 us(2425 us):  open_hca: device mlx4_0 not found
node048.cluster:SCM:d5e5:6ff6fb80: 54412 us(213 us):  open_hca: device mlx4_0 not found
node048.cluster:UCM:d5e1:ca7eab80: 12920 us(12920 us):  open_hca: device mlx4_0 not found
node048.cluster:SCM:d5db:fbb52b80: 55505 us(14552 us):  open_hca: device mthca0 not found
node048.cluster:UCM:d5de:e83efb80: 11858 us(10885 us):  open_hca: device mlx4_0 not found
node048.cluster:SCM:d5e5:6ff6fb80: 56325 us(1913 us):  open_hca: device scif0 not found
node048.cluster:SCM:d5e6:11e85b80: 56843 us(14617 us):  open_hca: device mthca0 not found
node048.cluster:SCM:d5e2:b24e2b80: 55358 us(6808 us):  open_hca: device mlx4_1 not found
node048.cluster:SCM:d5dd:93fbcb80: 57076 us(20484 us):  open_hca: device mlx4_0 not found
node048.cluster:SCM:d5e3:4ce0fb80: 57848 us(10567 us):  open_hca: device mlx4_0 not found
node048.cluster:SCM:d5df:d2944b80: 57913 us(7681 us):  open_hca: device mlx4_0 not found
node048.cluster:UCM:d5dc:b0307b80: 43037 us(11032 us):  open_hca: device mlx4_1 not found
node048.cluster:SCM:d5e0:20439b80: 58091 us(8473 us):  open_hca: device mlx4_1 not found
node048.cluster:CMA:d5e3:4ce0fb80: 93 us(93 us):  open_hca: getaddr_netdev ERROR:No such device. Is ib0 configured?
node048.cluster:CMA:d5e3:4ce0fb80: 145 us(52 us):  open_hca: getaddr_netdev ERROR:No such device. Is ib1 configured?
node048.cluster:UCM:d5e1:ca7eab80: 17617 us(4697 us):  open_hca: device mlx4_0 not found
node048.cluster:UCM:d5e5:6ff6fb80: 7779 us(6250 us):  open_hca: device scif0 not found
node048.cluster:CMA:d5e5:6ff6fb80: 29452 us(6226 us):  open_hca: getaddr_netdev ERROR:No such device. Is mic0:ib configured?
node048.cluster:SCM:d5dd:93fbcb80: 61328 us(4252 us):  open_hca: device mlx4_0 not found
node048.cluster:SCM:d5df:d2944b80: 61018 us(3105 us):  open_hca: device mlx4_1 not found
node048.cluster:UCM:d5e1:ca7eab80: 18706 us(1089 us):  open_hca: device mthca0 not found
node048.cluster:UCM:d5e1:ca7eab80: 19349 us(643 us):  open_hca: device mthca0 not found
node048.cluster:CMA:d5e1:ca7eab80: 27783 us(19884 us):  open_hca: getaddr_netdev ERROR:No such device. Is eth2 configured?
node048.cluster:CMA:d5e1:ca7eab80: 27801 us(18 us):  open_hca: getaddr_netdev ERROR:No such device. Is eth3 configured?
node048.cluster:SCM:d5df:d2944b80: 61897 us(879 us):  open_hca: device mlx4_1 not found
node048.cluster:SCM:d5dd:93fbcb80: 62546 us(1218 us):  open_hca: device scif0 not found
node048.cluster:SCM:d5e1:ca7eab80: 62977 us(20766 us):  open_hca: device mlx4_0 not found
node048.cluster:UCM:d5df:d2944b80: 35798 us(22263 us):  open_hca: device mlx4_1 not found
node048.cluster:UCM:d5dd:93fbcb80: 26416 us(21345 us):  open_hca: device scif0 not found
node048.cluster:CMA:d5dd:93fbcb80: 32796 us(21319 us):  open_hca: getaddr_netdev ERROR:No such device. Is mic0:ib configured?
node048.cluster:SCM:d5e1:ca7eab80: 63681 us(704 us):  open_hca: device mlx4_0 not found
node048.cluster:UCM:d5df:d2944b80: 36511 us(713 us):  open_hca: device mlx4_1 not found
node048.cluster:SCM:d5dd:93fbcb80: 63942 us(1396 us):  open_hca: device mlx4_0 not found
node048.cluster:SCM:d5e1:ca7eab80: 64485 us(804 us):  open_hca: device scif0 not found
node048.cluster:SCM:d5dd:93fbcb80: 64847 us(905 us):  open_hca: device mlx4_0 not found
node048.cluster:UCM:d5e1:ca7eab80: 22593 us(3244 us):  open_hca: device scif0 not found
node048.cluster:CMA:d5e1:ca7eab80: 31014 us(3213 us):  open_hca: getaddr_netdev ERROR:No such device. Is mic0:ib configured?
node048.cluster:SCM:d5dd:93fbcb80: 65558 us(711 us):  open_hca: device mlx4_1 not found
node048.cluster:SCM:d5e1:ca7eab80: 65839 us(1354 us):  open_hca: device mlx4_0 not found
node048.cluster:SCM:d5dd:93fbcb80: 66112 us(554 us):  open_hca: device mlx4_1 not found
node048.cluster:SCM:d5e1:ca7eab80: 66281 us(442 us):  open_hca: device mlx4_0 not found
node048.cluster:SCM:d5e1:ca7eab80: 66767 us(486 us):  open_hca: device mlx4_1 not found
node048.cluster:UCM:d5dd:93fbcb80: 29912 us(3496 us):  open_hca: device mlx4_1 not found
node048.cluster:SCM:d5e1:ca7eab80: 67120 us(353 us):  open_hca: device mlx4_1 not found
node048.cluster:UCM:d5e1:ca7eab80: 24828 us(2235 us):  open_hca: device mlx4_1 not found
node048.cluster:UCM:d5dd:93fbcb80: 30618 us(706 us):  open_hca: device mlx4_1 not found
node048.cluster:UCM:d5e1:ca7eab80: 25053 us(225 us):  open_hca: device mlx4_1 not found
node048.cluster:SCM:d5da:c29c8b80: 68702 us(17241 us):  open_hca: device ipath0 not found
node048.cluster:SCM:d5db:fbb52b80: 69054 us(13549 us):  open_hca: device mthca0 not found
node048.cluster:UCM:d5de:e83efb80: 24837 us(12979 us):  open_hca: device mthca0 not found
node048.cluster:SCM:d5e6:11e85b80: 70009 us(13166 us):  open_hca: device ipath0 not found
node048.cluster:UCM:d5e2:b24e2b80: 38885 us(21703 us):  open_hca: device mlx4_1 not found
node048.cluster:SCM:d5e5:6ff6fb80: 70947 us(14622 us):  open_hca: device mlx4_0 not found
node048.cluster:SCM:d5e0:20439b80: 70947 us(12856 us):  open_hca: device mlx4_1 not found
node048.cluster:SCM:d5e3:4ce0fb80: 71630 us(13782 us):  open_hca: device mthca0 not found
node048.cluster:SCM:d5da:c29c8b80: 71740 us(3038 us):  open_hca: device ehca0 not found
node048.cluster:CMA:d5da:c29c8b80: 62732 us(62591 us):  open_hca: getaddr_netdev ERROR:No such device. Is eth2 configured?
node048.cluster:SCM:d5e6:11e85b80: 72621 us(2612 us):  open_hca: device ipath0 not found
node048.cluster:SCM:d5db:fbb52b80: 72455 us(3401 us):  open_hca: device ipath0 not found
node048.cluster:UCM:d5de:e83efb80: 28158 us(3321 us):  open_hca: device mthca0 not found
node048.cluster:CMA:d5de:e83efb80: 63433 us(28856 us):  open_hca: getaddr_netdev ERROR:No such device. Is eth2 configured?
node048.cluster:CMA:d5de:e83efb80: 63455 us(22 us):  open_hca: getaddr_netdev ERROR:No such device. Is eth3 configured?
node048.cluster:UCM:d5e2:b24e2b80: 41510 us(2625 us):  open_hca: device mlx4_1 not found
node048.cluster:SCM:d5e3:4ce0fb80: 74082 us(2452 us):  open_hca: device mthca0 not found
node048.cluster:SCM:d5e5:6ff6fb80: 73923 us(2976 us):  open_hca: device mlx4_0 not found
node048.cluster:UCM:d5e0:20439b80: 39096 us(24977 us):  open_hca: device mlx4_1 not found
node048.cluster:UCM:d5da:c29c8b80: 2961 us(2961 us):  open_hca: device mlx4_0 not found
node048.cluster:SCM:d5de:e83efb80: 75409 us(31809 us):  open_hca: device mlx4_0 not found
node048.cluster:SCM:d5e6:11e85b80: 75699 us(3078 us):  open_hca: device ehca0 not found
node048.cluster:SCM:d5db:fbb52b80: 75431 us(2976 us):  open_hca: device ipath0 not found
node048.cluster:CMA:d5e6:11e85b80: 41404 us(41287 us):  open_hca: getaddr_netdev ERROR:No such device. Is eth2 configured?
node048.cluster:SCM:d5e5:6ff6fb80: 76123 us(2200 us):  open_hca: device mlx4_1 not found
node048.cluster:SCM:d5e3:4ce0fb80: 76634 us(2552 us):  open_hca: device ipath0 not found
node048.cluster:UCM:d5e0:20439b80: 41693 us(2597 us):  open_hca: device mlx4_1 not found
node048.cluster:UCM:d5da:c29c8b80: 5261 us(2300 us):  open_hca: device mlx4_0 not found
node048.cluster:SCM:d5db:fbb52b80: 77842 us(2411 us):  open_hca: device ehca0 not found
node048.cluster:SCM:d5de:e83efb80: 77921 us(2512 us):  open_hca: device mlx4_0 not found
node048.cluster:CMA:d5db:fbb52b80: 36210 us(36096 us):  open_hca: getaddr_netdev ERROR:No such device. Is eth2 configured?
node048.cluster:UCM:d5e6:11e85b80: 2050 us(2050 us):  open_hca: device mlx4_0 not found
node048.cluster:SCM:d5e3:4ce0fb80: 78947 us(2313 us):  open_hca: device ipath0 not found
node048.cluster:SCM:d5e5:6ff6fb80: 78643 us(2520 us):  open_hca: device mlx4_1 not found
node048.cluster:UCM:d5da:c29c8b80: 7501 us(2240 us):  open_hca: device mthca0 not found
node048.cluster:UCM:d5e6:11e85b80: 3944 us(1894 us):  open_hca: device mlx4_0 not found
node048.cluster:SCM:d5de:e83efb80: 80498 us(2577 us):  open_hca: device scif0 not found
node048.cluster:UCM:d5db:fbb52b80: 2165 us(2165 us):  open_hca: device mlx4_0 not found
node048.cluster:SCM:d5e3:4ce0fb80: 81127 us(2180 us):  open_hca: device ehca0 not found
node048.cluster:CMA:d5e3:4ce0fb80: 22277 us(22132 us):  open_hca: getaddr_netdev ERROR:No such device. Is eth2 configured?
node048.cluster:UCM:d5e5:6ff6fb80: 28787 us(21008 us):  open_hca: device mlx4_1 not found
node048.cluster:UCM:d5da:c29c8b80: 9051 us(1550 us):  open_hca: device mthca0 not found
node048.cluster:CMA:d5da:c29c8b80: 72370 us(9638 us):  open_hca: getaddr_netdev ERROR:No such device. Is eth2 configured?
node048.cluster:CMA:d5da:c29c8b80: 72389 us(19 us):  open_hca: getaddr_netdev ERROR:No such device. Is eth3 configured?
node048.cluster:UCM:d5e6:11e85b80: 6119 us(2175 us):  open_hca: device mthca0 not found
node048.cluster:UCM:d5db:fbb52b80: 4156 us(1991 us):  open_hca: device mlx4_0 not found
node048.cluster:UCM:d5de:e83efb80: 38536 us(10378 us):  open_hca: device scif0 not found
node048.cluster:CMA:d5de:e83efb80: 73821 us(10366 us):  open_hca: getaddr_netdev ERROR:No such device. Is mic0:ib configured?
node048.cluster:UCM:d5e5:6ff6fb80: 30943 us(2156 us):  open_hca: device mlx4_1 not found
node048.cluster:SCM:d5da:c29c8b80: 83598 us(11858 us):  open_hca: device mlx4_0 not found
node048.cluster:UCM:d5e3:4ce0fb80: 2370 us(2370 us):  open_hca: device mlx4_0 not found
node048.cluster:UCM:d5e6:11e85b80: 7905 us(1786 us):  open_hca: device mthca0 not found
node048.cluster:CMA:d5e6:11e85b80: 49881 us(8477 us):  open_hca: getaddr_netdev ERROR:No such device. Is eth2 configured?
node048.cluster:CMA:d5e6:11e85b80: 49906 us(25 us):  open_hca: getaddr_netdev ERROR:No such device. Is eth3 configured?
node048.cluster:UCM:d5db:fbb52b80: 5869 us(1713 us):  open_hca: device mthca0 not found
node048.cluster:SCM:d5de:e83efb80: 84958 us(4460 us):  open_hca: device mlx4_0 not found
node048.cluster:UCM:d5e3:4ce0fb80: 4280 us(1910 us):  open_hca: device mlx4_0 not found
node048.cluster:SCM:d5de:e83efb80: 85771 us(813 us):  open_hca: device mlx4_0 not found
node048.cluster:UCM:d5e3:4ce0fb80: 4674 us(394 us):  open_hca: device mthca0 not found
node048.cluster:SCM:d5de:e83efb80: 86131 us(360 us):  open_hca: device mlx4_1 not found
node048.cluster:UCM:d5e3:4ce0fb80: 5022 us(348 us):  open_hca: device mthca0 not found
node048.cluster:SCM:d5de:e83efb80: 86450 us(319 us):  open_hca: device mlx4_1 not found
node048.cluster:CMA:d5e3:4ce0fb80: 27802 us(5525 us):  open_hca: getaddr_netdev ERROR:No such device. Is eth2 configured?
node048.cluster:CMA:d5e3:4ce0fb80: 27819 us(17 us):  open_hca: getaddr_netdev ERROR:No such device. Is eth3 configured?
node048.cluster:UCM:d5de:e83efb80: 42475 us(3939 us):  open_hca: device mlx4_1 not found
node048.cluster:SCM:d5e3:4ce0fb80: 87111 us(5984 us):  open_hca: device mlx4_0 not found
node048.cluster:UCM:d5de:e83efb80: 42849 us(374 us):  open_hca: device mlx4_1 not found
node048.cluster:SCM:d5e3:4ce0fb80: 87487 us(376 us):  open_hca: device mlx4_0 not found
node048.cluster:SCM:d5e3:4ce0fb80: 87962 us(475 us):  open_hca: device scif0 not found
node048.cluster:UCM:d5e3:4ce0fb80: 6577 us(1555 us):  open_hca: device scif0 not found
node048.cluster:CMA:d5e3:4ce0fb80: 29355 us(1536 us):  open_hca: getaddr_netdev ERROR:No such device. Is mic0:ib configured?
node048.cluster:SCM:d5e3:4ce0fb80: 88536 us(574 us):  open_hca: device mlx4_0 not found
node048.cluster:SCM:d5e3:4ce0fb80: 88748 us(212 us):  open_hca: device mlx4_0 not found
node048.cluster:SCM:d5e3:4ce0fb80: 88981 us(233 us):  open_hca: device mlx4_1 not found
node048.cluster:SCM:d5e3:4ce0fb80: 89276 us(295 us):  open_hca: device mlx4_1 not found
node048.cluster:UCM:d5e3:4ce0fb80: 7887 us(1310 us):  open_hca: device mlx4_1 not found
node048.cluster:UCM:d5e3:4ce0fb80: 8119 us(232 us):  open_hca: device mlx4_1 not found
node048.cluster:SCM:d5da:c29c8b80: 90250 us(6652 us):  open_hca: device mlx4_0 not found
node048.cluster:UCM:d5db:fbb52b80: 11986 us(6117 us):  open_hca: device mthca0 not found
node048.cluster:CMA:d5db:fbb52b80: 48924 us(12714 us):  open_hca: getaddr_netdev ERROR:No such device. Is eth2 configured?
node048.cluster:CMA:d5db:fbb52b80: 48946 us(22 us):  open_hca: getaddr_netdev ERROR:No such device. Is eth3 configured?
node048.cluster:SCM:d5e6:11e85b80: 91049 us(15350 us):  open_hca: device mlx4_0 not found
node048.cluster:SCM:d5da:c29c8b80: 91284 us(1034 us):  open_hca: device scif0 not found
node048.cluster:SCM:d5db:fbb52b80: 91590 us(13748 us):  open_hca: device mlx4_0 not found
node048.cluster:SCM:d5e6:11e85b80: 92163 us(1114 us):  open_hca: device mlx4_0 not found
node048.cluster:UCM:d5da:c29c8b80: 19592 us(10541 us):  open_hca: device scif0 not found
node048.cluster:CMA:d5da:c29c8b80: 82920 us(10531 us):  open_hca: getaddr_netdev ERROR:No such device. Is mic0:ib configured?
node048.cluster:SCM:d5db:fbb52b80: 92061 us(471 us):  open_hca: device mlx4_0 not found
node048.cluster:SCM:d5da:c29c8b80: 92271 us(987 us):  open_hca: device mlx4_0 not found
node048.cluster:SCM:d5e6:11e85b80: 93573 us(1410 us):  open_hca: device scif0 not found
node048.cluster:SCM:d5da:c29c8b80: 93309 us(1038 us):  open_hca: device mlx4_0 not found
node048.cluster:SCM:d5db:fbb52b80: 93301 us(1240 us):  open_hca: device scif0 not found
node048.cluster:UCM:d5db:fbb52b80: 15597 us(3611 us):  open_hca: device scif0 not found
node048.cluster:CMA:d5db:fbb52b80: 52485 us(3539 us):  open_hca: getaddr_netdev ERROR:No such device. Is mic0:ib configured?
node048.cluster:UCM:d5e6:11e85b80: 18370 us(10465 us):  open_hca: device scif0 not found
node048.cluster:SCM:d5da:c29c8b80: 94364 us(1055 us):  open_hca: device mlx4_1 not found
node048.cluster:CMA:d5e6:11e85b80: 60328 us(10422 us):  open_hca: getaddr_netdev ERROR:No such device. Is mic0:ib configured?
node048.cluster:SCM:d5db:fbb52b80: 95081 us(1780 us):  open_hca: device mlx4_0 not found
node048.cluster:SCM:d5da:c29c8b80: 95391 us(1027 us):  open_hca: device mlx4_1 not found
node048.cluster:SCM:d5e6:11e85b80: 95730 us(2157 us):  open_hca: device mlx4_0 not found
node048.cluster:SCM:d5db:fbb52b80: 95910 us(829 us):  open_hca: device mlx4_0 not found
node048.cluster:UCM:d5da:c29c8b80: 23911 us(4319 us):  open_hca: device mlx4_1 not found
node048.cluster:SCM:d5e6:11e85b80: 96699 us(969 us):  open_hca: device mlx4_0 not found
node048.cluster:SCM:d5db:fbb52b80: 96707 us(797 us):  open_hca: device mlx4_1 not found
node048.cluster:UCM:d5da:c29c8b80: 24763 us(852 us):  open_hca: device mlx4_1 not found
node048.cluster:SCM:d5e6:11e85b80: 97653 us(954 us):  open_hca: device mlx4_1 not found
node048.cluster:SCM:d5db:fbb52b80: 97423 us(716 us):  open_hca: device mlx4_1 not found
node048.cluster:SCM:d5e6:11e85b80: 98425 us(772 us):  open_hca: device mlx4_1 not found
node048.cluster:UCM:d5db:fbb52b80: 19639 us(4042 us):  open_hca: device mlx4_1 not found
node048.cluster:UCM:d5e6:11e85b80: 22763 us(4393 us):  open_hca: device mlx4_1 not found
node048.cluster:UCM:d5db:fbb52b80: 20178 us(539 us):  open_hca: device mlx4_1 not found
node048.cluster:UCM:d5e6:11e85b80: 23099 us(336 us):  open_hca: device mlx4_1 not found
                Step[ FC]     Time          Energy          fmax
*Force-consistent energies used in optimization.
BFGSLineSearch:    0[  0] 01:47:58     -182.636663*       1.6036
BFGSLineSearch:    1[  1] 02:18:09     -182.756135*       0.8674
BFGSLineSearch:    2[  2] 02:41:48     -182.823722*       0.2326
BFGSLineSearch:    3[  3] 02:58:27     -182.833704*       0.1038
BFGSLineSearch:    4[  4] 03:14:49     -182.837965*       0.0676
