node487.cluster:SCM:4095:51574700: -1988372068 us(-1988372068 us):  WARNING: IBV_CLIENT_REREGISTER
node486.cluster:SCM:4bbd:3eb18700: -1988362991 us(-1988362991 us):  WARNING: IBV_CLIENT_REREGISTER
node487.cluster:SCM:4096:340c1700: -1988372068 us(-1988372068 us):  WARNING: IBV_CLIENT_REREGISTER
node487.cluster:SCM:4097:e6c6b700: -1988371611 us(-1988371611 us):  WARNING: IBV_CLIENT_REREGISTER
node487.cluster:SCM:4098:b4a30700: -1988371612 us(-1988371612 us):  WARNING: IBV_CLIENT_REREGISTER
node487.cluster:SCM:4099:65e0d700: -1988371669 us(-1988371669 us):  WARNING: IBV_CLIENT_REREGISTER
node487.cluster:SCM:409a:ebf40700: -1988371669 us(-1988371669 us):  WARNING: IBV_CLIENT_REREGISTER
node487.cluster:SCM:409b:bb1cd700: -1988371625 us(-1988371625 us):  WARNING: IBV_CLIENT_REREGISTER
node487.cluster:SCM:409c:8bb7e700: -1988371623 us(-1988371623 us):  WARNING: IBV_CLIENT_REREGISTER
node486.cluster:SCM:4bbe:557a4700: -1988362988 us(-1988362988 us):  WARNING: IBV_CLIENT_REREGISTER
node486.cluster:SCM:4bbf:4bd29700: -1988362697 us(-1988362697 us):  WARNING: IBV_CLIENT_REREGISTER
node486.cluster:SCM:4bc0:45442700: -1988362697 us(-1988362697 us):  WARNING: IBV_CLIENT_REREGISTER
node486.cluster:SCM:4bc1:a2112700: -1988362800 us(-1988362800 us):  WARNING: IBV_CLIENT_REREGISTER
node486.cluster:SCM:4bc2:5ea18700: -1988362799 us(-1988362799 us):  WARNING: IBV_CLIENT_REREGISTER
node486.cluster:SCM:4bc3:f0887700: -1988362600 us(-1988362600 us):  WARNING: IBV_CLIENT_REREGISTER
node486.cluster:SCM:4bc4:fcc6e700: -1988362599 us(-1988362599 us):  WARNING: IBV_CLIENT_REREGISTER
                Step[ FC]     Time          Energy          fmax
*Force-consistent energies used in optimization.
BFGSLineSearch:    0[  0] 15:33:42     -235.240470*       1.8778
BFGSLineSearch:    1[  1] 16:07:50     -235.799663*       1.2467
BFGSLineSearch:    2[  3] 17:19:15     -235.886501*       0.7662
BFGSLineSearch:    3[  4] 17:52:28     -235.936731*       0.2626
BFGSLineSearch:    4[  5] 18:23:42     -235.954356*       0.1493
BFGSLineSearch:    5[  6] 18:44:34     -235.967910*       0.1476
BFGSLineSearch:    6[  7] 19:07:33     -235.979496*       0.1230
BFGSLineSearch:    7[  8] 19:34:01     -235.987193*       0.1194
BFGSLineSearch:    8[  9] 19:49:07     -235.994291*       0.1022
BFGSLineSearch:    9[ 10] 20:10:55     -235.998216*       0.1227
BFGSLineSearch:   10[ 11] 20:32:13     -236.000879*       0.1009
BFGSLineSearch:   11[ 12] 20:52:24     -236.003094*       0.0571
