node498.cluster:SCM:341:6376e700: -1513078917 us(-1513078917 us):  WARNING: IBV_CLIENT_REREGISTER
node498.cluster:SCM:342:3c26700: -1513078918 us(-1513078918 us):  WARNING: IBV_CLIENT_REREGISTER
node497.cluster:SCM:6a29:f8c30700: -1513063808 us(-1513063808 us):  WARNING: IBV_CLIENT_REREGISTER
node497.cluster:SCM:6a33:4a288700: -1513063797 us(-1513063797 us):  WARNING: IBV_CLIENT_REREGISTER
node497.cluster:SCM:6a35:5358c700: -1513063722 us(-1513063722 us):  WARNING: IBV_CLIENT_REREGISTER
node497.cluster:SCM:6a2a:bc80f700: -1513064164 us(-1513064164 us):  WARNING: IBV_CLIENT_REREGISTER
node497.cluster:SCM:6a2b:e1560700: -1513063757 us(-1513063757 us):  WARNING: IBV_CLIENT_REREGISTER
node497.cluster:SCM:6a2c:7c4f4700: -1513069429 us(-1513069429 us):  WARNING: IBV_CLIENT_REREGISTER
node497.cluster:SCM:6a2f:7d58c700: -1513063604 us(-1513063604 us):  WARNING: IBV_CLIENT_REREGISTER
node497.cluster:SCM:6a30:e958d700: -1513063630 us(-1513063630 us):  WARNING: IBV_CLIENT_REREGISTER
node497.cluster:SCM:6a31:22463700: -1513064004 us(-1513064004 us):  WARNING: IBV_CLIENT_REREGISTER
node497.cluster:SCM:6a32:8ec44700: -1513066238 us(-1513066238 us):  WARNING: IBV_CLIENT_REREGISTER
node497.cluster:SCM:6a34:37935700: -1513064071 us(-1513064071 us):  WARNING: IBV_CLIENT_REREGISTER
node497.cluster:SCM:6a28:f09c0700: -1513068374 us(-1513068374 us):  WARNING: IBV_CLIENT_REREGISTER
node497.cluster:SCM:6a2d:6c52c700: -1513063529 us(-1513063529 us):  WARNING: IBV_CLIENT_REREGISTER
node497.cluster:SCM:6a2e:d3627700: -1513063940 us(-1513063940 us):  WARNING: IBV_CLIENT_REREGISTER
                Step[ FC]     Time          Energy          fmax
*Force-consistent energies used in optimization.
BFGSLineSearch:    0[  0] 15:17:17     -239.567728*       2.4917
BFGSLineSearch:    1[  1] 15:57:08     -240.122584*       1.2845
BFGSLineSearch:    2[  3] 17:21:18     -240.180179*       1.1999
BFGSLineSearch:    3[  5] 18:41:34     -240.230712*       0.5529
BFGSLineSearch:    4[  6] 19:09:46     -240.277358*       0.2554
BFGSLineSearch:    5[  7] 19:40:34     -240.300172*       0.5005
BFGSLineSearch:    6[  8] 20:00:42     -240.313225*       0.1957
BFGSLineSearch:    7[  9] 20:30:41     -240.327084*       0.2410
BFGSLineSearch:    8[ 12] 22:04:07     -240.344742*       0.4324
BFGSLineSearch:    9[ 14] 23:03:48     -240.377949*       1.7236
BFGSLineSearch:   10[ 16] 00:22:10     -240.396987*       1.6937
BFGSLineSearch:   11[ 18] 01:23:49     -240.431720*       0.7509
BFGSLineSearch:   12[ 19] 01:55:49     -240.468672*       0.2519
BFGSLineSearch:   13[ 20] 02:21:44     -240.485855*       0.2342
BFGSLineSearch:   14[ 21] 02:49:39     -240.494883*       0.5966
BFGSLineSearch:   15[ 22] 03:14:16     -240.503301*       0.2790
BFGSLineSearch:   16[ 25] 05:09:57     -240.523928*       0.4291
BFGSLineSearch:   17[ 27] 06:11:46     -240.528746*       0.3685
BFGSLineSearch:   18[ 29] 07:06:19     -240.534262*       0.2382
BFGSLineSearch:   19[ 30] 07:36:49     -240.538899*       0.2091
BFGSLineSearch:   20[ 31] 08:03:01     -240.544762*       0.0833
