node053.cluster:SCM:e03e:2c130b80: 7049 us(7049 us):  open_hca: device mlx4_0 not found
node052.cluster:SCM:17a5e:4783db80: 6750 us(6750 us):  open_hca: device mlx4_0 not found
node053.cluster:SCM:e03f:4a830b80: 7051 us(7051 us):  open_hca: device mlx4_0 not found
node053.cluster:SCM:e040:9ac33b80: 7052 us(7052 us):  open_hca: device mlx4_0 not found
node053.cluster:SCM:e042:820fb80: 7043 us(7043 us):  open_hca: device mlx4_0 not found
node053.cluster:SCM:e041:918b2b80: 7143 us(7143 us):  open_hca: device mlx4_0 not found
node053.cluster:SCM:e043:3d1eab80: 7127 us(7127 us):  open_hca: device mlx4_0 not found
node053.cluster:SCM:e044:952f1b80: 7127 us(7127 us):  open_hca: device mlx4_0 not found
node053.cluster:SCM:e03d:e466ab80: 7049 us(7049 us):  open_hca: device mlx4_0 not found
node053.cluster:SCM:e042:820fb80: 9999 us(2956 us):  open_hca: device mlx4_0 not found
node053.cluster:SCM:e03f:4a830b80: 10238 us(3187 us):  open_hca: device mlx4_0 not found
node053.cluster:SCM:e040:9ac33b80: 10328 us(3276 us):  open_hca: device mlx4_0 not found
node053.cluster:SCM:e041:918b2b80: 10352 us(3209 us):  open_hca: device mlx4_0 not found
node053.cluster:SCM:e043:3d1eab80: 10484 us(3357 us):  open_hca: device mlx4_0 not found
node053.cluster:SCM:e044:952f1b80: 10604 us(3477 us):  open_hca: device mlx4_0 not found
node053.cluster:SCM:e03e:2c130b80: 10796 us(3747 us):  open_hca: device mlx4_0 not found
node053.cluster:SCM:e03d:e466ab80: 11154 us(4105 us):  open_hca: device mlx4_0 not found
node053.cluster:SCM:e042:820fb80: 12852 us(2853 us):  open_hca: device mlx4_0 not found
node053.cluster:SCM:e040:9ac33b80: 13374 us(3046 us):  open_hca: device mlx4_0 not found
node053.cluster:SCM:e041:918b2b80: 13423 us(3071 us):  open_hca: device mlx4_0 not found
node053.cluster:SCM:e043:3d1eab80: 13560 us(3076 us):  open_hca: device mlx4_0 not found
node053.cluster:SCM:e03f:4a830b80: 13632 us(3394 us):  open_hca: device mlx4_0 not found
node053.cluster:SCM:e044:952f1b80: 13619 us(3015 us):  open_hca: device mlx4_0 not found
node053.cluster:SCM:e03e:2c130b80: 13668 us(2872 us):  open_hca: device mlx4_0 not found
node053.cluster:SCM:e03d:e466ab80: 13869 us(2715 us):  open_hca: device mlx4_0 not found
node053.cluster:CMA:e041:918b2b80: 88 us(88 us):  open_hca: getaddr_netdev ERROR:No such device. Is ib0 configured?
node053.cluster:CMA:e042:820fb80: 113 us(113 us):  open_hca: getaddr_netdev ERROR:No such device. Is ib0 configured?
node053.cluster:CMA:e041:918b2b80: 144 us(56 us):  open_hca: getaddr_netdev ERROR:No such device. Is ib1 configured?
node053.cluster:CMA:e042:820fb80: 169 us(56 us):  open_hca: getaddr_netdev ERROR:No such device. Is ib1 configured?
node053.cluster:CMA:e040:9ac33b80: 72 us(72 us):  open_hca: getaddr_netdev ERROR:No such device. Is ib0 configured?
node053.cluster:CMA:e040:9ac33b80: 122 us(50 us):  open_hca: getaddr_netdev ERROR:No such device. Is ib1 configured?
node053.cluster:CMA:e03f:4a830b80: 53 us(53 us):  open_hca: getaddr_netdev ERROR:No such device. Is ib0 configured?
node053.cluster:CMA:e03f:4a830b80: 99 us(46 us):  open_hca: getaddr_netdev ERROR:No such device. Is ib1 configured?
node053.cluster:CMA:e03e:2c130b80: 66 us(66 us):  open_hca: getaddr_netdev ERROR:No such device. Is ib0 configured?
node053.cluster:CMA:e03e:2c130b80: 115 us(49 us):  open_hca: getaddr_netdev ERROR:No such device. Is ib1 configured?
node053.cluster:SCM:e041:918b2b80: 14998 us(1575 us):  open_hca: device mthca0 not found
node053.cluster:SCM:e042:820fb80: 14995 us(2143 us):  open_hca: device mthca0 not found
node053.cluster:CMA:e043:3d1eab80: 103 us(103 us):  open_hca: getaddr_netdev ERROR:No such device. Is ib0 configured?
node053.cluster:CMA:e044:952f1b80: 103 us(103 us):  open_hca: getaddr_netdev ERROR:No such device. Is ib0 configured?
node053.cluster:CMA:e043:3d1eab80: 166 us(63 us):  open_hca: getaddr_netdev ERROR:No such device. Is ib1 configured?
node053.cluster:CMA:e044:952f1b80: 166 us(63 us):  open_hca: getaddr_netdev ERROR:No such device. Is ib1 configured?
node053.cluster:CMA:e03d:e466ab80: 69 us(69 us):  open_hca: getaddr_netdev ERROR:No such device. Is ib0 configured?
node053.cluster:CMA:e03d:e466ab80: 288 us(219 us):  open_hca: getaddr_netdev ERROR:No such device. Is ib1 configured?
node053.cluster:SCM:e040:9ac33b80: 16141 us(2767 us):  open_hca: device mthca0 not found
node053.cluster:SCM:e03f:4a830b80: 16369 us(2737 us):  open_hca: device mthca0 not found
node053.cluster:SCM:e03e:2c130b80: 17371 us(3703 us):  open_hca: device mthca0 not found
node053.cluster:SCM:e042:820fb80: 17862 us(2867 us):  open_hca: device mthca0 not found
node053.cluster:SCM:e041:918b2b80: 18052 us(3054 us):  open_hca: device mthca0 not found
node053.cluster:SCM:e043:3d1eab80: 18086 us(4526 us):  open_hca: device mthca0 not found
node053.cluster:SCM:e044:952f1b80: 18303 us(4684 us):  open_hca: device mthca0 not found
node053.cluster:SCM:e040:9ac33b80: 19334 us(3193 us):  open_hca: device mthca0 not found
node053.cluster:SCM:e03f:4a830b80: 19574 us(3205 us):  open_hca: device mthca0 not found
node053.cluster:SCM:e03d:e466ab80: 20295 us(6426 us):  open_hca: device mthca0 not found
node053.cluster:SCM:e03e:2c130b80: 20429 us(3058 us):  open_hca: device mthca0 not found
node053.cluster:SCM:e041:918b2b80: 21084 us(3032 us):  open_hca: device ipath0 not found
node053.cluster:SCM:e042:820fb80: 21176 us(3314 us):  open_hca: device ipath0 not found
node053.cluster:SCM:e043:3d1eab80: 21358 us(3272 us):  open_hca: device mthca0 not found
node053.cluster:SCM:e044:952f1b80: 21413 us(3110 us):  open_hca: device mthca0 not found
node053.cluster:SCM:e040:9ac33b80: 22370 us(3036 us):  open_hca: device ipath0 not found
node053.cluster:SCM:e03f:4a830b80: 22485 us(2911 us):  open_hca: device ipath0 not found
node053.cluster:SCM:e03e:2c130b80: 23369 us(2940 us):  open_hca: device ipath0 not found
node053.cluster:SCM:e041:918b2b80: 23952 us(2868 us):  open_hca: device ipath0 not found
node053.cluster:SCM:e042:820fb80: 24209 us(3033 us):  open_hca: device ipath0 not found
node053.cluster:SCM:e044:952f1b80: 24454 us(3041 us):  open_hca: device ipath0 not found
node053.cluster:SCM:e043:3d1eab80: 24530 us(3172 us):  open_hca: device ipath0 not found
node053.cluster:SCM:e03d:e466ab80: 24436 us(4141 us):  open_hca: device mthca0 not found
node053.cluster:SCM:e040:9ac33b80: 25299 us(2929 us):  open_hca: device ipath0 not found
node053.cluster:SCM:e03f:4a830b80: 25557 us(3072 us):  open_hca: device ipath0 not found
node053.cluster:SCM:e03e:2c130b80: 26429 us(3060 us):  open_hca: device ipath0 not found
node053.cluster:SCM:e041:918b2b80: 27061 us(3109 us):  open_hca: device ehca0 not found
node053.cluster:CMA:e041:918b2b80: 13065 us(12921 us):  open_hca: getaddr_netdev ERROR:No such device. Is eth2 configured?
node053.cluster:SCM:e042:820fb80: 27282 us(3073 us):  open_hca: device ehca0 not found
node053.cluster:CMA:e042:820fb80: 13285 us(13116 us):  open_hca: getaddr_netdev ERROR:No such device. Is eth2 configured?
node053.cluster:SCM:e043:3d1eab80: 27454 us(2924 us):  open_hca: device ipath0 not found
node053.cluster:SCM:e044:952f1b80: 27449 us(2995 us):  open_hca: device ipath0 not found
node053.cluster:SCM:e03f:4a830b80: 28191 us(2634 us):  open_hca: device ehca0 not found
node053.cluster:SCM:e040:9ac33b80: 28191 us(2892 us):  open_hca: device ehca0 not found
node053.cluster:CMA:e03f:4a830b80: 13812 us(13713 us):  open_hca: getaddr_netdev ERROR:No such device. Is eth2 configured?
node053.cluster:CMA:e040:9ac33b80: 13992 us(13870 us):  open_hca: getaddr_netdev ERROR:No such device. Is eth2 configured?
node053.cluster:SCM:e03d:e466ab80: 28694 us(4258 us):  open_hca: device ipath0 not found
node053.cluster:SCM:e03e:2c130b80: 28954 us(2525 us):  open_hca: device ehca0 not found
node053.cluster:CMA:e03e:2c130b80: 14477 us(14362 us):  open_hca: getaddr_netdev ERROR:No such device. Is eth2 configured?
node053.cluster:SCM:e043:3d1eab80: 29971 us(2517 us):  open_hca: device ehca0 not found
node053.cluster:CMA:e043:3d1eab80: 15182 us(15016 us):  open_hca: getaddr_netdev ERROR:No such device. Is eth2 configured?
node053.cluster:SCM:e044:952f1b80: 30066 us(2617 us):  open_hca: device ehca0 not found
node053.cluster:CMA:e044:952f1b80: 15247 us(15081 us):  open_hca: getaddr_netdev ERROR:No such device. Is eth2 configured?
node053.cluster:UCM:e041:918b2b80: 2493 us(2493 us):  open_hca: device mlx4_0 not found
node053.cluster:UCM:e042:820fb80: 2499 us(2499 us):  open_hca: device mlx4_0 not found
node053.cluster:UCM:e03f:4a830b80: 2044 us(2044 us):  open_hca: device mlx4_0 not found
node053.cluster:UCM:e040:9ac33b80: 2122 us(2122 us):  open_hca: device mlx4_0 not found
node053.cluster:UCM:e03e:2c130b80: 2078 us(2078 us):  open_hca: device mlx4_0 not found
node053.cluster:SCM:e03d:e466ab80: 32177 us(3483 us):  open_hca: device ipath0 not found
node053.cluster:UCM:e041:918b2b80: 5149 us(2656 us):  open_hca: device mlx4_0 not found
node053.cluster:UCM:e042:820fb80: 5341 us(2842 us):  open_hca: device mlx4_0 not found
node053.cluster:UCM:e03f:4a830b80: 5075 us(3031 us):  open_hca: device mlx4_0 not found
node053.cluster:UCM:e043:3d1eab80: 3156 us(3156 us):  open_hca: device mlx4_0 not found
node053.cluster:UCM:e044:952f1b80: 3144 us(3144 us):  open_hca: device mlx4_0 not found
node053.cluster:UCM:e040:9ac33b80: 5464 us(3342 us):  open_hca: device mlx4_0 not found
node053.cluster:UCM:e03e:2c130b80: 5127 us(3049 us):  open_hca: device mlx4_0 not found
node053.cluster:SCM:e03d:e466ab80: 36003 us(3826 us):  open_hca: device ehca0 not found
node053.cluster:UCM:e042:820fb80: 8219 us(2878 us):  open_hca: device mthca0 not found
node053.cluster:UCM:e041:918b2b80: 8250 us(3101 us):  open_hca: device mthca0 not found
node053.cluster:CMA:e03d:e466ab80: 20755 us(20467 us):  open_hca: getaddr_netdev ERROR:No such device. Is eth2 configured?
node053.cluster:UCM:e03f:4a830b80: 7918 us(2843 us):  open_hca: device mthca0 not found
node053.cluster:UCM:e043:3d1eab80: 6299 us(3143 us):  open_hca: device mlx4_0 not found
node053.cluster:UCM:e044:952f1b80: 6299 us(3155 us):  open_hca: device mlx4_0 not found
node053.cluster:UCM:e040:9ac33b80: 8323 us(2859 us):  open_hca: device mthca0 not found
node053.cluster:UCM:e03e:2c130b80: 8650 us(3523 us):  open_hca: device mthca0 not found
node053.cluster:UCM:e041:918b2b80: 11033 us(2783 us):  open_hca: device mthca0 not found
node053.cluster:UCM:e042:820fb80: 11101 us(2882 us):  open_hca: device mthca0 not found
node053.cluster:CMA:e041:918b2b80: 24902 us(11837 us):  open_hca: getaddr_netdev ERROR:No such device. Is eth2 configured?
node053.cluster:CMA:e041:918b2b80: 24929 us(27 us):  open_hca: getaddr_netdev ERROR:No such device. Is eth3 configured?
node053.cluster:CMA:e042:820fb80: 24973 us(11688 us):  open_hca: getaddr_netdev ERROR:No such device. Is eth2 configured?
node053.cluster:CMA:e042:820fb80: 24999 us(26 us):  open_hca: getaddr_netdev ERROR:No such device. Is eth3 configured?
node053.cluster:UCM:e03f:4a830b80: 10863 us(2945 us):  open_hca: device mthca0 not found
node053.cluster:CMA:e03f:4a830b80: 25173 us(11361 us):  open_hca: getaddr_netdev ERROR:No such device. Is eth2 configured?
node053.cluster:CMA:e03f:4a830b80: 25197 us(24 us):  open_hca: getaddr_netdev ERROR:No such device. Is eth3 configured?
node053.cluster:UCM:e040:9ac33b80: 11374 us(3051 us):  open_hca: device mthca0 not found
node053.cluster:CMA:e040:9ac33b80: 25862 us(11870 us):  open_hca: getaddr_netdev ERROR:No such device. Is eth2 configured?
node053.cluster:CMA:e040:9ac33b80: 25885 us(23 us):  open_hca: getaddr_netdev ERROR:No such device. Is eth3 configured?
node053.cluster:UCM:e044:952f1b80: 9542 us(3243 us):  open_hca: device mthca0 not found
node053.cluster:UCM:e043:3d1eab80: 9611 us(3312 us):  open_hca: device mthca0 not found
node053.cluster:UCM:e03d:e466ab80: 3387 us(3387 us):  open_hca: device mlx4_0 not found
node053.cluster:SCM:e042:820fb80: 42160 us(14878 us):  open_hca: device mlx4_0 not found
node053.cluster:SCM:e041:918b2b80: 42189 us(15128 us):  open_hca: device mlx4_0 not found
node053.cluster:SCM:e03f:4a830b80: 42568 us(14377 us):  open_hca: device mlx4_0 not found
node053.cluster:UCM:e03e:2c130b80: 13328 us(4678 us):  open_hca: device mthca0 not found
node053.cluster:CMA:e03e:2c130b80: 28392 us(13915 us):  open_hca: getaddr_netdev ERROR:No such device. Is eth2 configured?
node053.cluster:CMA:e03e:2c130b80: 28580 us(188 us):  open_hca: getaddr_netdev ERROR:No such device. Is eth3 configured?
node053.cluster:UCM:e043:3d1eab80: 12519 us(2908 us):  open_hca: device mthca0 not found
node053.cluster:UCM:e044:952f1b80: 12519 us(2977 us):  open_hca: device mthca0 not found
node053.cluster:SCM:e040:9ac33b80: 43283 us(15092 us):  open_hca: device mlx4_0 not found
node053.cluster:CMA:e043:3d1eab80: 28419 us(13237 us):  open_hca: getaddr_netdev ERROR:No such device. Is eth2 configured?
node053.cluster:CMA:e044:952f1b80: 28419 us(13172 us):  open_hca: getaddr_netdev ERROR:No such device. Is eth2 configured?
node053.cluster:CMA:e043:3d1eab80: 28453 us(34 us):  open_hca: getaddr_netdev ERROR:No such device. Is eth3 configured?
node053.cluster:CMA:e044:952f1b80: 28453 us(34 us):  open_hca: getaddr_netdev ERROR:No such device. Is eth3 configured?
node053.cluster:UCM:e03d:e466ab80: 6379 us(2992 us):  open_hca: device mlx4_0 not found
node053.cluster:SCM:e041:918b2b80: 44799 us(2610 us):  open_hca: device mlx4_0 not found
node053.cluster:SCM:e042:820fb80: 44830 us(2670 us):  open_hca: device mlx4_0 not found
node053.cluster:SCM:e03f:4a830b80: 45116 us(2548 us):  open_hca: device mlx4_0 not found
node053.cluster:SCM:e040:9ac33b80: 46147 us(2864 us):  open_hca: device mlx4_0 not found
node053.cluster:SCM:e043:3d1eab80: 46365 us(16394 us):  open_hca: device mlx4_0 not found
node053.cluster:UCM:e03d:e466ab80: 9406 us(3027 us):  open_hca: device mthca0 not found
node053.cluster:SCM:e044:952f1b80: 46402 us(16336 us):  open_hca: device mlx4_0 not found
node053.cluster:SCM:e03e:2c130b80: 47021 us(18067 us):  open_hca: device mlx4_0 not found
node053.cluster:SCM:e041:918b2b80: 48205 us(3406 us):  open_hca: device scif0 not found
node053.cluster:SCM:e042:820fb80: 48188 us(3358 us):  open_hca: device scif0 not found
node053.cluster:SCM:e03f:4a830b80: 48683 us(3567 us):  open_hca: device scif0 not found
node053.cluster:SCM:e040:9ac33b80: 49706 us(3559 us):  open_hca: device scif0 not found
node053.cluster:UCM:e03d:e466ab80: 12726 us(3320 us):  open_hca: device mthca0 not found
node053.cluster:CMA:e03d:e466ab80: 34269 us(13514 us):  open_hca: getaddr_netdev ERROR:No such device. Is eth2 configured?
node053.cluster:CMA:e03d:e466ab80: 34294 us(25 us):  open_hca: getaddr_netdev ERROR:No such device. Is eth3 configured?
node053.cluster:SCM:e044:952f1b80: 49814 us(3412 us):  open_hca: device mlx4_0 not found
node053.cluster:SCM:e043:3d1eab80: 49857 us(3492 us):  open_hca: device mlx4_0 not found
node053.cluster:SCM:e03e:2c130b80: 50199 us(3178 us):  open_hca: device mlx4_0 not found
node053.cluster:UCM:e041:918b2b80: 22744 us(11711 us):  open_hca: device scif0 not found
node053.cluster:CMA:e041:918b2b80: 36616 us(11687 us):  open_hca: getaddr_netdev ERROR:No such device. Is mic0:ib configured?
node053.cluster:UCM:e03f:4a830b80: 22521 us(11658 us):  open_hca: device scif0 not found
node053.cluster:CMA:e03f:4a830b80: 36825 us(11628 us):  open_hca: getaddr_netdev ERROR:No such device. Is mic0:ib configured?
node053.cluster:UCM:e040:9ac33b80: 23355 us(11981 us):  open_hca: device scif0 not found
node052.cluster:SCM:17a59:43725b80: 6814 us(6814 us):  open_hca: device mlx4_0 not found
node053.cluster:CMA:e040:9ac33b80: 37832 us(11947 us):  open_hca: getaddr_netdev ERROR:No such device. Is mic0:ib configured?
node052.cluster:SCM:17a5a:85cfdb80: 6862 us(6862 us):  open_hca: device mlx4_0 not found
node053.cluster:UCM:e042:820fb80: 24550 us(13449 us):  open_hca: device scif0 not found
node052.cluster:SCM:17a5b:21437b80: 6849 us(6849 us):  open_hca: device mlx4_0 not found
node053.cluster:SCM:e03d:e466ab80: 52572 us(16569 us):  open_hca: device mlx4_0 not found
node052.cluster:SCM:17a5c:1b5c5b80: 6849 us(6849 us):  open_hca: device mlx4_0 not found
node053.cluster:CMA:e042:820fb80: 38684 us(13685 us):  open_hca: getaddr_netdev ERROR:No such device. Is mic0:ib configured?
node052.cluster:SCM:17a5f:23beeb80: 6850 us(6850 us):  open_hca: device mlx4_0 not found
node053.cluster:SCM:e043:3d1eab80: 53178 us(3321 us):  open_hca: device scif0 not found
node052.cluster:SCM:17a60:3cb40b80: 6850 us(6850 us):  open_hca: device mlx4_0 not found
node053.cluster:SCM:e044:952f1b80: 53268 us(3454 us):  open_hca: device scif0 not found
node052.cluster:SCM:17a5d:7366bb80: 7311 us(7311 us):  open_hca: device mlx4_0 not found
node053.cluster:SCM:e03e:2c130b80: 53549 us(3350 us):  open_hca: device scif0 not found
node052.cluster:SCM:17a5b:21437b80: 9871 us(3022 us):  open_hca: device mlx4_0 not found
node053.cluster:SCM:e041:918b2b80: 53870 us(5665 us):  open_hca: device mlx4_0 not found
node052.cluster:SCM:17a5c:1b5c5b80: 10028 us(3179 us):  open_hca: device mlx4_0 not found
node053.cluster:SCM:e03f:4a830b80: 54420 us(5737 us):  open_hca: device mlx4_0 not found
node052.cluster:SCM:17a5e:4783db80: 10182 us(3432 us):  open_hca: device mlx4_0 not found
node053.cluster:SCM:e03d:e466ab80: 55308 us(2736 us):  open_hca: device mlx4_0 not found
node052.cluster:SCM:17a5f:23beeb80: 10280 us(3430 us):  open_hca: device mlx4_0 not found
node052.cluster:SCM:17a60:3cb40b80: 10337 us(3487 us):  open_hca: device mlx4_0 not found
node052.cluster:SCM:17a5a:85cfdb80: 10489 us(3627 us):  open_hca: device mlx4_0 not found
node052.cluster:SCM:17a59:43725b80: 10542 us(3728 us):  open_hca: device mlx4_0 not found
node052.cluster:SCM:17a5d:7366bb80: 11423 us(4112 us):  open_hca: device mlx4_0 not found
node052.cluster:SCM:17a5b:21437b80: 13014 us(3143 us):  open_hca: device mlx4_0 not found
node052.cluster:SCM:17a5c:1b5c5b80: 13189 us(3161 us):  open_hca: device mlx4_0 not found
node052.cluster:SCM:17a60:3cb40b80: 13358 us(3021 us):  open_hca: device mlx4_0 not found
node052.cluster:SCM:17a5f:23beeb80: 13474 us(3194 us):  open_hca: device mlx4_0 not found
node052.cluster:SCM:17a5a:85cfdb80: 13625 us(3136 us):  open_hca: device mlx4_0 not found
node052.cluster:SCM:17a59:43725b80: 13656 us(3114 us):  open_hca: device mlx4_0 not found
node052.cluster:SCM:17a5e:4783db80: 13665 us(3483 us):  open_hca: device mlx4_0 not found
node052.cluster:SCM:17a5d:7366bb80: 13758 us(2335 us):  open_hca: device mlx4_0 not found
node052.cluster:CMA:17a5a:85cfdb80: 150 us(150 us):  open_hca: getaddr_netdev ERROR:No such device. Is ib0 configured?
node052.cluster:CMA:17a5c:1b5c5b80: 141 us(141 us):  open_hca: getaddr_netdev ERROR:No such device. Is ib0 configured?
node052.cluster:CMA:17a5d:7366bb80: 139 us(139 us):  open_hca: getaddr_netdev ERROR:No such device. Is ib0 configured?
node052.cluster:CMA:17a5f:23beeb80: 139 us(139 us):  open_hca: getaddr_netdev ERROR:No such device. Is ib0 configured?
node052.cluster:CMA:17a5f:23beeb80: 207 us(68 us):  open_hca: getaddr_netdev ERROR:No such device. Is ib1 configured?
node052.cluster:CMA:17a60:3cb40b80: 139 us(139 us):  open_hca: getaddr_netdev ERROR:No such device. Is ib0 configured?
node052.cluster:CMA:17a60:3cb40b80: 207 us(68 us):  open_hca: getaddr_netdev ERROR:No such device. Is ib1 configured?
node052.cluster:CMA:17a59:43725b80: 148 us(148 us):  open_hca: getaddr_netdev ERROR:No such device. Is ib0 configured?
node052.cluster:CMA:17a59:43725b80: 217 us(69 us):  open_hca: getaddr_netdev ERROR:No such device. Is ib1 configured?
node052.cluster:CMA:17a5a:85cfdb80: 215 us(65 us):  open_hca: getaddr_netdev ERROR:No such device. Is ib1 configured?
node052.cluster:CMA:17a5c:1b5c5b80: 216 us(75 us):  open_hca: getaddr_netdev ERROR:No such device. Is ib1 configured?
node052.cluster:CMA:17a5d:7366bb80: 202 us(63 us):  open_hca: getaddr_netdev ERROR:No such device. Is ib1 configured?
node052.cluster:CMA:17a5e:4783db80: 156 us(156 us):  open_hca: getaddr_netdev ERROR:No such device. Is ib0 configured?
node052.cluster:CMA:17a5e:4783db80: 217 us(61 us):  open_hca: getaddr_netdev ERROR:No such device. Is ib1 configured?
node052.cluster:CMA:17a5b:21437b80: 416 us(416 us):  open_hca: getaddr_netdev ERROR:No such device. Is ib0 configured?
node052.cluster:CMA:17a5b:21437b80: 629 us(213 us):  open_hca: getaddr_netdev ERROR:No such device. Is ib1 configured?
node052.cluster:SCM:17a5f:23beeb80: 19967 us(6493 us):  open_hca: device mthca0 not found
node052.cluster:SCM:17a5e:4783db80: 19998 us(6333 us):  open_hca: device mthca0 not found
node052.cluster:SCM:17a60:3cb40b80: 20133 us(6775 us):  open_hca: device mthca0 not found
node052.cluster:SCM:17a5d:7366bb80: 20362 us(6604 us):  open_hca: device mthca0 not found
node052.cluster:SCM:17a5c:1b5c5b80: 20779 us(7590 us):  open_hca: device mthca0 not found
node052.cluster:SCM:17a59:43725b80: 20950 us(7294 us):  open_hca: device mthca0 not found
node052.cluster:SCM:17a5a:85cfdb80: 20976 us(7351 us):  open_hca: device mthca0 not found
node052.cluster:SCM:17a5b:21437b80: 21237 us(8223 us):  open_hca: device mthca0 not found
node052.cluster:SCM:17a5f:23beeb80: 22546 us(2579 us):  open_hca: device mthca0 not found
node052.cluster:SCM:17a60:3cb40b80: 22562 us(2429 us):  open_hca: device mthca0 not found
node052.cluster:SCM:17a5d:7366bb80: 23187 us(2825 us):  open_hca: device mthca0 not found
node052.cluster:SCM:17a5c:1b5c5b80: 23522 us(2743 us):  open_hca: device mthca0 not found
node052.cluster:SCM:17a5e:4783db80: 24173 us(4175 us):  open_hca: device mthca0 not found
node052.cluster:SCM:17a59:43725b80: 24242 us(3292 us):  open_hca: device mthca0 not found
node052.cluster:SCM:17a5a:85cfdb80: 24396 us(3420 us):  open_hca: device mthca0 not found
node052.cluster:SCM:17a5b:21437b80: 24629 us(3392 us):  open_hca: device mthca0 not found
node052.cluster:SCM:17a60:3cb40b80: 24895 us(2333 us):  open_hca: device ipath0 not found
node052.cluster:SCM:17a5f:23beeb80: 24998 us(2452 us):  open_hca: device ipath0 not found
node052.cluster:SCM:17a5d:7366bb80: 25834 us(2647 us):  open_hca: device ipath0 not found
node052.cluster:SCM:17a5c:1b5c5b80: 25992 us(2470 us):  open_hca: device ipath0 not found
node052.cluster:SCM:17a5e:4783db80: 27011 us(2838 us):  open_hca: device ipath0 not found
node052.cluster:SCM:17a59:43725b80: 27525 us(3283 us):  open_hca: device ipath0 not found
node052.cluster:SCM:17a5a:85cfdb80: 27743 us(3347 us):  open_hca: device ipath0 not found
node052.cluster:SCM:17a5f:23beeb80: 27848 us(2850 us):  open_hca: device ipath0 not found
node052.cluster:SCM:17a60:3cb40b80: 27848 us(2953 us):  open_hca: device ipath0 not found
node052.cluster:SCM:17a5c:1b5c5b80: 28646 us(2654 us):  open_hca: device ipath0 not found
node052.cluster:SCM:17a5b:21437b80: 28850 us(4221 us):  open_hca: device ipath0 not found
node052.cluster:SCM:17a5d:7366bb80: 28996 us(3162 us):  open_hca: device ipath0 not found
node052.cluster:SCM:17a5e:4783db80: 29920 us(2909 us):  open_hca: device ipath0 not found
node052.cluster:SCM:17a59:43725b80: 30501 us(2976 us):  open_hca: device ipath0 not found
node052.cluster:SCM:17a5a:85cfdb80: 30501 us(2758 us):  open_hca: device ipath0 not found
node052.cluster:SCM:17a5f:23beeb80: 31022 us(3174 us):  open_hca: device ehca0 not found
node052.cluster:SCM:17a60:3cb40b80: 31023 us(3175 us):  open_hca: device ehca0 not found
node052.cluster:CMA:17a5f:23beeb80: 13908 us(13701 us):  open_hca: getaddr_netdev ERROR:No such device. Is eth2 configured?
node052.cluster:CMA:17a60:3cb40b80: 13908 us(13701 us):  open_hca: getaddr_netdev ERROR:No such device. Is eth2 configured?
node052.cluster:SCM:17a5c:1b5c5b80: 31766 us(3120 us):  open_hca: device ehca0 not found
node052.cluster:CMA:17a5c:1b5c5b80: 14639 us(14423 us):  open_hca: getaddr_netdev ERROR:No such device. Is eth2 configured?
node052.cluster:SCM:17a5d:7366bb80: 31954 us(2958 us):  open_hca: device ehca0 not found
node052.cluster:SCM:17a5e:4783db80: 32195 us(2275 us):  open_hca: device ehca0 not found
node052.cluster:CMA:17a5d:7366bb80: 15021 us(14819 us):  open_hca: getaddr_netdev ERROR:No such device. Is eth2 configured?
node052.cluster:CMA:17a5e:4783db80: 15038 us(14821 us):  open_hca: getaddr_netdev ERROR:No such device. Is eth2 configured?
node052.cluster:SCM:17a5b:21437b80: 32278 us(3428 us):  open_hca: device ipath0 not found
node052.cluster:SCM:17a59:43725b80: 32290 us(1789 us):  open_hca: device ehca0 not found
node052.cluster:SCM:17a5a:85cfdb80: 32290 us(1789 us):  open_hca: device ehca0 not found
node052.cluster:CMA:17a59:43725b80: 15152 us(14935 us):  open_hca: getaddr_netdev ERROR:No such device. Is eth2 configured?
node052.cluster:CMA:17a5a:85cfdb80: 15152 us(14937 us):  open_hca: getaddr_netdev ERROR:No such device. Is eth2 configured?
node052.cluster:SCM:17a5b:21437b80: 32657 us(379 us):  open_hca: device ehca0 not found
node052.cluster:CMA:17a5b:21437b80: 15498 us(14869 us):  open_hca: getaddr_netdev ERROR:No such device. Is eth2 configured?
node052.cluster:UCM:17a5c:1b5c5b80: 2789 us(2789 us):  open_hca: device mlx4_0 not found
node052.cluster:UCM:17a5d:7366bb80: 2791 us(2791 us):  open_hca: device mlx4_0 not found
node052.cluster:UCM:17a5e:4783db80: 2791 us(2791 us):  open_hca: device mlx4_0 not found
node052.cluster:UCM:17a60:3cb40b80: 2811 us(2811 us):  open_hca: device mlx4_0 not found
node052.cluster:UCM:17a5b:21437b80: 2851 us(2851 us):  open_hca: device mlx4_0 not found
node052.cluster:UCM:17a5f:23beeb80: 2791 us(2791 us):  open_hca: device mlx4_0 not found
node052.cluster:UCM:17a59:43725b80: 3373 us(3373 us):  open_hca: device mlx4_0 not found
node052.cluster:UCM:17a5a:85cfdb80: 3370 us(3370 us):  open_hca: device mlx4_0 not found
node052.cluster:UCM:17a5e:4783db80: 5419 us(2628 us):  open_hca: device mlx4_0 not found
node052.cluster:UCM:17a5b:21437b80: 5459 us(2608 us):  open_hca: device mlx4_0 not found
node052.cluster:UCM:17a5c:1b5c5b80: 5446 us(2657 us):  open_hca: device mlx4_0 not found
node052.cluster:UCM:17a5d:7366bb80: 5503 us(2712 us):  open_hca: device mlx4_0 not found
node052.cluster:UCM:17a60:3cb40b80: 5578 us(2767 us):  open_hca: device mlx4_0 not found
node052.cluster:UCM:17a5f:23beeb80: 6215 us(3424 us):  open_hca: device mlx4_0 not found
node052.cluster:UCM:17a59:43725b80: 7499 us(4126 us):  open_hca: device mlx4_0 not found
node052.cluster:UCM:17a5a:85cfdb80: 7663 us(4293 us):  open_hca: device mlx4_0 not found
node052.cluster:UCM:17a5d:7366bb80: 7979 us(2476 us):  open_hca: device mthca0 not found
node052.cluster:UCM:17a5e:4783db80: 8110 us(2691 us):  open_hca: device mthca0 not found
node052.cluster:UCM:17a5b:21437b80: 8153 us(2694 us):  open_hca: device mthca0 not found
node052.cluster:UCM:17a5c:1b5c5b80: 8197 us(2751 us):  open_hca: device mthca0 not found
node052.cluster:UCM:17a60:3cb40b80: 8256 us(2678 us):  open_hca: device mthca0 not found
node052.cluster:UCM:17a5f:23beeb80: 9888 us(3673 us):  open_hca: device mthca0 not found
node052.cluster:UCM:17a5d:7366bb80: 10747 us(2768 us):  open_hca: device mthca0 not found
node052.cluster:UCM:17a5c:1b5c5b80: 10911 us(2714 us):  open_hca: device mthca0 not found
node052.cluster:CMA:17a5d:7366bb80: 27370 us(12349 us):  open_hca: getaddr_netdev ERROR:No such device. Is eth2 configured?
node052.cluster:CMA:17a5d:7366bb80: 27408 us(38 us):  open_hca: getaddr_netdev ERROR:No such device. Is eth3 configured?
node052.cluster:UCM:17a5b:21437b80: 10977 us(2824 us):  open_hca: device mthca0 not found
node052.cluster:CMA:17a5c:1b5c5b80: 27477 us(12838 us):  open_hca: getaddr_netdev ERROR:No such device. Is eth2 configured?
node052.cluster:UCM:17a5e:4783db80: 10999 us(2889 us):  open_hca: device mthca0 not found
node052.cluster:CMA:17a5c:1b5c5b80: 27506 us(29 us):  open_hca: getaddr_netdev ERROR:No such device. Is eth3 configured?
node052.cluster:CMA:17a5b:21437b80: 27528 us(12030 us):  open_hca: getaddr_netdev ERROR:No such device. Is eth2 configured?
node052.cluster:UCM:17a60:3cb40b80: 11062 us(2806 us):  open_hca: device mthca0 not found
node052.cluster:CMA:17a5b:21437b80: 27556 us(28 us):  open_hca: getaddr_netdev ERROR:No such device. Is eth3 configured?
node052.cluster:CMA:17a5e:4783db80: 27551 us(12513 us):  open_hca: getaddr_netdev ERROR:No such device. Is eth2 configured?
node052.cluster:CMA:17a5e:4783db80: 27582 us(31 us):  open_hca: getaddr_netdev ERROR:No such device. Is eth3 configured?
node052.cluster:CMA:17a60:3cb40b80: 27624 us(13716 us):  open_hca: getaddr_netdev ERROR:No such device. Is eth2 configured?
node052.cluster:CMA:17a60:3cb40b80: 27652 us(28 us):  open_hca: getaddr_netdev ERROR:No such device. Is eth3 configured?
node052.cluster:UCM:17a5a:85cfdb80: 11621 us(3958 us):  open_hca: device mthca0 not found
node052.cluster:UCM:17a59:43725b80: 12064 us(4565 us):  open_hca: device mthca0 not found
node052.cluster:SCM:17a5b:21437b80: 47227 us(14570 us):  open_hca: device mlx4_0 not found
node052.cluster:SCM:17a5c:1b5c5b80: 47227 us(15461 us):  open_hca: device mlx4_0 not found
node052.cluster:UCM:17a59:43725b80: 13735 us(1671 us):  open_hca: device mthca0 not found
node052.cluster:CMA:17a59:43725b80: 30314 us(15162 us):  open_hca: getaddr_netdev ERROR:No such device. Is eth2 configured?
node052.cluster:CMA:17a59:43725b80: 30341 us(27 us):  open_hca: getaddr_netdev ERROR:No such device. Is eth3 configured?
node052.cluster:SCM:17a5b:21437b80: 48098 us(871 us):  open_hca: device mlx4_0 not found
node052.cluster:SCM:17a5c:1b5c5b80: 48098 us(871 us):  open_hca: device mlx4_0 not found
node052.cluster:SCM:17a59:43725b80: 48182 us(15892 us):  open_hca: device mlx4_0 not found
node052.cluster:SCM:17a59:43725b80: 48423 us(241 us):  open_hca: device mlx4_0 not found
node052.cluster:SCM:17a5e:4783db80: 50097 us(17902 us):  open_hca: device mlx4_0 not found
node052.cluster:UCM:17a5f:23beeb80: 16440 us(6552 us):  open_hca: device mthca0 not found
node052.cluster:SCM:17a60:3cb40b80: 50191 us(19168 us):  open_hca: device mlx4_0 not found
node052.cluster:SCM:17a5d:7366bb80: 49957 us(18003 us):  open_hca: device mlx4_0 not found
node052.cluster:CMA:17a5f:23beeb80: 33091 us(19183 us):  open_hca: getaddr_netdev ERROR:No such device. Is eth2 configured?
node052.cluster:CMA:17a5f:23beeb80: 33129 us(38 us):  open_hca: getaddr_netdev ERROR:No such device. Is eth3 configured?
node052.cluster:UCM:17a5a:85cfdb80: 16682 us(5061 us):  open_hca: device mthca0 not found
node052.cluster:CMA:17a5a:85cfdb80: 33269 us(18117 us):  open_hca: getaddr_netdev ERROR:No such device. Is eth2 configured?
node052.cluster:CMA:17a5a:85cfdb80: 33310 us(41 us):  open_hca: getaddr_netdev ERROR:No such device. Is eth3 configured?
node052.cluster:SCM:17a5f:23beeb80: 51512 us(20490 us):  open_hca: device mlx4_0 not found
node052.cluster:SCM:17a60:3cb40b80: 51526 us(1335 us):  open_hca: device mlx4_0 not found
node052.cluster:SCM:17a5c:1b5c5b80: 53559 us(5461 us):  open_hca: device scif0 not found
node052.cluster:SCM:17a5b:21437b80: 53792 us(5694 us):  open_hca: device scif0 not found
node052.cluster:SCM:17a5e:4783db80: 54164 us(4067 us):  open_hca: device mlx4_0 not found
node052.cluster:SCM:17a5a:85cfdb80: 54160 us(21870 us):  open_hca: device mlx4_0 not found
node052.cluster:SCM:17a59:43725b80: 54231 us(5808 us):  open_hca: device scif0 not found
node052.cluster:SCM:17a5f:23beeb80: 54365 us(2853 us):  open_hca: device mlx4_0 not found
node052.cluster:SCM:17a60:3cb40b80: 54584 us(3058 us):  open_hca: device scif0 not found
node052.cluster:SCM:17a5d:7366bb80: 54512 us(4555 us):  open_hca: device mlx4_0 not found
node052.cluster:UCM:17a5b:21437b80: 21993 us(11016 us):  open_hca: device scif0 not found
node052.cluster:UCM:17a5c:1b5c5b80: 22006 us(11095 us):  open_hca: device scif0 not found
node052.cluster:CMA:17a5b:21437b80: 38544 us(10988 us):  open_hca: getaddr_netdev ERROR:No such device. Is mic0:ib configured?
node052.cluster:CMA:17a5c:1b5c5b80: 38541 us(11035 us):  open_hca: getaddr_netdev ERROR:No such device. Is mic0:ib configured?
node052.cluster:SCM:17a5a:85cfdb80: 56797 us(2637 us):  open_hca: device mlx4_0 not found
node052.cluster:UCM:17a59:43725b80: 23214 us(9479 us):  open_hca: device scif0 not found
node052.cluster:CMA:17a59:43725b80: 39758 us(9417 us):  open_hca: getaddr_netdev ERROR:No such device. Is mic0:ib configured?
node052.cluster:UCM:17a60:3cb40b80: 23435 us(12373 us):  open_hca: device scif0 not found
node052.cluster:SCM:17a5f:23beeb80: 57218 us(2853 us):  open_hca: device scif0 not found
node052.cluster:CMA:17a60:3cb40b80: 39996 us(12344 us):  open_hca: getaddr_netdev ERROR:No such device. Is mic0:ib configured?
node052.cluster:SCM:17a5b:21437b80: 57866 us(4074 us):  open_hca: device mlx4_0 not found
node052.cluster:SCM:17a5c:1b5c5b80: 58201 us(4642 us):  open_hca: device mlx4_0 not found
node052.cluster:SCM:17a5e:4783db80: 58507 us(4343 us):  open_hca: device scif0 not found
node052.cluster:SCM:17a5d:7366bb80: 59019 us(4507 us):  open_hca: device scif0 not found
node052.cluster:UCM:17a5f:23beeb80: 26680 us(10240 us):  open_hca: device scif0 not found
node052.cluster:SCM:17a60:3cb40b80: 60401 us(5817 us):  open_hca: device mlx4_0 not found
node052.cluster:CMA:17a5f:23beeb80: 43206 us(10077 us):  open_hca: getaddr_netdev ERROR:No such device. Is mic0:ib configured?
node052.cluster:SCM:17a5b:21437b80: 60554 us(2688 us):  open_hca: device mlx4_0 not found
node052.cluster:SCM:17a59:43725b80: 60550 us(6319 us):  open_hca: device mlx4_0 not found
node052.cluster:SCM:17a5c:1b5c5b80: 60700 us(2499 us):  open_hca: device mlx4_0 not found
node052.cluster:SCM:17a5a:85cfdb80: 61043 us(4246 us):  open_hca: device scif0 not found
node052.cluster:UCM:17a5e:4783db80: 28317 us(17318 us):  open_hca: device scif0 not found
node052.cluster:CMA:17a5e:4783db80: 44960 us(17378 us):  open_hca: getaddr_netdev ERROR:No such device. Is mic0:ib configured?
node052.cluster:SCM:17a5f:23beeb80: 62603 us(5385 us):  open_hca: device mlx4_0 not found
node052.cluster:UCM:17a5d:7366bb80: 28866 us(18119 us):  open_hca: device scif0 not found
node052.cluster:SCM:17a60:3cb40b80: 62748 us(2347 us):  open_hca: device mlx4_0 not found
node052.cluster:SCM:17a5c:1b5c5b80: 62868 us(2168 us):  open_hca: device mlx4_1 not found
node052.cluster:CMA:17a5d:7366bb80: 45758 us(18350 us):  open_hca: getaddr_netdev ERROR:No such device. Is mic0:ib configured?
node052.cluster:SCM:17a5b:21437b80: 63085 us(2531 us):  open_hca: device mlx4_1 not found
node052.cluster:SCM:17a59:43725b80: 64334 us(3784 us):  open_hca: device mlx4_0 not found
node052.cluster:UCM:17a5a:85cfdb80: 31196 us(14514 us):  open_hca: device scif0 not found
node052.cluster:CMA:17a5a:85cfdb80: 47797 us(14487 us):  open_hca: getaddr_netdev ERROR:No such device. Is mic0:ib configured?
node052.cluster:SCM:17a60:3cb40b80: 65026 us(2278 us):  open_hca: device mlx4_1 not found
node052.cluster:SCM:17a5f:23beeb80: 65072 us(2469 us):  open_hca: device mlx4_0 not found
node052.cluster:SCM:17a5c:1b5c5b80: 65219 us(2351 us):  open_hca: device mlx4_1 not found
node052.cluster:SCM:17a5b:21437b80: 65831 us(2746 us):  open_hca: device mlx4_1 not found
node052.cluster:SCM:17a5e:4783db80: 66172 us(7665 us):  open_hca: device mlx4_0 not found
node052.cluster:SCM:17a5d:7366bb80: 66573 us(7554 us):  open_hca: device mlx4_0 not found
node052.cluster:SCM:17a60:3cb40b80: 67563 us(2537 us):  open_hca: device mlx4_1 not found
node052.cluster:SCM:17a5f:23beeb80: 67962 us(2890 us):  open_hca: device mlx4_1 not found
node052.cluster:UCM:17a5b:21437b80: 34610 us(12617 us):  open_hca: device mlx4_1 not found
node052.cluster:UCM:17a5c:1b5c5b80: 34608 us(12602 us):  open_hca: device mlx4_1 not found
node052.cluster:SCM:17a59:43725b80: 68324 us(3990 us):  open_hca: device mlx4_1 not found
node052.cluster:SCM:17a5a:85cfdb80: 69134 us(8091 us):  open_hca: device mlx4_0 not found
node052.cluster:SCM:17a5e:4783db80: 69835 us(3663 us):  open_hca: device mlx4_0 not found
node052.cluster:UCM:17a60:3cb40b80: 36337 us(12902 us):  open_hca: device mlx4_1 not found
node052.cluster:SCM:17a5d:7366bb80: 70147 us(3574 us):  open_hca: device mlx4_0 not found
node052.cluster:SCM:17a5f:23beeb80: 70583 us(2621 us):  open_hca: device mlx4_1 not found
node052.cluster:UCM:17a5c:1b5c5b80: 37140 us(2532 us):  open_hca: device mlx4_1 not found
node052.cluster:UCM:17a5b:21437b80: 37288 us(2678 us):  open_hca: device mlx4_1 not found
node052.cluster:SCM:17a59:43725b80: 71771 us(3447 us):  open_hca: device mlx4_1 not found
node052.cluster:SCM:17a5a:85cfdb80: 72304 us(3170 us):  open_hca: device mlx4_0 not found
node052.cluster:UCM:17a60:3cb40b80: 38727 us(2390 us):  open_hca: device mlx4_1 not found
node052.cluster:UCM:17a5f:23beeb80: 39303 us(12623 us):  open_hca: device mlx4_1 not found
node052.cluster:SCM:17a5e:4783db80: 73352 us(3517 us):  open_hca: device mlx4_1 not found
node052.cluster:SCM:17a5d:7366bb80: 73532 us(3385 us):  open_hca: device mlx4_1 not found
node052.cluster:UCM:17a5f:23beeb80: 41351 us(2048 us):  open_hca: device mlx4_1 not found
node052.cluster:UCM:17a59:43725b80: 41434 us(18220 us):  open_hca: device mlx4_1 not found
node052.cluster:SCM:17a5a:85cfdb80: 75109 us(2805 us):  open_hca: device mlx4_1 not found
node052.cluster:SCM:17a5d:7366bb80: 75150 us(1618 us):  open_hca: device mlx4_1 not found
node052.cluster:SCM:17a5e:4783db80: 75812 us(2460 us):  open_hca: device mlx4_1 not found
node052.cluster:UCM:17a5d:7366bb80: 42806 us(13940 us):  open_hca: device mlx4_1 not found
node052.cluster:SCM:17a5a:85cfdb80: 76725 us(1616 us):  open_hca: device mlx4_1 not found
node052.cluster:UCM:17a59:43725b80: 43096 us(1662 us):  open_hca: device mlx4_1 not found
node052.cluster:UCM:17a5d:7366bb80: 43474 us(668 us):  open_hca: device mlx4_1 not found
node052.cluster:UCM:17a5a:85cfdb80: 43772 us(12576 us):  open_hca: device mlx4_1 not found
node052.cluster:UCM:17a5e:4783db80: 44135 us(15818 us):  open_hca: device mlx4_1 not found
node052.cluster:UCM:17a5a:85cfdb80: 44411 us(639 us):  open_hca: device mlx4_1 not found
node052.cluster:UCM:17a5e:4783db80: 44943 us(808 us):  open_hca: device mlx4_1 not found
node053.cluster:SCM:e040:9ac33b80: 55601 us(5895 us):  open_hca: device mlx4_0 not found
node053.cluster:UCM:e044:952f1b80: 25639 us(13120 us):  open_hca: device scif0 not found
node053.cluster:CMA:e044:952f1b80: 41529 us(13076 us):  open_hca: getaddr_netdev ERROR:No such device. Is mic0:ib configured?
node053.cluster:UCM:e043:3d1eab80: 26107 us(13588 us):  open_hca: device scif0 not found
node053.cluster:CMA:e043:3d1eab80: 41974 us(13521 us):  open_hca: getaddr_netdev ERROR:No such device. Is mic0:ib configured?
node053.cluster:UCM:e03e:2c130b80: 27582 us(14254 us):  open_hca: device scif0 not found
node053.cluster:CMA:e03e:2c130b80: 42492 us(13912 us):  open_hca: getaddr_netdev ERROR:No such device. Is mic0:ib configured?
node053.cluster:SCM:e042:820fb80: 57198 us(9010 us):  open_hca: device mlx4_0 not found
node053.cluster:SCM:e041:918b2b80: 57209 us(3339 us):  open_hca: device mlx4_0 not found
node053.cluster:SCM:e03f:4a830b80: 57418 us(2998 us):  open_hca: device mlx4_0 not found
node053.cluster:SCM:e040:9ac33b80: 58745 us(3144 us):  open_hca: device mlx4_0 not found
node053.cluster:SCM:e03d:e466ab80: 58775 us(3467 us):  open_hca: device scif0 not found
node053.cluster:SCM:e044:952f1b80: 59497 us(6229 us):  open_hca: device mlx4_0 not found
node053.cluster:SCM:e043:3d1eab80: 60028 us(6850 us):  open_hca: device mlx4_0 not found
node053.cluster:SCM:e03e:2c130b80: 60205 us(6656 us):  open_hca: device mlx4_0 not found
node053.cluster:SCM:e042:820fb80: 60641 us(3443 us):  open_hca: device mlx4_0 not found
node053.cluster:SCM:e03f:4a830b80: 60733 us(3315 us):  open_hca: device mlx4_1 not found
node053.cluster:SCM:e041:918b2b80: 61361 us(4152 us):  open_hca: device mlx4_1 not found
node053.cluster:UCM:e03d:e466ab80: 24659 us(11933 us):  open_hca: device scif0 not found
node053.cluster:CMA:e03d:e466ab80: 46210 us(11916 us):  open_hca: getaddr_netdev ERROR:No such device. Is mic0:ib configured?
node053.cluster:SCM:e040:9ac33b80: 62234 us(3489 us):  open_hca: device mlx4_1 not found
node053.cluster:SCM:e044:952f1b80: 62931 us(3434 us):  open_hca: device mlx4_0 not found
node053.cluster:SCM:e043:3d1eab80: 63300 us(3272 us):  open_hca: device mlx4_0 not found
node053.cluster:SCM:e03e:2c130b80: 63537 us(3332 us):  open_hca: device mlx4_0 not found
node053.cluster:SCM:e03f:4a830b80: 64015 us(3282 us):  open_hca: device mlx4_1 not found
node053.cluster:SCM:e042:820fb80: 64150 us(3509 us):  open_hca: device mlx4_1 not found
node053.cluster:SCM:e03d:e466ab80: 64938 us(6163 us):  open_hca: device mlx4_0 not found
node053.cluster:SCM:e040:9ac33b80: 65645 us(3411 us):  open_hca: device mlx4_1 not found
node053.cluster:SCM:e044:952f1b80: 66229 us(3298 us):  open_hca: device mlx4_1 not found
node053.cluster:SCM:e041:918b2b80: 66170 us(4809 us):  open_hca: device mlx4_1 not found
node053.cluster:SCM:e043:3d1eab80: 66464 us(3164 us):  open_hca: device mlx4_1 not found
node053.cluster:SCM:e03e:2c130b80: 66951 us(3414 us):  open_hca: device mlx4_1 not found
node053.cluster:UCM:e03f:4a830b80: 38719 us(16198 us):  open_hca: device mlx4_1 not found
node053.cluster:SCM:e042:820fb80: 67415 us(3265 us):  open_hca: device mlx4_1 not found
node053.cluster:SCM:e03d:e466ab80: 68180 us(3242 us):  open_hca: device mlx4_0 not found
node053.cluster:UCM:e040:9ac33b80: 40417 us(17062 us):  open_hca: device mlx4_1 not found
node053.cluster:SCM:e043:3d1eab80: 69379 us(2915 us):  open_hca: device mlx4_1 not found
node053.cluster:SCM:e044:952f1b80: 69393 us(3164 us):  open_hca: device mlx4_1 not found
node053.cluster:SCM:e03e:2c130b80: 70285 us(3334 us):  open_hca: device mlx4_1 not found
node053.cluster:UCM:e03f:4a830b80: 42061 us(3342 us):  open_hca: device mlx4_1 not found
node053.cluster:UCM:e042:820fb80: 42911 us(18361 us):  open_hca: device mlx4_1 not found
node053.cluster:UCM:e041:918b2b80: 42803 us(20059 us):  open_hca: device mlx4_1 not found
node053.cluster:SCM:e03d:e466ab80: 71350 us(3170 us):  open_hca: device mlx4_1 not found
node053.cluster:UCM:e043:3d1eab80: 41906 us(15799 us):  open_hca: device mlx4_1 not found
node053.cluster:UCM:e044:952f1b80: 41906 us(16267 us):  open_hca: device mlx4_1 not found
node053.cluster:UCM:e040:9ac33b80: 43957 us(3540 us):  open_hca: device mlx4_1 not found
node053.cluster:UCM:e03e:2c130b80: 43839 us(16257 us):  open_hca: device mlx4_1 not found
node053.cluster:UCM:e042:820fb80: 46061 us(3150 us):  open_hca: device mlx4_1 not found
node053.cluster:UCM:e041:918b2b80: 46698 us(3895 us):  open_hca: device mlx4_1 not found
node053.cluster:SCM:e03d:e466ab80: 74786 us(3436 us):  open_hca: device mlx4_1 not found
node053.cluster:UCM:e044:952f1b80: 44783 us(2877 us):  open_hca: device mlx4_1 not found
node053.cluster:UCM:e043:3d1eab80: 44831 us(2925 us):  open_hca: device mlx4_1 not found
node053.cluster:UCM:e03e:2c130b80: 46528 us(2689 us):  open_hca: device mlx4_1 not found
node053.cluster:UCM:e03d:e466ab80: 39115 us(14456 us):  open_hca: device mlx4_1 not found
node053.cluster:UCM:e03d:e466ab80: 40613 us(1498 us):  open_hca: device mlx4_1 not found
                Step[ FC]     Time          Energy          fmax
*Force-consistent energies used in optimization.
BFGSLineSearch:    0[  0] 20:24:22     -268.910819*       2.1196
BFGSLineSearch:    1[  3] 21:47:53     -269.592528*       2.5443
BFGSLineSearch:    2[  5] 22:51:34     -269.658747*       0.7852
BFGSLineSearch:    3[  6] 23:17:02     -269.759677*       0.7602
BFGSLineSearch:    4[  8] 00:07:06     -269.788058*       0.4437
BFGSLineSearch:    5[  9] 00:31:14     -269.822872*       0.2267
BFGSLineSearch:    6[ 11] 01:18:45     -269.859850*       0.4973
BFGSLineSearch:    7[ 12] 01:38:06     -269.886958*       0.1687
BFGSLineSearch:    8[ 13] 01:58:58     -269.905840*       0.2356
BFGSLineSearch:    9[ 14] 02:17:38     -269.915358*       0.2234
BFGSLineSearch:   10[ 15] 02:36:13     -269.921578*       0.1557
BFGSLineSearch:   11[ 16] 02:57:09     -269.924401*       0.1690
BFGSLineSearch:   12[ 17] 03:10:16     -269.926866*       0.1260
BFGSLineSearch:   13[ 19] 03:34:33     -269.927848*       0.0656
