node035.cluster:SCM:f571:15a33b80: 4076 us(4076 us):  open_hca: device mlx4_0 not found
node035.cluster:SCM:f570:9d90cb80: 4076 us(4076 us):  open_hca: device mlx4_0 not found
node035.cluster:SCM:f571:15a33b80: 4622 us(546 us):  open_hca: device mlx4_0 not found
node035.cluster:SCM:f570:9d90cb80: 5075 us(999 us):  open_hca: device mlx4_0 not found
node035.cluster:SCM:f571:15a33b80: 5309 us(687 us):  open_hca: device mlx4_0 not found
node035.cluster:SCM:f570:9d90cb80: 5695 us(620 us):  open_hca: device mlx4_0 not found
node035.cluster:CMA:f570:9d90cb80: 123 us(123 us):  open_hca: getaddr_netdev ERROR:No such device. Is ib0 configured?
node035.cluster:CMA:f570:9d90cb80: 184 us(61 us):  open_hca: getaddr_netdev ERROR:No such device. Is ib1 configured?
node035.cluster:CMA:f571:15a33b80: 123 us(123 us):  open_hca: getaddr_netdev ERROR:No such device. Is ib0 configured?
node035.cluster:CMA:f571:15a33b80: 392 us(269 us):  open_hca: getaddr_netdev ERROR:No such device. Is ib1 configured?
node035.cluster:SCM:f570:9d90cb80: 7401 us(1706 us):  open_hca: device mthca0 not found
node035.cluster:SCM:f570:9d90cb80: 7781 us(380 us):  open_hca: device mthca0 not found
node035.cluster:SCM:f571:15a33b80: 7907 us(2598 us):  open_hca: device mthca0 not found
node035.cluster:SCM:f570:9d90cb80: 8107 us(326 us):  open_hca: device ipath0 not found
node035.cluster:SCM:f570:9d90cb80: 8484 us(377 us):  open_hca: device ipath0 not found
node035.cluster:SCM:f571:15a33b80: 8610 us(703 us):  open_hca: device mthca0 not found
node035.cluster:SCM:f570:9d90cb80: 8797 us(313 us):  open_hca: device ehca0 not found
node035.cluster:CMA:f570:9d90cb80: 2060 us(1876 us):  open_hca: getaddr_netdev ERROR:No such device. Is eth2 configured?
node035.cluster:SCM:f571:15a33b80: 9230 us(620 us):  open_hca: device ipath0 not found
node035.cluster:SCM:f571:15a33b80: 9778 us(548 us):  open_hca: device ipath0 not found
node035.cluster:UCM:f570:9d90cb80: 394 us(394 us):  open_hca: device mlx4_0 not found
node035.cluster:UCM:f570:9d90cb80: 785 us(391 us):  open_hca: device mlx4_0 not found
node035.cluster:SCM:f571:15a33b80: 10425 us(647 us):  open_hca: device ehca0 not found
node035.cluster:UCM:f570:9d90cb80: 1124 us(339 us):  open_hca: device mthca0 not found
node035.cluster:CMA:f571:15a33b80: 3934 us(3542 us):  open_hca: getaddr_netdev ERROR:No such device. Is eth2 configured?
node035.cluster:UCM:f570:9d90cb80: 1442 us(318 us):  open_hca: device mthca0 not found
node035.cluster:CMA:f570:9d90cb80: 4182 us(2122 us):  open_hca: getaddr_netdev ERROR:No such device. Is eth2 configured?
node035.cluster:CMA:f570:9d90cb80: 4209 us(27 us):  open_hca: getaddr_netdev ERROR:No such device. Is eth3 configured?
node035.cluster:SCM:f570:9d90cb80: 11347 us(2550 us):  open_hca: device mlx4_0 not found
node035.cluster:SCM:f570:9d90cb80: 11664 us(317 us):  open_hca: device mlx4_0 not found
node035.cluster:UCM:f571:15a33b80: 438 us(438 us):  open_hca: device mlx4_0 not found
node035.cluster:SCM:f570:9d90cb80: 12527 us(863 us):  open_hca: device scif0 not found
node035.cluster:UCM:f571:15a33b80: 1202 us(764 us):  open_hca: device mlx4_0 not found
node035.cluster:UCM:f570:9d90cb80: 3669 us(2227 us):  open_hca: device scif0 not found
node035.cluster:CMA:f570:9d90cb80: 6422 us(2213 us):  open_hca: getaddr_netdev ERROR:No such device. Is mic0:ib configured?
node035.cluster:SCM:f570:9d90cb80: 13591 us(1064 us):  open_hca: device mlx4_0 not found
node035.cluster:UCM:f571:15a33b80: 1989 us(787 us):  open_hca: device mthca0 not found
node035.cluster:SCM:f570:9d90cb80: 13920 us(329 us):  open_hca: device mlx4_0 not found
node035.cluster:SCM:f570:9d90cb80: 14264 us(344 us):  open_hca: device mlx4_1 not found
node035.cluster:UCM:f571:15a33b80: 2676 us(687 us):  open_hca: device mthca0 not found
node035.cluster:SCM:f570:9d90cb80: 14603 us(339 us):  open_hca: device mlx4_1 not found
node035.cluster:CMA:f571:15a33b80: 7943 us(4009 us):  open_hca: getaddr_netdev ERROR:No such device. Is eth2 configured?
node035.cluster:UCM:f570:9d90cb80: 5433 us(1764 us):  open_hca: device mlx4_1 not found
node035.cluster:CMA:f571:15a33b80: 8132 us(189 us):  open_hca: getaddr_netdev ERROR:No such device. Is eth3 configured?
node035.cluster:UCM:f570:9d90cb80: 5764 us(331 us):  open_hca: device mlx4_1 not found
node035.cluster:SCM:f571:15a33b80: 15605 us(5180 us):  open_hca: device mlx4_0 not found
node035.cluster:SCM:f571:15a33b80: 16146 us(541 us):  open_hca: device mlx4_0 not found
node035.cluster:SCM:f571:15a33b80: 16802 us(656 us):  open_hca: device scif0 not found
node035.cluster:UCM:f571:15a33b80: 5267 us(2591 us):  open_hca: device scif0 not found
node035.cluster:CMA:f571:15a33b80: 10319 us(2187 us):  open_hca: getaddr_netdev ERROR:No such device. Is mic0:ib configured?
node035.cluster:SCM:f571:15a33b80: 17380 us(578 us):  open_hca: device mlx4_0 not found
node035.cluster:SCM:f571:15a33b80: 17624 us(244 us):  open_hca: device mlx4_0 not found
node035.cluster:SCM:f571:15a33b80: 17860 us(236 us):  open_hca: device mlx4_1 not found
node035.cluster:SCM:f571:15a33b80: 18204 us(344 us):  open_hca: device mlx4_1 not found
node035.cluster:UCM:f571:15a33b80: 6727 us(1460 us):  open_hca: device mlx4_1 not found
node035.cluster:UCM:f571:15a33b80: 7043 us(316 us):  open_hca: device mlx4_1 not found
node064.cluster:SCM:fdf:dc8e6b80: 2928 us(2928 us):  open_hca: device mlx4_0 not found
node064.cluster:SCM:fdf:dc8e6b80: 3252 us(324 us):  open_hca: device mlx4_0 not found
node064.cluster:SCM:fdf:dc8e6b80: 3462 us(210 us):  open_hca: device mlx4_0 not found
node064.cluster:SCM:fdc:c29b7b80: 4110 us(4110 us):  open_hca: device mlx4_0 not found
node064.cluster:SCM:fe5:e5084b80: 6017 us(6017 us):  open_hca: device mlx4_0 not found
node064.cluster:SCM:fdc:c29b7b80: 4642 us(532 us):  open_hca: device mlx4_0 not found
node064.cluster:SCM:fdb:b2c9eb80: 6674 us(6674 us):  open_hca: device mlx4_0 not found
node064.cluster:SCM:fe4:989d0b80: 6752 us(6752 us):  open_hca: device mlx4_0 not found
node064.cluster:SCM:fdc:c29b7b80: 5142 us(500 us):  open_hca: device mlx4_0 not found
node064.cluster:SCM:fe4:989d0b80: 7332 us(580 us):  open_hca: device mlx4_0 not found
node064.cluster:SCM:fde:4d06cb80: 6247 us(6247 us):  open_hca: device mlx4_0 not found
node064.cluster:SCM:fe4:989d0b80: 7831 us(499 us):  open_hca: device mlx4_0 not found
node064.cluster:SCM:fde:4d06cb80: 6698 us(451 us):  open_hca: device mlx4_0 not found
node064.cluster:SCM:fe6:919c4b80: 8376 us(8376 us):  open_hca: device mlx4_0 not found
node064.cluster:SCM:fe0:a36bbb80: 8309 us(8309 us):  open_hca: device mlx4_0 not found
node064.cluster:SCM:fe0:a36bbb80: 9065 us(756 us):  open_hca: device mlx4_0 not found
node064.cluster:SCM:fe6:919c4b80: 9170 us(794 us):  open_hca: device mlx4_0 not found
node064.cluster:CMA:fdc:c29b7b80: 103 us(103 us):  open_hca: getaddr_netdev ERROR:No such device. Is ib0 configured?
node064.cluster:CMA:fdf:dc8e6b80: 91 us(91 us):  open_hca: getaddr_netdev ERROR:No such device. Is ib0 configured?
node064.cluster:CMA:fe4:989d0b80: 105 us(105 us):  open_hca: getaddr_netdev ERROR:No such device. Is ib0 configured?
node064.cluster:CMA:fdc:c29b7b80: 155 us(52 us):  open_hca: getaddr_netdev ERROR:No such device. Is ib1 configured?
node064.cluster:CMA:fe4:989d0b80: 150 us(45 us):  open_hca: getaddr_netdev ERROR:No such device. Is ib1 configured?
node064.cluster:CMA:fdf:dc8e6b80: 155 us(64 us):  open_hca: getaddr_netdev ERROR:No such device. Is ib1 configured?
node064.cluster:SCM:fe6:919c4b80: 9738 us(568 us):  open_hca: device mlx4_0 not found
node064.cluster:SCM:fe3:75519b80: 9830 us(9830 us):  open_hca: device mlx4_0 not found
node064.cluster:SCM:fe2:417cbb80: 10161 us(10161 us):  open_hca: device mlx4_0 not found
node064.cluster:SCM:fda:37e06b80: 10213 us(10213 us):  open_hca: device mlx4_0 not found
node064.cluster:SCM:fdc:c29b7b80: 8321 us(3179 us):  open_hca: device mthca0 not found
node064.cluster:CMA:fe6:919c4b80: 89 us(89 us):  open_hca: getaddr_netdev ERROR:No such device. Is ib0 configured?
node064.cluster:CMA:fe6:919c4b80: 135 us(46 us):  open_hca: getaddr_netdev ERROR:No such device. Is ib1 configured?
node064.cluster:SCM:fe5:e5084b80: 10099 us(4082 us):  open_hca: device mlx4_0 not found
node064.cluster:SCM:fdb:b2c9eb80: 10967 us(4293 us):  open_hca: device mlx4_0 not found
node064.cluster:SCM:fda:37e06b80: 11346 us(1133 us):  open_hca: device mlx4_0 not found
node064.cluster:SCM:fe3:75519b80: 11366 us(1536 us):  open_hca: device mlx4_0 not found
node064.cluster:SCM:fe5:e5084b80: 11091 us(992 us):  open_hca: device mlx4_0 not found
node064.cluster:SCM:fe3:75519b80: 11664 us(298 us):  open_hca: device mlx4_0 not found
node064.cluster:SCM:fdd:c41abb80: 11680 us(11680 us):  open_hca: device mlx4_0 not found
node064.cluster:CMA:fe3:75519b80: 73 us(73 us):  open_hca: getaddr_netdev ERROR:No such device. Is ib0 configured?
node064.cluster:CMA:fe3:75519b80: 117 us(44 us):  open_hca: getaddr_netdev ERROR:No such device. Is ib1 configured?
node064.cluster:CMA:fe5:e5084b80: 91 us(91 us):  open_hca: getaddr_netdev ERROR:No such device. Is ib0 configured?
node064.cluster:CMA:fe5:e5084b80: 152 us(61 us):  open_hca: getaddr_netdev ERROR:No such device. Is ib1 configured?
node064.cluster:SCM:fdd:c41abb80: 12037 us(357 us):  open_hca: device mlx4_0 not found
node064.cluster:SCM:fdd:c41abb80: 12421 us(384 us):  open_hca: device mlx4_0 not found
node064.cluster:SCM:fe5:e5084b80: 12651 us(1560 us):  open_hca: device mthca0 not found
node064.cluster:SCM:fd9:64232b80: 12346 us(12346 us):  open_hca: device mlx4_0 not found
node064.cluster:SCM:fe5:e5084b80: 13003 us(352 us):  open_hca: device mthca0 not found
node064.cluster:CMA:fdd:c41abb80: 64 us(64 us):  open_hca: getaddr_netdev ERROR:No such device. Is ib0 configured?
node064.cluster:CMA:fdd:c41abb80: 99 us(35 us):  open_hca: getaddr_netdev ERROR:No such device. Is ib1 configured?
node064.cluster:SCM:fe5:e5084b80: 13423 us(420 us):  open_hca: device ipath0 not found
node064.cluster:SCM:fdd:c41abb80: 13453 us(1032 us):  open_hca: device mthca0 not found
node064.cluster:SCM:fe5:e5084b80: 13747 us(324 us):  open_hca: device ipath0 not found
node064.cluster:SCM:fdd:c41abb80: 13802 us(349 us):  open_hca: device mthca0 not found
node064.cluster:SCM:fe5:e5084b80: 14066 us(319 us):  open_hca: device ehca0 not found
node064.cluster:CMA:fe5:e5084b80: 2209 us(2057 us):  open_hca: getaddr_netdev ERROR:No such device. Is eth2 configured?
node064.cluster:SCM:fdd:c41abb80: 14096 us(294 us):  open_hca: device ipath0 not found
node064.cluster:SCM:fdd:c41abb80: 14306 us(210 us):  open_hca: device ipath0 not found
node064.cluster:SCM:fdd:c41abb80: 14507 us(201 us):  open_hca: device ehca0 not found
node064.cluster:CMA:fdd:c41abb80: 1601 us(1502 us):  open_hca: getaddr_netdev ERROR:No such device. Is eth2 configured?
node064.cluster:SCM:fe0:a36bbb80: 15277 us(6212 us):  open_hca: device mlx4_0 not found
node064.cluster:SCM:fd9:64232b80: 15064 us(2718 us):  open_hca: device mlx4_0 not found
node064.cluster:SCM:fe4:989d0b80: 15929 us(8098 us):  open_hca: device mthca0 not found
node064.cluster:CMA:fe0:a36bbb80: 64 us(64 us):  open_hca: getaddr_netdev ERROR:No such device. Is ib0 configured?
node064.cluster:CMA:fe0:a36bbb80: 109 us(45 us):  open_hca: getaddr_netdev ERROR:No such device. Is ib1 configured?
node064.cluster:SCM:fdb:b2c9eb80: 16114 us(5147 us):  open_hca: device mlx4_0 not found
node064.cluster:SCM:fe3:75519b80: 16114 us(4450 us):  open_hca: device mthca0 not found
node064.cluster:SCM:fda:37e06b80: 16329 us(4983 us):  open_hca: device mlx4_0 not found
node064.cluster:SCM:fe4:989d0b80: 16451 us(522 us):  open_hca: device mthca0 not found
node064.cluster:UCM:fe5:e5084b80: 382 us(382 us):  open_hca: device mlx4_0 not found
node064.cluster:CMA:fdb:b2c9eb80: 76 us(76 us):  open_hca: getaddr_netdev ERROR:No such device. Is ib0 configured?
node064.cluster:CMA:fdb:b2c9eb80: 119 us(43 us):  open_hca: getaddr_netdev ERROR:No such device. Is ib1 configured?
node064.cluster:CMA:fda:37e06b80: 66 us(66 us):  open_hca: getaddr_netdev ERROR:No such device. Is ib0 configured?
node064.cluster:UCM:fe5:e5084b80: 792 us(410 us):  open_hca: device mlx4_0 not found
node064.cluster:CMA:fda:37e06b80: 110 us(44 us):  open_hca: getaddr_netdev ERROR:No such device. Is ib1 configured?
node064.cluster:SCM:fdb:b2c9eb80: 17290 us(1176 us):  open_hca: device mthca0 not found
node064.cluster:UCM:fe5:e5084b80: 1330 us(538 us):  open_hca: device mthca0 not found
node064.cluster:SCM:fda:37e06b80: 17741 us(1412 us):  open_hca: device mthca0 not found
node064.cluster:SCM:fdb:b2c9eb80: 17835 us(545 us):  open_hca: device mthca0 not found
node064.cluster:SCM:fda:37e06b80: 18212 us(471 us):  open_hca: device mthca0 not found
node064.cluster:SCM:fdb:b2c9eb80: 18250 us(415 us):  open_hca: device ipath0 not found
node064.cluster:SCM:fda:37e06b80: 18566 us(354 us):  open_hca: device ipath0 not found
node064.cluster:SCM:fdb:b2c9eb80: 18606 us(356 us):  open_hca: device ipath0 not found
node064.cluster:SCM:fde:4d06cb80: 17766 us(11068 us):  open_hca: device mlx4_0 not found
node064.cluster:SCM:fdf:dc8e6b80: 17277 us(13815 us):  open_hca: device mthca0 not found
node064.cluster:SCM:fe3:75519b80: 19565 us(3451 us):  open_hca: device mthca0 not found
node064.cluster:SCM:fd9:64232b80: 18704 us(3640 us):  open_hca: device mlx4_0 not found
node064.cluster:CMA:fde:4d06cb80: 66 us(66 us):  open_hca: getaddr_netdev ERROR:No such device. Is ib0 configured?
node064.cluster:CMA:fde:4d06cb80: 113 us(47 us):  open_hca: getaddr_netdev ERROR:No such device. Is ib1 configured?
node064.cluster:SCM:fe3:75519b80: 19908 us(343 us):  open_hca: device ipath0 not found
node064.cluster:SCM:fde:4d06cb80: 18919 us(1153 us):  open_hca: device mthca0 not found
node064.cluster:CMA:fd9:64232b80: 64 us(64 us):  open_hca: getaddr_netdev ERROR:No such device. Is ib0 configured?
node064.cluster:SCM:fe3:75519b80: 20246 us(338 us):  open_hca: device ipath0 not found
node064.cluster:CMA:fd9:64232b80: 106 us(42 us):  open_hca: getaddr_netdev ERROR:No such device. Is ib1 configured?
node064.cluster:SCM:fe4:989d0b80: 20360 us(3909 us):  open_hca: device ipath0 not found
node064.cluster:SCM:fda:37e06b80: 21111 us(2545 us):  open_hca: device ipath0 not found
node064.cluster:SCM:fde:4d06cb80: 20125 us(1206 us):  open_hca: device mthca0 not found
node064.cluster:SCM:fdf:dc8e6b80: 19539 us(2262 us):  open_hca: device mthca0 not found
node064.cluster:SCM:fde:4d06cb80: 20512 us(387 us):  open_hca: device ipath0 not found
node064.cluster:SCM:fdf:dc8e6b80: 19921 us(382 us):  open_hca: device ipath0 not found
node064.cluster:SCM:fde:4d06cb80: 20853 us(341 us):  open_hca: device ipath0 not found
node064.cluster:SCM:fdf:dc8e6b80: 20261 us(340 us):  open_hca: device ipath0 not found
node064.cluster:SCM:fde:4d06cb80: 21186 us(333 us):  open_hca: device ehca0 not found
node064.cluster:CMA:fde:4d06cb80: 2836 us(2723 us):  open_hca: getaddr_netdev ERROR:No such device. Is eth2 configured?
node064.cluster:SCM:fdf:dc8e6b80: 20519 us(258 us):  open_hca: device ehca0 not found
node064.cluster:CMA:fdf:dc8e6b80: 13160 us(13005 us):  open_hca: getaddr_netdev ERROR:No such device. Is eth2 configured?
node064.cluster:UCM:fde:4d06cb80: 329 us(329 us):  open_hca: device mlx4_0 not found
node064.cluster:UCM:fdf:dc8e6b80: 368 us(368 us):  open_hca: device mlx4_0 not found
node064.cluster:UCM:fde:4d06cb80: 670 us(341 us):  open_hca: device mlx4_0 not found
node064.cluster:UCM:fdf:dc8e6b80: 723 us(355 us):  open_hca: device mlx4_0 not found
node064.cluster:UCM:fde:4d06cb80: 1016 us(346 us):  open_hca: device mthca0 not found
node064.cluster:UCM:fe5:e5084b80: 8081 us(6751 us):  open_hca: device mthca0 not found
node064.cluster:CMA:fe5:e5084b80: 12212 us(10003 us):  open_hca: getaddr_netdev ERROR:No such device. Is eth2 configured?
node064.cluster:UCM:fdf:dc8e6b80: 1709 us(986 us):  open_hca: device mthca0 not found
node064.cluster:CMA:fe5:e5084b80: 12241 us(29 us):  open_hca: getaddr_netdev ERROR:No such device. Is eth3 configured?
node064.cluster:SCM:fdb:b2c9eb80: 25657 us(7051 us):  open_hca: device ehca0 not found
node064.cluster:CMA:fdb:b2c9eb80: 9045 us(8926 us):  open_hca: getaddr_netdev ERROR:No such device. Is eth2 configured?
node064.cluster:SCM:fda:37e06b80: 26017 us(4906 us):  open_hca: device ehca0 not found
node064.cluster:SCM:fe4:989d0b80: 26028 us(5668 us):  open_hca: device ipath0 not found
node064.cluster:SCM:fe3:75519b80: 26052 us(5806 us):  open_hca: device ehca0 not found
node064.cluster:CMA:fda:37e06b80: 9049 us(8939 us):  open_hca: getaddr_netdev ERROR:No such device. Is eth2 configured?
node064.cluster:SCM:fdc:c29b7b80: 24156 us(15835 us):  open_hca: device mthca0 not found
node064.cluster:CMA:fe3:75519b80: 13905 us(13788 us):  open_hca: getaddr_netdev ERROR:No such device. Is eth2 configured?
node064.cluster:SCM:fdc:c29b7b80: 24785 us(629 us):  open_hca: device ipath0 not found
node064.cluster:SCM:fe4:989d0b80: 26736 us(708 us):  open_hca: device ehca0 not found
node064.cluster:CMA:fe4:989d0b80: 17470 us(17320 us):  open_hca: getaddr_netdev ERROR:No such device. Is eth2 configured?
node064.cluster:SCM:fdc:c29b7b80: 25161 us(376 us):  open_hca: device ipath0 not found
node064.cluster:SCM:fe1:fcb6bb80: 25687 us(25687 us):  open_hca: device mlx4_0 not found
node064.cluster:UCM:fe4:989d0b80: 410 us(410 us):  open_hca: device mlx4_0 not found
node064.cluster:SCM:fe1:fcb6bb80: 26092 us(405 us):  open_hca: device mlx4_0 not found
node064.cluster:UCM:fe4:989d0b80: 747 us(337 us):  open_hca: device mlx4_0 not found
node064.cluster:SCM:fe1:fcb6bb80: 26423 us(331 us):  open_hca: device mlx4_0 not found
node064.cluster:UCM:fe4:989d0b80: 1025 us(278 us):  open_hca: device mthca0 not found
node064.cluster:UCM:fe4:989d0b80: 1227 us(202 us):  open_hca: device mthca0 not found
node064.cluster:CMA:fe4:989d0b80: 19024 us(1554 us):  open_hca: getaddr_netdev ERROR:No such device. Is eth2 configured?
node064.cluster:CMA:fe4:989d0b80: 19043 us(19 us):  open_hca: getaddr_netdev ERROR:No such device. Is eth3 configured?
node064.cluster:SCM:fe4:989d0b80: 28593 us(1857 us):  open_hca: device mlx4_0 not found
node064.cluster:CMA:fe1:fcb6bb80: 65 us(65 us):  open_hca: getaddr_netdev ERROR:No such device. Is ib0 configured?
node064.cluster:CMA:fe1:fcb6bb80: 106 us(41 us):  open_hca: getaddr_netdev ERROR:No such device. Is ib1 configured?
node064.cluster:SCM:fe4:989d0b80: 28835 us(242 us):  open_hca: device mlx4_0 not found
node064.cluster:SCM:fe1:fcb6bb80: 27439 us(1016 us):  open_hca: device mthca0 not found
node064.cluster:SCM:fe0:a36bbb80: 29171 us(13894 us):  open_hca: device mthca0 not found
node064.cluster:UCM:fdf:dc8e6b80: 6987 us(5278 us):  open_hca: device mthca0 not found
node064.cluster:SCM:fdc:c29b7b80: 27951 us(2790 us):  open_hca: device ehca0 not found
node064.cluster:CMA:fdf:dc8e6b80: 20538 us(7378 us):  open_hca: getaddr_netdev ERROR:No such device. Is eth2 configured?
node064.cluster:CMA:fdf:dc8e6b80: 20557 us(19 us):  open_hca: getaddr_netdev ERROR:No such device. Is eth3 configured?
node064.cluster:CMA:fdc:c29b7b80: 20615 us(20460 us):  open_hca: getaddr_netdev ERROR:No such device. Is eth2 configured?
node064.cluster:UCM:fda:37e06b80: 3441 us(3441 us):  open_hca: device mlx4_0 not found
node064.cluster:SCM:fdf:dc8e6b80: 28284 us(7765 us):  open_hca: device mlx4_0 not found
node064.cluster:UCM:fda:37e06b80: 3853 us(412 us):  open_hca: device mlx4_0 not found
node064.cluster:SCM:fdf:dc8e6b80: 28810 us(526 us):  open_hca: device mlx4_0 not found
node064.cluster:UCM:fde:4d06cb80: 8219 us(7203 us):  open_hca: device mthca0 not found
node064.cluster:UCM:fdc:c29b7b80: 667 us(667 us):  open_hca: device mlx4_0 not found
node064.cluster:UCM:fe3:75519b80: 4492 us(4492 us):  open_hca: device mlx4_0 not found
node064.cluster:UCM:fdd:c41abb80: 14669 us(14669 us):  open_hca: device mlx4_0 not found
node064.cluster:CMA:fde:4d06cb80: 11486 us(8650 us):  open_hca: getaddr_netdev ERROR:No such device. Is eth2 configured?
node064.cluster:CMA:fde:4d06cb80: 11514 us(28 us):  open_hca: getaddr_netdev ERROR:No such device. Is eth3 configured?
node064.cluster:UCM:fda:37e06b80: 4670 us(817 us):  open_hca: device mthca0 not found
node064.cluster:SCM:fe2:417cbb80: 31315 us(21154 us):  open_hca: device mlx4_0 not found
node064.cluster:SCM:fd9:64232b80: 31256 us(12552 us):  open_hca: device mthca0 not found
node064.cluster:UCM:fdc:c29b7b80: 2176 us(1509 us):  open_hca: device mlx4_0 not found
node064.cluster:UCM:fe3:75519b80: 6119 us(1627 us):  open_hca: device mlx4_0 not found
node064.cluster:SCM:fe0:a36bbb80: 32646 us(3475 us):  open_hca: device mthca0 not found
node064.cluster:UCM:fe3:75519b80: 6589 us(470 us):  open_hca: device mthca0 not found
node064.cluster:SCM:fdf:dc8e6b80: 31235 us(2425 us):  open_hca: device scif0 not found
node064.cluster:UCM:fe3:75519b80: 6904 us(315 us):  open_hca: device mthca0 not found
node064.cluster:CMA:fe3:75519b80: 21205 us(7300 us):  open_hca: getaddr_netdev ERROR:No such device. Is eth2 configured?
node064.cluster:CMA:fe3:75519b80: 21224 us(19 us):  open_hca: getaddr_netdev ERROR:No such device. Is eth3 configured?
node064.cluster:UCM:fdf:dc8e6b80: 10662 us(3675 us):  open_hca: device scif0 not found
node064.cluster:CMA:fdf:dc8e6b80: 24174 us(3617 us):  open_hca: getaddr_netdev ERROR:No such device. Is mic0:ib configured?
node064.cluster:SCM:fe3:75519b80: 33777 us(7725 us):  open_hca: device mlx4_0 not found
node064.cluster:SCM:fdf:dc8e6b80: 31930 us(695 us):  open_hca: device mlx4_0 not found
node064.cluster:SCM:fe3:75519b80: 34108 us(331 us):  open_hca: device mlx4_0 not found
node064.cluster:SCM:fdf:dc8e6b80: 32228 us(298 us):  open_hca: device mlx4_0 not found
node064.cluster:SCM:fdf:dc8e6b80: 32477 us(249 us):  open_hca: device mlx4_1 not found
node064.cluster:SCM:fe3:75519b80: 34673 us(565 us):  open_hca: device scif0 not found
node064.cluster:SCM:fdf:dc8e6b80: 32803 us(326 us):  open_hca: device mlx4_1 not found
node064.cluster:SCM:fe6:919c4b80: 35386 us(25648 us):  open_hca: device mthca0 not found
node064.cluster:UCM:fdb:b2c9eb80: 9824 us(9824 us):  open_hca: device mlx4_0 not found
node064.cluster:UCM:fdd:c41abb80: 19898 us(5229 us):  open_hca: device mlx4_0 not found
node064.cluster:UCM:fe3:75519b80: 9795 us(2891 us):  open_hca: device scif0 not found
node064.cluster:CMA:fe3:75519b80: 24107 us(2883 us):  open_hca: getaddr_netdev ERROR:No such device. Is mic0:ib configured?
node064.cluster:UCM:fdb:b2c9eb80: 10554 us(730 us):  open_hca: device mlx4_0 not found
node064.cluster:UCM:fdd:c41abb80: 20514 us(616 us):  open_hca: device mthca0 not found
node064.cluster:UCM:fdb:b2c9eb80: 10898 us(344 us):  open_hca: device mthca0 not found
node064.cluster:UCM:fdd:c41abb80: 20848 us(334 us):  open_hca: device mthca0 not found
node064.cluster:CMA:fdd:c41abb80: 23789 us(22188 us):  open_hca: getaddr_netdev ERROR:No such device. Is eth2 configured?
node064.cluster:CMA:fdd:c41abb80: 23808 us(19 us):  open_hca: getaddr_netdev ERROR:No such device. Is eth3 configured?
node064.cluster:UCM:fdb:b2c9eb80: 11184 us(286 us):  open_hca: device mthca0 not found
node064.cluster:CMA:fdb:b2c9eb80: 20701 us(11656 us):  open_hca: getaddr_netdev ERROR:No such device. Is eth2 configured?
node064.cluster:CMA:fdb:b2c9eb80: 20718 us(17 us):  open_hca: getaddr_netdev ERROR:No such device. Is eth3 configured?
node064.cluster:SCM:fdd:c41abb80: 37020 us(22513 us):  open_hca: device mlx4_0 not found
node064.cluster:SCM:fdb:b2c9eb80: 37757 us(12100 us):  open_hca: device mlx4_0 not found
node064.cluster:SCM:fdd:c41abb80: 37356 us(336 us):  open_hca: device mlx4_0 not found
node064.cluster:SCM:fdb:b2c9eb80: 38017 us(260 us):  open_hca: device mlx4_0 not found
node064.cluster:SCM:fdd:c41abb80: 37848 us(492 us):  open_hca: device scif0 not found
node064.cluster:SCM:fdb:b2c9eb80: 38591 us(574 us):  open_hca: device scif0 not found
node064.cluster:UCM:fdd:c41abb80: 22353 us(1505 us):  open_hca: device scif0 not found
node064.cluster:CMA:fdd:c41abb80: 25288 us(1480 us):  open_hca: getaddr_netdev ERROR:No such device. Is mic0:ib configured?
node064.cluster:UCM:fdb:b2c9eb80: 12746 us(1562 us):  open_hca: device scif0 not found
node064.cluster:CMA:fdb:b2c9eb80: 22261 us(1543 us):  open_hca: getaddr_netdev ERROR:No such device. Is mic0:ib configured?
node064.cluster:SCM:fdd:c41abb80: 38539 us(691 us):  open_hca: device mlx4_0 not found
node064.cluster:SCM:fdb:b2c9eb80: 39305 us(714 us):  open_hca: device mlx4_0 not found
node064.cluster:SCM:fdd:c41abb80: 38881 us(342 us):  open_hca: device mlx4_0 not found
node064.cluster:SCM:fdb:b2c9eb80: 39670 us(365 us):  open_hca: device mlx4_0 not found
node064.cluster:SCM:fdd:c41abb80: 39228 us(347 us):  open_hca: device mlx4_1 not found
node064.cluster:SCM:fe1:fcb6bb80: 38838 us(11399 us):  open_hca: device mthca0 not found
node064.cluster:SCM:fe2:417cbb80: 41041 us(9726 us):  open_hca: device mlx4_0 not found
node064.cluster:UCM:fdf:dc8e6b80: 18759 us(8097 us):  open_hca: device mlx4_1 not found
node064.cluster:SCM:fd9:64232b80: 40972 us(9716 us):  open_hca: device mthca0 not found
node064.cluster:SCM:fde:4d06cb80: 40774 us(19588 us):  open_hca: device mlx4_0 not found
node064.cluster:SCM:fe5:e5084b80: 41539 us(27473 us):  open_hca: device mlx4_0 not found
node064.cluster:CMA:fe2:417cbb80: 103 us(103 us):  open_hca: getaddr_netdev ERROR:No such device. Is ib0 configured?
node064.cluster:CMA:fe2:417cbb80: 156 us(53 us):  open_hca: getaddr_netdev ERROR:No such device. Is ib1 configured?
node064.cluster:SCM:fdb:b2c9eb80: 42253 us(2583 us):  open_hca: device mlx4_1 not found
node064.cluster:UCM:fdc:c29b7b80: 12018 us(9842 us):  open_hca: device mthca0 not found
node064.cluster:SCM:fe3:75519b80: 42686 us(8013 us):  open_hca: device mlx4_0 not found
node064.cluster:SCM:fdd:c41abb80: 42303 us(3075 us):  open_hca: device mlx4_1 not found
node064.cluster:SCM:fe4:989d0b80: 42896 us(14061 us):  open_hca: device scif0 not found
node064.cluster:UCM:fda:37e06b80: 16480 us(11810 us):  open_hca: device mthca0 not found
node064.cluster:CMA:fda:37e06b80: 26082 us(17033 us):  open_hca: getaddr_netdev ERROR:No such device. Is eth2 configured?
node064.cluster:CMA:fda:37e06b80: 26115 us(33 us):  open_hca: getaddr_netdev ERROR:No such device. Is eth3 configured?
node064.cluster:SCM:fe6:919c4b80: 43381 us(7995 us):  open_hca: device mthca0 not found
node064.cluster:UCM:fdd:c41abb80: 27928 us(5575 us):  open_hca: device mlx4_1 not found
node064.cluster:SCM:fde:4d06cb80: 43434 us(2660 us):  open_hca: device mlx4_0 not found
node064.cluster:SCM:fd9:64232b80: 43804 us(2832 us):  open_hca: device ipath0 not found
node064.cluster:SCM:fe5:e5084b80: 44290 us(2751 us):  open_hca: device mlx4_0 not found
node064.cluster:UCM:fdd:c41abb80: 28536 us(608 us):  open_hca: device mlx4_1 not found
node064.cluster:SCM:fd9:64232b80: 44185 us(381 us):  open_hca: device ipath0 not found
node064.cluster:SCM:fde:4d06cb80: 44328 us(894 us):  open_hca: device scif0 not found
node064.cluster:SCM:fe5:e5084b80: 45087 us(797 us):  open_hca: device scif0 not found
node064.cluster:UCM:fde:4d06cb80: 23193 us(14974 us):  open_hca: device scif0 not found
node064.cluster:UCM:fe5:e5084b80: 29567 us(21486 us):  open_hca: device scif0 not found
node064.cluster:CMA:fe5:e5084b80: 33661 us(21420 us):  open_hca: getaddr_netdev ERROR:No such device. Is mic0:ib configured?
node064.cluster:CMA:fde:4d06cb80: 26425 us(14911 us):  open_hca: getaddr_netdev ERROR:No such device. Is mic0:ib configured?
node064.cluster:SCM:fde:4d06cb80: 45177 us(849 us):  open_hca: device mlx4_0 not found
node064.cluster:SCM:fe5:e5084b80: 45924 us(837 us):  open_hca: device mlx4_0 not found
node064.cluster:SCM:fde:4d06cb80: 45567 us(390 us):  open_hca: device mlx4_0 not found
node064.cluster:SCM:fe5:e5084b80: 46314 us(390 us):  open_hca: device mlx4_0 not found
node064.cluster:SCM:fde:4d06cb80: 45954 us(387 us):  open_hca: device mlx4_1 not found
node064.cluster:SCM:fe5:e5084b80: 46701 us(387 us):  open_hca: device mlx4_1 not found
node064.cluster:SCM:fde:4d06cb80: 46331 us(377 us):  open_hca: device mlx4_1 not found
node064.cluster:SCM:fe5:e5084b80: 47079 us(378 us):  open_hca: device mlx4_1 not found
node064.cluster:UCM:fde:4d06cb80: 25154 us(1961 us):  open_hca: device mlx4_1 not found
node064.cluster:UCM:fe5:e5084b80: 31528 us(1961 us):  open_hca: device mlx4_1 not found
node064.cluster:UCM:fde:4d06cb80: 25520 us(366 us):  open_hca: device mlx4_1 not found
node064.cluster:UCM:fe5:e5084b80: 31894 us(366 us):  open_hca: device mlx4_1 not found
node064.cluster:UCM:fdf:dc8e6b80: 26815 us(8056 us):  open_hca: device mlx4_1 not found
node064.cluster:SCM:fdb:b2c9eb80: 49750 us(7497 us):  open_hca: device mlx4_1 not found
node064.cluster:UCM:fdb:b2c9eb80: 23970 us(11224 us):  open_hca: device mlx4_1 not found
node064.cluster:UCM:fdb:b2c9eb80: 24330 us(360 us):  open_hca: device mlx4_1 not found
node064.cluster:SCM:fe3:75519b80: 51175 us(8489 us):  open_hca: device mlx4_0 not found
node064.cluster:SCM:fe0:a36bbb80: 51614 us(18968 us):  open_hca: device ipath0 not found
node064.cluster:UCM:fe4:989d0b80: 24910 us(23683 us):  open_hca: device scif0 not found
node064.cluster:CMA:fe4:989d0b80: 42755 us(23712 us):  open_hca: getaddr_netdev ERROR:No such device. Is mic0:ib configured?
node064.cluster:SCM:fe1:fcb6bb80: 50840 us(12002 us):  open_hca: device ipath0 not found
node064.cluster:SCM:fe0:a36bbb80: 52822 us(1208 us):  open_hca: device ipath0 not found
node064.cluster:SCM:fe1:fcb6bb80: 51270 us(430 us):  open_hca: device ipath0 not found
node064.cluster:SCM:fe1:fcb6bb80: 51601 us(331 us):  open_hca: device ehca0 not found
node064.cluster:CMA:fe1:fcb6bb80: 24669 us(24563 us):  open_hca: getaddr_netdev ERROR:No such device. Is eth2 configured?
node064.cluster:SCM:fe0:a36bbb80: 53275 us(453 us):  open_hca: device ehca0 not found
node064.cluster:CMA:fe0:a36bbb80: 37412 us(37303 us):  open_hca: getaddr_netdev ERROR:No such device. Is eth2 configured?
node064.cluster:UCM:fe1:fcb6bb80: 427 us(427 us):  open_hca: device mlx4_0 not found
node064.cluster:UCM:fe0:a36bbb80: 463 us(463 us):  open_hca: device mlx4_0 not found
node064.cluster:UCM:fe1:fcb6bb80: 787 us(360 us):  open_hca: device mlx4_0 not found
node064.cluster:UCM:fe0:a36bbb80: 898 us(435 us):  open_hca: device mlx4_0 not found
node064.cluster:UCM:fe1:fcb6bb80: 1149 us(362 us):  open_hca: device mthca0 not found
node064.cluster:UCM:fe0:a36bbb80: 1279 us(381 us):  open_hca: device mthca0 not found
node064.cluster:UCM:fe1:fcb6bb80: 1451 us(302 us):  open_hca: device mthca0 not found
node064.cluster:CMA:fe1:fcb6bb80: 26732 us(2063 us):  open_hca: getaddr_netdev ERROR:No such device. Is eth2 configured?
node064.cluster:CMA:fe1:fcb6bb80: 26750 us(18 us):  open_hca: getaddr_netdev ERROR:No such device. Is eth3 configured?
node064.cluster:UCM:fe0:a36bbb80: 1615 us(336 us):  open_hca: device mthca0 not found
node064.cluster:CMA:fe0:a36bbb80: 39577 us(2165 us):  open_hca: getaddr_netdev ERROR:No such device. Is eth2 configured?
node064.cluster:SCM:fe1:fcb6bb80: 53987 us(2386 us):  open_hca: device mlx4_0 not found
node064.cluster:CMA:fe0:a36bbb80: 39846 us(269 us):  open_hca: getaddr_netdev ERROR:No such device. Is eth3 configured?
node064.cluster:SCM:fe1:fcb6bb80: 54204 us(217 us):  open_hca: device mlx4_0 not found
node064.cluster:SCM:fe0:a36bbb80: 56110 us(2835 us):  open_hca: device mlx4_0 not found
node064.cluster:SCM:fe1:fcb6bb80: 54728 us(524 us):  open_hca: device scif0 not found
node064.cluster:SCM:fe0:a36bbb80: 56586 us(476 us):  open_hca: device mlx4_0 not found
node064.cluster:UCM:fe1:fcb6bb80: 2823 us(1372 us):  open_hca: device scif0 not found
node064.cluster:CMA:fe1:fcb6bb80: 28097 us(1347 us):  open_hca: getaddr_netdev ERROR:No such device. Is mic0:ib configured?
node064.cluster:SCM:fe2:417cbb80: 57652 us(16611 us):  open_hca: device mthca0 not found
node064.cluster:UCM:fdc:c29b7b80: 27347 us(15329 us):  open_hca: device mthca0 not found
node064.cluster:SCM:fd9:64232b80: 56836 us(12651 us):  open_hca: device ehca0 not found
node064.cluster:CMA:fdc:c29b7b80: 48390 us(27775 us):  open_hca: getaddr_netdev ERROR:No such device. Is eth2 configured?
node064.cluster:CMA:fdc:c29b7b80: 48421 us(31 us):  open_hca: getaddr_netdev ERROR:No such device. Is eth3 configured?
node064.cluster:CMA:fd9:64232b80: 37662 us(37556 us):  open_hca: getaddr_netdev ERROR:No such device. Is eth2 configured?
node064.cluster:SCM:fe6:919c4b80: 57932 us(14551 us):  open_hca: device ipath0 not found
node064.cluster:SCM:fe2:417cbb80: 58966 us(1314 us):  open_hca: device mthca0 not found
node064.cluster:SCM:fe1:fcb6bb80: 57809 us(3081 us):  open_hca: device mlx4_0 not found
node064.cluster:SCM:fe3:75519b80: 59418 us(8243 us):  open_hca: device mlx4_1 not found
node064.cluster:SCM:fe1:fcb6bb80: 58205 us(396 us):  open_hca: device mlx4_0 not found
node064.cluster:SCM:fe3:75519b80: 59964 us(546 us):  open_hca: device mlx4_1 not found
node064.cluster:SCM:fe1:fcb6bb80: 58512 us(307 us):  open_hca: device mlx4_1 not found
node064.cluster:UCM:fe3:75519b80: 33884 us(24089 us):  open_hca: device mlx4_1 not found
node064.cluster:SCM:fe1:fcb6bb80: 58824 us(312 us):  open_hca: device mlx4_1 not found
node064.cluster:UCM:fe1:fcb6bb80: 6945 us(4122 us):  open_hca: device mlx4_1 not found
node064.cluster:UCM:fe3:75519b80: 34346 us(462 us):  open_hca: device mlx4_1 not found
node064.cluster:UCM:fe1:fcb6bb80: 7189 us(244 us):  open_hca: device mlx4_1 not found
node064.cluster:SCM:fda:37e06b80: 61832 us(35815 us):  open_hca: device mlx4_0 not found
node064.cluster:SCM:fe0:a36bbb80: 62369 us(5783 us):  open_hca: device scif0 not found
node064.cluster:SCM:fe4:989d0b80: 62461 us(19565 us):  open_hca: device mlx4_0 not found
node064.cluster:SCM:fe6:919c4b80: 62751 us(4819 us):  open_hca: device ipath0 not found
node064.cluster:SCM:fdc:c29b7b80: 61458 us(33507 us):  open_hca: device mlx4_0 not found
node064.cluster:SCM:fda:37e06b80: 63485 us(1653 us):  open_hca: device mlx4_0 not found
node064.cluster:SCM:fe4:989d0b80: 63669 us(1208 us):  open_hca: device mlx4_0 not found
node064.cluster:SCM:fdc:c29b7b80: 62003 us(545 us):  open_hca: device mlx4_0 not found
node064.cluster:SCM:fe4:989d0b80: 64188 us(519 us):  open_hca: device mlx4_1 not found
node064.cluster:SCM:fda:37e06b80: 64352 us(867 us):  open_hca: device scif0 not found
node064.cluster:SCM:fdc:c29b7b80: 62821 us(818 us):  open_hca: device scif0 not found
node064.cluster:UCM:fda:37e06b80: 38309 us(21829 us):  open_hca: device scif0 not found
node064.cluster:CMA:fda:37e06b80: 47861 us(21746 us):  open_hca: getaddr_netdev ERROR:No such device. Is mic0:ib configured?
node064.cluster:UCM:fdc:c29b7b80: 34843 us(7496 us):  open_hca: device scif0 not found
node064.cluster:CMA:fdc:c29b7b80: 55842 us(7421 us):  open_hca: getaddr_netdev ERROR:No such device. Is mic0:ib configured?
node064.cluster:SCM:fda:37e06b80: 65250 us(898 us):  open_hca: device mlx4_0 not found
node064.cluster:SCM:fdc:c29b7b80: 63585 us(764 us):  open_hca: device mlx4_0 not found
node064.cluster:SCM:fda:37e06b80: 65596 us(346 us):  open_hca: device mlx4_0 not found
node064.cluster:SCM:fdc:c29b7b80: 63931 us(346 us):  open_hca: device mlx4_0 not found
node064.cluster:SCM:fda:37e06b80: 66015 us(419 us):  open_hca: device mlx4_1 not found
node064.cluster:SCM:fdc:c29b7b80: 64288 us(357 us):  open_hca: device mlx4_1 not found
node064.cluster:SCM:fda:37e06b80: 66367 us(352 us):  open_hca: device mlx4_1 not found
node064.cluster:SCM:fdc:c29b7b80: 64633 us(345 us):  open_hca: device mlx4_1 not found
node064.cluster:UCM:fda:37e06b80: 40177 us(1868 us):  open_hca: device mlx4_1 not found
node064.cluster:UCM:fdc:c29b7b80: 36645 us(1802 us):  open_hca: device mlx4_1 not found
node064.cluster:UCM:fda:37e06b80: 40538 us(361 us):  open_hca: device mlx4_1 not found
node064.cluster:UCM:fdc:c29b7b80: 36975 us(330 us):  open_hca: device mlx4_1 not found
node064.cluster:SCM:fe4:989d0b80: 68541 us(4353 us):  open_hca: device mlx4_1 not found
node064.cluster:UCM:fd9:64232b80: 10660 us(10660 us):  open_hca: device mlx4_0 not found
node064.cluster:SCM:fe2:417cbb80: 69412 us(10446 us):  open_hca: device ipath0 not found
node064.cluster:UCM:fe0:a36bbb80: 15536 us(13921 us):  open_hca: device scif0 not found
node064.cluster:CMA:fe0:a36bbb80: 53537 us(13691 us):  open_hca: getaddr_netdev ERROR:No such device. Is mic0:ib configured?
node064.cluster:SCM:fe6:919c4b80: 69638 us(6887 us):  open_hca: device ehca0 not found
node064.cluster:CMA:fe6:919c4b80: 59253 us(59118 us):  open_hca: getaddr_netdev ERROR:No such device. Is eth2 configured?
node064.cluster:UCM:fe4:989d0b80: 43103 us(18193 us):  open_hca: device mlx4_1 not found
node064.cluster:UCM:fd9:64232b80: 12166 us(1506 us):  open_hca: device mlx4_0 not found
node064.cluster:SCM:fe0:a36bbb80: 70868 us(8499 us):  open_hca: device mlx4_0 not found
node064.cluster:SCM:fe2:417cbb80: 71074 us(1662 us):  open_hca: device ipath0 not found
node064.cluster:UCM:fe6:919c4b80: 1960 us(1960 us):  open_hca: device mlx4_0 not found
node064.cluster:UCM:fe4:989d0b80: 45292 us(2189 us):  open_hca: device mlx4_1 not found
node064.cluster:UCM:fd9:64232b80: 14358 us(2192 us):  open_hca: device mthca0 not found
node064.cluster:SCM:fe2:417cbb80: 72843 us(1769 us):  open_hca: device ehca0 not found
node064.cluster:CMA:fe2:417cbb80: 30830 us(30674 us):  open_hca: getaddr_netdev ERROR:No such device. Is eth2 configured?
node064.cluster:SCM:fe0:a36bbb80: 72798 us(1930 us):  open_hca: device mlx4_0 not found
node064.cluster:UCM:fe6:919c4b80: 2863 us(903 us):  open_hca: device mlx4_0 not found
node064.cluster:UCM:fd9:64232b80: 15961 us(1603 us):  open_hca: device mthca0 not found
node064.cluster:CMA:fd9:64232b80: 54159 us(16497 us):  open_hca: getaddr_netdev ERROR:No such device. Is eth2 configured?
node064.cluster:CMA:fd9:64232b80: 54187 us(28 us):  open_hca: getaddr_netdev ERROR:No such device. Is eth3 configured?
node064.cluster:SCM:fe0:a36bbb80: 74718 us(1920 us):  open_hca: device mlx4_1 not found
node064.cluster:UCM:fe6:919c4b80: 4429 us(1566 us):  open_hca: device mthca0 not found
node064.cluster:UCM:fe2:417cbb80: 1547 us(1547 us):  open_hca: device mlx4_0 not found
node064.cluster:UCM:fe6:919c4b80: 5584 us(1155 us):  open_hca: device mthca0 not found
node064.cluster:UCM:fe2:417cbb80: 2703 us(1156 us):  open_hca: device mlx4_0 not found
node064.cluster:CMA:fe6:919c4b80: 65574 us(6321 us):  open_hca: getaddr_netdev ERROR:No such device. Is eth2 configured?
node064.cluster:SCM:fd9:64232b80: 75072 us(18236 us):  open_hca: device mlx4_0 not found
node064.cluster:CMA:fe6:919c4b80: 65592 us(18 us):  open_hca: getaddr_netdev ERROR:No such device. Is eth3 configured?
node064.cluster:SCM:fe0:a36bbb80: 76282 us(1564 us):  open_hca: device mlx4_1 not found
node064.cluster:UCM:fe2:417cbb80: 3846 us(1143 us):  open_hca: device mthca0 not found
node064.cluster:SCM:fe6:919c4b80: 77325 us(7687 us):  open_hca: device mlx4_0 not found
node064.cluster:SCM:fd9:64232b80: 76669 us(1597 us):  open_hca: device mlx4_0 not found
node064.cluster:UCM:fe0:a36bbb80: 24026 us(8490 us):  open_hca: device mlx4_1 not found
node064.cluster:UCM:fe2:417cbb80: 4720 us(874 us):  open_hca: device mthca0 not found
node064.cluster:SCM:fe6:919c4b80: 78119 us(794 us):  open_hca: device mlx4_0 not found
node064.cluster:CMA:fe2:417cbb80: 36082 us(5252 us):  open_hca: getaddr_netdev ERROR:No such device. Is eth2 configured?
node064.cluster:CMA:fe2:417cbb80: 36365 us(283 us):  open_hca: getaddr_netdev ERROR:No such device. Is eth3 configured?
node064.cluster:UCM:fe0:a36bbb80: 24822 us(796 us):  open_hca: device mlx4_1 not found
node064.cluster:SCM:fd9:64232b80: 77787 us(1118 us):  open_hca: device scif0 not found
node064.cluster:SCM:fe6:919c4b80: 79169 us(1050 us):  open_hca: device scif0 not found
node064.cluster:SCM:fe2:417cbb80: 79183 us(6340 us):  open_hca: device mlx4_0 not found
node064.cluster:UCM:fd9:64232b80: 21660 us(5699 us):  open_hca: device scif0 not found
node064.cluster:CMA:fd9:64232b80: 59856 us(5669 us):  open_hca: getaddr_netdev ERROR:No such device. Is mic0:ib configured?
node064.cluster:SCM:fe2:417cbb80: 80360 us(1177 us):  open_hca: device mlx4_0 not found
node064.cluster:UCM:fe6:919c4b80: 9937 us(4353 us):  open_hca: device scif0 not found
node064.cluster:CMA:fe6:919c4b80: 69921 us(4329 us):  open_hca: getaddr_netdev ERROR:No such device. Is mic0:ib configured?
node064.cluster:SCM:fd9:64232b80: 80098 us(2311 us):  open_hca: device mlx4_0 not found
node064.cluster:SCM:fe6:919c4b80: 81189 us(2020 us):  open_hca: device mlx4_0 not found
node064.cluster:SCM:fe2:417cbb80: 81251 us(891 us):  open_hca: device scif0 not found
node064.cluster:SCM:fe6:919c4b80: 81983 us(794 us):  open_hca: device mlx4_0 not found
node064.cluster:UCM:fe2:417cbb80: 8767 us(4047 us):  open_hca: device scif0 not found
node064.cluster:CMA:fe2:417cbb80: 40078 us(3713 us):  open_hca: getaddr_netdev ERROR:No such device. Is mic0:ib configured?
node064.cluster:SCM:fd9:64232b80: 81236 us(1138 us):  open_hca: device mlx4_0 not found
node064.cluster:SCM:fe6:919c4b80: 82580 us(597 us):  open_hca: device mlx4_1 not found
node064.cluster:SCM:fe2:417cbb80: 82727 us(1476 us):  open_hca: device mlx4_0 not found
node064.cluster:SCM:fe6:919c4b80: 83322 us(742 us):  open_hca: device mlx4_1 not found
node064.cluster:SCM:fe2:417cbb80: 83428 us(701 us):  open_hca: device mlx4_0 not found
node064.cluster:SCM:fd9:64232b80: 82522 us(1286 us):  open_hca: device mlx4_1 not found
node064.cluster:UCM:fe6:919c4b80: 13529 us(3592 us):  open_hca: device mlx4_1 not found
node064.cluster:SCM:fe2:417cbb80: 84053 us(625 us):  open_hca: device mlx4_1 not found
node064.cluster:UCM:fe6:919c4b80: 14295 us(766 us):  open_hca: device mlx4_1 not found
node064.cluster:SCM:fd9:64232b80: 83794 us(1272 us):  open_hca: device mlx4_1 not found
node064.cluster:SCM:fe2:417cbb80: 84787 us(734 us):  open_hca: device mlx4_1 not found
node064.cluster:UCM:fe2:417cbb80: 12073 us(3306 us):  open_hca: device mlx4_1 not found
node064.cluster:UCM:fd9:64232b80: 27423 us(5763 us):  open_hca: device mlx4_1 not found
node064.cluster:UCM:fe2:417cbb80: 12599 us(526 us):  open_hca: device mlx4_1 not found
node064.cluster:UCM:fd9:64232b80: 27792 us(369 us):  open_hca: device mlx4_1 not found
                Step[ FC]     Time          Energy          fmax
*Force-consistent energies used in optimization.
BFGSLineSearch:    0[  0] 20:22:43     -269.087891*       2.1199
BFGSLineSearch:    1[  3] 21:42:10     -269.693349*       2.9394
BFGSLineSearch:    2[  5] 22:45:03     -269.759884*       0.7990
BFGSLineSearch:    3[  6] 23:10:17     -269.889118*       0.3719
BFGSLineSearch:    4[  7] 23:38:13     -269.920504*       0.5042
BFGSLineSearch:    5[  8] 23:59:57     -269.940819*       0.3420
BFGSLineSearch:    6[  9] 00:22:44     -269.951221*       0.4026
BFGSLineSearch:    7[ 10] 00:42:03     -269.968433*       0.2977
BFGSLineSearch:    8[ 11] 01:05:58     -270.010642*       0.5242
BFGSLineSearch:    9[ 13] 01:46:37     -270.020279*       0.6924
BFGSLineSearch:   10[ 14] 02:06:51     -270.036769*       0.3784
BFGSLineSearch:   11[ 15] 02:24:32     -270.047384*       0.2473
BFGSLineSearch:   12[ 16] 02:47:26     -270.060912*       0.6969
BFGSLineSearch:   13[ 18] 03:33:00     -270.068617*       0.9095
BFGSLineSearch:   14[ 19] 03:50:01     -270.083420*       0.3448
BFGSLineSearch:   15[ 22] 04:45:40     -270.109942*       0.4772
BFGSLineSearch:   16[ 24] 05:31:53     -270.114964*       0.5051
BFGSLineSearch:   17[ 25] 05:52:39     -270.123519*       0.2471
BFGSLineSearch:   18[ 26] 06:06:06     -270.127502*       0.1418
BFGSLineSearch:   19[ 27] 06:21:21     -270.129858*       0.1733
BFGSLineSearch:   20[ 28] 06:39:15     -270.131883*       0.1301
BFGSLineSearch:   21[ 29] 06:54:19     -270.133443*       0.1191
BFGSLineSearch:   22[ 30] 07:07:33     -270.134695*       0.1021
BFGSLineSearch:   23[ 32] 07:42:33     -270.135276*       0.2985
BFGSLineSearch:   24[ 35] 08:52:51     -270.136306*       0.2212
BFGSLineSearch:   25[ 36] 09:04:39     -270.139008*       0.0985
