node507.cluster:SCM:892:276ba700: 1771106573 us(1771106573 us!!!):  WARNING: IBV_CLIENT_REREGISTER
node507.cluster:SCM:893:171e4700: 1771106573 us(1771106573 us!!!):  WARNING: IBV_CLIENT_REREGISTER
node506.cluster:SCM:9f0e:9381d700: 1771141641 us(1771141641 us!!!):  WARNING: IBV_CLIENT_REREGISTER
node507.cluster:SCM:894:12457700: 1771106588 us(1771106588 us!!!):  WARNING: IBV_CLIENT_REREGISTER
node506.cluster:SCM:9f0f:7da4b700: 1771141639 us(1771141639 us!!!):  WARNING: IBV_CLIENT_REREGISTER
node507.cluster:SCM:895:bba4a700: 1771106588 us(1771106588 us!!!):  WARNING: IBV_CLIENT_REREGISTER
node506.cluster:SCM:9f14:c1acd700: 1771141629 us(1771141629 us!!!):  WARNING: IBV_CLIENT_REREGISTER
node507.cluster:SCM:898:f0dbf700: 1771106581 us(1771106581 us!!!):  WARNING: IBV_CLIENT_REREGISTER
node506.cluster:SCM:9f15:9f204700: 1771141629 us(1771141629 us!!!):  WARNING: IBV_CLIENT_REREGISTER
node507.cluster:SCM:899:3b1f5700: 1771106581 us(1771106581 us!!!):  WARNING: IBV_CLIENT_REREGISTER
node506.cluster:SCM:9f11:71ffa700: 1771141628 us(1771141628 us!!!):  WARNING: IBV_CLIENT_REREGISTER
node507.cluster:SCM:896:39c27700: 1771106572 us(1771106572 us!!!):  WARNING: IBV_CLIENT_REREGISTER
node506.cluster:SCM:9f12:acc95700: 1771141682 us(1771141682 us!!!):  WARNING: IBV_CLIENT_REREGISTER
node507.cluster:SCM:897:e7062700: 1771106574 us(1771106574 us!!!):  WARNING: IBV_CLIENT_REREGISTER
node506.cluster:SCM:9f13:3c67c700: 1771141633 us(1771141633 us!!!):  WARNING: IBV_CLIENT_REREGISTER
node506.cluster:SCM:9f10:8cc08700: 1771141625 us(1771141625 us!!!):  WARNING: IBV_CLIENT_REREGISTER
                Step[ FC]     Time          Energy          fmax
*Force-consistent energies used in optimization.
BFGSLineSearch:    0[  0] 15:26:26     -234.949634*       2.1863
BFGSLineSearch:    1[  3] 17:17:14     -236.145979*       2.0116
BFGSLineSearch:    2[  5] 18:30:13     -236.279295*       1.3342
BFGSLineSearch:    3[  6] 19:06:59     -236.470398*       0.5735
BFGSLineSearch:    4[  7] 19:32:25     -236.556251*       0.3708
BFGSLineSearch:    5[  8] 20:01:23     -236.584015*       0.5173
BFGSLineSearch:    6[  9] 20:28:09     -236.604694*       0.2503
BFGSLineSearch:    7[ 12] 21:29:19     -236.620088*       0.2119
BFGSLineSearch:    8[ 13] 21:52:52     -236.626544*       0.1990
BFGSLineSearch:    9[ 14] 22:11:45     -236.631950*       0.0842
