node062.cluster:SCM:95a1:2c6f2b80: 4341 us(4341 us):  open_hca: device mlx4_0 not found
node050.cluster:SCM:4d55:5e1a0b80: 8026 us(8026 us):  open_hca: device mlx4_0 not found
node062.cluster:SCM:95a0:15e32b80: 4341 us(4341 us):  open_hca: device mlx4_0 not found
node062.cluster:SCM:95a1:2c6f2b80: 4953 us(612 us):  open_hca: device mlx4_0 not found
node062.cluster:SCM:95a1:2c6f2b80: 5310 us(357 us):  open_hca: device mlx4_0 not found
node062.cluster:SCM:95a0:15e32b80: 5304 us(963 us):  open_hca: device mlx4_0 not found
node062.cluster:SCM:95a0:15e32b80: 5831 us(527 us):  open_hca: device mlx4_0 not found
node062.cluster:CMA:95a1:2c6f2b80: 170 us(170 us):  open_hca: getaddr_netdev ERROR:No such device. Is ib0 configured?
node062.cluster:CMA:95a1:2c6f2b80: 240 us(70 us):  open_hca: getaddr_netdev ERROR:No such device. Is ib1 configured?
node062.cluster:CMA:95a0:15e32b80: 157 us(157 us):  open_hca: getaddr_netdev ERROR:No such device. Is ib0 configured?
node062.cluster:CMA:95a0:15e32b80: 443 us(286 us):  open_hca: getaddr_netdev ERROR:No such device. Is ib1 configured?
node062.cluster:SCM:95a1:2c6f2b80: 7628 us(2318 us):  open_hca: device mthca0 not found
node062.cluster:SCM:95a1:2c6f2b80: 7980 us(352 us):  open_hca: device mthca0 not found
node062.cluster:SCM:95a0:15e32b80: 7984 us(2153 us):  open_hca: device mthca0 not found
node062.cluster:SCM:95a1:2c6f2b80: 8323 us(343 us):  open_hca: device ipath0 not found
node062.cluster:SCM:95a1:2c6f2b80: 8655 us(332 us):  open_hca: device ipath0 not found
node062.cluster:SCM:95a0:15e32b80: 8745 us(761 us):  open_hca: device mthca0 not found
node062.cluster:SCM:95a1:2c6f2b80: 8938 us(283 us):  open_hca: device ehca0 not found
node062.cluster:CMA:95a1:2c6f2b80: 2065 us(1825 us):  open_hca: getaddr_netdev ERROR:No such device. Is eth2 configured?
node062.cluster:SCM:95a0:15e32b80: 9371 us(626 us):  open_hca: device ipath0 not found
node062.cluster:SCM:95a0:15e32b80: 9833 us(462 us):  open_hca: device ipath0 not found
node062.cluster:UCM:95a1:2c6f2b80: 387 us(387 us):  open_hca: device mlx4_0 not found
node062.cluster:SCM:95a0:15e32b80: 10329 us(496 us):  open_hca: device ehca0 not found
node062.cluster:CMA:95a0:15e32b80: 3683 us(3240 us):  open_hca: getaddr_netdev ERROR:No such device. Is eth2 configured?
node062.cluster:UCM:95a1:2c6f2b80: 707 us(320 us):  open_hca: device mlx4_0 not found
node062.cluster:UCM:95a1:2c6f2b80: 1010 us(303 us):  open_hca: device mthca0 not found
node062.cluster:UCM:95a1:2c6f2b80: 1335 us(325 us):  open_hca: device mthca0 not found
node062.cluster:CMA:95a1:2c6f2b80: 4444 us(2379 us):  open_hca: getaddr_netdev ERROR:No such device. Is eth2 configured?
node062.cluster:CMA:95a1:2c6f2b80: 4468 us(24 us):  open_hca: getaddr_netdev ERROR:No such device. Is eth3 configured?
node062.cluster:SCM:95a1:2c6f2b80: 11683 us(2745 us):  open_hca: device mlx4_0 not found
node062.cluster:SCM:95a1:2c6f2b80: 11955 us(272 us):  open_hca: device mlx4_0 not found
node062.cluster:UCM:95a0:15e32b80: 368 us(368 us):  open_hca: device mlx4_0 not found
node062.cluster:SCM:95a1:2c6f2b80: 12597 us(642 us):  open_hca: device scif0 not found
node062.cluster:UCM:95a1:2c6f2b80: 2918 us(1583 us):  open_hca: device scif0 not found
node062.cluster:CMA:95a1:2c6f2b80: 6017 us(1549 us):  open_hca: getaddr_netdev ERROR:No such device. Is mic0:ib configured?
node062.cluster:UCM:95a0:15e32b80: 1041 us(673 us):  open_hca: device mlx4_0 not found
node062.cluster:SCM:95a1:2c6f2b80: 13272 us(675 us):  open_hca: device mlx4_0 not found
node062.cluster:SCM:95a1:2c6f2b80: 13587 us(315 us):  open_hca: device mlx4_0 not found
node062.cluster:UCM:95a0:15e32b80: 1676 us(635 us):  open_hca: device mthca0 not found
node062.cluster:SCM:95a1:2c6f2b80: 13891 us(304 us):  open_hca: device mlx4_1 not found
node062.cluster:SCM:95a1:2c6f2b80: 14197 us(306 us):  open_hca: device mlx4_1 not found
node062.cluster:UCM:95a0:15e32b80: 2279 us(603 us):  open_hca: device mthca0 not found
node062.cluster:UCM:95a1:2c6f2b80: 4514 us(1596 us):  open_hca: device mlx4_1 not found
node062.cluster:CMA:95a0:15e32b80: 7709 us(4026 us):  open_hca: getaddr_netdev ERROR:No such device. Is eth2 configured?
node062.cluster:UCM:95a1:2c6f2b80: 4818 us(304 us):  open_hca: device mlx4_1 not found
node062.cluster:CMA:95a0:15e32b80: 7983 us(274 us):  open_hca: getaddr_netdev ERROR:No such device. Is eth3 configured?
node062.cluster:SCM:95a0:15e32b80: 15504 us(5175 us):  open_hca: device mlx4_0 not found
node062.cluster:SCM:95a0:15e32b80: 16030 us(526 us):  open_hca: device mlx4_0 not found
node062.cluster:SCM:95a0:15e32b80: 16597 us(567 us):  open_hca: device scif0 not found
node062.cluster:UCM:95a0:15e32b80: 4757 us(2478 us):  open_hca: device scif0 not found
node062.cluster:CMA:95a0:15e32b80: 9977 us(1994 us):  open_hca: getaddr_netdev ERROR:No such device. Is mic0:ib configured?
node062.cluster:SCM:95a0:15e32b80: 17263 us(666 us):  open_hca: device mlx4_0 not found
node062.cluster:SCM:95a0:15e32b80: 17545 us(282 us):  open_hca: device mlx4_0 not found
node062.cluster:SCM:95a0:15e32b80: 17814 us(269 us):  open_hca: device mlx4_1 not found
node062.cluster:SCM:95a0:15e32b80: 18095 us(281 us):  open_hca: device mlx4_1 not found
node062.cluster:UCM:95a0:15e32b80: 6428 us(1671 us):  open_hca: device mlx4_1 not found
node062.cluster:UCM:95a0:15e32b80: 6850 us(422 us):  open_hca: device mlx4_1 not found
node050.cluster:SCM:4d55:5e1a0b80: 8384 us(358 us):  open_hca: device mlx4_0 not found
node050.cluster:SCM:4d59:b09cdb80: 8546 us(8546 us):  open_hca: device mlx4_0 not found
node050.cluster:SCM:4d55:5e1a0b80: 8613 us(229 us):  open_hca: device mlx4_0 not found
node050.cluster:SCM:4d5e:e3b7bb80: 8942 us(8942 us):  open_hca: device mlx4_0 not found
node050.cluster:SCM:4d59:b09cdb80: 9760 us(1214 us):  open_hca: device mlx4_0 not found
node050.cluster:SCM:4d53:cc8bdb80: 9777 us(9777 us):  open_hca: device mlx4_0 not found
node050.cluster:SCM:4d5f:9329ab80: 9896 us(9896 us):  open_hca: device mlx4_0 not found
node050.cluster:SCM:4d57:7d55bb80: 9947 us(9947 us):  open_hca: device mlx4_0 not found
node050.cluster:SCM:4d60:64656b80: 10135 us(10135 us):  open_hca: device mlx4_0 not found
node050.cluster:SCM:4d58:772f6b80: 10169 us(10169 us):  open_hca: device mlx4_0 not found
node050.cluster:SCM:4d5d:752bab80: 10341 us(10341 us):  open_hca: device mlx4_0 not found
node050.cluster:SCM:4d5a:25c3db80: 10353 us(10353 us):  open_hca: device mlx4_0 not found
node050.cluster:SCM:4d56:a4103b80: 9535 us(9535 us):  open_hca: device mlx4_0 not found
node050.cluster:SCM:4d54:10a32b80: 10836 us(10836 us):  open_hca: device mlx4_0 not found
node050.cluster:SCM:4d5b:b78c1b80: 10907 us(10907 us):  open_hca: device mlx4_0 not found
node050.cluster:SCM:4d5c:c14c3b80: 11224 us(11224 us):  open_hca: device mlx4_0 not found
node050.cluster:CMA:4d55:5e1a0b80: 82 us(82 us):  open_hca: getaddr_netdev ERROR:No such device. Is ib0 configured?
node050.cluster:CMA:4d55:5e1a0b80: 129 us(47 us):  open_hca: getaddr_netdev ERROR:No such device. Is ib1 configured?
node050.cluster:SCM:4d5b:b78c1b80: 12301 us(1394 us):  open_hca: device mlx4_0 not found
node050.cluster:SCM:4d5c:c14c3b80: 12275 us(1051 us):  open_hca: device mlx4_0 not found
node050.cluster:SCM:4d55:5e1a0b80: 12783 us(4170 us):  open_hca: device mthca0 not found
node050.cluster:SCM:4d5b:b78c1b80: 13054 us(753 us):  open_hca: device mlx4_0 not found
node050.cluster:SCM:4d5c:c14c3b80: 13003 us(728 us):  open_hca: device mlx4_0 not found
node050.cluster:SCM:4d55:5e1a0b80: 13325 us(542 us):  open_hca: device mthca0 not found
node050.cluster:CMA:4d5b:b78c1b80: 76 us(76 us):  open_hca: getaddr_netdev ERROR:No such device. Is ib0 configured?
node050.cluster:CMA:4d5c:c14c3b80: 78 us(78 us):  open_hca: getaddr_netdev ERROR:No such device. Is ib0 configured?
node050.cluster:CMA:4d5b:b78c1b80: 120 us(44 us):  open_hca: getaddr_netdev ERROR:No such device. Is ib1 configured?
node050.cluster:CMA:4d5c:c14c3b80: 124 us(46 us):  open_hca: getaddr_netdev ERROR:No such device. Is ib1 configured?
node050.cluster:SCM:4d5e:e3b7bb80: 15302 us(6360 us):  open_hca: device mlx4_0 not found
node050.cluster:SCM:4d57:7d55bb80: 17390 us(7443 us):  open_hca: device mlx4_0 not found
node050.cluster:SCM:4d5f:9329ab80: 17688 us(7792 us):  open_hca: device mlx4_0 not found
node050.cluster:SCM:4d5d:752bab80: 18081 us(7740 us):  open_hca: device mlx4_0 not found
node050.cluster:SCM:4d59:b09cdb80: 18139 us(8379 us):  open_hca: device mlx4_0 not found
node050.cluster:SCM:4d55:5e1a0b80: 18575 us(5250 us):  open_hca: device ipath0 not found
node050.cluster:CMA:4d59:b09cdb80: 54 us(54 us):  open_hca: getaddr_netdev ERROR:No such device. Is ib0 configured?
node050.cluster:CMA:4d59:b09cdb80: 86 us(32 us):  open_hca: getaddr_netdev ERROR:No such device. Is ib1 configured?
node050.cluster:SCM:4d5b:b78c1b80: 18882 us(5828 us):  open_hca: device mthca0 not found
node050.cluster:SCM:4d55:5e1a0b80: 19443 us(868 us):  open_hca: device ipath0 not found
node050.cluster:SCM:4d59:b09cdb80: 19415 us(1276 us):  open_hca: device mthca0 not found
node050.cluster:SCM:4d59:b09cdb80: 19751 us(336 us):  open_hca: device mthca0 not found
node050.cluster:SCM:4d55:5e1a0b80: 19807 us(364 us):  open_hca: device ehca0 not found
node050.cluster:CMA:4d55:5e1a0b80: 8221 us(8092 us):  open_hca: getaddr_netdev ERROR:No such device. Is eth2 configured?
node050.cluster:SCM:4d59:b09cdb80: 19963 us(212 us):  open_hca: device ipath0 not found
node050.cluster:SCM:4d59:b09cdb80: 20164 us(201 us):  open_hca: device ipath0 not found
node050.cluster:SCM:4d59:b09cdb80: 20346 us(182 us):  open_hca: device ehca0 not found
node050.cluster:CMA:4d59:b09cdb80: 1705 us(1619 us):  open_hca: getaddr_netdev ERROR:No such device. Is eth2 configured?
node050.cluster:SCM:4d60:64656b80: 20892 us(10757 us):  open_hca: device mlx4_0 not found
node050.cluster:SCM:4d5e:e3b7bb80: 21443 us(6141 us):  open_hca: device mlx4_0 not found
node050.cluster:SCM:4d53:cc8bdb80: 21782 us(12005 us):  open_hca: device mlx4_0 not found
node050.cluster:CMA:4d5e:e3b7bb80: 58 us(58 us):  open_hca: getaddr_netdev ERROR:No such device. Is ib0 configured?
node050.cluster:CMA:4d5e:e3b7bb80: 96 us(38 us):  open_hca: getaddr_netdev ERROR:No such device. Is ib1 configured?
node050.cluster:SCM:4d56:a4103b80: 21087 us(11552 us):  open_hca: device mlx4_0 not found
node050.cluster:SCM:4d58:772f6b80: 22459 us(12290 us):  open_hca: device mlx4_0 not found
node050.cluster:SCM:4d54:10a32b80: 22749 us(11913 us):  open_hca: device mlx4_0 not found
node050.cluster:SCM:4d5c:c14c3b80: 23177 us(10174 us):  open_hca: device mthca0 not found
node050.cluster:SCM:4d5a:25c3db80: 23446 us(13093 us):  open_hca: device mlx4_0 not found
node050.cluster:SCM:4d5f:9329ab80: 24668 us(6980 us):  open_hca: device mlx4_0 not found
node050.cluster:SCM:4d57:7d55bb80: 24664 us(7274 us):  open_hca: device mlx4_0 not found
node050.cluster:SCM:4d5d:752bab80: 25245 us(7164 us):  open_hca: device mlx4_0 not found
node050.cluster:CMA:4d5f:9329ab80: 59 us(59 us):  open_hca: getaddr_netdev ERROR:No such device. Is ib0 configured?
node050.cluster:CMA:4d5f:9329ab80: 98 us(39 us):  open_hca: getaddr_netdev ERROR:No such device. Is ib1 configured?
node050.cluster:CMA:4d57:7d55bb80: 88 us(88 us):  open_hca: getaddr_netdev ERROR:No such device. Is ib0 configured?
node050.cluster:CMA:4d57:7d55bb80: 123 us(35 us):  open_hca: getaddr_netdev ERROR:No such device. Is ib1 configured?
node050.cluster:CMA:4d5d:752bab80: 53 us(53 us):  open_hca: getaddr_netdev ERROR:No such device. Is ib0 configured?
node050.cluster:CMA:4d5d:752bab80: 88 us(35 us):  open_hca: getaddr_netdev ERROR:No such device. Is ib1 configured?
node050.cluster:SCM:4d5b:b78c1b80: 26675 us(7793 us):  open_hca: device mthca0 not found
node050.cluster:SCM:4d60:64656b80: 27088 us(6196 us):  open_hca: device mlx4_0 not found
node050.cluster:CMA:4d60:64656b80: 53 us(53 us):  open_hca: getaddr_netdev ERROR:No such device. Is ib0 configured?
node050.cluster:CMA:4d60:64656b80: 94 us(41 us):  open_hca: getaddr_netdev ERROR:No such device. Is ib1 configured?
node050.cluster:SCM:4d53:cc8bdb80: 28476 us(6694 us):  open_hca: device mlx4_0 not found
node050.cluster:SCM:4d5e:e3b7bb80: 28566 us(7123 us):  open_hca: device mthca0 not found
node050.cluster:UCM:4d55:5e1a0b80: 7179 us(7179 us):  open_hca: device mlx4_0 not found
node050.cluster:UCM:4d59:b09cdb80: 7400 us(7400 us):  open_hca: device mlx4_0 not found
node050.cluster:CMA:4d53:cc8bdb80: 48 us(48 us):  open_hca: getaddr_netdev ERROR:No such device. Is ib0 configured?
node050.cluster:CMA:4d53:cc8bdb80: 79 us(31 us):  open_hca: getaddr_netdev ERROR:No such device. Is ib1 configured?
node050.cluster:SCM:4d54:10a32b80: 29390 us(6641 us):  open_hca: device mlx4_0 not found
node050.cluster:SCM:4d58:772f6b80: 29386 us(6927 us):  open_hca: device mlx4_0 not found
node050.cluster:SCM:4d56:a4103b80: 28605 us(7518 us):  open_hca: device mlx4_0 not found
node050.cluster:CMA:4d54:10a32b80: 46 us(46 us):  open_hca: getaddr_netdev ERROR:No such device. Is ib0 configured?
node050.cluster:CMA:4d54:10a32b80: 75 us(29 us):  open_hca: getaddr_netdev ERROR:No such device. Is ib1 configured?
node050.cluster:SCM:4d5c:c14c3b80: 29829 us(6652 us):  open_hca: device mthca0 not found
node050.cluster:SCM:4d5a:25c3db80: 29981 us(6535 us):  open_hca: device mlx4_0 not found
node050.cluster:CMA:4d58:772f6b80: 54 us(54 us):  open_hca: getaddr_netdev ERROR:No such device. Is ib0 configured?
node050.cluster:CMA:4d58:772f6b80: 84 us(30 us):  open_hca: getaddr_netdev ERROR:No such device. Is ib1 configured?
node050.cluster:CMA:4d56:a4103b80: 56 us(56 us):  open_hca: getaddr_netdev ERROR:No such device. Is ib0 configured?
node050.cluster:CMA:4d56:a4103b80: 100 us(44 us):  open_hca: getaddr_netdev ERROR:No such device. Is ib1 configured?
node050.cluster:SCM:4d60:64656b80: 30603 us(3515 us):  open_hca: device mthca0 not found
node050.cluster:CMA:4d5a:25c3db80: 56 us(56 us):  open_hca: getaddr_netdev ERROR:No such device. Is ib0 configured?
node050.cluster:CMA:4d5a:25c3db80: 90 us(34 us):  open_hca: getaddr_netdev ERROR:No such device. Is ib1 configured?
node050.cluster:SCM:4d60:64656b80: 31024 us(421 us):  open_hca: device mthca0 not found
node050.cluster:SCM:4d5a:25c3db80: 31037 us(1056 us):  open_hca: device mthca0 not found
node050.cluster:SCM:4d5f:9329ab80: 31792 us(7124 us):  open_hca: device mthca0 not found
node050.cluster:SCM:4d58:772f6b80: 33676 us(4290 us):  open_hca: device mthca0 not found
node050.cluster:SCM:4d5d:752bab80: 33781 us(8536 us):  open_hca: device mthca0 not found
node050.cluster:SCM:4d57:7d55bb80: 34391 us(9727 us):  open_hca: device mthca0 not found
node050.cluster:SCM:4d5b:b78c1b80: 34510 us(7835 us):  open_hca: device ipath0 not found
node050.cluster:UCM:4d59:b09cdb80: 14296 us(6896 us):  open_hca: device mlx4_0 not found
node050.cluster:UCM:4d55:5e1a0b80: 14966 us(7787 us):  open_hca: device mlx4_0 not found
node050.cluster:SCM:4d60:64656b80: 36654 us(5630 us):  open_hca: device ipath0 not found
node050.cluster:SCM:4d54:10a32b80: 36846 us(7456 us):  open_hca: device mthca0 not found
node050.cluster:SCM:4d5a:25c3db80: 36935 us(5898 us):  open_hca: device mthca0 not found
node050.cluster:SCM:4d5e:e3b7bb80: 37122 us(8556 us):  open_hca: device mthca0 not found
node050.cluster:SCM:4d53:cc8bdb80: 37917 us(9441 us):  open_hca: device mthca0 not found
node050.cluster:SCM:4d5f:9329ab80: 38149 us(6357 us):  open_hca: device mthca0 not found
node050.cluster:SCM:4d56:a4103b80: 37267 us(8662 us):  open_hca: device mthca0 not found
node050.cluster:SCM:4d5c:c14c3b80: 38344 us(8515 us):  open_hca: device ipath0 not found
node050.cluster:SCM:4d5d:752bab80: 40431 us(6650 us):  open_hca: device mthca0 not found
node050.cluster:SCM:4d58:772f6b80: 40696 us(7020 us):  open_hca: device mthca0 not found
node050.cluster:SCM:4d57:7d55bb80: 41410 us(7019 us):  open_hca: device mthca0 not found
node050.cluster:SCM:4d5b:b78c1b80: 42159 us(7649 us):  open_hca: device ipath0 not found
node050.cluster:UCM:4d59:b09cdb80: 21428 us(7132 us):  open_hca: device mthca0 not found
node050.cluster:SCM:4d57:7d55bb80: 43264 us(1854 us):  open_hca: device ipath0 not found
node050.cluster:SCM:4d5b:b78c1b80: 43287 us(1128 us):  open_hca: device ehca0 not found
node050.cluster:CMA:4d5b:b78c1b80: 29504 us(29384 us):  open_hca: getaddr_netdev ERROR:No such device. Is eth2 configured?
node050.cluster:SCM:4d57:7d55bb80: 43487 us(223 us):  open_hca: device ipath0 not found
node050.cluster:SCM:4d57:7d55bb80: 43697 us(210 us):  open_hca: device ehca0 not found
node050.cluster:CMA:4d57:7d55bb80: 18293 us(18170 us):  open_hca: getaddr_netdev ERROR:No such device. Is eth2 configured?
node050.cluster:UCM:4d5b:b78c1b80: 240 us(240 us):  open_hca: device mlx4_0 not found
node050.cluster:UCM:4d5b:b78c1b80: 519 us(279 us):  open_hca: device mlx4_0 not found
node050.cluster:UCM:4d57:7d55bb80: 370 us(370 us):  open_hca: device mlx4_0 not found
node050.cluster:UCM:4d5b:b78c1b80: 814 us(295 us):  open_hca: device mthca0 not found
node050.cluster:UCM:4d57:7d55bb80: 707 us(337 us):  open_hca: device mlx4_0 not found
node050.cluster:UCM:4d5b:b78c1b80: 1117 us(303 us):  open_hca: device mthca0 not found
node050.cluster:CMA:4d5b:b78c1b80: 30979 us(1475 us):  open_hca: getaddr_netdev ERROR:No such device. Is eth2 configured?
node050.cluster:CMA:4d5b:b78c1b80: 30994 us(15 us):  open_hca: getaddr_netdev ERROR:No such device. Is eth3 configured?
node050.cluster:UCM:4d57:7d55bb80: 984 us(277 us):  open_hca: device mthca0 not found
node050.cluster:SCM:4d5b:b78c1b80: 45127 us(1840 us):  open_hca: device mlx4_0 not found
node050.cluster:SCM:4d60:64656b80: 45999 us(9345 us):  open_hca: device ipath0 not found
node050.cluster:SCM:4d5a:25c3db80: 46116 us(9181 us):  open_hca: device ipath0 not found
node050.cluster:UCM:4d55:5e1a0b80: 25118 us(10152 us):  open_hca: device mthca0 not found
node050.cluster:SCM:4d54:10a32b80: 46693 us(9847 us):  open_hca: device mthca0 not found
node050.cluster:SCM:4d5e:e3b7bb80: 46701 us(9579 us):  open_hca: device ipath0 not found
node050.cluster:SCM:4d53:cc8bdb80: 47252 us(9335 us):  open_hca: device mthca0 not found
node050.cluster:SCM:4d5f:9329ab80: 47454 us(9305 us):  open_hca: device ipath0 not found
node050.cluster:SCM:4d56:a4103b80: 46805 us(9538 us):  open_hca: device mthca0 not found
node050.cluster:SCM:4d5c:c14c3b80: 47895 us(9551 us):  open_hca: device ipath0 not found
node050.cluster:UCM:4d57:7d55bb80: 4466 us(3482 us):  open_hca: device mthca0 not found
node050.cluster:CMA:4d57:7d55bb80: 23053 us(4760 us):  open_hca: getaddr_netdev ERROR:No such device. Is eth2 configured?
node050.cluster:CMA:4d57:7d55bb80: 23073 us(20 us):  open_hca: getaddr_netdev ERROR:No such device. Is eth3 configured?
node050.cluster:SCM:4d5d:752bab80: 48953 us(8522 us):  open_hca: device ipath0 not found
node050.cluster:SCM:4d5b:b78c1b80: 51086 us(5959 us):  open_hca: device mlx4_0 not found
node050.cluster:SCM:4d58:772f6b80: 51118 us(10422 us):  open_hca: device ipath0 not found
node050.cluster:UCM:4d59:b09cdb80: 30530 us(9102 us):  open_hca: device mthca0 not found
node050.cluster:CMA:4d59:b09cdb80: 33322 us(31617 us):  open_hca: getaddr_netdev ERROR:No such device. Is eth2 configured?
node050.cluster:CMA:4d59:b09cdb80: 33346 us(24 us):  open_hca: getaddr_netdev ERROR:No such device. Is eth3 configured?
node050.cluster:SCM:4d60:64656b80: 53353 us(7354 us):  open_hca: device ehca0 not found
node050.cluster:SCM:4d54:10a32b80: 53378 us(6685 us):  open_hca: device ipath0 not found
node050.cluster:CMA:4d60:64656b80: 25791 us(25697 us):  open_hca: getaddr_netdev ERROR:No such device. Is eth2 configured?
node050.cluster:SCM:4d53:cc8bdb80: 53704 us(6452 us):  open_hca: device ipath0 not found
node050.cluster:UCM:4d55:5e1a0b80: 32371 us(7253 us):  open_hca: device mthca0 not found
node050.cluster:CMA:4d55:5e1a0b80: 42275 us(34054 us):  open_hca: getaddr_netdev ERROR:No such device. Is eth2 configured?
node050.cluster:SCM:4d5f:9329ab80: 53866 us(6412 us):  open_hca: device ipath0 not found
node050.cluster:CMA:4d55:5e1a0b80: 42303 us(28 us):  open_hca: getaddr_netdev ERROR:No such device. Is eth3 configured?
node050.cluster:SCM:4d5e:e3b7bb80: 54096 us(7395 us):  open_hca: device ipath0 not found
node050.cluster:SCM:4d5c:c14c3b80: 54968 us(7073 us):  open_hca: device ehca0 not found
node050.cluster:CMA:4d5c:c14c3b80: 41320 us(41196 us):  open_hca: getaddr_netdev ERROR:No such device. Is eth2 configured?
node050.cluster:SCM:4d56:a4103b80: 54188 us(7383 us):  open_hca: device ipath0 not found
node050.cluster:SCM:4d57:7d55bb80: 55260 us(11563 us):  open_hca: device mlx4_0 not found
node050.cluster:SCM:4d5a:25c3db80: 56049 us(9933 us):  open_hca: device ipath0 not found
node050.cluster:SCM:4d58:772f6b80: 57088 us(5970 us):  open_hca: device ipath0 not found
node050.cluster:SCM:4d5d:752bab80: 57416 us(8463 us):  open_hca: device ipath0 not found
node050.cluster:SCM:4d59:b09cdb80: 58391 us(38045 us):  open_hca: device mlx4_0 not found
node050.cluster:SCM:4d54:10a32b80: 59153 us(5775 us):  open_hca: device ipath0 not found
node050.cluster:SCM:4d53:cc8bdb80: 59173 us(5469 us):  open_hca: device ipath0 not found
node050.cluster:SCM:4d56:a4103b80: 58211 us(4023 us):  open_hca: device ipath0 not found
node050.cluster:SCM:4d53:cc8bdb80: 59741 us(568 us):  open_hca: device ehca0 not found
node050.cluster:SCM:4d56:a4103b80: 58742 us(531 us):  open_hca: device ehca0 not found
node050.cluster:CMA:4d53:cc8bdb80: 30807 us(30728 us):  open_hca: getaddr_netdev ERROR:No such device. Is eth2 configured?
node050.cluster:CMA:4d56:a4103b80: 29518 us(29418 us):  open_hca: getaddr_netdev ERROR:No such device. Is eth2 configured?
node050.cluster:UCM:4d53:cc8bdb80: 375 us(375 us):  open_hca: device mlx4_0 not found
node050.cluster:UCM:4d56:a4103b80: 392 us(392 us):  open_hca: device mlx4_0 not found
node050.cluster:UCM:4d53:cc8bdb80: 688 us(313 us):  open_hca: device mlx4_0 not found
node050.cluster:UCM:4d56:a4103b80: 807 us(415 us):  open_hca: device mlx4_0 not found
node050.cluster:UCM:4d53:cc8bdb80: 988 us(300 us):  open_hca: device mthca0 not found
node050.cluster:UCM:4d56:a4103b80: 1243 us(436 us):  open_hca: device mthca0 not found
node050.cluster:UCM:4d53:cc8bdb80: 1313 us(325 us):  open_hca: device mthca0 not found
node050.cluster:CMA:4d53:cc8bdb80: 32585 us(1778 us):  open_hca: getaddr_netdev ERROR:No such device. Is eth2 configured?
node050.cluster:CMA:4d53:cc8bdb80: 32603 us(18 us):  open_hca: getaddr_netdev ERROR:No such device. Is eth3 configured?
node050.cluster:UCM:4d56:a4103b80: 1662 us(419 us):  open_hca: device mthca0 not found
node050.cluster:SCM:4d53:cc8bdb80: 61905 us(2164 us):  open_hca: device mlx4_0 not found
node050.cluster:CMA:4d56:a4103b80: 31646 us(2128 us):  open_hca: getaddr_netdev ERROR:No such device. Is eth2 configured?
node050.cluster:CMA:4d56:a4103b80: 31668 us(22 us):  open_hca: getaddr_netdev ERROR:No such device. Is eth3 configured?
node050.cluster:SCM:4d53:cc8bdb80: 62225 us(320 us):  open_hca: device mlx4_0 not found
node050.cluster:SCM:4d5b:b78c1b80: 63226 us(12140 us):  open_hca: device scif0 not found
node050.cluster:SCM:4d5f:9329ab80: 63395 us(9529 us):  open_hca: device ehca0 not found
node050.cluster:CMA:4d5f:9329ab80: 38125 us(38027 us):  open_hca: getaddr_netdev ERROR:No such device. Is eth2 configured?
node050.cluster:SCM:4d55:5e1a0b80: 63461 us(43654 us):  open_hca: device mlx4_0 not found
node050.cluster:SCM:4d5a:25c3db80: 63532 us(7483 us):  open_hca: device ehca0 not found
node050.cluster:CMA:4d5a:25c3db80: 33029 us(32939 us):  open_hca: getaddr_netdev ERROR:No such device. Is eth2 configured?
node050.cluster:SCM:4d56:a4103b80: 62771 us(4029 us):  open_hca: device mlx4_0 not found
node050.cluster:SCM:4d57:7d55bb80: 63755 us(8495 us):  open_hca: device mlx4_0 not found
node050.cluster:SCM:4d54:10a32b80: 66024 us(6871 us):  open_hca: device ehca0 not found
node050.cluster:CMA:4d54:10a32b80: 36200 us(36125 us):  open_hca: getaddr_netdev ERROR:No such device. Is eth2 configured?
node050.cluster:SCM:4d5e:e3b7bb80: 66338 us(12242 us):  open_hca: device ehca0 not found
node050.cluster:CMA:4d5e:e3b7bb80: 44358 us(44262 us):  open_hca: getaddr_netdev ERROR:No such device. Is eth2 configured?
node050.cluster:UCM:4d5b:b78c1b80: 23134 us(22017 us):  open_hca: device scif0 not found
node050.cluster:CMA:4d5b:b78c1b80: 53070 us(22076 us):  open_hca: getaddr_netdev ERROR:No such device. Is mic0:ib configured?
node050.cluster:UCM:4d5c:c14c3b80: 12480 us(12480 us):  open_hca: device mlx4_0 not found
node050.cluster:UCM:4d60:64656b80: 15486 us(15486 us):  open_hca: device mlx4_0 not found
node050.cluster:SCM:4d56:a4103b80: 68425 us(5654 us):  open_hca: device mlx4_0 not found
node050.cluster:SCM:4d53:cc8bdb80: 69494 us(7269 us):  open_hca: device scif0 not found
node050.cluster:UCM:4d5f:9329ab80: 6016 us(6016 us):  open_hca: device mlx4_0 not found
node050.cluster:SCM:4d5d:752bab80: 69724 us(12308 us):  open_hca: device ehca0 not found
node050.cluster:CMA:4d5d:752bab80: 44028 us(43940 us):  open_hca: getaddr_netdev ERROR:No such device. Is eth2 configured?
node050.cluster:UCM:4d54:10a32b80: 3697 us(3697 us):  open_hca: device mlx4_0 not found
node050.cluster:SCM:4d57:7d55bb80: 70252 us(6497 us):  open_hca: device scif0 not found
node050.cluster:SCM:4d59:b09cdb80: 70286 us(11895 us):  open_hca: device mlx4_0 not found
node050.cluster:SCM:4d58:772f6b80: 70593 us(13505 us):  open_hca: device ehca0 not found
node050.cluster:CMA:4d58:772f6b80: 40722 us(40638 us):  open_hca: getaddr_netdev ERROR:No such device. Is eth2 configured?
node050.cluster:UCM:4d5a:25c3db80: 6826 us(6826 us):  open_hca: device mlx4_0 not found
node050.cluster:SCM:4d55:5e1a0b80: 71162 us(7701 us):  open_hca: device mlx4_0 not found
node050.cluster:UCM:4d5c:c14c3b80: 15713 us(3233 us):  open_hca: device mlx4_0 not found
node050.cluster:UCM:4d5e:e3b7bb80: 5782 us(5782 us):  open_hca: device mlx4_0 not found
node050.cluster:UCM:4d60:64656b80: 20897 us(5411 us):  open_hca: device mlx4_0 not found
node050.cluster:SCM:4d5b:b78c1b80: 74662 us(11436 us):  open_hca: device mlx4_0 not found
node050.cluster:UCM:4d5f:9329ab80: 12615 us(6599 us):  open_hca: device mlx4_0 not found
node050.cluster:UCM:4d58:772f6b80: 5414 us(5414 us):  open_hca: device mlx4_0 not found
node050.cluster:SCM:4d56:a4103b80: 75522 us(7097 us):  open_hca: device scif0 not found
node050.cluster:UCM:4d5d:752bab80: 6357 us(6357 us):  open_hca: device mlx4_0 not found
node050.cluster:SCM:4d55:5e1a0b80: 76623 us(5461 us):  open_hca: device scif0 not found
node050.cluster:UCM:4d54:10a32b80: 10272 us(6575 us):  open_hca: device mlx4_0 not found
node050.cluster:UCM:4d57:7d55bb80: 33378 us(28912 us):  open_hca: device scif0 not found
node050.cluster:CMA:4d57:7d55bb80: 51967 us(28894 us):  open_hca: getaddr_netdev ERROR:No such device. Is mic0:ib configured?
node050.cluster:UCM:4d53:cc8bdb80: 17952 us(16639 us):  open_hca: device scif0 not found
node050.cluster:CMA:4d53:cc8bdb80: 49250 us(16647 us):  open_hca: getaddr_netdev ERROR:No such device. Is mic0:ib configured?
node050.cluster:SCM:4d59:b09cdb80: 78828 us(8542 us):  open_hca: device scif0 not found
node050.cluster:UCM:4d5a:25c3db80: 14930 us(8104 us):  open_hca: device mlx4_0 not found
node050.cluster:UCM:4d5c:c14c3b80: 24101 us(8388 us):  open_hca: device mthca0 not found
node050.cluster:UCM:4d5e:e3b7bb80: 14066 us(8284 us):  open_hca: device mlx4_0 not found
node050.cluster:UCM:4d55:5e1a0b80: 60312 us(27941 us):  open_hca: device scif0 not found
node050.cluster:CMA:4d55:5e1a0b80: 70167 us(27864 us):  open_hca: getaddr_netdev ERROR:No such device. Is mic0:ib configured?
node050.cluster:UCM:4d5d:752bab80: 11609 us(5252 us):  open_hca: device mlx4_0 not found
node050.cluster:UCM:4d59:b09cdb80: 60816 us(30286 us):  open_hca: device scif0 not found
node050.cluster:CMA:4d59:b09cdb80: 63598 us(30252 us):  open_hca: getaddr_netdev ERROR:No such device. Is mic0:ib configured?
node050.cluster:SCM:4d55:5e1a0b80: 82296 us(5673 us):  open_hca: device mlx4_0 not found
node050.cluster:SCM:4d55:5e1a0b80: 82665 us(369 us):  open_hca: device mlx4_0 not found
node050.cluster:SCM:4d59:b09cdb80: 82640 us(3812 us):  open_hca: device mlx4_0 not found
node050.cluster:SCM:4d55:5e1a0b80: 83017 us(352 us):  open_hca: device mlx4_1 not found
node050.cluster:SCM:4d59:b09cdb80: 83015 us(375 us):  open_hca: device mlx4_0 not found
node050.cluster:SCM:4d55:5e1a0b80: 83359 us(342 us):  open_hca: device mlx4_1 not found
node050.cluster:SCM:4d59:b09cdb80: 83359 us(344 us):  open_hca: device mlx4_1 not found
node050.cluster:UCM:4d55:5e1a0b80: 62276 us(1964 us):  open_hca: device mlx4_1 not found
node050.cluster:SCM:4d59:b09cdb80: 83691 us(332 us):  open_hca: device mlx4_1 not found
node050.cluster:UCM:4d55:5e1a0b80: 62593 us(317 us):  open_hca: device mlx4_1 not found
node050.cluster:UCM:4d59:b09cdb80: 62622 us(1806 us):  open_hca: device mlx4_1 not found
node050.cluster:UCM:4d59:b09cdb80: 62822 us(200 us):  open_hca: device mlx4_1 not found
node050.cluster:UCM:4d58:772f6b80: 14171 us(8757 us):  open_hca: device mlx4_0 not found
node050.cluster:UCM:4d5f:9329ab80: 21843 us(9228 us):  open_hca: device mthca0 not found
node050.cluster:UCM:4d54:10a32b80: 19423 us(9151 us):  open_hca: device mthca0 not found
node050.cluster:UCM:4d56:a4103b80: 25807 us(24145 us):  open_hca: device scif0 not found
node050.cluster:CMA:4d56:a4103b80: 55814 us(24146 us):  open_hca: getaddr_netdev ERROR:No such device. Is mic0:ib configured?
node050.cluster:SCM:4d53:cc8bdb80: 86131 us(16637 us):  open_hca: device mlx4_0 not found
node050.cluster:SCM:4d5b:b78c1b80: 86515 us(11853 us):  open_hca: device mlx4_0 not found
node050.cluster:UCM:4d60:64656b80: 34197 us(13300 us):  open_hca: device mthca0 not found
node050.cluster:UCM:4d5d:752bab80: 17960 us(6351 us):  open_hca: device mthca0 not found
node050.cluster:UCM:4d5c:c14c3b80: 33086 us(8985 us):  open_hca: device mthca0 not found
node050.cluster:SCM:4d57:7d55bb80: 88597 us(18345 us):  open_hca: device mlx4_0 not found
node050.cluster:CMA:4d5c:c14c3b80: 74819 us(33499 us):  open_hca: getaddr_netdev ERROR:No such device. Is eth2 configured?
node050.cluster:CMA:4d5c:c14c3b80: 74843 us(24 us):  open_hca: getaddr_netdev ERROR:No such device. Is eth3 configured?
node050.cluster:UCM:4d5a:25c3db80: 24758 us(9828 us):  open_hca: device mthca0 not found
node050.cluster:UCM:4d5e:e3b7bb80: 23951 us(9885 us):  open_hca: device mthca0 not found
node050.cluster:UCM:4d58:772f6b80: 19854 us(5683 us):  open_hca: device mthca0 not found
node050.cluster:UCM:4d5f:9329ab80: 27327 us(5484 us):  open_hca: device mthca0 not found
node050.cluster:CMA:4d5f:9329ab80: 65798 us(27673 us):  open_hca: getaddr_netdev ERROR:No such device. Is eth2 configured?
node050.cluster:CMA:4d5f:9329ab80: 65834 us(36 us):  open_hca: getaddr_netdev ERROR:No such device. Is eth3 configured?
node050.cluster:UCM:4d54:10a32b80: 25426 us(6003 us):  open_hca: device mthca0 not found
node050.cluster:CMA:4d54:10a32b80: 62043 us(25843 us):  open_hca: getaddr_netdev ERROR:No such device. Is eth2 configured?
node050.cluster:CMA:4d54:10a32b80: 62065 us(22 us):  open_hca: getaddr_netdev ERROR:No such device. Is eth3 configured?
node050.cluster:SCM:4d53:cc8bdb80: 92070 us(5939 us):  open_hca: device mlx4_0 not found
node050.cluster:SCM:4d56:a4103b80: 91614 us(16092 us):  open_hca: device mlx4_0 not found
node050.cluster:SCM:4d5b:b78c1b80: 93250 us(6735 us):  open_hca: device mlx4_1 not found
node050.cluster:UCM:4d5d:752bab80: 23977 us(6017 us):  open_hca: device mthca0 not found
node050.cluster:CMA:4d5d:752bab80: 68418 us(24390 us):  open_hca: getaddr_netdev ERROR:No such device. Is eth2 configured?
node050.cluster:CMA:4d5d:752bab80: 68444 us(26 us):  open_hca: getaddr_netdev ERROR:No such device. Is eth3 configured?
node050.cluster:UCM:4d60:64656b80: 40568 us(6371 us):  open_hca: device mthca0 not found
node050.cluster:CMA:4d60:64656b80: 66738 us(40947 us):  open_hca: getaddr_netdev ERROR:No such device. Is eth2 configured?
node050.cluster:UCM:4d5a:25c3db80: 30439 us(5681 us):  open_hca: device mthca0 not found
node050.cluster:SCM:4d5c:c14c3b80: 94329 us(39361 us):  open_hca: device mlx4_0 not found
node050.cluster:CMA:4d60:64656b80: 66947 us(209 us):  open_hca: getaddr_netdev ERROR:No such device. Is eth3 configured?
node050.cluster:CMA:4d5a:25c3db80: 63961 us(30932 us):  open_hca: getaddr_netdev ERROR:No such device. Is eth2 configured?
node050.cluster:CMA:4d5a:25c3db80: 64176 us(215 us):  open_hca: getaddr_netdev ERROR:No such device. Is eth3 configured?
node050.cluster:SCM:4d57:7d55bb80: 94892 us(6295 us):  open_hca: device mlx4_0 not found
node050.cluster:UCM:4d5e:e3b7bb80: 29864 us(5913 us):  open_hca: device mthca0 not found
node050.cluster:CMA:4d5e:e3b7bb80: 74527 us(30169 us):  open_hca: getaddr_netdev ERROR:No such device. Is eth2 configured?
node050.cluster:CMA:4d5e:e3b7bb80: 74549 us(22 us):  open_hca: getaddr_netdev ERROR:No such device. Is eth3 configured?
node050.cluster:SCM:4d5f:9329ab80: 96603 us(33208 us):  open_hca: device mlx4_0 not found
node050.cluster:UCM:4d58:772f6b80: 25823 us(5969 us):  open_hca: device mthca0 not found
node050.cluster:CMA:4d58:772f6b80: 66899 us(26177 us):  open_hca: getaddr_netdev ERROR:No such device. Is eth2 configured?
node050.cluster:CMA:4d58:772f6b80: 66919 us(20 us):  open_hca: getaddr_netdev ERROR:No such device. Is eth3 configured?
node050.cluster:SCM:4d54:10a32b80: 97489 us(31465 us):  open_hca: device mlx4_0 not found
node050.cluster:SCM:4d53:cc8bdb80: 97661 us(5591 us):  open_hca: device mlx4_1 not found
node050.cluster:SCM:4d56:a4103b80: 97293 us(5679 us):  open_hca: device mlx4_0 not found
node050.cluster:SCM:4d5b:b78c1b80: 98950 us(5700 us):  open_hca: device mlx4_1 not found
node050.cluster:SCM:4d5d:752bab80: 99554 us(29830 us):  open_hca: device mlx4_0 not found
node050.cluster:SCM:4d5a:25c3db80: 99647 us(36115 us):  open_hca: device mlx4_0 not found
node050.cluster:SCM:4d60:64656b80: 100037 us(46684 us):  open_hca: device mlx4_0 not found
node050.cluster:SCM:4d5c:c14c3b80: 100333 us(6004 us):  open_hca: device mlx4_0 not found
node050.cluster:SCM:4d57:7d55bb80: 100502 us(5610 us):  open_hca: device mlx4_1 not found
node050.cluster:SCM:4d5e:e3b7bb80: 102273 us(35935 us):  open_hca: device mlx4_0 not found
node050.cluster:SCM:4d5f:9329ab80: 102305 us(5702 us):  open_hca: device mlx4_0 not found
node050.cluster:SCM:4d58:772f6b80: 102325 us(31732 us):  open_hca: device mlx4_0 not found
node050.cluster:SCM:4d54:10a32b80: 103065 us(5576 us):  open_hca: device mlx4_0 not found
node050.cluster:SCM:4d53:cc8bdb80: 103144 us(5483 us):  open_hca: device mlx4_1 not found
node050.cluster:SCM:4d56:a4103b80: 102850 us(5557 us):  open_hca: device mlx4_1 not found
node050.cluster:SCM:4d5d:752bab80: 104552 us(4998 us):  open_hca: device mlx4_0 not found
node050.cluster:SCM:4d5a:25c3db80: 104748 us(5101 us):  open_hca: device mlx4_0 not found
node050.cluster:UCM:4d5b:b78c1b80: 61143 us(38009 us):  open_hca: device mlx4_1 not found
node050.cluster:SCM:4d60:64656b80: 105637 us(5600 us):  open_hca: device mlx4_0 not found
node050.cluster:SCM:4d57:7d55bb80: 106288 us(5786 us):  open_hca: device mlx4_1 not found
node050.cluster:SCM:4d5c:c14c3b80: 106486 us(6153 us):  open_hca: device scif0 not found
node050.cluster:SCM:4d5e:e3b7bb80: 108250 us(5977 us):  open_hca: device mlx4_0 not found
node050.cluster:SCM:4d5f:9329ab80: 108397 us(6092 us):  open_hca: device scif0 not found
node050.cluster:UCM:4d53:cc8bdb80: 48188 us(30236 us):  open_hca: device mlx4_1 not found
node050.cluster:SCM:4d54:10a32b80: 109027 us(5962 us):  open_hca: device scif0 not found
node050.cluster:SCM:4d58:772f6b80: 108994 us(6669 us):  open_hca: device mlx4_0 not found
node050.cluster:SCM:4d56:a4103b80: 108721 us(5871 us):  open_hca: device mlx4_1 not found
node050.cluster:SCM:4d5a:25c3db80: 110267 us(5519 us):  open_hca: device scif0 not found
node050.cluster:UCM:4d5b:b78c1b80: 66802 us(5659 us):  open_hca: device mlx4_1 not found
node050.cluster:SCM:4d5d:752bab80: 110608 us(6056 us):  open_hca: device scif0 not found
node050.cluster:SCM:4d60:64656b80: 112340 us(6703 us):  open_hca: device scif0 not found
node050.cluster:UCM:4d5c:c14c3b80: 56922 us(23836 us):  open_hca: device scif0 not found
node050.cluster:UCM:4d57:7d55bb80: 68445 us(35067 us):  open_hca: device mlx4_1 not found
node050.cluster:CMA:4d5c:c14c3b80: 98630 us(23787 us):  open_hca: getaddr_netdev ERROR:No such device. Is mic0:ib configured?
node050.cluster:UCM:4d5f:9329ab80: 50195 us(22868 us):  open_hca: device scif0 not found
node050.cluster:CMA:4d5f:9329ab80: 88660 us(22826 us):  open_hca: getaddr_netdev ERROR:No such device. Is mic0:ib configured?
node050.cluster:UCM:4d53:cc8bdb80: 53805 us(5617 us):  open_hca: device mlx4_1 not found
node050.cluster:SCM:4d5e:e3b7bb80: 114581 us(6331 us):  open_hca: device scif0 not found
node050.cluster:UCM:4d54:10a32b80: 48675 us(23249 us):  open_hca: device scif0 not found
node050.cluster:SCM:4d58:772f6b80: 115117 us(6123 us):  open_hca: device scif0 not found
node050.cluster:CMA:4d54:10a32b80: 85291 us(23226 us):  open_hca: getaddr_netdev ERROR:No such device. Is mic0:ib configured?
node050.cluster:UCM:4d5a:25c3db80: 51614 us(21175 us):  open_hca: device scif0 not found
node050.cluster:CMA:4d5a:25c3db80: 85009 us(20833 us):  open_hca: getaddr_netdev ERROR:No such device. Is mic0:ib configured?
node050.cluster:UCM:4d5d:752bab80: 45510 us(21533 us):  open_hca: device scif0 not found
node050.cluster:UCM:4d56:a4103b80: 55524 us(29717 us):  open_hca: device mlx4_1 not found
node050.cluster:CMA:4d5d:752bab80: 89929 us(21485 us):  open_hca: getaddr_netdev ERROR:No such device. Is mic0:ib configured?
node050.cluster:UCM:4d57:7d55bb80: 73907 us(5462 us):  open_hca: device mlx4_1 not found
node050.cluster:SCM:4d5c:c14c3b80: 117794 us(11308 us):  open_hca: device mlx4_0 not found
node050.cluster:UCM:4d60:64656b80: 64328 us(23760 us):  open_hca: device scif0 not found
node050.cluster:CMA:4d60:64656b80: 90515 us(23568 us):  open_hca: getaddr_netdev ERROR:No such device. Is mic0:ib configured?
node050.cluster:SCM:4d5f:9329ab80: 119089 us(10692 us):  open_hca: device mlx4_0 not found
node050.cluster:UCM:4d5e:e3b7bb80: 53181 us(23317 us):  open_hca: device scif0 not found
node050.cluster:CMA:4d5e:e3b7bb80: 97836 us(23287 us):  open_hca: getaddr_netdev ERROR:No such device. Is mic0:ib configured?
node050.cluster:SCM:4d54:10a32b80: 120359 us(11332 us):  open_hca: device mlx4_0 not found
node050.cluster:UCM:4d58:772f6b80: 49407 us(23584 us):  open_hca: device scif0 not found
node050.cluster:CMA:4d58:772f6b80: 90486 us(23567 us):  open_hca: getaddr_netdev ERROR:No such device. Is mic0:ib configured?
node050.cluster:SCM:4d5a:25c3db80: 120496 us(10229 us):  open_hca: device mlx4_0 not found
node050.cluster:SCM:4d5d:752bab80: 120563 us(9955 us):  open_hca: device mlx4_0 not found
node050.cluster:UCM:4d56:a4103b80: 60960 us(5436 us):  open_hca: device mlx4_1 not found
node050.cluster:SCM:4d5c:c14c3b80: 122919 us(5125 us):  open_hca: device mlx4_0 not found
node050.cluster:SCM:4d60:64656b80: 123379 us(11039 us):  open_hca: device mlx4_0 not found
node050.cluster:SCM:4d5f:9329ab80: 124116 us(5027 us):  open_hca: device mlx4_0 not found
node050.cluster:SCM:4d5e:e3b7bb80: 124391 us(9810 us):  open_hca: device mlx4_0 not found
node050.cluster:SCM:4d5a:25c3db80: 124539 us(4043 us):  open_hca: device mlx4_0 not found
node050.cluster:SCM:4d5d:752bab80: 124680 us(4117 us):  open_hca: device mlx4_0 not found
node050.cluster:SCM:4d58:772f6b80: 125139 us(10022 us):  open_hca: device mlx4_0 not found
node050.cluster:SCM:4d54:10a32b80: 125368 us(5009 us):  open_hca: device mlx4_0 not found
node050.cluster:SCM:4d5c:c14c3b80: 126872 us(3953 us):  open_hca: device mlx4_1 not found
node050.cluster:SCM:4d60:64656b80: 127447 us(4068 us):  open_hca: device mlx4_0 not found
node050.cluster:SCM:4d5f:9329ab80: 128370 us(4254 us):  open_hca: device mlx4_1 not found
node050.cluster:SCM:4d5a:25c3db80: 128332 us(3793 us):  open_hca: device mlx4_1 not found
node050.cluster:SCM:4d5e:e3b7bb80: 128543 us(4152 us):  open_hca: device mlx4_0 not found
node050.cluster:SCM:4d5d:752bab80: 128870 us(4190 us):  open_hca: device mlx4_1 not found
node050.cluster:SCM:4d54:10a32b80: 128985 us(3617 us):  open_hca: device mlx4_1 not found
node050.cluster:SCM:4d58:772f6b80: 129155 us(4016 us):  open_hca: device mlx4_0 not found
node050.cluster:SCM:4d5c:c14c3b80: 130053 us(3181 us):  open_hca: device mlx4_1 not found
node050.cluster:SCM:4d60:64656b80: 131248 us(3801 us):  open_hca: device mlx4_1 not found
node050.cluster:SCM:4d5a:25c3db80: 131637 us(3305 us):  open_hca: device mlx4_1 not found
node050.cluster:SCM:4d5d:752bab80: 132102 us(3232 us):  open_hca: device mlx4_1 not found
node050.cluster:SCM:4d5f:9329ab80: 132174 us(3804 us):  open_hca: device mlx4_1 not found
node050.cluster:SCM:4d58:772f6b80: 132404 us(3249 us):  open_hca: device mlx4_1 not found
node050.cluster:UCM:4d5c:c14c3b80: 77157 us(20235 us):  open_hca: device mlx4_1 not found
node050.cluster:SCM:4d5e:e3b7bb80: 132870 us(4327 us):  open_hca: device mlx4_1 not found
node050.cluster:SCM:4d54:10a32b80: 133323 us(4338 us):  open_hca: device mlx4_1 not found
node050.cluster:SCM:4d60:64656b80: 134522 us(3274 us):  open_hca: device mlx4_1 not found
node050.cluster:SCM:4d58:772f6b80: 135267 us(2863 us):  open_hca: device mlx4_1 not found
node050.cluster:UCM:4d5c:c14c3b80: 79709 us(2552 us):  open_hca: device mlx4_1 not found
node050.cluster:UCM:4d5d:752bab80: 65163 us(19653 us):  open_hca: device mlx4_1 not found
node050.cluster:UCM:4d5a:25c3db80: 71709 us(20095 us):  open_hca: device mlx4_1 not found
node050.cluster:SCM:4d5e:e3b7bb80: 136092 us(3222 us):  open_hca: device mlx4_1 not found
node050.cluster:UCM:4d5f:9329ab80: 72526 us(22331 us):  open_hca: device mlx4_1 not found
node050.cluster:UCM:4d54:10a32b80: 70163 us(21488 us):  open_hca: device mlx4_1 not found
node050.cluster:UCM:4d60:64656b80: 83440 us(19112 us):  open_hca: device mlx4_1 not found
node050.cluster:UCM:4d58:772f6b80: 67718 us(18311 us):  open_hca: device mlx4_1 not found
node050.cluster:UCM:4d5d:752bab80: 68741 us(3578 us):  open_hca: device mlx4_1 not found
node050.cluster:UCM:4d5f:9329ab80: 75673 us(3147 us):  open_hca: device mlx4_1 not found
node050.cluster:UCM:4d5a:25c3db80: 75444 us(3735 us):  open_hca: device mlx4_1 not found
node050.cluster:UCM:4d5e:e3b7bb80: 72842 us(19661 us):  open_hca: device mlx4_1 not found
node050.cluster:UCM:4d54:10a32b80: 73269 us(3106 us):  open_hca: device mlx4_1 not found
node050.cluster:UCM:4d60:64656b80: 86039 us(2599 us):  open_hca: device mlx4_1 not found
node050.cluster:UCM:4d58:772f6b80: 69081 us(1363 us):  open_hca: device mlx4_1 not found
node050.cluster:UCM:4d5e:e3b7bb80: 74613 us(1771 us):  open_hca: device mlx4_1 not found
                Step[ FC]     Time          Energy          fmax
*Force-consistent energies used in optimization.
BFGSLineSearch:    0[  0] 20:20:53     -268.968268*       1.8999
BFGSLineSearch:    1[  1] 20:48:24     -269.358943*       1.6226
BFGSLineSearch:    2[  3] 21:45:41     -269.416127*       0.9001
BFGSLineSearch:    3[  5] 22:33:13     -269.458177*       0.7315
BFGSLineSearch:    4[  6] 22:57:18     -269.488242*       0.4611
BFGSLineSearch:    5[  7] 23:17:05     -269.504640*       0.1572
BFGSLineSearch:    6[  8] 23:35:50     -269.514690*       0.1568
BFGSLineSearch:    7[  9] 23:54:29     -269.517121*       0.1425
BFGSLineSearch:    8[ 10] 00:12:03     -269.519527*       0.1029
BFGSLineSearch:    9[ 11] 00:28:18     -269.521344*       0.0936
