node062.cluster:SCM:993a:4788ab80: 3586 us(3586 us):  open_hca: device mlx4_0 not found
node063.cluster:SCM:c4cd:f7693b80: 9577 us(9577 us):  open_hca: device mlx4_0 not found
node062.cluster:SCM:993b:2cabeb80: 3586 us(3586 us):  open_hca: device mlx4_0 not found
node062.cluster:SCM:993a:4788ab80: 4103 us(517 us):  open_hca: device mlx4_0 not found
node062.cluster:SCM:993b:2cabeb80: 4611 us(1025 us):  open_hca: device mlx4_0 not found
node062.cluster:SCM:993a:4788ab80: 4782 us(679 us):  open_hca: device mlx4_0 not found
node062.cluster:SCM:993b:2cabeb80: 5235 us(624 us):  open_hca: device mlx4_0 not found
node062.cluster:CMA:993b:2cabeb80: 154 us(154 us):  open_hca: getaddr_netdev ERROR:No such device. Is ib0 configured?
node062.cluster:CMA:993b:2cabeb80: 244 us(90 us):  open_hca: getaddr_netdev ERROR:No such device. Is ib1 configured?
node062.cluster:CMA:993a:4788ab80: 154 us(154 us):  open_hca: getaddr_netdev ERROR:No such device. Is ib0 configured?
node062.cluster:CMA:993a:4788ab80: 492 us(338 us):  open_hca: getaddr_netdev ERROR:No such device. Is ib1 configured?
node062.cluster:SCM:993b:2cabeb80: 7151 us(1916 us):  open_hca: device mthca0 not found
node062.cluster:SCM:993b:2cabeb80: 7547 us(396 us):  open_hca: device mthca0 not found
node062.cluster:SCM:993a:4788ab80: 7678 us(2896 us):  open_hca: device mthca0 not found
node062.cluster:SCM:993b:2cabeb80: 7842 us(295 us):  open_hca: device ipath0 not found
node062.cluster:SCM:993b:2cabeb80: 8283 us(441 us):  open_hca: device ipath0 not found
node062.cluster:SCM:993a:4788ab80: 8389 us(711 us):  open_hca: device mthca0 not found
node062.cluster:SCM:993b:2cabeb80: 8678 us(395 us):  open_hca: device ehca0 not found
node062.cluster:CMA:993b:2cabeb80: 2273 us(2029 us):  open_hca: getaddr_netdev ERROR:No such device. Is eth2 configured?
node062.cluster:SCM:993a:4788ab80: 9025 us(636 us):  open_hca: device ipath0 not found
node062.cluster:SCM:993a:4788ab80: 9500 us(475 us):  open_hca: device ipath0 not found
node062.cluster:UCM:993b:2cabeb80: 367 us(367 us):  open_hca: device mlx4_0 not found
node062.cluster:SCM:993a:4788ab80: 10103 us(603 us):  open_hca: device ehca0 not found
node062.cluster:UCM:993b:2cabeb80: 702 us(335 us):  open_hca: device mlx4_0 not found
node062.cluster:CMA:993a:4788ab80: 3886 us(3394 us):  open_hca: getaddr_netdev ERROR:No such device. Is eth2 configured?
node062.cluster:UCM:993b:2cabeb80: 998 us(296 us):  open_hca: device mthca0 not found
node062.cluster:UCM:993b:2cabeb80: 1299 us(301 us):  open_hca: device mthca0 not found
node062.cluster:CMA:993b:2cabeb80: 4403 us(2130 us):  open_hca: getaddr_netdev ERROR:No such device. Is eth2 configured?
node062.cluster:CMA:993b:2cabeb80: 4427 us(24 us):  open_hca: getaddr_netdev ERROR:No such device. Is eth3 configured?
node062.cluster:SCM:993b:2cabeb80: 11172 us(2494 us):  open_hca: device mlx4_0 not found
node062.cluster:SCM:993b:2cabeb80: 11461 us(289 us):  open_hca: device mlx4_0 not found
node062.cluster:UCM:993a:4788ab80: 438 us(438 us):  open_hca: device mlx4_0 not found
node062.cluster:SCM:993b:2cabeb80: 12070 us(609 us):  open_hca: device scif0 not found
node062.cluster:UCM:993b:2cabeb80: 2880 us(1581 us):  open_hca: device scif0 not found
node062.cluster:CMA:993b:2cabeb80: 5983 us(1556 us):  open_hca: getaddr_netdev ERROR:No such device. Is mic0:ib configured?
node062.cluster:UCM:993a:4788ab80: 1159 us(721 us):  open_hca: device mlx4_0 not found
node062.cluster:SCM:993b:2cabeb80: 12721 us(651 us):  open_hca: device mlx4_0 not found
node062.cluster:SCM:993b:2cabeb80: 13039 us(318 us):  open_hca: device mlx4_0 not found
node062.cluster:UCM:993a:4788ab80: 1863 us(704 us):  open_hca: device mthca0 not found
node062.cluster:SCM:993b:2cabeb80: 13370 us(331 us):  open_hca: device mlx4_1 not found
node062.cluster:SCM:993b:2cabeb80: 13681 us(311 us):  open_hca: device mlx4_1 not found
node062.cluster:UCM:993a:4788ab80: 2447 us(584 us):  open_hca: device mthca0 not found
node062.cluster:UCM:993b:2cabeb80: 4468 us(1588 us):  open_hca: device mlx4_1 not found
node062.cluster:CMA:993a:4788ab80: 7666 us(3780 us):  open_hca: getaddr_netdev ERROR:No such device. Is eth2 configured?
node062.cluster:UCM:993b:2cabeb80: 4755 us(287 us):  open_hca: device mlx4_1 not found
node062.cluster:CMA:993a:4788ab80: 7920 us(254 us):  open_hca: getaddr_netdev ERROR:No such device. Is eth3 configured?
node062.cluster:SCM:993a:4788ab80: 14911 us(4808 us):  open_hca: device mlx4_0 not found
node062.cluster:SCM:993a:4788ab80: 15350 us(439 us):  open_hca: device mlx4_0 not found
node062.cluster:SCM:993a:4788ab80: 15800 us(450 us):  open_hca: device scif0 not found
node062.cluster:UCM:993a:4788ab80: 4595 us(2148 us):  open_hca: device scif0 not found
node062.cluster:CMA:993a:4788ab80: 9608 us(1688 us):  open_hca: getaddr_netdev ERROR:No such device. Is mic0:ib configured?
node062.cluster:SCM:993a:4788ab80: 16340 us(540 us):  open_hca: device mlx4_0 not found
node062.cluster:SCM:993a:4788ab80: 16643 us(303 us):  open_hca: device mlx4_0 not found
node062.cluster:SCM:993a:4788ab80: 16910 us(267 us):  open_hca: device mlx4_1 not found
node062.cluster:SCM:993a:4788ab80: 17208 us(298 us):  open_hca: device mlx4_1 not found
node062.cluster:UCM:993a:4788ab80: 6052 us(1457 us):  open_hca: device mlx4_1 not found
node062.cluster:UCM:993a:4788ab80: 6308 us(256 us):  open_hca: device mlx4_1 not found
node063.cluster:SCM:c4d0:8679cb80: 9598 us(9598 us):  open_hca: device mlx4_0 not found
node063.cluster:SCM:c4d1:75515b80: 9614 us(9614 us):  open_hca: device mlx4_0 not found
node063.cluster:SCM:c4d2:21260b80: 9613 us(9613 us):  open_hca: device mlx4_0 not found
node063.cluster:SCM:c4ce:bdb21b80: 9900 us(9900 us):  open_hca: device mlx4_0 not found
node063.cluster:SCM:c4cf:837a1b80: 9878 us(9878 us):  open_hca: device mlx4_0 not found
node063.cluster:SCM:c4c5:6c6e7b80: 11417 us(11417 us):  open_hca: device mlx4_0 not found
node063.cluster:SCM:c4cb:26044b80: 11446 us(11446 us):  open_hca: device mlx4_0 not found
node063.cluster:SCM:c4c9:22a96b80: 11545 us(11545 us):  open_hca: device mlx4_0 not found
node063.cluster:SCM:c4c7:dc53fb80: 11555 us(11555 us):  open_hca: device mlx4_0 not found
node063.cluster:SCM:c4ca:d49e5b80: 11589 us(11589 us):  open_hca: device mlx4_0 not found
node063.cluster:SCM:c4c8:21f9b80: 11631 us(11631 us):  open_hca: device mlx4_0 not found
node063.cluster:SCM:c4c6:40825b80: 11729 us(11729 us):  open_hca: device mlx4_0 not found
node063.cluster:SCM:c4cc:d1e46b80: 11808 us(11808 us):  open_hca: device mlx4_0 not found
node063.cluster:SCM:c4d0:8679cb80: 14749 us(5151 us):  open_hca: device mlx4_0 not found
node063.cluster:SCM:c4d1:75515b80: 14863 us(5249 us):  open_hca: device mlx4_0 not found
node063.cluster:SCM:c4cd:f7693b80: 15311 us(5734 us):  open_hca: device mlx4_0 not found
node063.cluster:SCM:c4d2:21260b80: 15549 us(5936 us):  open_hca: device mlx4_0 not found
node063.cluster:SCM:c4ce:bdb21b80: 16678 us(6778 us):  open_hca: device mlx4_0 not found
node063.cluster:SCM:c4cf:837a1b80: 18065 us(8187 us):  open_hca: device mlx4_0 not found
node063.cluster:SCM:c4cb:26044b80: 18231 us(6785 us):  open_hca: device mlx4_0 not found
node063.cluster:SCM:c4c6:40825b80: 18386 us(6657 us):  open_hca: device mlx4_0 not found
node063.cluster:SCM:c4c7:dc53fb80: 18417 us(6862 us):  open_hca: device mlx4_0 not found
node063.cluster:SCM:c4c8:21f9b80: 18440 us(6809 us):  open_hca: device mlx4_0 not found
node063.cluster:SCM:c4ca:d49e5b80: 18772 us(7183 us):  open_hca: device mlx4_0 not found
node063.cluster:SCM:c4c9:22a96b80: 18892 us(7347 us):  open_hca: device mlx4_0 not found
node063.cluster:SCM:c4c5:6c6e7b80: 18971 us(7554 us):  open_hca: device mlx4_0 not found
node063.cluster:SCM:c4cc:d1e46b80: 18971 us(7163 us):  open_hca: device mlx4_0 not found
node063.cluster:SCM:c4d0:8679cb80: 21496 us(6747 us):  open_hca: device mlx4_0 not found
node063.cluster:SCM:c4d1:75515b80: 21666 us(6803 us):  open_hca: device mlx4_0 not found
node063.cluster:SCM:c4cd:f7693b80: 21783 us(6472 us):  open_hca: device mlx4_0 not found
node063.cluster:SCM:c4d2:21260b80: 21908 us(6359 us):  open_hca: device mlx4_0 not found
node063.cluster:SCM:c4ce:bdb21b80: 22527 us(5849 us):  open_hca: device mlx4_0 not found
node063.cluster:SCM:c4cb:26044b80: 23558 us(5327 us):  open_hca: device mlx4_0 not found
node063.cluster:SCM:c4c6:40825b80: 23575 us(5189 us):  open_hca: device mlx4_0 not found
node063.cluster:SCM:c4c8:21f9b80: 23597 us(5157 us):  open_hca: device mlx4_0 not found
node063.cluster:SCM:c4c7:dc53fb80: 23633 us(5216 us):  open_hca: device mlx4_0 not found
node063.cluster:SCM:c4c9:22a96b80: 23754 us(4862 us):  open_hca: device mlx4_0 not found
node063.cluster:SCM:c4ca:d49e5b80: 23744 us(4972 us):  open_hca: device mlx4_0 not found
node063.cluster:SCM:c4c5:6c6e7b80: 23912 us(4941 us):  open_hca: device mlx4_0 not found
node063.cluster:SCM:c4cc:d1e46b80: 23909 us(4938 us):  open_hca: device mlx4_0 not found
node063.cluster:SCM:c4cf:837a1b80: 23944 us(5879 us):  open_hca: device mlx4_0 not found
node063.cluster:CMA:c4cd:f7693b80: 106 us(106 us):  open_hca: getaddr_netdev ERROR:No such device. Is ib0 configured?
node063.cluster:CMA:c4ce:bdb21b80: 111 us(111 us):  open_hca: getaddr_netdev ERROR:No such device. Is ib0 configured?
node063.cluster:CMA:c4cf:837a1b80: 112 us(112 us):  open_hca: getaddr_netdev ERROR:No such device. Is ib0 configured?
node063.cluster:CMA:c4d1:75515b80: 113 us(113 us):  open_hca: getaddr_netdev ERROR:No such device. Is ib0 configured?
node063.cluster:CMA:c4d2:21260b80: 109 us(109 us):  open_hca: getaddr_netdev ERROR:No such device. Is ib0 configured?
node063.cluster:CMA:c4d2:21260b80: 162 us(53 us):  open_hca: getaddr_netdev ERROR:No such device. Is ib1 configured?
node063.cluster:CMA:c4c5:6c6e7b80: 119 us(119 us):  open_hca: getaddr_netdev ERROR:No such device. Is ib0 configured?
node063.cluster:CMA:c4c6:40825b80: 130 us(130 us):  open_hca: getaddr_netdev ERROR:No such device. Is ib0 configured?
node063.cluster:CMA:c4c7:dc53fb80: 113 us(113 us):  open_hca: getaddr_netdev ERROR:No such device. Is ib0 configured?
node063.cluster:CMA:c4c7:dc53fb80: 165 us(52 us):  open_hca: getaddr_netdev ERROR:No such device. Is ib1 configured?
node063.cluster:CMA:c4c8:21f9b80: 123 us(123 us):  open_hca: getaddr_netdev ERROR:No such device. Is ib0 configured?
node063.cluster:CMA:c4c8:21f9b80: 175 us(52 us):  open_hca: getaddr_netdev ERROR:No such device. Is ib1 configured?
node063.cluster:CMA:c4c9:22a96b80: 128 us(128 us):  open_hca: getaddr_netdev ERROR:No such device. Is ib0 configured?
node063.cluster:CMA:c4c9:22a96b80: 174 us(46 us):  open_hca: getaddr_netdev ERROR:No such device. Is ib1 configured?
node063.cluster:CMA:c4ca:d49e5b80: 121 us(121 us):  open_hca: getaddr_netdev ERROR:No such device. Is ib0 configured?
node063.cluster:CMA:c4ca:d49e5b80: 172 us(51 us):  open_hca: getaddr_netdev ERROR:No such device. Is ib1 configured?
node063.cluster:CMA:c4cb:26044b80: 117 us(117 us):  open_hca: getaddr_netdev ERROR:No such device. Is ib0 configured?
node063.cluster:CMA:c4cb:26044b80: 167 us(50 us):  open_hca: getaddr_netdev ERROR:No such device. Is ib1 configured?
node063.cluster:CMA:c4cc:d1e46b80: 118 us(118 us):  open_hca: getaddr_netdev ERROR:No such device. Is ib0 configured?
node063.cluster:CMA:c4cc:d1e46b80: 167 us(49 us):  open_hca: getaddr_netdev ERROR:No such device. Is ib1 configured?
node063.cluster:CMA:c4cd:f7693b80: 159 us(53 us):  open_hca: getaddr_netdev ERROR:No such device. Is ib1 configured?
node063.cluster:CMA:c4ce:bdb21b80: 165 us(54 us):  open_hca: getaddr_netdev ERROR:No such device. Is ib1 configured?
node063.cluster:CMA:c4cf:837a1b80: 162 us(50 us):  open_hca: getaddr_netdev ERROR:No such device. Is ib1 configured?
node063.cluster:CMA:c4d1:75515b80: 162 us(49 us):  open_hca: getaddr_netdev ERROR:No such device. Is ib1 configured?
node063.cluster:CMA:c4c5:6c6e7b80: 171 us(52 us):  open_hca: getaddr_netdev ERROR:No such device. Is ib1 configured?
node063.cluster:CMA:c4c6:40825b80: 178 us(48 us):  open_hca: getaddr_netdev ERROR:No such device. Is ib1 configured?
node063.cluster:CMA:c4d0:8679cb80: 109 us(109 us):  open_hca: getaddr_netdev ERROR:No such device. Is ib0 configured?
node063.cluster:CMA:c4d0:8679cb80: 718 us(609 us):  open_hca: getaddr_netdev ERROR:No such device. Is ib1 configured?
node063.cluster:SCM:c4d1:75515b80: 31865 us(10199 us):  open_hca: device mthca0 not found
node063.cluster:SCM:c4cd:f7693b80: 31913 us(10130 us):  open_hca: device mthca0 not found
node063.cluster:SCM:c4cf:837a1b80: 32042 us(8098 us):  open_hca: device mthca0 not found
node063.cluster:SCM:c4d2:21260b80: 32245 us(10337 us):  open_hca: device mthca0 not found
node063.cluster:SCM:c4c6:40825b80: 32497 us(8922 us):  open_hca: device mthca0 not found
node063.cluster:SCM:c4c7:dc53fb80: 32565 us(8932 us):  open_hca: device mthca0 not found
node063.cluster:SCM:c4cb:26044b80: 32577 us(9019 us):  open_hca: device mthca0 not found
node063.cluster:SCM:c4c8:21f9b80: 32643 us(9046 us):  open_hca: device mthca0 not found
node063.cluster:SCM:c4c5:6c6e7b80: 32711 us(8799 us):  open_hca: device mthca0 not found
node063.cluster:SCM:c4c9:22a96b80: 32934 us(9180 us):  open_hca: device mthca0 not found
node063.cluster:SCM:c4ca:d49e5b80: 32946 us(9202 us):  open_hca: device mthca0 not found
node063.cluster:SCM:c4cc:d1e46b80: 32962 us(9053 us):  open_hca: device mthca0 not found
node063.cluster:SCM:c4ce:bdb21b80: 33324 us(10797 us):  open_hca: device mthca0 not found
node063.cluster:SCM:c4d0:8679cb80: 34286 us(12790 us):  open_hca: device mthca0 not found
node063.cluster:SCM:c4d1:75515b80: 38307 us(6442 us):  open_hca: device mthca0 not found
node063.cluster:SCM:c4cd:f7693b80: 39150 us(7237 us):  open_hca: device mthca0 not found
node063.cluster:SCM:c4cf:837a1b80: 39255 us(7213 us):  open_hca: device mthca0 not found
node063.cluster:SCM:c4d2:21260b80: 39253 us(7008 us):  open_hca: device mthca0 not found
node063.cluster:SCM:c4cb:26044b80: 39483 us(6906 us):  open_hca: device mthca0 not found
node063.cluster:SCM:c4c6:40825b80: 39717 us(7220 us):  open_hca: device mthca0 not found
node063.cluster:SCM:c4c7:dc53fb80: 39717 us(7152 us):  open_hca: device mthca0 not found
node063.cluster:SCM:c4c8:21f9b80: 39709 us(7066 us):  open_hca: device mthca0 not found
node063.cluster:SCM:c4c5:6c6e7b80: 39735 us(7024 us):  open_hca: device mthca0 not found
node063.cluster:SCM:c4cc:d1e46b80: 39729 us(6767 us):  open_hca: device mthca0 not found
node063.cluster:SCM:c4ce:bdb21b80: 39953 us(6629 us):  open_hca: device mthca0 not found
node063.cluster:SCM:c4ca:d49e5b80: 40014 us(7068 us):  open_hca: device mthca0 not found
node063.cluster:SCM:c4c9:22a96b80: 40217 us(7283 us):  open_hca: device mthca0 not found
node063.cluster:SCM:c4d0:8679cb80: 42181 us(7895 us):  open_hca: device mthca0 not found
node063.cluster:SCM:c4d1:75515b80: 45947 us(7640 us):  open_hca: device ipath0 not found
node063.cluster:SCM:c4cd:f7693b80: 46065 us(6915 us):  open_hca: device ipath0 not found
node063.cluster:SCM:c4d2:21260b80: 46298 us(7045 us):  open_hca: device ipath0 not found
node063.cluster:SCM:c4cf:837a1b80: 46356 us(7101 us):  open_hca: device ipath0 not found
node063.cluster:SCM:c4c5:6c6e7b80: 46339 us(6604 us):  open_hca: device ipath0 not found
node063.cluster:SCM:c4cc:d1e46b80: 46801 us(7072 us):  open_hca: device ipath0 not found
node063.cluster:SCM:c4c8:21f9b80: 46833 us(7124 us):  open_hca: device ipath0 not found
node063.cluster:SCM:c4c7:dc53fb80: 46842 us(7125 us):  open_hca: device ipath0 not found
node063.cluster:SCM:c4c6:40825b80: 46993 us(7276 us):  open_hca: device ipath0 not found
node063.cluster:SCM:c4cb:26044b80: 47304 us(7821 us):  open_hca: device ipath0 not found
node063.cluster:SCM:c4c9:22a96b80: 47324 us(7107 us):  open_hca: device ipath0 not found
node063.cluster:SCM:c4ca:d49e5b80: 47341 us(7327 us):  open_hca: device ipath0 not found
node063.cluster:SCM:c4ce:bdb21b80: 47369 us(7416 us):  open_hca: device ipath0 not found
node063.cluster:SCM:c4d0:8679cb80: 50163 us(7982 us):  open_hca: device ipath0 not found
node063.cluster:SCM:c4d1:75515b80: 52657 us(6710 us):  open_hca: device ipath0 not found
node063.cluster:SCM:c4cd:f7693b80: 53024 us(6959 us):  open_hca: device ipath0 not found
node063.cluster:SCM:c4d2:21260b80: 53055 us(6757 us):  open_hca: device ipath0 not found
node063.cluster:SCM:c4cf:837a1b80: 53207 us(6851 us):  open_hca: device ipath0 not found
node063.cluster:SCM:c4c5:6c6e7b80: 53409 us(7070 us):  open_hca: device ipath0 not found
node063.cluster:SCM:c4c6:40825b80: 53985 us(6992 us):  open_hca: device ipath0 not found
node063.cluster:SCM:c4c7:dc53fb80: 54094 us(7252 us):  open_hca: device ipath0 not found
node063.cluster:SCM:c4cc:d1e46b80: 54348 us(7547 us):  open_hca: device ipath0 not found
node063.cluster:SCM:c4c8:21f9b80: 54479 us(7646 us):  open_hca: device ipath0 not found
node063.cluster:SCM:c4ce:bdb21b80: 54528 us(7159 us):  open_hca: device ipath0 not found
node063.cluster:SCM:c4cb:26044b80: 54597 us(7293 us):  open_hca: device ipath0 not found
node063.cluster:SCM:c4ca:d49e5b80: 54641 us(7300 us):  open_hca: device ipath0 not found
node063.cluster:SCM:c4c9:22a96b80: 54697 us(7373 us):  open_hca: device ipath0 not found
node063.cluster:SCM:c4d0:8679cb80: 57828 us(7665 us):  open_hca: device ipath0 not found
node063.cluster:SCM:c4cd:f7693b80: 59641 us(6617 us):  open_hca: device ehca0 not found
node063.cluster:SCM:c4d1:75515b80: 59632 us(6975 us):  open_hca: device ehca0 not found
node063.cluster:CMA:c4cd:f7693b80: 34515 us(34356 us):  open_hca: getaddr_netdev ERROR:No such device. Is eth2 configured?
node063.cluster:CMA:c4d1:75515b80: 34519 us(34357 us):  open_hca: getaddr_netdev ERROR:No such device. Is eth2 configured?
node063.cluster:SCM:c4d2:21260b80: 59826 us(6771 us):  open_hca: device ehca0 not found
node063.cluster:CMA:c4d2:21260b80: 34672 us(34510 us):  open_hca: getaddr_netdev ERROR:No such device. Is eth2 configured?
node063.cluster:SCM:c4cf:837a1b80: 59887 us(6680 us):  open_hca: device ehca0 not found
node063.cluster:CMA:c4cf:837a1b80: 34744 us(34582 us):  open_hca: getaddr_netdev ERROR:No such device. Is eth2 configured?
node063.cluster:SCM:c4c5:6c6e7b80: 60129 us(6720 us):  open_hca: device ehca0 not found
node063.cluster:CMA:c4c5:6c6e7b80: 35021 us(34850 us):  open_hca: getaddr_netdev ERROR:No such device. Is eth2 configured?
node063.cluster:SCM:c4c6:40825b80: 60278 us(6293 us):  open_hca: device ehca0 not found
node063.cluster:CMA:c4c6:40825b80: 35128 us(34950 us):  open_hca: getaddr_netdev ERROR:No such device. Is eth2 configured?
node063.cluster:SCM:c4c7:dc53fb80: 60632 us(6538 us):  open_hca: device ehca0 not found
node063.cluster:SCM:c4ca:d49e5b80: 60661 us(6020 us):  open_hca: device ehca0 not found
node063.cluster:SCM:c4c9:22a96b80: 60690 us(5993 us):  open_hca: device ehca0 not found
node063.cluster:CMA:c4c7:dc53fb80: 35521 us(35356 us):  open_hca: getaddr_netdev ERROR:No such device. Is eth2 configured?
node063.cluster:CMA:c4c9:22a96b80: 35532 us(35358 us):  open_hca: getaddr_netdev ERROR:No such device. Is eth2 configured?
node063.cluster:CMA:c4ca:d49e5b80: 35531 us(35359 us):  open_hca: getaddr_netdev ERROR:No such device. Is eth2 configured?
node063.cluster:SCM:c4ce:bdb21b80: 60781 us(6253 us):  open_hca: device ehca0 not found
node063.cluster:SCM:c4c8:21f9b80: 60754 us(6275 us):  open_hca: device ehca0 not found
node063.cluster:SCM:c4cb:26044b80: 60756 us(6159 us):  open_hca: device ehca0 not found
node063.cluster:SCM:c4cc:d1e46b80: 60751 us(6403 us):  open_hca: device ehca0 not found
node063.cluster:CMA:c4ce:bdb21b80: 35611 us(35446 us):  open_hca: getaddr_netdev ERROR:No such device. Is eth2 configured?
node063.cluster:CMA:c4c8:21f9b80: 35616 us(35441 us):  open_hca: getaddr_netdev ERROR:No such device. Is eth2 configured?
node063.cluster:CMA:c4cb:26044b80: 35600 us(35433 us):  open_hca: getaddr_netdev ERROR:No such device. Is eth2 configured?
node063.cluster:CMA:c4cc:d1e46b80: 35600 us(35433 us):  open_hca: getaddr_netdev ERROR:No such device. Is eth2 configured?
node063.cluster:SCM:c4d0:8679cb80: 60924 us(3096 us):  open_hca: device ehca0 not found
node063.cluster:CMA:c4d0:8679cb80: 35764 us(35046 us):  open_hca: getaddr_netdev ERROR:No such device. Is eth2 configured?
node063.cluster:UCM:c4d0:8679cb80: 6261 us(6261 us):  open_hca: device mlx4_0 not found
node063.cluster:UCM:c4d2:21260b80: 6433 us(6433 us):  open_hca: device mlx4_0 not found
node063.cluster:UCM:c4cd:f7693b80: 6952 us(6952 us):  open_hca: device mlx4_0 not found
node063.cluster:UCM:c4c9:22a96b80: 7053 us(7053 us):  open_hca: device mlx4_0 not found
node063.cluster:UCM:c4cb:26044b80: 7057 us(7057 us):  open_hca: device mlx4_0 not found
node063.cluster:UCM:c4ca:d49e5b80: 7267 us(7267 us):  open_hca: device mlx4_0 not found
node063.cluster:UCM:c4c5:6c6e7b80: 7272 us(7272 us):  open_hca: device mlx4_0 not found
node063.cluster:UCM:c4c8:21f9b80: 7306 us(7306 us):  open_hca: device mlx4_0 not found
node063.cluster:UCM:c4d1:75515b80: 7281 us(7281 us):  open_hca: device mlx4_0 not found
node063.cluster:UCM:c4c6:40825b80: 7491 us(7491 us):  open_hca: device mlx4_0 not found
node063.cluster:UCM:c4ce:bdb21b80: 7526 us(7526 us):  open_hca: device mlx4_0 not found
node063.cluster:UCM:c4c7:dc53fb80: 7662 us(7662 us):  open_hca: device mlx4_0 not found
node063.cluster:UCM:c4cc:d1e46b80: 7668 us(7668 us):  open_hca: device mlx4_0 not found
node063.cluster:UCM:c4cf:837a1b80: 7701 us(7701 us):  open_hca: device mlx4_0 not found
node063.cluster:UCM:c4d0:8679cb80: 12846 us(6585 us):  open_hca: device mlx4_0 not found
node063.cluster:UCM:c4d2:21260b80: 13508 us(7075 us):  open_hca: device mlx4_0 not found
node063.cluster:UCM:c4ca:d49e5b80: 14159 us(6892 us):  open_hca: device mlx4_0 not found
node063.cluster:UCM:c4c5:6c6e7b80: 14171 us(6899 us):  open_hca: device mlx4_0 not found
node063.cluster:UCM:c4cd:f7693b80: 14210 us(7258 us):  open_hca: device mlx4_0 not found
node063.cluster:UCM:c4cb:26044b80: 14627 us(7570 us):  open_hca: device mlx4_0 not found
node063.cluster:UCM:c4ce:bdb21b80: 14736 us(7210 us):  open_hca: device mlx4_0 not found
node063.cluster:UCM:c4c9:22a96b80: 14747 us(7694 us):  open_hca: device mlx4_0 not found
node063.cluster:UCM:c4c8:21f9b80: 14785 us(7479 us):  open_hca: device mlx4_0 not found
node063.cluster:UCM:c4cf:837a1b80: 14882 us(7181 us):  open_hca: device mlx4_0 not found
node063.cluster:UCM:c4c6:40825b80: 15115 us(7624 us):  open_hca: device mlx4_0 not found
node063.cluster:UCM:c4cc:d1e46b80: 15126 us(7458 us):  open_hca: device mlx4_0 not found
node063.cluster:UCM:c4c7:dc53fb80: 15238 us(7576 us):  open_hca: device mlx4_0 not found
node063.cluster:UCM:c4d1:75515b80: 15776 us(8495 us):  open_hca: device mlx4_0 not found
node063.cluster:UCM:c4d0:8679cb80: 19538 us(6692 us):  open_hca: device mthca0 not found
node063.cluster:UCM:c4d2:21260b80: 20316 us(6808 us):  open_hca: device mthca0 not found
node063.cluster:UCM:c4cd:f7693b80: 20949 us(6739 us):  open_hca: device mthca0 not found
node063.cluster:UCM:c4ca:d49e5b80: 21163 us(7004 us):  open_hca: device mthca0 not found
node063.cluster:UCM:c4c5:6c6e7b80: 21244 us(7073 us):  open_hca: device mthca0 not found
node063.cluster:UCM:c4c9:22a96b80: 21496 us(6749 us):  open_hca: device mthca0 not found
node063.cluster:UCM:c4cb:26044b80: 21636 us(7009 us):  open_hca: device mthca0 not found
node063.cluster:UCM:c4c8:21f9b80: 21679 us(6894 us):  open_hca: device mthca0 not found
node063.cluster:UCM:c4ce:bdb21b80: 21709 us(6973 us):  open_hca: device mthca0 not found
node063.cluster:UCM:c4c6:40825b80: 21781 us(6666 us):  open_hca: device mthca0 not found
node063.cluster:UCM:c4cf:837a1b80: 21833 us(6951 us):  open_hca: device mthca0 not found
node063.cluster:UCM:c4cc:d1e46b80: 22093 us(6967 us):  open_hca: device mthca0 not found
node063.cluster:UCM:c4c7:dc53fb80: 22173 us(6935 us):  open_hca: device mthca0 not found
node063.cluster:UCM:c4d1:75515b80: 24006 us(8230 us):  open_hca: device mthca0 not found
node063.cluster:UCM:c4d0:8679cb80: 26663 us(7125 us):  open_hca: device mthca0 not found
node063.cluster:CMA:c4d0:8679cb80: 63634 us(27870 us):  open_hca: getaddr_netdev ERROR:No such device. Is eth2 configured?
node063.cluster:CMA:c4d0:8679cb80: 63658 us(24 us):  open_hca: getaddr_netdev ERROR:No such device. Is eth3 configured?
node063.cluster:UCM:c4ca:d49e5b80: 28041 us(6878 us):  open_hca: device mthca0 not found
node063.cluster:CMA:c4ca:d49e5b80: 65020 us(29489 us):  open_hca: getaddr_netdev ERROR:No such device. Is eth2 configured?
node063.cluster:CMA:c4ca:d49e5b80: 65044 us(24 us):  open_hca: getaddr_netdev ERROR:No such device. Is eth3 configured?
node063.cluster:UCM:c4cd:f7693b80: 28243 us(7294 us):  open_hca: device mthca0 not found
node063.cluster:CMA:c4cd:f7693b80: 65193 us(30678 us):  open_hca: getaddr_netdev ERROR:No such device. Is eth2 configured?
node063.cluster:CMA:c4cd:f7693b80: 65215 us(22 us):  open_hca: getaddr_netdev ERROR:No such device. Is eth3 configured?
node063.cluster:UCM:c4c5:6c6e7b80: 28377 us(7133 us):  open_hca: device mthca0 not found
node063.cluster:CMA:c4c5:6c6e7b80: 65339 us(30318 us):  open_hca: getaddr_netdev ERROR:No such device. Is eth2 configured?
node063.cluster:CMA:c4c5:6c6e7b80: 65363 us(24 us):  open_hca: getaddr_netdev ERROR:No such device. Is eth3 configured?
node063.cluster:UCM:c4c8:21f9b80: 28476 us(6797 us):  open_hca: device mthca0 not found
node063.cluster:CMA:c4c8:21f9b80: 65421 us(29805 us):  open_hca: getaddr_netdev ERROR:No such device. Is eth2 configured?
node063.cluster:UCM:c4cb:26044b80: 28546 us(6910 us):  open_hca: device mthca0 not found
node063.cluster:CMA:c4c8:21f9b80: 65445 us(24 us):  open_hca: getaddr_netdev ERROR:No such device. Is eth3 configured?
node063.cluster:CMA:c4cb:26044b80: 65483 us(29883 us):  open_hca: getaddr_netdev ERROR:No such device. Is eth2 configured?
node063.cluster:CMA:c4cb:26044b80: 65510 us(27 us):  open_hca: getaddr_netdev ERROR:No such device. Is eth3 configured?
node063.cluster:UCM:c4c6:40825b80: 28816 us(7035 us):  open_hca: device mthca0 not found
node063.cluster:CMA:c4c6:40825b80: 65765 us(30637 us):  open_hca: getaddr_netdev ERROR:No such device. Is eth2 configured?
node063.cluster:CMA:c4c6:40825b80: 65790 us(25 us):  open_hca: getaddr_netdev ERROR:No such device. Is eth3 configured?
node063.cluster:UCM:c4c9:22a96b80: 28904 us(7408 us):  open_hca: device mthca0 not found
node063.cluster:CMA:c4c9:22a96b80: 65832 us(30300 us):  open_hca: getaddr_netdev ERROR:No such device. Is eth2 configured?
node063.cluster:CMA:c4c9:22a96b80: 65854 us(22 us):  open_hca: getaddr_netdev ERROR:No such device. Is eth3 configured?
node063.cluster:UCM:c4ce:bdb21b80: 28983 us(7274 us):  open_hca: device mthca0 not found
node063.cluster:CMA:c4ce:bdb21b80: 65916 us(30305 us):  open_hca: getaddr_netdev ERROR:No such device. Is eth2 configured?
node063.cluster:CMA:c4ce:bdb21b80: 65939 us(23 us):  open_hca: getaddr_netdev ERROR:No such device. Is eth3 configured?
node063.cluster:UCM:c4cc:d1e46b80: 29057 us(6964 us):  open_hca: device mthca0 not found
node063.cluster:CMA:c4cc:d1e46b80: 65976 us(30376 us):  open_hca: getaddr_netdev ERROR:No such device. Is eth2 configured?
node063.cluster:UCM:c4cf:837a1b80: 29124 us(7291 us):  open_hca: device mthca0 not found
node063.cluster:CMA:c4cc:d1e46b80: 65999 us(23 us):  open_hca: getaddr_netdev ERROR:No such device. Is eth3 configured?
node063.cluster:CMA:c4cf:837a1b80: 66065 us(31321 us):  open_hca: getaddr_netdev ERROR:No such device. Is eth2 configured?
node063.cluster:CMA:c4cf:837a1b80: 66087 us(22 us):  open_hca: getaddr_netdev ERROR:No such device. Is eth3 configured?
node063.cluster:UCM:c4c7:dc53fb80: 29310 us(7137 us):  open_hca: device mthca0 not found
node063.cluster:CMA:c4c7:dc53fb80: 66243 us(30722 us):  open_hca: getaddr_netdev ERROR:No such device. Is eth2 configured?
node063.cluster:CMA:c4c7:dc53fb80: 66267 us(24 us):  open_hca: getaddr_netdev ERROR:No such device. Is eth3 configured?
node063.cluster:UCM:c4d2:21260b80: 30382 us(10066 us):  open_hca: device mthca0 not found
node063.cluster:CMA:c4d2:21260b80: 67517 us(32845 us):  open_hca: getaddr_netdev ERROR:No such device. Is eth2 configured?
node063.cluster:UCM:c4d1:75515b80: 30826 us(6820 us):  open_hca: device mthca0 not found
node063.cluster:CMA:c4d1:75515b80: 67761 us(33242 us):  open_hca: getaddr_netdev ERROR:No such device. Is eth2 configured?
node063.cluster:CMA:c4d1:75515b80: 67787 us(26 us):  open_hca: getaddr_netdev ERROR:No such device. Is eth3 configured?
node063.cluster:CMA:c4d2:21260b80: 67888 us(371 us):  open_hca: getaddr_netdev ERROR:No such device. Is eth3 configured?
node063.cluster:SCM:c4d0:8679cb80: 95690 us(34766 us):  open_hca: device mlx4_0 not found
node063.cluster:SCM:c4ca:d49e5b80: 97063 us(36402 us):  open_hca: device mlx4_0 not found
node063.cluster:SCM:c4cd:f7693b80: 97439 us(37798 us):  open_hca: device mlx4_0 not found
node063.cluster:SCM:c4c8:21f9b80: 97450 us(36696 us):  open_hca: device mlx4_0 not found
node063.cluster:SCM:c4c5:6c6e7b80: 97534 us(37405 us):  open_hca: device mlx4_0 not found
node063.cluster:SCM:c4cb:26044b80: 97565 us(36809 us):  open_hca: device mlx4_0 not found
node063.cluster:SCM:c4c9:22a96b80: 97937 us(37247 us):  open_hca: device mlx4_0 not found
node063.cluster:SCM:c4ce:bdb21b80: 98086 us(37305 us):  open_hca: device mlx4_0 not found
node063.cluster:SCM:c4c6:40825b80: 98259 us(37981 us):  open_hca: device mlx4_0 not found
node063.cluster:SCM:c4cc:d1e46b80: 98353 us(37602 us):  open_hca: device mlx4_0 not found
node063.cluster:SCM:c4c7:dc53fb80: 98355 us(37723 us):  open_hca: device mlx4_0 not found
node063.cluster:SCM:c4cf:837a1b80: 98732 us(38845 us):  open_hca: device mlx4_0 not found
node063.cluster:SCM:c4d2:21260b80: 99245 us(39419 us):  open_hca: device mlx4_0 not found
node063.cluster:SCM:c4d1:75515b80: 101324 us(41692 us):  open_hca: device mlx4_0 not found
node063.cluster:SCM:c4d0:8679cb80: 102579 us(6889 us):  open_hca: device mlx4_0 not found
node063.cluster:SCM:c4ca:d49e5b80: 104511 us(7448 us):  open_hca: device mlx4_0 not found
node063.cluster:SCM:c4c5:6c6e7b80: 104547 us(7013 us):  open_hca: device mlx4_0 not found
node063.cluster:SCM:c4cb:26044b80: 104595 us(7030 us):  open_hca: device mlx4_0 not found
node063.cluster:SCM:c4cd:f7693b80: 104751 us(7312 us):  open_hca: device mlx4_0 not found
node063.cluster:SCM:c4c9:22a96b80: 104935 us(6998 us):  open_hca: device mlx4_0 not found
node063.cluster:SCM:c4ce:bdb21b80: 104993 us(6907 us):  open_hca: device mlx4_0 not found
node063.cluster:SCM:c4c8:21f9b80: 105014 us(7564 us):  open_hca: device mlx4_0 not found
node063.cluster:SCM:c4c6:40825b80: 105039 us(6780 us):  open_hca: device mlx4_0 not found
node063.cluster:SCM:c4cf:837a1b80: 105107 us(6375 us):  open_hca: device mlx4_0 not found
node063.cluster:SCM:c4cc:d1e46b80: 105217 us(6864 us):  open_hca: device mlx4_0 not found
node063.cluster:SCM:c4d2:21260b80: 105381 us(6136 us):  open_hca: device mlx4_0 not found
node063.cluster:SCM:c4c7:dc53fb80: 106022 us(7667 us):  open_hca: device mlx4_0 not found
node063.cluster:SCM:c4d1:75515b80: 109232 us(7908 us):  open_hca: device mlx4_0 not found
node063.cluster:SCM:c4d0:8679cb80: 110627 us(8048 us):  open_hca: device scif0 not found
node063.cluster:SCM:c4ca:d49e5b80: 111665 us(7154 us):  open_hca: device scif0 not found
node063.cluster:SCM:c4cb:26044b80: 111653 us(7058 us):  open_hca: device scif0 not found
node063.cluster:SCM:c4c5:6c6e7b80: 111859 us(7312 us):  open_hca: device scif0 not found
node063.cluster:SCM:c4cd:f7693b80: 111922 us(7171 us):  open_hca: device scif0 not found
node063.cluster:SCM:c4ce:bdb21b80: 112118 us(7125 us):  open_hca: device scif0 not found
node063.cluster:SCM:c4c9:22a96b80: 112366 us(7431 us):  open_hca: device scif0 not found
node063.cluster:SCM:c4cf:837a1b80: 112423 us(7316 us):  open_hca: device scif0 not found
node063.cluster:SCM:c4c6:40825b80: 112628 us(7589 us):  open_hca: device scif0 not found
node063.cluster:SCM:c4c8:21f9b80: 112788 us(7774 us):  open_hca: device scif0 not found
node063.cluster:SCM:c4cc:d1e46b80: 112783 us(7566 us):  open_hca: device scif0 not found
node063.cluster:SCM:c4d2:21260b80: 112849 us(7468 us):  open_hca: device scif0 not found
node063.cluster:SCM:c4c7:dc53fb80: 113351 us(7329 us):  open_hca: device scif0 not found
node063.cluster:UCM:c4d0:8679cb80: 55301 us(28638 us):  open_hca: device scif0 not found
node063.cluster:CMA:c4d0:8679cb80: 92275 us(28617 us):  open_hca: getaddr_netdev ERROR:No such device. Is mic0:ib configured?
node063.cluster:SCM:c4d1:75515b80: 117689 us(8457 us):  open_hca: device scif0 not found
node063.cluster:UCM:c4cb:26044b80: 56500 us(27954 us):  open_hca: device scif0 not found
node063.cluster:CMA:c4cb:26044b80: 93487 us(27977 us):  open_hca: getaddr_netdev ERROR:No such device. Is mic0:ib configured?
node063.cluster:UCM:c4c5:6c6e7b80: 56690 us(28313 us):  open_hca: device scif0 not found
node063.cluster:UCM:c4cd:f7693b80: 56747 us(28504 us):  open_hca: device scif0 not found
node063.cluster:UCM:c4ca:d49e5b80: 56744 us(28703 us):  open_hca: device scif0 not found
node063.cluster:CMA:c4c5:6c6e7b80: 93656 us(28293 us):  open_hca: getaddr_netdev ERROR:No such device. Is mic0:ib configured?
node063.cluster:CMA:c4cd:f7693b80: 93691 us(28476 us):  open_hca: getaddr_netdev ERROR:No such device. Is mic0:ib configured?
node063.cluster:CMA:c4ca:d49e5b80: 93681 us(28637 us):  open_hca: getaddr_netdev ERROR:No such device. Is mic0:ib configured?
node063.cluster:UCM:c4ce:bdb21b80: 56890 us(27907 us):  open_hca: device scif0 not found
node063.cluster:CMA:c4ce:bdb21b80: 93818 us(27879 us):  open_hca: getaddr_netdev ERROR:No such device. Is mic0:ib configured?
node063.cluster:UCM:c4c9:22a96b80: 57255 us(28351 us):  open_hca: device scif0 not found
node063.cluster:CMA:c4c9:22a96b80: 94187 us(28333 us):  open_hca: getaddr_netdev ERROR:No such device. Is mic0:ib configured?
node063.cluster:UCM:c4cf:837a1b80: 57324 us(28200 us):  open_hca: device scif0 not found
node063.cluster:UCM:c4c6:40825b80: 57300 us(28484 us):  open_hca: device scif0 not found
node063.cluster:CMA:c4cf:837a1b80: 94263 us(28176 us):  open_hca: getaddr_netdev ERROR:No such device. Is mic0:ib configured?
node063.cluster:CMA:c4c6:40825b80: 94245 us(28455 us):  open_hca: getaddr_netdev ERROR:No such device. Is mic0:ib configured?
node063.cluster:UCM:c4cc:d1e46b80: 57754 us(28697 us):  open_hca: device scif0 not found
node063.cluster:CMA:c4cc:d1e46b80: 94674 us(28675 us):  open_hca: getaddr_netdev ERROR:No such device. Is mic0:ib configured?
node063.cluster:UCM:c4c8:21f9b80: 57848 us(29372 us):  open_hca: device scif0 not found
node063.cluster:UCM:c4d2:21260b80: 57900 us(27518 us):  open_hca: device scif0 not found
node063.cluster:UCM:c4c7:dc53fb80: 57884 us(28574 us):  open_hca: device scif0 not found
node063.cluster:CMA:c4c8:21f9b80: 94809 us(29364 us):  open_hca: getaddr_netdev ERROR:No such device. Is mic0:ib configured?
node063.cluster:CMA:c4c7:dc53fb80: 94809 us(28542 us):  open_hca: getaddr_netdev ERROR:No such device. Is mic0:ib configured?
node063.cluster:CMA:c4d2:21260b80: 94848 us(26960 us):  open_hca: getaddr_netdev ERROR:No such device. Is mic0:ib configured?
node063.cluster:SCM:c4d0:8679cb80: 124388 us(13761 us):  open_hca: device mlx4_0 not found
node063.cluster:SCM:c4cb:26044b80: 125408 us(13755 us):  open_hca: device mlx4_0 not found
node063.cluster:SCM:c4cd:f7693b80: 125536 us(13614 us):  open_hca: device mlx4_0 not found
node063.cluster:SCM:c4c5:6c6e7b80: 125820 us(13961 us):  open_hca: device mlx4_0 not found
node063.cluster:SCM:c4ce:bdb21b80: 126008 us(13890 us):  open_hca: device mlx4_0 not found
node063.cluster:SCM:c4cf:837a1b80: 126242 us(13819 us):  open_hca: device mlx4_0 not found
node063.cluster:SCM:c4c9:22a96b80: 126355 us(13989 us):  open_hca: device mlx4_0 not found
node063.cluster:SCM:c4ca:d49e5b80: 126370 us(14705 us):  open_hca: device mlx4_0 not found
node063.cluster:SCM:c4c6:40825b80: 126742 us(14114 us):  open_hca: device mlx4_0 not found
node063.cluster:UCM:c4d1:75515b80: 64660 us(33834 us):  open_hca: device scif0 not found
node063.cluster:SCM:c4d2:21260b80: 127013 us(14164 us):  open_hca: device mlx4_0 not found
node063.cluster:SCM:c4c7:dc53fb80: 127093 us(13742 us):  open_hca: device mlx4_0 not found
node063.cluster:SCM:c4cc:d1e46b80: 127116 us(14333 us):  open_hca: device mlx4_0 not found
node063.cluster:CMA:c4d1:75515b80: 101915 us(34128 us):  open_hca: getaddr_netdev ERROR:No such device. Is mic0:ib configured?
node063.cluster:SCM:c4c8:21f9b80: 127227 us(14439 us):  open_hca: device mlx4_0 not found
node063.cluster:SCM:c4d0:8679cb80: 130716 us(6328 us):  open_hca: device mlx4_0 not found
node063.cluster:SCM:c4cd:f7693b80: 132169 us(6633 us):  open_hca: device mlx4_0 not found
node063.cluster:SCM:c4ce:bdb21b80: 132869 us(6861 us):  open_hca: device mlx4_0 not found
node063.cluster:SCM:c4cb:26044b80: 132915 us(7507 us):  open_hca: device mlx4_0 not found
node063.cluster:SCM:c4c5:6c6e7b80: 133069 us(7249 us):  open_hca: device mlx4_0 not found
node063.cluster:SCM:c4cf:837a1b80: 133454 us(7212 us):  open_hca: device mlx4_0 not found
node063.cluster:SCM:c4c9:22a96b80: 133642 us(7287 us):  open_hca: device mlx4_0 not found
node063.cluster:SCM:c4c6:40825b80: 133809 us(7067 us):  open_hca: device mlx4_0 not found
node063.cluster:SCM:c4ca:d49e5b80: 134052 us(7682 us):  open_hca: device mlx4_0 not found
node063.cluster:SCM:c4c7:dc53fb80: 134157 us(7064 us):  open_hca: device mlx4_0 not found
node063.cluster:SCM:c4cc:d1e46b80: 134297 us(7181 us):  open_hca: device mlx4_0 not found
node063.cluster:SCM:c4d1:75515b80: 134364 us(16675 us):  open_hca: device mlx4_0 not found
node063.cluster:SCM:c4c8:21f9b80: 134353 us(7126 us):  open_hca: device mlx4_0 not found
node063.cluster:SCM:c4d2:21260b80: 135386 us(8373 us):  open_hca: device mlx4_0 not found
node063.cluster:SCM:c4d0:8679cb80: 137690 us(6974 us):  open_hca: device mlx4_1 not found
node063.cluster:SCM:c4cd:f7693b80: 138552 us(6383 us):  open_hca: device mlx4_1 not found
node063.cluster:SCM:c4ce:bdb21b80: 139718 us(6849 us):  open_hca: device mlx4_1 not found
node063.cluster:SCM:c4cf:837a1b80: 139763 us(6309 us):  open_hca: device mlx4_1 not found
node063.cluster:SCM:c4cb:26044b80: 139947 us(7032 us):  open_hca: device mlx4_1 not found
node063.cluster:SCM:c4c5:6c6e7b80: 140162 us(7093 us):  open_hca: device mlx4_1 not found
node063.cluster:SCM:c4c6:40825b80: 140376 us(6567 us):  open_hca: device mlx4_1 not found
node063.cluster:SCM:c4c9:22a96b80: 140761 us(7119 us):  open_hca: device mlx4_1 not found
node063.cluster:SCM:c4ca:d49e5b80: 140973 us(6921 us):  open_hca: device mlx4_1 not found
node063.cluster:SCM:c4d1:75515b80: 141328 us(6964 us):  open_hca: device mlx4_0 not found
node063.cluster:SCM:c4cc:d1e46b80: 141316 us(7019 us):  open_hca: device mlx4_1 not found
node063.cluster:SCM:c4c7:dc53fb80: 141383 us(7226 us):  open_hca: device mlx4_1 not found
node063.cluster:SCM:c4c8:21f9b80: 141484 us(7131 us):  open_hca: device mlx4_1 not found
node063.cluster:SCM:c4d2:21260b80: 143325 us(7939 us):  open_hca: device mlx4_1 not found
node063.cluster:SCM:c4d0:8679cb80: 144434 us(6744 us):  open_hca: device mlx4_1 not found
node063.cluster:SCM:c4cd:f7693b80: 145359 us(6807 us):  open_hca: device mlx4_1 not found
node063.cluster:SCM:c4ce:bdb21b80: 146358 us(6640 us):  open_hca: device mlx4_1 not found
node063.cluster:SCM:c4cf:837a1b80: 146713 us(6950 us):  open_hca: device mlx4_1 not found
node063.cluster:SCM:c4c6:40825b80: 147023 us(6647 us):  open_hca: device mlx4_1 not found
node063.cluster:SCM:c4cb:26044b80: 147144 us(7197 us):  open_hca: device mlx4_1 not found
node063.cluster:SCM:c4c9:22a96b80: 147227 us(6466 us):  open_hca: device mlx4_1 not found
node063.cluster:SCM:c4c5:6c6e7b80: 147387 us(7225 us):  open_hca: device mlx4_1 not found
node063.cluster:SCM:c4ca:d49e5b80: 147607 us(6634 us):  open_hca: device mlx4_1 not found
node063.cluster:SCM:c4cc:d1e46b80: 147678 us(6362 us):  open_hca: device mlx4_1 not found
node063.cluster:SCM:c4c7:dc53fb80: 147934 us(6551 us):  open_hca: device mlx4_1 not found
node063.cluster:SCM:c4c8:21f9b80: 147930 us(6446 us):  open_hca: device mlx4_1 not found
node063.cluster:SCM:c4d1:75515b80: 149546 us(8218 us):  open_hca: device mlx4_1 not found
node063.cluster:SCM:c4d2:21260b80: 150490 us(7165 us):  open_hca: device mlx4_1 not found
node063.cluster:UCM:c4d0:8679cb80: 89025 us(33724 us):  open_hca: device mlx4_1 not found
node063.cluster:UCM:c4cd:f7693b80: 89667 us(32920 us):  open_hca: device mlx4_1 not found
node063.cluster:UCM:c4ce:bdb21b80: 90677 us(33787 us):  open_hca: device mlx4_1 not found
node063.cluster:UCM:c4cf:837a1b80: 91227 us(33903 us):  open_hca: device mlx4_1 not found
node063.cluster:UCM:c4c6:40825b80: 91749 us(34449 us):  open_hca: device mlx4_1 not found
node063.cluster:UCM:c4cb:26044b80: 92182 us(35682 us):  open_hca: device mlx4_1 not found
node063.cluster:UCM:c4c9:22a96b80: 92468 us(35213 us):  open_hca: device mlx4_1 not found
node063.cluster:UCM:c4ca:d49e5b80: 92459 us(35715 us):  open_hca: device mlx4_1 not found
node063.cluster:UCM:c4c5:6c6e7b80: 92490 us(35800 us):  open_hca: device mlx4_1 not found
node063.cluster:UCM:c4c7:dc53fb80: 92681 us(34797 us):  open_hca: device mlx4_1 not found
node063.cluster:UCM:c4c8:21f9b80: 92914 us(35066 us):  open_hca: device mlx4_1 not found
node063.cluster:UCM:c4cc:d1e46b80: 92922 us(35168 us):  open_hca: device mlx4_1 not found
node063.cluster:SCM:c4d1:75515b80: 157927 us(8381 us):  open_hca: device mlx4_1 not found
node063.cluster:UCM:c4d2:21260b80: 96166 us(38266 us):  open_hca: device mlx4_1 not found
node063.cluster:UCM:c4d0:8679cb80: 96345 us(7320 us):  open_hca: device mlx4_1 not found
node063.cluster:UCM:c4cd:f7693b80: 96637 us(6970 us):  open_hca: device mlx4_1 not found
node063.cluster:UCM:c4ce:bdb21b80: 97500 us(6823 us):  open_hca: device mlx4_1 not found
node063.cluster:UCM:c4c6:40825b80: 98410 us(6661 us):  open_hca: device mlx4_1 not found
node063.cluster:UCM:c4cf:837a1b80: 98447 us(7220 us):  open_hca: device mlx4_1 not found
node063.cluster:UCM:c4c9:22a96b80: 99100 us(6632 us):  open_hca: device mlx4_1 not found
node063.cluster:UCM:c4c5:6c6e7b80: 99346 us(6856 us):  open_hca: device mlx4_1 not found
node063.cluster:UCM:c4ca:d49e5b80: 99364 us(6905 us):  open_hca: device mlx4_1 not found
node063.cluster:UCM:c4c7:dc53fb80: 99402 us(6721 us):  open_hca: device mlx4_1 not found
node063.cluster:UCM:c4cb:26044b80: 99471 us(7289 us):  open_hca: device mlx4_1 not found
node063.cluster:UCM:c4cc:d1e46b80: 99800 us(6878 us):  open_hca: device mlx4_1 not found
node063.cluster:UCM:c4c8:21f9b80: 100015 us(7101 us):  open_hca: device mlx4_1 not found
node063.cluster:UCM:c4d1:75515b80: 101558 us(36898 us):  open_hca: device mlx4_1 not found
node063.cluster:UCM:c4d2:21260b80: 103418 us(7252 us):  open_hca: device mlx4_1 not found
node063.cluster:UCM:c4d1:75515b80: 105987 us(4429 us):  open_hca: device mlx4_1 not found
                Step[ FC]     Time          Energy          fmax
*Force-consistent energies used in optimization.
BFGSLineSearch:    0[  0] 02:05:22     -183.491756*       2.3787
BFGSLineSearch:    1[  1] 02:36:17     -183.922105*       0.8427
BFGSLineSearch:    2[  2] 03:00:25     -184.013972*       0.4109
BFGSLineSearch:    3[  3] 03:19:05     -184.034467*       0.1051
BFGSLineSearch:    4[  4] 03:34:05     -184.038589*       0.0562
