node035.cluster:SCM:f505:3190fb80: 4034 us(4034 us):  open_hca: device mlx4_0 not found
node041.cluster:SCM:10978:f6008b80: 8090 us(8090 us):  open_hca: device mlx4_0 not found
node041.cluster:SCM:10979:4cf06b80: 8092 us(8092 us):  open_hca: device mlx4_0 not found
node041.cluster:SCM:1097e:ac850b80: 8103 us(8103 us):  open_hca: device mlx4_0 not found
node041.cluster:SCM:1097a:6a346b80: 8153 us(8153 us):  open_hca: device mlx4_0 not found
node041.cluster:SCM:1097c:7b059b80: 8143 us(8143 us):  open_hca: device mlx4_0 not found
node041.cluster:SCM:1097d:221ffb80: 8146 us(8146 us):  open_hca: device mlx4_0 not found
node041.cluster:SCM:1097f:901d5b80: 8157 us(8157 us):  open_hca: device mlx4_0 not found
node041.cluster:SCM:1097b:a8cf1b80: 8101 us(8101 us):  open_hca: device mlx4_0 not found
node041.cluster:SCM:10974:8fec6b80: 9602 us(9602 us):  open_hca: device mlx4_0 not found
node041.cluster:SCM:10977:f31bb80: 9590 us(9590 us):  open_hca: device mlx4_0 not found
node041.cluster:SCM:10975:53dd7b80: 9631 us(9631 us):  open_hca: device mlx4_0 not found
node041.cluster:SCM:10976:bf317b80: 9629 us(9629 us):  open_hca: device mlx4_0 not found
node041.cluster:SCM:1097e:ac850b80: 12214 us(4111 us):  open_hca: device mlx4_0 not found
node041.cluster:SCM:1097f:901d5b80: 12531 us(4374 us):  open_hca: device mlx4_0 not found
node041.cluster:SCM:1097a:6a346b80: 12626 us(4473 us):  open_hca: device mlx4_0 not found
node041.cluster:SCM:10978:f6008b80: 12695 us(4605 us):  open_hca: device mlx4_0 not found
node041.cluster:SCM:10979:4cf06b80: 12985 us(4893 us):  open_hca: device mlx4_0 not found
node041.cluster:SCM:1097d:221ffb80: 13194 us(5048 us):  open_hca: device mlx4_0 not found
node041.cluster:SCM:1097c:7b059b80: 13259 us(5116 us):  open_hca: device mlx4_0 not found
node041.cluster:SCM:1097b:a8cf1b80: 14792 us(6691 us):  open_hca: device mlx4_0 not found
node041.cluster:SCM:10977:f31bb80: 15126 us(5536 us):  open_hca: device mlx4_0 not found
node041.cluster:SCM:10976:bf317b80: 15157 us(5528 us):  open_hca: device mlx4_0 not found
node041.cluster:SCM:10975:53dd7b80: 15394 us(5763 us):  open_hca: device mlx4_0 not found
node041.cluster:SCM:10974:8fec6b80: 15699 us(6097 us):  open_hca: device mlx4_0 not found
node041.cluster:SCM:1097e:ac850b80: 17173 us(4959 us):  open_hca: device mlx4_0 not found
node041.cluster:SCM:1097f:901d5b80: 17276 us(4745 us):  open_hca: device mlx4_0 not found
node041.cluster:SCM:10978:f6008b80: 17811 us(5116 us):  open_hca: device mlx4_0 not found
node041.cluster:CMA:1097e:ac850b80: 88 us(88 us):  open_hca: getaddr_netdev ERROR:No such device. Is ib0 configured?
node041.cluster:CMA:1097f:901d5b80: 87 us(87 us):  open_hca: getaddr_netdev ERROR:No such device. Is ib0 configured?
node041.cluster:CMA:1097e:ac850b80: 137 us(49 us):  open_hca: getaddr_netdev ERROR:No such device. Is ib1 configured?
node041.cluster:CMA:1097f:901d5b80: 137 us(50 us):  open_hca: getaddr_netdev ERROR:No such device. Is ib1 configured?
node041.cluster:CMA:10978:f6008b80: 66 us(66 us):  open_hca: getaddr_netdev ERROR:No such device. Is ib0 configured?
node041.cluster:CMA:10978:f6008b80: 120 us(54 us):  open_hca: getaddr_netdev ERROR:No such device. Is ib1 configured?
node041.cluster:SCM:10979:4cf06b80: 18636 us(5651 us):  open_hca: device mlx4_0 not found
node041.cluster:SCM:1097c:7b059b80: 18705 us(5446 us):  open_hca: device mlx4_0 not found
node041.cluster:SCM:1097d:221ffb80: 18748 us(5554 us):  open_hca: device mlx4_0 not found
node041.cluster:SCM:1097a:6a346b80: 19228 us(6602 us):  open_hca: device mlx4_0 not found
node041.cluster:CMA:10979:4cf06b80: 57 us(57 us):  open_hca: getaddr_netdev ERROR:No such device. Is ib0 configured?
node041.cluster:CMA:10979:4cf06b80: 92 us(35 us):  open_hca: getaddr_netdev ERROR:No such device. Is ib1 configured?
node041.cluster:CMA:1097c:7b059b80: 65 us(65 us):  open_hca: getaddr_netdev ERROR:No such device. Is ib0 configured?
node041.cluster:CMA:1097d:221ffb80: 65 us(65 us):  open_hca: getaddr_netdev ERROR:No such device. Is ib0 configured?
node041.cluster:CMA:1097c:7b059b80: 111 us(46 us):  open_hca: getaddr_netdev ERROR:No such device. Is ib1 configured?
node041.cluster:CMA:1097d:221ffb80: 111 us(46 us):  open_hca: getaddr_netdev ERROR:No such device. Is ib1 configured?
node041.cluster:SCM:1097b:a8cf1b80: 20058 us(5266 us):  open_hca: device mlx4_0 not found
node041.cluster:SCM:10976:bf317b80: 19622 us(4465 us):  open_hca: device mlx4_0 not found
node041.cluster:CMA:1097a:6a346b80: 62 us(62 us):  open_hca: getaddr_netdev ERROR:No such device. Is ib0 configured?
node041.cluster:SCM:10975:53dd7b80: 20214 us(4820 us):  open_hca: device mlx4_0 not found
node041.cluster:CMA:1097b:a8cf1b80: 56 us(56 us):  open_hca: getaddr_netdev ERROR:No such device. Is ib0 configured?
node041.cluster:SCM:10974:8fec6b80: 20289 us(4590 us):  open_hca: device mlx4_0 not found
node041.cluster:CMA:1097b:a8cf1b80: 99 us(43 us):  open_hca: getaddr_netdev ERROR:No such device. Is ib1 configured?
node041.cluster:CMA:1097a:6a346b80: 292 us(230 us):  open_hca: getaddr_netdev ERROR:No such device. Is ib1 configured?
node041.cluster:SCM:10977:f31bb80: 20442 us(5316 us):  open_hca: device mlx4_0 not found
node041.cluster:CMA:10976:bf317b80: 101 us(101 us):  open_hca: getaddr_netdev ERROR:No such device. Is ib0 configured?
node041.cluster:CMA:10976:bf317b80: 191 us(90 us):  open_hca: getaddr_netdev ERROR:No such device. Is ib1 configured?
node041.cluster:CMA:10975:53dd7b80: 82 us(82 us):  open_hca: getaddr_netdev ERROR:No such device. Is ib0 configured?
node041.cluster:CMA:10974:8fec6b80: 82 us(82 us):  open_hca: getaddr_netdev ERROR:No such device. Is ib0 configured?
node041.cluster:CMA:10977:f31bb80: 73 us(73 us):  open_hca: getaddr_netdev ERROR:No such device. Is ib0 configured?
node041.cluster:CMA:10974:8fec6b80: 137 us(55 us):  open_hca: getaddr_netdev ERROR:No such device. Is ib1 configured?
node041.cluster:CMA:10975:53dd7b80: 137 us(55 us):  open_hca: getaddr_netdev ERROR:No such device. Is ib1 configured?
node041.cluster:CMA:10977:f31bb80: 117 us(44 us):  open_hca: getaddr_netdev ERROR:No such device. Is ib1 configured?
node041.cluster:SCM:1097f:901d5b80: 22055 us(4779 us):  open_hca: device mthca0 not found
node041.cluster:SCM:1097e:ac850b80: 22162 us(4989 us):  open_hca: device mthca0 not found
node041.cluster:SCM:10978:f6008b80: 22605 us(4794 us):  open_hca: device mthca0 not found
node041.cluster:SCM:10979:4cf06b80: 23226 us(4590 us):  open_hca: device mthca0 not found
node041.cluster:SCM:1097d:221ffb80: 23509 us(4761 us):  open_hca: device mthca0 not found
node041.cluster:SCM:1097c:7b059b80: 23540 us(4835 us):  open_hca: device mthca0 not found
node041.cluster:SCM:1097b:a8cf1b80: 24720 us(4662 us):  open_hca: device mthca0 not found
node041.cluster:SCM:10975:53dd7b80: 26473 us(6259 us):  open_hca: device mthca0 not found
node041.cluster:SCM:10974:8fec6b80: 26508 us(6219 us):  open_hca: device mthca0 not found
node041.cluster:SCM:1097a:6a346b80: 27130 us(7902 us):  open_hca: device mthca0 not found
node041.cluster:SCM:10976:bf317b80: 26730 us(7108 us):  open_hca: device mthca0 not found
node041.cluster:SCM:10977:f31bb80: 26776 us(6334 us):  open_hca: device mthca0 not found
node041.cluster:SCM:1097e:ac850b80: 27641 us(5479 us):  open_hca: device mthca0 not found
node041.cluster:SCM:1097f:901d5b80: 27708 us(5653 us):  open_hca: device mthca0 not found
node041.cluster:SCM:10978:f6008b80: 28361 us(5756 us):  open_hca: device mthca0 not found
node041.cluster:SCM:10979:4cf06b80: 28556 us(5330 us):  open_hca: device mthca0 not found
node041.cluster:SCM:1097d:221ffb80: 29231 us(5722 us):  open_hca: device mthca0 not found
node041.cluster:SCM:1097c:7b059b80: 29465 us(5925 us):  open_hca: device mthca0 not found
node041.cluster:SCM:1097b:a8cf1b80: 30221 us(5501 us):  open_hca: device mthca0 not found
node041.cluster:SCM:10975:53dd7b80: 31896 us(5423 us):  open_hca: device mthca0 not found
node041.cluster:SCM:10974:8fec6b80: 32077 us(5569 us):  open_hca: device mthca0 not found
node041.cluster:SCM:10976:bf317b80: 32545 us(5815 us):  open_hca: device mthca0 not found
node041.cluster:SCM:10977:f31bb80: 32637 us(5861 us):  open_hca: device mthca0 not found
node041.cluster:SCM:1097e:ac850b80: 33208 us(5567 us):  open_hca: device ipath0 not found
node041.cluster:SCM:1097f:901d5b80: 33417 us(5709 us):  open_hca: device ipath0 not found
node035.cluster:SCM:f502:9cfc8b80: 4088 us(4088 us):  open_hca: device mlx4_0 not found
node035.cluster:SCM:f503:36b3bb80: 4088 us(4088 us):  open_hca: device mlx4_0 not found
node035.cluster:SCM:f504:9b3b0b80: 4034 us(4034 us):  open_hca: device mlx4_0 not found
node035.cluster:SCM:f505:3190fb80: 5143 us(1109 us):  open_hca: device mlx4_0 not found
node035.cluster:SCM:f502:9cfc8b80: 5128 us(1040 us):  open_hca: device mlx4_0 not found
node035.cluster:SCM:f503:36b3bb80: 5143 us(1055 us):  open_hca: device mlx4_0 not found
node035.cluster:SCM:f504:9b3b0b80: 5981 us(1947 us):  open_hca: device mlx4_0 not found
node035.cluster:SCM:f502:9cfc8b80: 6166 us(1038 us):  open_hca: device mlx4_0 not found
node035.cluster:SCM:f503:36b3bb80: 6166 us(1023 us):  open_hca: device mlx4_0 not found
node035.cluster:SCM:f505:3190fb80: 6253 us(1110 us):  open_hca: device mlx4_0 not found
node035.cluster:SCM:f504:9b3b0b80: 6622 us(641 us):  open_hca: device mlx4_0 not found
node035.cluster:CMA:f502:9cfc8b80: 90 us(90 us):  open_hca: getaddr_netdev ERROR:No such device. Is ib0 configured?
node035.cluster:CMA:f503:36b3bb80: 90 us(90 us):  open_hca: getaddr_netdev ERROR:No such device. Is ib0 configured?
node035.cluster:CMA:f502:9cfc8b80: 138 us(48 us):  open_hca: getaddr_netdev ERROR:No such device. Is ib1 configured?
node035.cluster:CMA:f503:36b3bb80: 138 us(48 us):  open_hca: getaddr_netdev ERROR:No such device. Is ib1 configured?
node035.cluster:CMA:f505:3190fb80: 86 us(86 us):  open_hca: getaddr_netdev ERROR:No such device. Is ib0 configured?
node035.cluster:CMA:f505:3190fb80: 129 us(43 us):  open_hca: getaddr_netdev ERROR:No such device. Is ib1 configured?
node035.cluster:CMA:f504:9b3b0b80: 60 us(60 us):  open_hca: getaddr_netdev ERROR:No such device. Is ib0 configured?
node035.cluster:CMA:f504:9b3b0b80: 251 us(191 us):  open_hca: getaddr_netdev ERROR:No such device. Is ib1 configured?
node035.cluster:SCM:f502:9cfc8b80: 7928 us(1762 us):  open_hca: device mthca0 not found
node035.cluster:SCM:f503:36b3bb80: 7928 us(1762 us):  open_hca: device mthca0 not found
node035.cluster:SCM:f505:3190fb80: 8210 us(1957 us):  open_hca: device mthca0 not found
node035.cluster:SCM:f502:9cfc8b80: 9048 us(1120 us):  open_hca: device mthca0 not found
node035.cluster:SCM:f503:36b3bb80: 9048 us(1120 us):  open_hca: device mthca0 not found
node035.cluster:SCM:f505:3190fb80: 9218 us(1008 us):  open_hca: device mthca0 not found
node035.cluster:SCM:f504:9b3b0b80: 9499 us(2877 us):  open_hca: device mthca0 not found
node035.cluster:SCM:f502:9cfc8b80: 10008 us(960 us):  open_hca: device ipath0 not found
node035.cluster:SCM:f503:36b3bb80: 10007 us(959 us):  open_hca: device ipath0 not found
node035.cluster:SCM:f505:3190fb80: 10198 us(980 us):  open_hca: device ipath0 not found
node035.cluster:SCM:f502:9cfc8b80: 11038 us(1030 us):  open_hca: device ipath0 not found
node035.cluster:SCM:f503:36b3bb80: 11044 us(1037 us):  open_hca: device ipath0 not found
node035.cluster:SCM:f504:9b3b0b80: 11023 us(1524 us):  open_hca: device mthca0 not found
node035.cluster:SCM:f505:3190fb80: 11396 us(1198 us):  open_hca: device ipath0 not found
node035.cluster:SCM:f502:9cfc8b80: 11999 us(961 us):  open_hca: device ehca0 not found
node035.cluster:SCM:f503:36b3bb80: 12004 us(960 us):  open_hca: device ehca0 not found
node035.cluster:CMA:f502:9cfc8b80: 4973 us(4835 us):  open_hca: getaddr_netdev ERROR:No such device. Is eth2 configured?
node035.cluster:CMA:f503:36b3bb80: 4973 us(4835 us):  open_hca: getaddr_netdev ERROR:No such device. Is eth2 configured?
node035.cluster:SCM:f505:3190fb80: 12178 us(782 us):  open_hca: device ehca0 not found
node035.cluster:CMA:f505:3190fb80: 5036 us(4907 us):  open_hca: getaddr_netdev ERROR:No such device. Is eth2 configured?
node035.cluster:SCM:f504:9b3b0b80: 12408 us(1385 us):  open_hca: device ipath0 not found
node035.cluster:UCM:f503:36b3bb80: 1137 us(1137 us):  open_hca: device mlx4_0 not found
node035.cluster:UCM:f502:9cfc8b80: 1215 us(1215 us):  open_hca: device mlx4_0 not found
node035.cluster:UCM:f505:3190fb80: 1286 us(1286 us):  open_hca: device mlx4_0 not found
node035.cluster:SCM:f504:9b3b0b80: 14198 us(1790 us):  open_hca: device ipath0 not found
node035.cluster:UCM:f503:36b3bb80: 2018 us(881 us):  open_hca: device mlx4_0 not found
node035.cluster:UCM:f502:9cfc8b80: 2077 us(862 us):  open_hca: device mlx4_0 not found
node035.cluster:UCM:f505:3190fb80: 2434 us(1148 us):  open_hca: device mlx4_0 not found
node035.cluster:UCM:f502:9cfc8b80: 3075 us(998 us):  open_hca: device mthca0 not found
node035.cluster:UCM:f503:36b3bb80: 3075 us(1057 us):  open_hca: device mthca0 not found
node035.cluster:SCM:f504:9b3b0b80: 16033 us(1835 us):  open_hca: device ehca0 not found
node035.cluster:UCM:f505:3190fb80: 3547 us(1113 us):  open_hca: device mthca0 not found
node035.cluster:CMA:f504:9b3b0b80: 8802 us(8551 us):  open_hca: getaddr_netdev ERROR:No such device. Is eth2 configured?
node035.cluster:UCM:f502:9cfc8b80: 3835 us(760 us):  open_hca: device mthca0 not found
node035.cluster:UCM:f503:36b3bb80: 3835 us(760 us):  open_hca: device mthca0 not found
node035.cluster:CMA:f503:36b3bb80: 9327 us(4354 us):  open_hca: getaddr_netdev ERROR:No such device. Is eth2 configured?
node035.cluster:CMA:f502:9cfc8b80: 9327 us(4354 us):  open_hca: getaddr_netdev ERROR:No such device. Is eth2 configured?
node035.cluster:CMA:f502:9cfc8b80: 9367 us(40 us):  open_hca: getaddr_netdev ERROR:No such device. Is eth3 configured?
node035.cluster:CMA:f503:36b3bb80: 9367 us(40 us):  open_hca: getaddr_netdev ERROR:No such device. Is eth3 configured?
node035.cluster:UCM:f505:3190fb80: 4168 us(621 us):  open_hca: device mthca0 not found
node035.cluster:CMA:f505:3190fb80: 9697 us(4661 us):  open_hca: getaddr_netdev ERROR:No such device. Is eth2 configured?
node035.cluster:CMA:f505:3190fb80: 9721 us(24 us):  open_hca: getaddr_netdev ERROR:No such device. Is eth3 configured?
node035.cluster:SCM:f502:9cfc8b80: 17055 us(5056 us):  open_hca: device mlx4_0 not found
node035.cluster:SCM:f503:36b3bb80: 17055 us(5051 us):  open_hca: device mlx4_0 not found
node035.cluster:SCM:f505:3190fb80: 17961 us(5783 us):  open_hca: device mlx4_0 not found
node035.cluster:SCM:f503:36b3bb80: 17998 us(943 us):  open_hca: device mlx4_0 not found
node035.cluster:SCM:f502:9cfc8b80: 17998 us(943 us):  open_hca: device mlx4_0 not found
node035.cluster:SCM:f505:3190fb80: 18316 us(355 us):  open_hca: device mlx4_0 not found
node035.cluster:UCM:f504:9b3b0b80: 1032 us(1032 us):  open_hca: device mlx4_0 not found
node035.cluster:SCM:f502:9cfc8b80: 19062 us(1064 us):  open_hca: device scif0 not found
node035.cluster:SCM:f503:36b3bb80: 19062 us(1064 us):  open_hca: device scif0 not found
node035.cluster:SCM:f505:3190fb80: 19660 us(1344 us):  open_hca: device scif0 not found
node035.cluster:UCM:f504:9b3b0b80: 2583 us(1551 us):  open_hca: device mlx4_0 not found
node035.cluster:UCM:f502:9cfc8b80: 7454 us(3619 us):  open_hca: device scif0 not found
node035.cluster:UCM:f503:36b3bb80: 7473 us(3638 us):  open_hca: device scif0 not found
node035.cluster:CMA:f502:9cfc8b80: 12943 us(3576 us):  open_hca: getaddr_netdev ERROR:No such device. Is mic0:ib configured?
node035.cluster:CMA:f503:36b3bb80: 12954 us(3587 us):  open_hca: getaddr_netdev ERROR:No such device. Is mic0:ib configured?
node035.cluster:UCM:f505:3190fb80: 7974 us(3806 us):  open_hca: device scif0 not found
node035.cluster:CMA:f505:3190fb80: 13506 us(3785 us):  open_hca: getaddr_netdev ERROR:No such device. Is mic0:ib configured?
node035.cluster:SCM:f503:36b3bb80: 20959 us(1897 us):  open_hca: device mlx4_0 not found
node035.cluster:SCM:f502:9cfc8b80: 20979 us(1917 us):  open_hca: device mlx4_0 not found
node035.cluster:UCM:f504:9b3b0b80: 4367 us(1784 us):  open_hca: device mthca0 not found
node035.cluster:SCM:f505:3190fb80: 21818 us(2158 us):  open_hca: device mlx4_0 not found
node035.cluster:SCM:f503:36b3bb80: 21875 us(916 us):  open_hca: device mlx4_0 not found
node035.cluster:SCM:f502:9cfc8b80: 21899 us(920 us):  open_hca: device mlx4_0 not found
node035.cluster:SCM:f503:36b3bb80: 23085 us(1210 us):  open_hca: device mlx4_1 not found
node035.cluster:SCM:f502:9cfc8b80: 23105 us(1206 us):  open_hca: device mlx4_1 not found
node035.cluster:SCM:f505:3190fb80: 23139 us(1321 us):  open_hca: device mlx4_0 not found
node035.cluster:UCM:f504:9b3b0b80: 6165 us(1798 us):  open_hca: device mthca0 not found
node035.cluster:CMA:f504:9b3b0b80: 16137 us(7335 us):  open_hca: getaddr_netdev ERROR:No such device. Is eth2 configured?
node035.cluster:CMA:f504:9b3b0b80: 16316 us(179 us):  open_hca: getaddr_netdev ERROR:No such device. Is eth3 configured?
node035.cluster:SCM:f502:9cfc8b80: 23885 us(780 us):  open_hca: device mlx4_1 not found
node035.cluster:SCM:f503:36b3bb80: 23885 us(800 us):  open_hca: device mlx4_1 not found
node035.cluster:SCM:f505:3190fb80: 24096 us(957 us):  open_hca: device mlx4_1 not found
node035.cluster:UCM:f502:9cfc8b80: 12387 us(4933 us):  open_hca: device mlx4_1 not found
node035.cluster:UCM:f503:36b3bb80: 12388 us(4915 us):  open_hca: device mlx4_1 not found
node035.cluster:SCM:f505:3190fb80: 25238 us(1142 us):  open_hca: device mlx4_1 not found
node035.cluster:SCM:f504:9b3b0b80: 25498 us(9465 us):  open_hca: device mlx4_0 not found
node035.cluster:UCM:f502:9cfc8b80: 13358 us(971 us):  open_hca: device mlx4_1 not found
node035.cluster:UCM:f503:36b3bb80: 13375 us(987 us):  open_hca: device mlx4_1 not found
node035.cluster:UCM:f505:3190fb80: 13365 us(5391 us):  open_hca: device mlx4_1 not found
node035.cluster:UCM:f505:3190fb80: 13692 us(327 us):  open_hca: device mlx4_1 not found
node035.cluster:SCM:f504:9b3b0b80: 26349 us(851 us):  open_hca: device mlx4_0 not found
node035.cluster:SCM:f504:9b3b0b80: 27344 us(995 us):  open_hca: device scif0 not found
node035.cluster:UCM:f504:9b3b0b80: 10384 us(4219 us):  open_hca: device scif0 not found
node035.cluster:CMA:f504:9b3b0b80: 20203 us(3887 us):  open_hca: getaddr_netdev ERROR:No such device. Is mic0:ib configured?
node035.cluster:SCM:f504:9b3b0b80: 27933 us(589 us):  open_hca: device mlx4_0 not found
node035.cluster:SCM:f504:9b3b0b80: 28153 us(220 us):  open_hca: device mlx4_0 not found
node035.cluster:SCM:f504:9b3b0b80: 28373 us(220 us):  open_hca: device mlx4_1 not found
node035.cluster:SCM:f504:9b3b0b80: 28600 us(227 us):  open_hca: device mlx4_1 not found
node035.cluster:UCM:f504:9b3b0b80: 11586 us(1202 us):  open_hca: device mlx4_1 not found
node035.cluster:UCM:f504:9b3b0b80: 11870 us(284 us):  open_hca: device mlx4_1 not found
node041.cluster:SCM:10978:f6008b80: 33762 us(5401 us):  open_hca: device ipath0 not found
node041.cluster:SCM:10979:4cf06b80: 33855 us(5299 us):  open_hca: device ipath0 not found
node041.cluster:SCM:1097a:6a346b80: 34366 us(7236 us):  open_hca: device mthca0 not found
node041.cluster:SCM:1097d:221ffb80: 34641 us(5410 us):  open_hca: device ipath0 not found
node041.cluster:SCM:1097c:7b059b80: 35133 us(5668 us):  open_hca: device ipath0 not found
node041.cluster:SCM:1097b:a8cf1b80: 35744 us(5523 us):  open_hca: device ipath0 not found
node041.cluster:SCM:10975:53dd7b80: 37583 us(5687 us):  open_hca: device ipath0 not found
node041.cluster:SCM:10974:8fec6b80: 37623 us(5546 us):  open_hca: device ipath0 not found
node041.cluster:SCM:10976:bf317b80: 38275 us(5730 us):  open_hca: device ipath0 not found
node041.cluster:SCM:10978:f6008b80: 38879 us(5117 us):  open_hca: device ipath0 not found
node041.cluster:SCM:10977:f31bb80: 38536 us(5899 us):  open_hca: device ipath0 not found
node041.cluster:SCM:1097e:ac850b80: 39090 us(5882 us):  open_hca: device ipath0 not found
node041.cluster:SCM:1097f:901d5b80: 39420 us(6003 us):  open_hca: device ipath0 not found
node041.cluster:SCM:10979:4cf06b80: 39526 us(5671 us):  open_hca: device ipath0 not found
node041.cluster:SCM:1097c:7b059b80: 40447 us(5314 us):  open_hca: device ipath0 not found
node041.cluster:SCM:1097d:221ffb80: 40447 us(5806 us):  open_hca: device ipath0 not found
node041.cluster:SCM:1097a:6a346b80: 41157 us(6791 us):  open_hca: device ipath0 not found
node041.cluster:SCM:1097b:a8cf1b80: 41419 us(5675 us):  open_hca: device ipath0 not found
node041.cluster:SCM:10975:53dd7b80: 42995 us(5412 us):  open_hca: device ipath0 not found
node041.cluster:SCM:10974:8fec6b80: 43489 us(5866 us):  open_hca: device ipath0 not found
node041.cluster:SCM:1097e:ac850b80: 44457 us(5367 us):  open_hca: device ehca0 not found
node041.cluster:CMA:1097e:ac850b80: 26293 us(26156 us):  open_hca: getaddr_netdev ERROR:No such device. Is eth2 configured?
node041.cluster:SCM:10978:f6008b80: 44562 us(5683 us):  open_hca: device ehca0 not found
node041.cluster:CMA:10978:f6008b80: 26153 us(26033 us):  open_hca: getaddr_netdev ERROR:No such device. Is eth2 configured?
node041.cluster:SCM:10976:bf317b80: 44147 us(5872 us):  open_hca: device ipath0 not found
node041.cluster:SCM:10977:f31bb80: 44255 us(5719 us):  open_hca: device ipath0 not found
node041.cluster:SCM:1097f:901d5b80: 44828 us(5408 us):  open_hca: device ehca0 not found
node041.cluster:CMA:1097f:901d5b80: 26641 us(26504 us):  open_hca: getaddr_netdev ERROR:No such device. Is eth2 configured?
node041.cluster:SCM:10979:4cf06b80: 45231 us(5705 us):  open_hca: device ehca0 not found
node041.cluster:CMA:10979:4cf06b80: 26006 us(25914 us):  open_hca: getaddr_netdev ERROR:No such device. Is eth2 configured?
node041.cluster:SCM:1097d:221ffb80: 45380 us(4933 us):  open_hca: device ehca0 not found
node041.cluster:CMA:1097d:221ffb80: 26077 us(25966 us):  open_hca: getaddr_netdev ERROR:No such device. Is eth2 configured?
node041.cluster:SCM:1097c:7b059b80: 45998 us(5551 us):  open_hca: device ehca0 not found
node041.cluster:CMA:1097c:7b059b80: 26702 us(26591 us):  open_hca: getaddr_netdev ERROR:No such device. Is eth2 configured?
node041.cluster:SCM:1097b:a8cf1b80: 46750 us(5331 us):  open_hca: device ehca0 not found
node041.cluster:CMA:1097b:a8cf1b80: 26094 us(25995 us):  open_hca: getaddr_netdev ERROR:No such device. Is eth2 configured?
node041.cluster:SCM:10975:53dd7b80: 48034 us(5039 us):  open_hca: device ehca0 not found
node041.cluster:CMA:10975:53dd7b80: 27054 us(26917 us):  open_hca: getaddr_netdev ERROR:No such device. Is eth2 configured?
node041.cluster:SCM:1097a:6a346b80: 48918 us(7761 us):  open_hca: device ipath0 not found
node041.cluster:SCM:10974:8fec6b80: 48643 us(5154 us):  open_hca: device ehca0 not found
node041.cluster:CMA:10974:8fec6b80: 27616 us(27479 us):  open_hca: getaddr_netdev ERROR:No such device. Is eth2 configured?
node041.cluster:SCM:10976:bf317b80: 49551 us(5404 us):  open_hca: device ehca0 not found
node041.cluster:CMA:10976:bf317b80: 28714 us(28523 us):  open_hca: getaddr_netdev ERROR:No such device. Is eth2 configured?
node041.cluster:UCM:1097e:ac850b80: 5356 us(5356 us):  open_hca: device mlx4_0 not found
node041.cluster:UCM:10978:f6008b80: 5395 us(5395 us):  open_hca: device mlx4_0 not found
node041.cluster:UCM:1097f:901d5b80: 5415 us(5415 us):  open_hca: device mlx4_0 not found
node041.cluster:SCM:10977:f31bb80: 50195 us(5940 us):  open_hca: device ehca0 not found
node041.cluster:CMA:10977:f31bb80: 29127 us(29010 us):  open_hca: getaddr_netdev ERROR:No such device. Is eth2 configured?
node041.cluster:UCM:1097d:221ffb80: 5251 us(5251 us):  open_hca: device mlx4_0 not found
node041.cluster:UCM:10979:4cf06b80: 5521 us(5521 us):  open_hca: device mlx4_0 not found
node041.cluster:UCM:1097c:7b059b80: 4817 us(4817 us):  open_hca: device mlx4_0 not found
node041.cluster:UCM:1097b:a8cf1b80: 5528 us(5528 us):  open_hca: device mlx4_0 not found
node041.cluster:UCM:10975:53dd7b80: 5102 us(5102 us):  open_hca: device mlx4_0 not found
node041.cluster:UCM:10974:8fec6b80: 4975 us(4975 us):  open_hca: device mlx4_0 not found
node041.cluster:SCM:1097a:6a346b80: 55759 us(6841 us):  open_hca: device ehca0 not found
node041.cluster:UCM:1097e:ac850b80: 10851 us(5495 us):  open_hca: device mlx4_0 not found
node041.cluster:UCM:10978:f6008b80: 10862 us(5467 us):  open_hca: device mlx4_0 not found
node041.cluster:CMA:1097a:6a346b80: 35723 us(35431 us):  open_hca: getaddr_netdev ERROR:No such device. Is eth2 configured?
node041.cluster:UCM:1097f:901d5b80: 11227 us(5812 us):  open_hca: device mlx4_0 not found
node041.cluster:UCM:10976:bf317b80: 5895 us(5895 us):  open_hca: device mlx4_0 not found
node041.cluster:UCM:1097c:7b059b80: 10393 us(5576 us):  open_hca: device mlx4_0 not found
node041.cluster:UCM:1097d:221ffb80: 11052 us(5801 us):  open_hca: device mlx4_0 not found
node041.cluster:UCM:10979:4cf06b80: 11230 us(5709 us):  open_hca: device mlx4_0 not found
node041.cluster:UCM:10977:f31bb80: 6039 us(6039 us):  open_hca: device mlx4_0 not found
node041.cluster:UCM:1097b:a8cf1b80: 11261 us(5733 us):  open_hca: device mlx4_0 not found
node041.cluster:UCM:10975:53dd7b80: 10122 us(5020 us):  open_hca: device mlx4_0 not found
node041.cluster:UCM:10974:8fec6b80: 10004 us(5029 us):  open_hca: device mlx4_0 not found
node041.cluster:UCM:1097e:ac850b80: 16179 us(5328 us):  open_hca: device mthca0 not found
node041.cluster:UCM:10978:f6008b80: 16337 us(5475 us):  open_hca: device mthca0 not found
node041.cluster:UCM:10976:bf317b80: 11432 us(5537 us):  open_hca: device mlx4_0 not found
node041.cluster:UCM:1097f:901d5b80: 16942 us(5715 us):  open_hca: device mthca0 not found
node041.cluster:UCM:1097d:221ffb80: 16339 us(5287 us):  open_hca: device mthca0 not found
node041.cluster:UCM:1097c:7b059b80: 15778 us(5385 us):  open_hca: device mthca0 not found
node041.cluster:UCM:10979:4cf06b80: 17018 us(5788 us):  open_hca: device mthca0 not found
node041.cluster:UCM:10977:f31bb80: 11682 us(5643 us):  open_hca: device mlx4_0 not found
node041.cluster:UCM:1097b:a8cf1b80: 16776 us(5515 us):  open_hca: device mthca0 not found
node041.cluster:UCM:1097a:6a346b80: 6607 us(6607 us):  open_hca: device mlx4_0 not found
node041.cluster:UCM:10974:8fec6b80: 15606 us(5602 us):  open_hca: device mthca0 not found
node041.cluster:UCM:10975:53dd7b80: 15841 us(5719 us):  open_hca: device mthca0 not found
node041.cluster:UCM:1097e:ac850b80: 21894 us(5715 us):  open_hca: device mthca0 not found
node041.cluster:CMA:1097e:ac850b80: 48851 us(22558 us):  open_hca: getaddr_netdev ERROR:No such device. Is eth2 configured?
node041.cluster:CMA:1097e:ac850b80: 48874 us(23 us):  open_hca: getaddr_netdev ERROR:No such device. Is eth3 configured?
node041.cluster:UCM:10978:f6008b80: 22241 us(5904 us):  open_hca: device mthca0 not found
node041.cluster:CMA:10978:f6008b80: 48939 us(22786 us):  open_hca: getaddr_netdev ERROR:No such device. Is eth2 configured?
node041.cluster:CMA:10978:f6008b80: 48968 us(29 us):  open_hca: getaddr_netdev ERROR:No such device. Is eth3 configured?
node041.cluster:UCM:1097d:221ffb80: 21804 us(5465 us):  open_hca: device mthca0 not found
node041.cluster:CMA:1097d:221ffb80: 48273 us(22196 us):  open_hca: getaddr_netdev ERROR:No such device. Is eth2 configured?
node041.cluster:UCM:1097f:901d5b80: 22491 us(5549 us):  open_hca: device mthca0 not found
node041.cluster:CMA:1097d:221ffb80: 48295 us(22 us):  open_hca: getaddr_netdev ERROR:No such device. Is eth3 configured?
node041.cluster:CMA:1097f:901d5b80: 49446 us(22805 us):  open_hca: getaddr_netdev ERROR:No such device. Is eth2 configured?
node041.cluster:CMA:1097f:901d5b80: 49467 us(21 us):  open_hca: getaddr_netdev ERROR:No such device. Is eth3 configured?
node041.cluster:UCM:1097c:7b059b80: 21379 us(5601 us):  open_hca: device mthca0 not found
node041.cluster:CMA:1097c:7b059b80: 48400 us(21698 us):  open_hca: getaddr_netdev ERROR:No such device. Is eth2 configured?
node041.cluster:CMA:1097c:7b059b80: 48422 us(22 us):  open_hca: getaddr_netdev ERROR:No such device. Is eth3 configured?
node041.cluster:UCM:10976:bf317b80: 17447 us(6015 us):  open_hca: device mthca0 not found
node041.cluster:UCM:10979:4cf06b80: 22568 us(5550 us):  open_hca: device mthca0 not found
node041.cluster:CMA:10979:4cf06b80: 48942 us(22936 us):  open_hca: getaddr_netdev ERROR:No such device. Is eth2 configured?
node041.cluster:CMA:10979:4cf06b80: 48964 us(22 us):  open_hca: getaddr_netdev ERROR:No such device. Is eth3 configured?
node041.cluster:UCM:10977:f31bb80: 17527 us(5845 us):  open_hca: device mthca0 not found
node041.cluster:UCM:1097b:a8cf1b80: 22595 us(5819 us):  open_hca: device mthca0 not found
node041.cluster:CMA:1097b:a8cf1b80: 49086 us(22992 us):  open_hca: getaddr_netdev ERROR:No such device. Is eth2 configured?
node041.cluster:CMA:1097b:a8cf1b80: 49112 us(26 us):  open_hca: getaddr_netdev ERROR:No such device. Is eth3 configured?
node041.cluster:UCM:10974:8fec6b80: 21114 us(5508 us):  open_hca: device mthca0 not found
node041.cluster:UCM:10975:53dd7b80: 21401 us(5560 us):  open_hca: device mthca0 not found
node041.cluster:CMA:10974:8fec6b80: 49133 us(21517 us):  open_hca: getaddr_netdev ERROR:No such device. Is eth2 configured?
node041.cluster:CMA:10975:53dd7b80: 49148 us(22094 us):  open_hca: getaddr_netdev ERROR:No such device. Is eth2 configured?
node041.cluster:CMA:10974:8fec6b80: 49166 us(33 us):  open_hca: getaddr_netdev ERROR:No such device. Is eth3 configured?
node041.cluster:CMA:10975:53dd7b80: 49177 us(29 us):  open_hca: getaddr_netdev ERROR:No such device. Is eth3 configured?
node041.cluster:UCM:1097a:6a346b80: 13975 us(7368 us):  open_hca: device mlx4_0 not found
node041.cluster:SCM:1097e:ac850b80: 72450 us(27993 us):  open_hca: device mlx4_0 not found
node041.cluster:SCM:1097c:7b059b80: 73023 us(27025 us):  open_hca: device mlx4_0 not found
node041.cluster:SCM:1097d:221ffb80: 73066 us(27686 us):  open_hca: device mlx4_0 not found
node041.cluster:SCM:10978:f6008b80: 73301 us(28739 us):  open_hca: device mlx4_0 not found
node041.cluster:SCM:10979:4cf06b80: 73485 us(28254 us):  open_hca: device mlx4_0 not found
node041.cluster:UCM:10976:bf317b80: 23086 us(5639 us):  open_hca: device mthca0 not found
node041.cluster:CMA:10976:bf317b80: 52336 us(23622 us):  open_hca: getaddr_netdev ERROR:No such device. Is eth2 configured?
node041.cluster:CMA:10976:bf317b80: 52362 us(26 us):  open_hca: getaddr_netdev ERROR:No such device. Is eth3 configured?
node041.cluster:SCM:1097f:901d5b80: 73935 us(29107 us):  open_hca: device mlx4_0 not found
node041.cluster:UCM:10977:f31bb80: 22966 us(5439 us):  open_hca: device mthca0 not found
node041.cluster:CMA:10977:f31bb80: 52534 us(23407 us):  open_hca: getaddr_netdev ERROR:No such device. Is eth2 configured?
node041.cluster:CMA:10977:f31bb80: 52561 us(27 us):  open_hca: getaddr_netdev ERROR:No such device. Is eth3 configured?
node041.cluster:SCM:1097b:a8cf1b80: 75791 us(29041 us):  open_hca: device mlx4_0 not found
node041.cluster:SCM:10974:8fec6b80: 75542 us(26899 us):  open_hca: device mlx4_0 not found
node041.cluster:SCM:10975:53dd7b80: 76276 us(28242 us):  open_hca: device mlx4_0 not found
node041.cluster:SCM:1097e:ac850b80: 78179 us(5729 us):  open_hca: device mlx4_0 not found
node041.cluster:SCM:1097c:7b059b80: 78205 us(5182 us):  open_hca: device mlx4_0 not found
node041.cluster:UCM:1097a:6a346b80: 20819 us(6844 us):  open_hca: device mthca0 not found
node041.cluster:SCM:1097d:221ffb80: 78637 us(5571 us):  open_hca: device mlx4_0 not found
node041.cluster:SCM:10978:f6008b80: 78723 us(5422 us):  open_hca: device mlx4_0 not found
node041.cluster:SCM:10979:4cf06b80: 79216 us(5731 us):  open_hca: device mlx4_0 not found
node041.cluster:SCM:10976:bf317b80: 78812 us(29261 us):  open_hca: device mlx4_0 not found
node041.cluster:SCM:1097f:901d5b80: 79449 us(5514 us):  open_hca: device mlx4_0 not found
node041.cluster:SCM:10977:f31bb80: 79171 us(28976 us):  open_hca: device mlx4_0 not found
node041.cluster:SCM:10974:8fec6b80: 80954 us(5412 us):  open_hca: device mlx4_0 not found
node041.cluster:SCM:10975:53dd7b80: 81716 us(5440 us):  open_hca: device mlx4_0 not found
node041.cluster:SCM:1097b:a8cf1b80: 82851 us(7060 us):  open_hca: device mlx4_0 not found
node041.cluster:UCM:1097a:6a346b80: 26498 us(5679 us):  open_hca: device mthca0 not found
node041.cluster:CMA:1097a:6a346b80: 63612 us(27889 us):  open_hca: getaddr_netdev ERROR:No such device. Is eth2 configured?
node041.cluster:CMA:1097a:6a346b80: 63639 us(27 us):  open_hca: getaddr_netdev ERROR:No such device. Is eth3 configured?
node041.cluster:SCM:1097e:ac850b80: 84341 us(6162 us):  open_hca: device scif0 not found
node041.cluster:SCM:1097d:221ffb80: 84350 us(5713 us):  open_hca: device scif0 not found
node041.cluster:SCM:10978:f6008b80: 84388 us(5665 us):  open_hca: device scif0 not found
node041.cluster:SCM:1097c:7b059b80: 84404 us(6199 us):  open_hca: device scif0 not found
node041.cluster:SCM:10979:4cf06b80: 85266 us(6050 us):  open_hca: device scif0 not found
node041.cluster:SCM:1097f:901d5b80: 85392 us(5943 us):  open_hca: device scif0 not found
node041.cluster:SCM:10976:bf317b80: 84891 us(6079 us):  open_hca: device mlx4_0 not found
node041.cluster:SCM:10977:f31bb80: 85011 us(5840 us):  open_hca: device mlx4_0 not found
node041.cluster:SCM:10974:8fec6b80: 86790 us(5836 us):  open_hca: device scif0 not found
node041.cluster:SCM:10975:53dd7b80: 87183 us(5467 us):  open_hca: device scif0 not found
node041.cluster:SCM:1097a:6a346b80: 89384 us(33625 us):  open_hca: device mlx4_0 not found
node041.cluster:UCM:10978:f6008b80: 44596 us(22355 us):  open_hca: device scif0 not found
node041.cluster:UCM:1097d:221ffb80: 43964 us(22160 us):  open_hca: device scif0 not found
node041.cluster:CMA:10978:f6008b80: 71297 us(22329 us):  open_hca: getaddr_netdev ERROR:No such device. Is mic0:ib configured?
node041.cluster:CMA:1097d:221ffb80: 70423 us(22128 us):  open_hca: getaddr_netdev ERROR:No such device. Is mic0:ib configured?
node041.cluster:UCM:1097c:7b059b80: 43495 us(22116 us):  open_hca: device scif0 not found
node041.cluster:CMA:1097c:7b059b80: 70534 us(22112 us):  open_hca: getaddr_netdev ERROR:No such device. Is mic0:ib configured?
node041.cluster:UCM:1097e:ac850b80: 44817 us(22923 us):  open_hca: device scif0 not found
node041.cluster:CMA:1097e:ac850b80: 71752 us(22878 us):  open_hca: getaddr_netdev ERROR:No such device. Is mic0:ib configured?
node041.cluster:SCM:1097b:a8cf1b80: 90170 us(7319 us):  open_hca: device scif0 not found
node041.cluster:UCM:10979:4cf06b80: 45275 us(22707 us):  open_hca: device scif0 not found
node041.cluster:UCM:1097f:901d5b80: 45769 us(23278 us):  open_hca: device scif0 not found
node041.cluster:CMA:10979:4cf06b80: 71654 us(22690 us):  open_hca: getaddr_netdev ERROR:No such device. Is mic0:ib configured?
node041.cluster:CMA:1097f:901d5b80: 72732 us(23265 us):  open_hca: getaddr_netdev ERROR:No such device. Is mic0:ib configured?
node041.cluster:SCM:10976:bf317b80: 90979 us(6088 us):  open_hca: device scif0 not found
node041.cluster:SCM:10977:f31bb80: 90966 us(5955 us):  open_hca: device scif0 not found
node041.cluster:UCM:10974:8fec6b80: 43283 us(22169 us):  open_hca: device scif0 not found
node041.cluster:CMA:10974:8fec6b80: 71294 us(22128 us):  open_hca: getaddr_netdev ERROR:No such device. Is mic0:ib configured?
node041.cluster:UCM:10975:53dd7b80: 44097 us(22696 us):  open_hca: device scif0 not found
node041.cluster:CMA:10975:53dd7b80: 71841 us(22664 us):  open_hca: getaddr_netdev ERROR:No such device. Is mic0:ib configured?
node041.cluster:SCM:10978:f6008b80: 95084 us(10696 us):  open_hca: device mlx4_0 not found
node041.cluster:SCM:1097a:6a346b80: 95152 us(5768 us):  open_hca: device mlx4_0 not found
node041.cluster:SCM:1097d:221ffb80: 95228 us(10878 us):  open_hca: device mlx4_0 not found
node041.cluster:SCM:1097e:ac850b80: 95359 us(11018 us):  open_hca: device mlx4_0 not found
node041.cluster:SCM:1097c:7b059b80: 95619 us(11215 us):  open_hca: device mlx4_0 not found
node041.cluster:SCM:10979:4cf06b80: 95989 us(10723 us):  open_hca: device mlx4_0 not found
node041.cluster:SCM:1097f:901d5b80: 96252 us(10860 us):  open_hca: device mlx4_0 not found
node041.cluster:UCM:10976:bf317b80: 46342 us(23256 us):  open_hca: device scif0 not found
node041.cluster:UCM:10977:f31bb80: 45768 us(22802 us):  open_hca: device scif0 not found
node041.cluster:CMA:10977:f31bb80: 75346 us(22785 us):  open_hca: getaddr_netdev ERROR:No such device. Is mic0:ib configured?
node041.cluster:CMA:10976:bf317b80: 75584 us(23222 us):  open_hca: getaddr_netdev ERROR:No such device. Is mic0:ib configured?
node041.cluster:UCM:1097b:a8cf1b80: 50365 us(27770 us):  open_hca: device scif0 not found
node041.cluster:CMA:1097b:a8cf1b80: 77028 us(27916 us):  open_hca: getaddr_netdev ERROR:No such device. Is mic0:ib configured?
node041.cluster:SCM:10974:8fec6b80: 98011 us(11221 us):  open_hca: device mlx4_0 not found
node041.cluster:SCM:10975:53dd7b80: 98461 us(11278 us):  open_hca: device mlx4_0 not found
node041.cluster:SCM:10978:f6008b80: 100384 us(5300 us):  open_hca: device mlx4_0 not found
node041.cluster:SCM:1097e:ac850b80: 100765 us(5406 us):  open_hca: device mlx4_0 not found
node041.cluster:SCM:1097d:221ffb80: 100787 us(5559 us):  open_hca: device mlx4_0 not found
node041.cluster:SCM:1097a:6a346b80: 101121 us(5969 us):  open_hca: device scif0 not found
node041.cluster:SCM:1097c:7b059b80: 101264 us(5645 us):  open_hca: device mlx4_0 not found
node041.cluster:SCM:10979:4cf06b80: 101434 us(5445 us):  open_hca: device mlx4_0 not found
node041.cluster:SCM:1097f:901d5b80: 101882 us(5630 us):  open_hca: device mlx4_0 not found
node041.cluster:SCM:10977:f31bb80: 101852 us(10886 us):  open_hca: device mlx4_0 not found
node041.cluster:SCM:10976:bf317b80: 102247 us(11268 us):  open_hca: device mlx4_0 not found
node041.cluster:SCM:10975:53dd7b80: 103775 us(5314 us):  open_hca: device mlx4_0 not found
node041.cluster:SCM:10974:8fec6b80: 103957 us(5946 us):  open_hca: device mlx4_0 not found
node041.cluster:SCM:1097b:a8cf1b80: 104938 us(14768 us):  open_hca: device mlx4_0 not found
node041.cluster:SCM:10978:f6008b80: 105845 us(5461 us):  open_hca: device mlx4_1 not found
node041.cluster:SCM:1097e:ac850b80: 106595 us(5830 us):  open_hca: device mlx4_1 not found
node041.cluster:SCM:1097c:7b059b80: 106622 us(5358 us):  open_hca: device mlx4_1 not found
node041.cluster:UCM:1097a:6a346b80: 49338 us(22840 us):  open_hca: device scif0 not found
node041.cluster:SCM:1097d:221ffb80: 106781 us(5994 us):  open_hca: device mlx4_1 not found
node041.cluster:CMA:1097a:6a346b80: 86432 us(22793 us):  open_hca: getaddr_netdev ERROR:No such device. Is mic0:ib configured?
node041.cluster:SCM:10979:4cf06b80: 107131 us(5697 us):  open_hca: device mlx4_1 not found
node041.cluster:SCM:1097f:901d5b80: 107872 us(5990 us):  open_hca: device mlx4_1 not found
node041.cluster:SCM:10977:f31bb80: 107859 us(6007 us):  open_hca: device mlx4_0 not found
node041.cluster:SCM:10976:bf317b80: 107882 us(5635 us):  open_hca: device mlx4_0 not found
node041.cluster:SCM:10975:53dd7b80: 109387 us(5612 us):  open_hca: device mlx4_1 not found
node041.cluster:SCM:10974:8fec6b80: 109854 us(5897 us):  open_hca: device mlx4_1 not found
node041.cluster:SCM:10978:f6008b80: 111123 us(5278 us):  open_hca: device mlx4_1 not found
node041.cluster:SCM:1097b:a8cf1b80: 111508 us(6570 us):  open_hca: device mlx4_0 not found
node041.cluster:SCM:1097c:7b059b80: 112004 us(5382 us):  open_hca: device mlx4_1 not found
node041.cluster:SCM:1097e:ac850b80: 112258 us(5663 us):  open_hca: device mlx4_1 not found
node041.cluster:SCM:1097a:6a346b80: 112405 us(11284 us):  open_hca: device mlx4_0 not found
node041.cluster:SCM:1097d:221ffb80: 112472 us(5691 us):  open_hca: device mlx4_1 not found
node041.cluster:SCM:10979:4cf06b80: 113341 us(6210 us):  open_hca: device mlx4_1 not found
node041.cluster:SCM:10976:bf317b80: 113558 us(5676 us):  open_hca: device mlx4_1 not found
node041.cluster:SCM:10977:f31bb80: 113957 us(6098 us):  open_hca: device mlx4_1 not found
node041.cluster:SCM:1097f:901d5b80: 115291 us(7419 us):  open_hca: device mlx4_1 not found
node041.cluster:SCM:10975:53dd7b80: 114892 us(5505 us):  open_hca: device mlx4_1 not found
node041.cluster:SCM:10974:8fec6b80: 115556 us(5702 us):  open_hca: device mlx4_1 not found
node041.cluster:UCM:10978:f6008b80: 71517 us(26921 us):  open_hca: device mlx4_1 not found
node041.cluster:SCM:1097b:a8cf1b80: 116734 us(5226 us):  open_hca: device mlx4_1 not found
node041.cluster:UCM:1097c:7b059b80: 71454 us(27959 us):  open_hca: device mlx4_1 not found
node041.cluster:SCM:1097a:6a346b80: 118074 us(5669 us):  open_hca: device mlx4_0 not found
node041.cluster:UCM:1097e:ac850b80: 72975 us(28158 us):  open_hca: device mlx4_1 not found
node041.cluster:UCM:1097d:221ffb80: 72739 us(28775 us):  open_hca: device mlx4_1 not found
node041.cluster:UCM:10979:4cf06b80: 73300 us(28025 us):  open_hca: device mlx4_1 not found
node041.cluster:SCM:10977:f31bb80: 119157 us(5200 us):  open_hca: device mlx4_1 not found
node041.cluster:SCM:10976:bf317b80: 119204 us(5646 us):  open_hca: device mlx4_1 not found
node041.cluster:UCM:10974:8fec6b80: 71752 us(28469 us):  open_hca: device mlx4_1 not found
node041.cluster:UCM:10975:53dd7b80: 72235 us(28138 us):  open_hca: device mlx4_1 not found
node041.cluster:UCM:10978:f6008b80: 77052 us(5535 us):  open_hca: device mlx4_1 not found
node041.cluster:SCM:1097b:a8cf1b80: 122415 us(5681 us):  open_hca: device mlx4_1 not found
node041.cluster:UCM:1097f:901d5b80: 77468 us(31699 us):  open_hca: device mlx4_1 not found
node041.cluster:UCM:1097c:7b059b80: 77307 us(5853 us):  open_hca: device mlx4_1 not found
node041.cluster:UCM:1097e:ac850b80: 78545 us(5570 us):  open_hca: device mlx4_1 not found
node041.cluster:SCM:1097a:6a346b80: 123896 us(5822 us):  open_hca: device mlx4_1 not found
node041.cluster:UCM:10979:4cf06b80: 78389 us(5089 us):  open_hca: device mlx4_1 not found
node041.cluster:UCM:1097d:221ffb80: 78668 us(5929 us):  open_hca: device mlx4_1 not found
node041.cluster:UCM:10977:f31bb80: 74080 us(28312 us):  open_hca: device mlx4_1 not found
node041.cluster:UCM:10976:bf317b80: 75035 us(28693 us):  open_hca: device mlx4_1 not found
node041.cluster:UCM:10974:8fec6b80: 77238 us(5486 us):  open_hca: device mlx4_1 not found
node041.cluster:UCM:10975:53dd7b80: 77490 us(5255 us):  open_hca: device mlx4_1 not found
node041.cluster:UCM:1097b:a8cf1b80: 81098 us(30733 us):  open_hca: device mlx4_1 not found
node041.cluster:SCM:1097a:6a346b80: 128945 us(5049 us):  open_hca: device mlx4_1 not found
node041.cluster:UCM:1097f:901d5b80: 84117 us(6649 us):  open_hca: device mlx4_1 not found
node041.cluster:UCM:10976:bf317b80: 79688 us(4653 us):  open_hca: device mlx4_1 not found
node041.cluster:UCM:10977:f31bb80: 79285 us(5205 us):  open_hca: device mlx4_1 not found
node041.cluster:UCM:1097b:a8cf1b80: 84158 us(3060 us):  open_hca: device mlx4_1 not found
node041.cluster:UCM:1097a:6a346b80: 73999 us(24661 us):  open_hca: device mlx4_1 not found
node041.cluster:UCM:1097a:6a346b80: 75329 us(1330 us):  open_hca: device mlx4_1 not found
                Step[ FC]     Time          Energy          fmax
*Force-consistent energies used in optimization.
BFGSLineSearch:    0[  0] 20:14:19     -268.803005*       1.8070
BFGSLineSearch:    1[  2] 21:09:16     -268.852479*       0.8991
BFGSLineSearch:    2[  4] 21:54:56     -268.881362*       0.2366
BFGSLineSearch:    3[  5] 22:10:14     -268.889520*       0.1980
BFGSLineSearch:    4[  6] 22:28:21     -268.895202*       0.1697
BFGSLineSearch:    5[  7] 22:42:09     -268.900994*       0.2296
BFGSLineSearch:    6[  9] 23:17:07     -268.910657*       0.2753
BFGSLineSearch:    7[ 10] 23:36:42     -268.917846*       0.2884
BFGSLineSearch:    8[ 11] 23:56:55     -268.924088*       0.0718
